2025-05-07 12:19:22,475 - INFO - No se detectaron conflictos
2025-05-07 12:19:22,479 - INFO - 
Verificando conflictos para máquina 2006
2025-05-07 12:19:22,480 - INFO - Intervalo a verificar: 2025-05-05 15:00:00 - 2025-05-05 23:00:00
2025-05-07 12:19:22,481 - INFO - Prioridad actual: 0
2025-05-07 12:19:22,482 - INFO - 
Obteniendo intervalos para máquina 2006
2025-05-07 12:19:22,483 - INFO - Rango: 2025-05-05 15:00:00 - 2025-05-05 23:00:00
2025-05-07 12:19:22,519 - INFO - No se detectaron conflictos
2025-05-07 12:19:22,531 - INFO - 
Verificando conflictos para máquina 1205
2025-05-07 12:19:22,536 - INFO - Intervalo a verificar: 2025-05-02 07:45:00 - 2025-05-02 15:45:00
2025-05-07 12:19:22,537 - INFO - Prioridad actual: 0
2025-05-07 12:19:22,537 - INFO - 
Obteniendo intervalos para máquina 1205
2025-05-07 12:19:22,537 - INFO - Rango: 2025-05-02 07:45:00 - 2025-05-02 15:45:00
2025-05-07 12:19:22,636 - WARNING - Conflicto detectado con OT 43949
2025-05-07 12:19:22,637 - WARNING - Prioridad del conflicto: 4
2025-05-07 12:19:22,640 - INFO - 
Verificando conflictos para máquina 1002
2025-05-07 12:19:22,641 - INFO - Intervalo a verificar: 2025-05-05 15:30:00 - 2025-05-05 23:30:00
2025-05-07 12:19:22,641 - INFO - Prioridad actual: 0
2025-05-07 12:19:22,642 - INFO - 
Obteniendo intervalos para máquina 1002
2025-05-07 12:19:22,643 - INFO - Rango: 2025-05-05 15:30:00 - 2025-05-05 23:30:00
2025-05-07 12:19:22,742 - INFO - No se detectaron conflictos
2025-05-07 12:19:22,745 - INFO - 
Verificando conflictos para máquina 1203
2025-05-07 12:19:22,746 - INFO - Intervalo a verificar: 2025-05-06 15:30:00 - 2025-05-06 23:30:00
2025-05-07 12:19:22,746 - INFO - Prioridad actual: 0
2025-05-07 12:19:22,747 - INFO - 
Obteniendo intervalos para máquina 1203
2025-05-07 12:19:22,747 - INFO - Rango: 2025-05-06 15:30:00 - 2025-05-06 23:30:00
2025-05-07 12:19:22,797 - INFO - No se detectaron conflictos
2025-05-07 12:19:22,798 - INFO - 
Verificando conflictos para máquina 1431
2025-05-07 12:19:22,798 - INFO - Intervalo a verificar: 2025-05-06 16:00:00 - 2025-05-07 00:00:00
2025-05-07 12:19:22,798 - INFO - Prioridad actual: 0
2025-05-07 12:19:22,798 - INFO - 
Obteniendo intervalos para máquina 1431
2025-05-07 12:19:22,799 - INFO - Rango: 2025-05-06 16:00:00 - 2025-05-07 00:00:00
2025-05-07 12:19:22,815 - INFO - No se detectaron conflictos
2025-05-07 12:19:22,816 - INFO - 
Verificando conflictos para máquina 1601
2025-05-07 12:19:22,816 - INFO - Intervalo a verificar: 2025-05-06 17:00:00 - 2025-05-07 01:00:00
2025-05-07 12:19:22,816 - INFO - Prioridad actual: 0
2025-05-07 12:19:22,817 - INFO - 
Obteniendo intervalos para máquina 1601
2025-05-07 12:19:22,817 - INFO - Rango: 2025-05-06 17:00:00 - 2025-05-07 01:00:00
2025-05-07 12:19:22,855 - INFO - No se detectaron conflictos
2025-05-07 12:19:22,857 - INFO - 
Verificando conflictos para máquina 2002
2025-05-07 12:19:22,857 - INFO - Intervalo a verificar: 2025-05-06 17:45:00 - 2025-05-07 01:45:00
2025-05-07 12:19:22,857 - INFO - Prioridad actual: 0
2025-05-07 12:19:22,857 - INFO - 
Obteniendo intervalos para máquina 2002
2025-05-07 12:19:22,857 - INFO - Rango: 2025-05-06 17:45:00 - 2025-05-07 01:45:00
2025-05-07 12:19:22,869 - INFO - No se detectaron conflictos
2025-05-07 12:19:22,870 - INFO - 
Verificando conflictos para máquina 1002
2025-05-07 12:19:22,870 - INFO - Intervalo a verificar: 2025-05-05 16:30:00 - 2025-05-06 00:30:00
2025-05-07 12:19:22,870 - INFO - Prioridad actual: 0
2025-05-07 12:19:22,870 - INFO - 
Obteniendo intervalos para máquina 1002
2025-05-07 12:19:22,870 - INFO - Rango: 2025-05-05 16:30:00 - 2025-05-06 00:30:00
2025-05-07 12:19:22,915 - INFO - No se detectaron conflictos
2025-05-07 12:19:22,916 - INFO - 
Verificando conflictos para máquina 1203
2025-05-07 12:19:22,916 - INFO - Intervalo a verificar: 2025-05-06 16:30:00 - 2025-05-07 00:30:00
2025-05-07 12:19:22,916 - INFO - Prioridad actual: 0
2025-05-07 12:19:22,917 - INFO - 
Obteniendo intervalos para máquina 1203
2025-05-07 12:19:22,917 - INFO - Rango: 2025-05-06 16:30:00 - 2025-05-07 00:30:00
2025-05-07 12:19:22,931 - INFO - No se detectaron conflictos
2025-05-07 12:19:22,932 - INFO - 
Verificando conflictos para máquina 1431
2025-05-07 12:19:22,932 - INFO - Intervalo a verificar: 2025-05-06 17:00:00 - 2025-05-07 01:00:00
2025-05-07 12:19:22,932 - INFO - Prioridad actual: 0
2025-05-07 12:19:22,933 - INFO - 
Obteniendo intervalos para máquina 1431
2025-05-07 12:19:22,933 - INFO - Rango: 2025-05-06 17:00:00 - 2025-05-07 01:00:00
2025-05-07 12:19:22,946 - INFO - No se detectaron conflictos
2025-05-07 12:19:22,947 - INFO - 
Verificando conflictos para máquina 1601
2025-05-07 12:19:22,947 - INFO - Intervalo a verificar: 2025-05-06 17:45:00 - 2025-05-07 01:45:00
2025-05-07 12:19:22,947 - INFO - Prioridad actual: 0
2025-05-07 12:19:22,948 - INFO - 
Obteniendo intervalos para máquina 1601
2025-05-07 12:19:22,948 - INFO - Rango: 2025-05-06 17:45:00 - 2025-05-07 01:45:00
2025-05-07 12:19:22,987 - INFO - No se detectaron conflictos
2025-05-07 12:19:22,988 - INFO - 
Verificando conflictos para máquina 2002
2025-05-07 12:19:22,988 - INFO - Intervalo a verificar: 2025-05-07 08:00:00 - 2025-05-07 16:00:00
2025-05-07 12:19:22,988 - INFO - Prioridad actual: 0
2025-05-07 12:19:22,988 - INFO - 
Obteniendo intervalos para máquina 2002
2025-05-07 12:19:22,989 - INFO - Rango: 2025-05-07 08:00:00 - 2025-05-07 16:00:00
2025-05-07 12:19:23,000 - INFO - No se detectaron conflictos
2025-05-07 12:19:23,001 - INFO - 
Verificando conflictos para máquina 1002
2025-05-07 12:19:23,001 - INFO - Intervalo a verificar: 2025-05-05 17:30:00 - 2025-05-06 01:30:00
2025-05-07 12:19:23,001 - INFO - Prioridad actual: 0
2025-05-07 12:19:23,001 - INFO - 
Obteniendo intervalos para máquina 1002
2025-05-07 12:19:23,002 - INFO - Rango: 2025-05-05 17:30:00 - 2025-05-06 01:30:00
2025-05-07 12:19:23,043 - INFO - No se detectaron conflictos
2025-05-07 12:19:23,044 - INFO - 
Verificando conflictos para máquina 1203
2025-05-07 12:19:23,045 - INFO - Intervalo a verificar: 2025-05-06 17:30:00 - 2025-05-07 01:30:00
2025-05-07 12:19:23,045 - INFO - Prioridad actual: 0
2025-05-07 12:19:23,045 - INFO - 
Obteniendo intervalos para máquina 1203
2025-05-07 12:19:23,045 - INFO - Rango: 2025-05-06 17:30:00 - 2025-05-07 01:30:00
2025-05-07 12:19:23,058 - INFO - No se detectaron conflictos
2025-05-07 12:19:23,059 - INFO - 
Verificando conflictos para máquina 1431
2025-05-07 12:19:23,059 - INFO - Intervalo a verificar: 2025-05-06 17:45:00 - 2025-05-07 01:45:00
2025-05-07 12:19:23,059 - INFO - Prioridad actual: 0
2025-05-07 12:19:23,059 - INFO - 
Obteniendo intervalos para máquina 1431
2025-05-07 12:19:23,060 - INFO - Rango: 2025-05-06 17:45:00 - 2025-05-07 01:45:00
2025-05-07 12:19:23,072 - INFO - No se detectaron conflictos
2025-05-07 12:19:23,073 - INFO - 
Verificando conflictos para máquina 1601
2025-05-07 12:19:23,073 - INFO - Intervalo a verificar: 2025-05-07 08:00:00 - 2025-05-07 16:00:00
2025-05-07 12:19:23,074 - INFO - Prioridad actual: 0
2025-05-07 12:19:23,074 - INFO - 
Obteniendo intervalos para máquina 1601
2025-05-07 12:19:23,074 - INFO - Rango: 2025-05-07 08:00:00 - 2025-05-07 16:00:00
2025-05-07 12:19:23,116 - INFO - No se detectaron conflictos
2025-05-07 12:19:23,117 - INFO - 
Verificando conflictos para máquina 2002
2025-05-07 12:19:23,117 - INFO - Intervalo a verificar: 2025-05-07 09:00:00 - 2025-05-07 17:00:00
2025-05-07 12:19:23,117 - INFO - Prioridad actual: 0
2025-05-07 12:19:23,117 - INFO - 
Obteniendo intervalos para máquina 2002
2025-05-07 12:19:23,117 - INFO - Rango: 2025-05-07 09:00:00 - 2025-05-07 17:00:00
2025-05-07 12:19:23,131 - INFO - No se detectaron conflictos
2025-05-07 12:19:23,132 - INFO - 
Verificando conflictos para máquina 1002
2025-05-07 12:19:23,132 - INFO - Intervalo a verificar: 2025-05-06 07:45:00 - 2025-05-06 15:45:00
2025-05-07 12:19:23,132 - INFO - Prioridad actual: 0
2025-05-07 12:19:23,132 - INFO - 
Obteniendo intervalos para máquina 1002
2025-05-07 12:19:23,132 - INFO - Rango: 2025-05-06 07:45:00 - 2025-05-06 15:45:00
2025-05-07 12:19:23,178 - INFO - No se detectaron conflictos
2025-05-07 12:19:23,179 - INFO - 
Verificando conflictos para máquina 1203
2025-05-07 12:19:23,180 - INFO - Intervalo a verificar: 2025-05-07 07:45:00 - 2025-05-07 15:45:00
2025-05-07 12:19:23,180 - INFO - Prioridad actual: 0
2025-05-07 12:19:23,180 - INFO - 
Obteniendo intervalos para máquina 1203
2025-05-07 12:19:23,180 - INFO - Rango: 2025-05-07 07:45:00 - 2025-05-07 15:45:00
2025-05-07 12:19:23,194 - INFO - No se detectaron conflictos
2025-05-07 12:19:23,195 - INFO - 
Verificando conflictos para máquina 1431
2025-05-07 12:19:23,196 - INFO - Intervalo a verificar: 2025-05-07 11:00:00 - 2025-05-07 19:00:00
2025-05-07 12:19:23,196 - INFO - Prioridad actual: 0
2025-05-07 12:19:23,196 - INFO - 
Obteniendo intervalos para máquina 1431
2025-05-07 12:19:23,196 - INFO - Rango: 2025-05-07 11:00:00 - 2025-05-07 19:00:00
2025-05-07 12:19:23,209 - INFO - No se detectaron conflictos
2025-05-07 12:19:23,210 - INFO - 
Verificando conflictos para máquina 1601
2025-05-07 12:19:23,210 - INFO - Intervalo a verificar: 2025-05-07 15:00:00 - 2025-05-07 23:00:00
2025-05-07 12:19:23,210 - INFO - Prioridad actual: 0
2025-05-07 12:19:23,210 - INFO - 
Obteniendo intervalos para máquina 1601
2025-05-07 12:19:23,210 - INFO - Rango: 2025-05-07 15:00:00 - 2025-05-07 23:00:00
2025-05-07 12:19:23,249 - INFO - No se detectaron conflictos
2025-05-07 12:19:23,250 - INFO - 
Verificando conflictos para máquina 2002
2025-05-07 12:19:23,250 - INFO - Intervalo a verificar: 2025-05-08 08:00:00 - 2025-05-08 16:00:00
2025-05-07 12:19:23,250 - INFO - Prioridad actual: 0
2025-05-07 12:19:23,250 - INFO - 
Obteniendo intervalos para máquina 2002
2025-05-07 12:19:23,251 - INFO - Rango: 2025-05-08 08:00:00 - 2025-05-08 16:00:00
2025-05-07 12:19:23,263 - INFO - No se detectaron conflictos
2025-05-07 12:19:23,264 - INFO - 
Verificando conflictos para máquina 1004
2025-05-07 12:19:23,264 - INFO - Intervalo a verificar: 2025-05-02 07:45:00 - 2025-05-02 15:45:00
2025-05-07 12:19:23,264 - INFO - Prioridad actual: 0
2025-05-07 12:19:23,264 - INFO - 
Obteniendo intervalos para máquina 1004
2025-05-07 12:19:23,265 - INFO - Rango: 2025-05-02 07:45:00 - 2025-05-02 15:45:00
2025-05-07 12:19:23,275 - WARNING - Conflicto detectado con OT 43970
2025-05-07 12:19:23,276 - WARNING - Prioridad del conflicto: 9
2025-05-07 12:19:23,277 - INFO - 
Verificando conflictos para máquina 1004
2025-05-07 12:19:23,277 - INFO - Intervalo a verificar: 2025-05-02 13:00:00 - 2025-05-02 21:00:00
2025-05-07 12:19:23,277 - INFO - Prioridad actual: 0
2025-05-07 12:19:23,277 - INFO - 
Obteniendo intervalos para máquina 1004
2025-05-07 12:19:23,278 - INFO - Rango: 2025-05-02 13:00:00 - 2025-05-02 21:00:00
2025-05-07 12:19:23,289 - INFO - No se detectaron conflictos
2025-05-07 12:19:23,290 - INFO - 
Verificando conflictos para máquina 1315
2025-05-07 12:19:23,290 - INFO - Intervalo a verificar: 2025-05-05 15:30:00 - 2025-05-05 23:30:00
2025-05-07 12:19:23,290 - INFO - Prioridad actual: 0
2025-05-07 12:19:23,290 - INFO - 
Obteniendo intervalos para máquina 1315
2025-05-07 12:19:23,290 - INFO - Rango: 2025-05-05 15:30:00 - 2025-05-05 23:30:00
2025-05-07 12:19:23,302 - INFO - No se detectaron conflictos
2025-05-07 12:19:23,303 - INFO - 
Verificando conflictos para máquina 1315
2025-05-07 12:19:23,303 - INFO - Intervalo a verificar: 2025-05-06 10:00:00 - 2025-05-06 18:00:00
2025-05-07 12:19:23,303 - INFO - Prioridad actual: 0
2025-05-07 12:19:23,303 - INFO - 
Obteniendo intervalos para máquina 1315
2025-05-07 12:19:23,304 - INFO - Rango: 2025-05-06 10:00:00 - 2025-05-06 18:00:00
2025-05-07 12:19:23,315 - INFO - No se detectaron conflictos
2025-05-07 12:19:23,316 - INFO - 
Verificando conflictos para máquina 1001
2025-05-07 12:19:23,316 - INFO - Intervalo a verificar: 2025-05-06 15:00:00 - 2025-05-06 23:00:00
2025-05-07 12:19:23,316 - INFO - Prioridad actual: 0
2025-05-07 12:19:23,316 - INFO - 
Obteniendo intervalos para máquina 1001
2025-05-07 12:19:23,317 - INFO - Rango: 2025-05-06 15:00:00 - 2025-05-06 23:00:00
2025-05-07 12:19:23,329 - INFO - No se detectaron conflictos
2025-05-07 12:19:23,330 - INFO - 
Verificando conflictos para máquina 4002
2025-05-07 12:19:23,331 - INFO - Intervalo a verificar: 2025-05-07 09:00:00 - 2025-05-07 17:00:00
2025-05-07 12:19:23,331 - INFO - Prioridad actual: 0
2025-05-07 12:19:23,331 - INFO - 
Obteniendo intervalos para máquina 4002
2025-05-07 12:19:23,331 - INFO - Rango: 2025-05-07 09:00:00 - 2025-05-07 17:00:00
2025-05-07 12:19:23,337 - INFO - No se detectaron conflictos
2025-05-07 12:19:23,338 - INFO - 
Verificando conflictos para máquina 1001
2025-05-07 12:19:23,338 - INFO - Intervalo a verificar: 2025-05-07 13:00:00 - 2025-05-07 21:00:00
2025-05-07 12:19:23,338 - INFO - Prioridad actual: 0
2025-05-07 12:19:23,338 - INFO - 
Obteniendo intervalos para máquina 1001
2025-05-07 12:19:23,338 - INFO - Rango: 2025-05-07 13:00:00 - 2025-05-07 21:00:00
2025-05-07 12:19:23,350 - INFO - No se detectaron conflictos
2025-05-07 12:19:23,351 - INFO - 
Verificando conflictos para máquina 4002
2025-05-07 12:19:23,351 - INFO - Intervalo a verificar: 2025-05-07 17:45:00 - 2025-05-08 01:45:00
2025-05-07 12:19:23,351 - INFO - Prioridad actual: 0
2025-05-07 12:19:23,351 - INFO - 
Obteniendo intervalos para máquina 4002
2025-05-07 12:19:23,351 - INFO - Rango: 2025-05-07 17:45:00 - 2025-05-08 01:45:00
2025-05-07 12:19:23,356 - INFO - No se detectaron conflictos
2025-05-07 12:19:23,357 - INFO - 
Verificando conflictos para máquina 1205
2025-05-07 12:19:23,358 - INFO - Intervalo a verificar: 2025-05-08 12:00:00 - 2025-05-08 20:00:00
2025-05-07 12:19:23,358 - INFO - Prioridad actual: 0
2025-05-07 12:19:23,358 - INFO - 
Obteniendo intervalos para máquina 1205
2025-05-07 12:19:23,358 - INFO - Rango: 2025-05-08 12:00:00 - 2025-05-08 20:00:00
2025-05-07 12:19:23,385 - INFO - No se detectaron conflictos
2025-05-07 12:19:23,386 - INFO - 
Verificando conflictos para máquina 3421
2025-05-07 12:19:23,386 - INFO - Intervalo a verificar: 2025-05-08 17:00:00 - 2025-05-09 01:00:00
2025-05-07 12:19:23,386 - INFO - Prioridad actual: 0
2025-05-07 12:19:23,386 - INFO - 
Obteniendo intervalos para máquina 3421
2025-05-07 12:19:23,387 - INFO - Rango: 2025-05-08 17:00:00 - 2025-05-09 01:00:00
2025-05-07 12:19:23,401 - INFO - No se detectaron conflictos
2025-05-07 12:19:23,535 - INFO - 
Verificando conflictos para máquina 1002
2025-05-07 12:19:23,536 - INFO - Intervalo a verificar: 2025-05-02 07:45:00 - 2025-05-02 15:45:00
2025-05-07 12:19:23,536 - INFO - Prioridad actual: 0
2025-05-07 12:19:23,536 - INFO - 
Obteniendo intervalos para máquina 1002
2025-05-07 12:19:23,536 - INFO - Rango: 2025-05-02 07:45:00 - 2025-05-02 15:45:00
2025-05-07 12:19:23,585 - WARNING - Conflicto detectado con OT 43952
2025-05-07 12:19:23,586 - WARNING - Prioridad del conflicto: 1
2025-05-07 12:19:23,587 - INFO - 
Verificando conflictos para máquina 1201
2025-05-07 12:19:23,587 - INFO - Intervalo a verificar: 2025-05-02 12:00:00 - 2025-05-02 20:00:00
2025-05-07 12:19:23,587 - INFO - Prioridad actual: 0
2025-05-07 12:19:23,587 - INFO - 
Obteniendo intervalos para máquina 1201
2025-05-07 12:19:23,587 - INFO - Rango: 2025-05-02 12:00:00 - 2025-05-02 20:00:00
2025-05-07 12:19:23,601 - INFO - No se detectaron conflictos
2025-05-07 12:19:23,602 - INFO - 
Verificando conflictos para máquina 1312
2025-05-07 12:19:23,602 - INFO - Intervalo a verificar: 2025-05-02 13:00:00 - 2025-05-02 21:00:00
2025-05-07 12:19:23,602 - INFO - Prioridad actual: 0
2025-05-07 12:19:23,602 - INFO - 
Obteniendo intervalos para máquina 1312
2025-05-07 12:19:23,603 - INFO - Rango: 2025-05-02 13:00:00 - 2025-05-02 21:00:00
2025-05-07 12:19:23,610 - INFO - No se detectaron conflictos
2025-05-07 12:19:23,611 - INFO - 
Verificando conflictos para máquina 1315
2025-05-07 12:19:23,612 - INFO - Intervalo a verificar: 2025-05-05 08:00:00 - 2025-05-05 16:00:00
2025-05-07 12:19:23,612 - INFO - Prioridad actual: 0
2025-05-07 12:19:23,612 - INFO - 
Obteniendo intervalos para máquina 1315
2025-05-07 12:19:23,612 - INFO - Rango: 2025-05-05 08:00:00 - 2025-05-05 16:00:00
2025-05-07 12:19:23,622 - INFO - No se detectaron conflictos
2025-05-07 12:19:23,623 - INFO - 
Verificando conflictos para máquina 1315
2025-05-07 12:19:23,624 - INFO - Intervalo a verificar: 2025-05-05 11:00:00 - 2025-05-05 19:00:00
2025-05-07 12:19:23,624 - INFO - Prioridad actual: 0
2025-05-07 12:19:23,624 - INFO - 
Obteniendo intervalos para máquina 1315
2025-05-07 12:19:23,624 - INFO - Rango: 2025-05-05 11:00:00 - 2025-05-05 19:00:00
2025-05-07 12:19:23,636 - INFO - No se detectaron conflictos
2025-05-07 12:19:23,637 - INFO - 
Verificando conflictos para máquina 1204
2025-05-07 12:19:23,637 - INFO - Intervalo a verificar: 2025-05-05 15:00:00 - 2025-05-05 23:00:00
2025-05-07 12:19:23,638 - INFO - Prioridad actual: 0
2025-05-07 12:19:23,638 - INFO - 
Obteniendo intervalos para máquina 1204
2025-05-07 12:19:23,638 - INFO - Rango: 2025-05-05 15:00:00 - 2025-05-05 23:00:00
2025-05-07 12:19:23,650 - INFO - No se detectaron conflictos
2025-05-07 12:19:23,652 - INFO - 
Verificando conflictos para máquina 1002
2025-05-07 12:19:23,652 - INFO - Intervalo a verificar: 2025-05-02 12:30:00 - 2025-05-02 20:30:00
2025-05-07 12:19:23,652 - INFO - Prioridad actual: 0
2025-05-07 12:19:23,652 - INFO - 
Obteniendo intervalos para máquina 1002
2025-05-07 12:19:23,652 - INFO - Rango: 2025-05-02 12:30:00 - 2025-05-02 20:30:00
2025-05-07 12:19:23,699 - WARNING - Conflicto detectado con OT 43951
2025-05-07 12:19:23,699 - WARNING - Prioridad del conflicto: 2
2025-05-07 12:19:23,700 - INFO - 
Verificando conflictos para máquina 1203
2025-05-07 12:19:23,701 - INFO - Intervalo a verificar: 2025-05-05 15:00:00 - 2025-05-05 23:00:00
2025-05-07 12:19:23,701 - INFO - Prioridad actual: 0
2025-05-07 12:19:23,701 - INFO - 
Obteniendo intervalos para máquina 1203
2025-05-07 12:19:23,701 - INFO - Rango: 2025-05-05 15:00:00 - 2025-05-05 23:00:00
2025-05-07 12:19:23,716 - INFO - No se detectaron conflictos
2025-05-07 12:19:23,717 - INFO - 
Verificando conflictos para máquina 1314
2025-05-07 12:19:23,717 - INFO - Intervalo a verificar: 2025-05-06 15:00:00 - 2025-05-06 23:00:00
2025-05-07 12:19:23,717 - INFO - Prioridad actual: 0
2025-05-07 12:19:23,717 - INFO - 
Obteniendo intervalos para máquina 1314
2025-05-07 12:19:23,717 - INFO - Rango: 2025-05-06 15:00:00 - 2025-05-06 23:00:00
2025-05-07 12:19:23,726 - INFO - No se detectaron conflictos
2025-05-07 12:19:23,727 - INFO - 
Verificando conflictos para máquina 2501
2025-05-07 12:19:23,727 - INFO - Intervalo a verificar: 2025-05-07 15:00:00 - 2025-05-07 23:00:00
2025-05-07 12:19:23,727 - INFO - Prioridad actual: 0
2025-05-07 12:19:23,727 - INFO - 
Obteniendo intervalos para máquina 2501
2025-05-07 12:19:23,728 - INFO - Rango: 2025-05-07 15:00:00 - 2025-05-07 23:00:00
2025-05-07 12:19:23,737 - INFO - No se detectaron conflictos
2025-05-07 12:19:23,738 - INFO - 
Verificando conflictos para máquina 1003
2025-05-07 12:19:23,738 - INFO - Intervalo a verificar: 2025-05-02 07:45:00 - 2025-05-02 15:45:00
2025-05-07 12:19:23,738 - INFO - Prioridad actual: 0
2025-05-07 12:19:23,738 - INFO - 
Obteniendo intervalos para máquina 1003
2025-05-07 12:19:23,739 - INFO - Rango: 2025-05-02 07:45:00 - 2025-05-02 15:45:00
2025-05-07 12:19:23,749 - WARNING - Conflicto detectado con OT 43957
2025-05-07 12:19:23,749 - WARNING - Prioridad del conflicto: 3
2025-05-07 12:19:23,750 - INFO - 
Verificando conflictos para máquina 1201
2025-05-07 12:19:23,750 - INFO - Intervalo a verificar: 2025-05-02 13:30:00 - 2025-05-02 21:30:00
2025-05-07 12:19:23,751 - INFO - Prioridad actual: 0
2025-05-07 12:19:23,751 - INFO - 
Obteniendo intervalos para máquina 1201
2025-05-07 12:19:23,751 - INFO - Rango: 2025-05-02 13:30:00 - 2025-05-02 21:30:00
2025-05-07 12:19:23,762 - INFO - No se detectaron conflictos
2025-05-07 12:19:23,763 - INFO - 
Verificando conflictos para máquina 1313
2025-05-07 12:19:23,763 - INFO - Intervalo a verificar: 2025-05-02 15:00:00 - 2025-05-02 23:00:00
2025-05-07 12:19:23,764 - INFO - Prioridad actual: 0
2025-05-07 12:19:23,764 - INFO - 
Obteniendo intervalos para máquina 1313
2025-05-07 12:19:23,764 - INFO - Rango: 2025-05-02 15:00:00 - 2025-05-02 23:00:00
2025-05-07 12:19:23,792 - INFO - No se detectaron conflictos
2025-05-07 12:19:23,794 - INFO - 
Verificando conflictos para máquina 1313
2025-05-07 12:19:23,794 - INFO - Intervalo a verificar: 2025-05-05 09:00:00 - 2025-05-05 17:00:00
2025-05-07 12:19:23,794 - INFO - Prioridad actual: 0
2025-05-07 12:19:23,794 - INFO - 
Obteniendo intervalos para máquina 1313
2025-05-07 12:19:23,794 - INFO - Rango: 2025-05-05 09:00:00 - 2025-05-05 17:00:00
2025-05-07 12:19:23,824 - INFO - No se detectaron conflictos
2025-05-07 12:19:23,825 - INFO - 
Verificando conflictos para máquina 1601
2025-05-07 12:19:23,825 - INFO - Intervalo a verificar: 2025-05-05 11:00:00 - 2025-05-05 19:00:00
2025-05-07 12:19:23,825 - INFO - Prioridad actual: 0
2025-05-07 12:19:23,825 - INFO - 
Obteniendo intervalos para máquina 1601
2025-05-07 12:19:23,825 - INFO - Rango: 2025-05-05 11:00:00 - 2025-05-05 19:00:00
2025-05-07 12:19:23,861 - INFO - No se detectaron conflictos
2025-05-07 12:19:23,862 - INFO - 
Verificando conflictos para máquina 2006
2025-05-07 12:19:23,862 - INFO - Intervalo a verificar: 2025-05-05 15:00:00 - 2025-05-05 23:00:00
2025-05-07 12:19:23,862 - INFO - Prioridad actual: 0
2025-05-07 12:19:23,863 - INFO - 
Obteniendo intervalos para máquina 2006
2025-05-07 12:19:23,863 - INFO - Rango: 2025-05-05 15:00:00 - 2025-05-05 23:00:00
2025-05-07 12:19:23,873 - INFO - No se detectaron conflictos
2025-05-07 12:19:23,874 - INFO - 
Verificando conflictos para máquina 1205
2025-05-07 12:19:23,874 - INFO - Intervalo a verificar: 2025-05-02 07:45:00 - 2025-05-02 15:45:00
2025-05-07 12:19:23,874 - INFO - Prioridad actual: 0
2025-05-07 12:19:23,874 - INFO - 
Obteniendo intervalos para máquina 1205
2025-05-07 12:19:23,874 - INFO - Rango: 2025-05-02 07:45:00 - 2025-05-02 15:45:00
2025-05-07 12:19:23,898 - WARNING - Conflicto detectado con OT 43949
2025-05-07 12:19:23,898 - WARNING - Prioridad del conflicto: 4
2025-05-07 12:19:23,899 - INFO - 
Verificando conflictos para máquina 1002
2025-05-07 12:19:23,899 - INFO - Intervalo a verificar: 2025-05-05 15:30:00 - 2025-05-05 23:30:00
2025-05-07 12:19:23,899 - INFO - Prioridad actual: 0
2025-05-07 12:19:23,899 - INFO - 
Obteniendo intervalos para máquina 1002
2025-05-07 12:19:23,899 - INFO - Rango: 2025-05-05 15:30:00 - 2025-05-05 23:30:00
2025-05-07 12:19:23,944 - INFO - No se detectaron conflictos
2025-05-07 12:19:23,945 - INFO - 
Verificando conflictos para máquina 1203
2025-05-07 12:19:23,945 - INFO - Intervalo a verificar: 2025-05-06 15:30:00 - 2025-05-06 23:30:00
2025-05-07 12:19:23,946 - INFO - Prioridad actual: 0
2025-05-07 12:19:23,946 - INFO - 
Obteniendo intervalos para máquina 1203
2025-05-07 12:19:23,946 - INFO - Rango: 2025-05-06 15:30:00 - 2025-05-06 23:30:00
2025-05-07 12:19:23,958 - INFO - No se detectaron conflictos
2025-05-07 12:19:23,959 - INFO - 
Verificando conflictos para máquina 1431
2025-05-07 12:19:23,959 - INFO - Intervalo a verificar: 2025-05-06 16:00:00 - 2025-05-07 00:00:00
2025-05-07 12:19:23,959 - INFO - Prioridad actual: 0
2025-05-07 12:19:23,959 - INFO - 
Obteniendo intervalos para máquina 1431
2025-05-07 12:19:23,959 - INFO - Rango: 2025-05-06 16:00:00 - 2025-05-07 00:00:00
2025-05-07 12:19:23,971 - INFO - No se detectaron conflictos
2025-05-07 12:19:23,972 - INFO - 
Verificando conflictos para máquina 1601
2025-05-07 12:19:23,972 - INFO - Intervalo a verificar: 2025-05-06 17:00:00 - 2025-05-07 01:00:00
2025-05-07 12:19:23,972 - INFO - Prioridad actual: 0
2025-05-07 12:19:23,972 - INFO - 
Obteniendo intervalos para máquina 1601
2025-05-07 12:19:23,973 - INFO - Rango: 2025-05-06 17:00:00 - 2025-05-07 01:00:00
2025-05-07 12:19:24,042 - INFO - No se detectaron conflictos
2025-05-07 12:19:24,043 - INFO - 
Verificando conflictos para máquina 2002
2025-05-07 12:19:24,043 - INFO - Intervalo a verificar: 2025-05-06 17:45:00 - 2025-05-07 01:45:00
2025-05-07 12:19:24,043 - INFO - Prioridad actual: 0
2025-05-07 12:19:24,043 - INFO - 
Obteniendo intervalos para máquina 2002
2025-05-07 12:19:24,043 - INFO - Rango: 2025-05-06 17:45:00 - 2025-05-07 01:45:00
2025-05-07 12:19:24,053 - INFO - No se detectaron conflictos
2025-05-07 12:19:24,054 - INFO - 
Verificando conflictos para máquina 1002
2025-05-07 12:19:24,054 - INFO - Intervalo a verificar: 2025-05-05 16:30:00 - 2025-05-06 00:30:00
2025-05-07 12:19:24,055 - INFO - Prioridad actual: 0
2025-05-07 12:19:24,055 - INFO - 
Obteniendo intervalos para máquina 1002
2025-05-07 12:19:24,055 - INFO - Rango: 2025-05-05 16:30:00 - 2025-05-06 00:30:00
2025-05-07 12:19:24,098 - INFO - No se detectaron conflictos
2025-05-07 12:19:24,099 - INFO - 
Verificando conflictos para máquina 1203
2025-05-07 12:19:24,099 - INFO - Intervalo a verificar: 2025-05-06 16:30:00 - 2025-05-07 00:30:00
2025-05-07 12:19:24,099 - INFO - Prioridad actual: 0
2025-05-07 12:19:24,099 - INFO - 
Obteniendo intervalos para máquina 1203
2025-05-07 12:19:24,099 - INFO - Rango: 2025-05-06 16:30:00 - 2025-05-07 00:30:00
2025-05-07 12:19:24,109 - INFO - No se detectaron conflictos
2025-05-07 12:19:24,110 - INFO - 
Verificando conflictos para máquina 1431
2025-05-07 12:19:24,110 - INFO - Intervalo a verificar: 2025-05-06 17:00:00 - 2025-05-07 01:00:00
2025-05-07 12:19:24,110 - INFO - Prioridad actual: 0
2025-05-07 12:19:24,111 - INFO - 
Obteniendo intervalos para máquina 1431
2025-05-07 12:19:24,111 - INFO - Rango: 2025-05-06 17:00:00 - 2025-05-07 01:00:00
2025-05-07 12:19:24,124 - INFO - No se detectaron conflictos
2025-05-07 12:19:24,124 - INFO - 
Verificando conflictos para máquina 1601
2025-05-07 12:19:24,124 - INFO - Intervalo a verificar: 2025-05-06 17:45:00 - 2025-05-07 01:45:00
2025-05-07 12:19:24,125 - INFO - Prioridad actual: 0
2025-05-07 12:19:24,125 - INFO - 
Obteniendo intervalos para máquina 1601
2025-05-07 12:19:24,125 - INFO - Rango: 2025-05-06 17:45:00 - 2025-05-07 01:45:00
2025-05-07 12:19:24,158 - INFO - No se detectaron conflictos
2025-05-07 12:19:24,158 - INFO - 
Verificando conflictos para máquina 2002
2025-05-07 12:19:24,158 - INFO - Intervalo a verificar: 2025-05-07 08:00:00 - 2025-05-07 16:00:00
2025-05-07 12:19:24,159 - INFO - Prioridad actual: 0
2025-05-07 12:19:24,159 - INFO - 
Obteniendo intervalos para máquina 2002
2025-05-07 12:19:24,159 - INFO - Rango: 2025-05-07 08:00:00 - 2025-05-07 16:00:00
2025-05-07 12:19:24,170 - INFO - No se detectaron conflictos
2025-05-07 12:19:24,171 - INFO - 
Verificando conflictos para máquina 1002
2025-05-07 12:19:24,171 - INFO - Intervalo a verificar: 2025-05-05 17:30:00 - 2025-05-06 01:30:00
2025-05-07 12:19:24,171 - INFO - Prioridad actual: 0
2025-05-07 12:19:24,171 - INFO - 
Obteniendo intervalos para máquina 1002
2025-05-07 12:19:24,172 - INFO - Rango: 2025-05-05 17:30:00 - 2025-05-06 01:30:00
2025-05-07 12:19:24,209 - INFO - No se detectaron conflictos
2025-05-07 12:19:24,210 - INFO - 
Verificando conflictos para máquina 1203
2025-05-07 12:19:24,210 - INFO - Intervalo a verificar: 2025-05-06 17:30:00 - 2025-05-07 01:30:00
2025-05-07 12:19:24,210 - INFO - Prioridad actual: 0
2025-05-07 12:19:24,210 - INFO - 
Obteniendo intervalos para máquina 1203
2025-05-07 12:19:24,210 - INFO - Rango: 2025-05-06 17:30:00 - 2025-05-07 01:30:00
2025-05-07 12:19:24,223 - INFO - No se detectaron conflictos
2025-05-07 12:19:24,224 - INFO - 
Verificando conflictos para máquina 1431
2025-05-07 12:19:24,224 - INFO - Intervalo a verificar: 2025-05-06 17:45:00 - 2025-05-07 01:45:00
2025-05-07 12:19:24,224 - INFO - Prioridad actual: 0
2025-05-07 12:19:24,224 - INFO - 
Obteniendo intervalos para máquina 1431
2025-05-07 12:19:24,224 - INFO - Rango: 2025-05-06 17:45:00 - 2025-05-07 01:45:00
2025-05-07 12:19:24,235 - INFO - No se detectaron conflictos
2025-05-07 12:19:24,236 - INFO - 
Verificando conflictos para máquina 1601
2025-05-07 12:19:24,236 - INFO - Intervalo a verificar: 2025-05-07 08:00:00 - 2025-05-07 16:00:00
2025-05-07 12:19:24,236 - INFO - Prioridad actual: 0
2025-05-07 12:19:24,236 - INFO - 
Obteniendo intervalos para máquina 1601
2025-05-07 12:19:24,236 - INFO - Rango: 2025-05-07 08:00:00 - 2025-05-07 16:00:00
2025-05-07 12:19:24,269 - INFO - No se detectaron conflictos
2025-05-07 12:19:24,269 - INFO - 
Verificando conflictos para máquina 2002
2025-05-07 12:19:24,269 - INFO - Intervalo a verificar: 2025-05-07 09:00:00 - 2025-05-07 17:00:00
2025-05-07 12:19:24,269 - INFO - Prioridad actual: 0
2025-05-07 12:19:24,270 - INFO - 
Obteniendo intervalos para máquina 2002
2025-05-07 12:19:24,270 - INFO - Rango: 2025-05-07 09:00:00 - 2025-05-07 17:00:00
2025-05-07 12:19:24,279 - INFO - No se detectaron conflictos
2025-05-07 12:19:24,280 - INFO - 
Verificando conflictos para máquina 1002
2025-05-07 12:19:24,280 - INFO - Intervalo a verificar: 2025-05-06 07:45:00 - 2025-05-06 15:45:00
2025-05-07 12:19:24,280 - INFO - Prioridad actual: 0
2025-05-07 12:19:24,280 - INFO - 
Obteniendo intervalos para máquina 1002
2025-05-07 12:19:24,280 - INFO - Rango: 2025-05-06 07:45:00 - 2025-05-06 15:45:00
2025-05-07 12:19:24,323 - INFO - No se detectaron conflictos
2025-05-07 12:19:24,323 - INFO - 
Verificando conflictos para máquina 1203
2025-05-07 12:19:24,323 - INFO - Intervalo a verificar: 2025-05-07 07:45:00 - 2025-05-07 15:45:00
2025-05-07 12:19:24,324 - INFO - Prioridad actual: 0
2025-05-07 12:19:24,324 - INFO - 
Obteniendo intervalos para máquina 1203
2025-05-07 12:19:24,324 - INFO - Rango: 2025-05-07 07:45:00 - 2025-05-07 15:45:00
2025-05-07 12:19:24,336 - INFO - No se detectaron conflictos
2025-05-07 12:19:24,336 - INFO - 
Verificando conflictos para máquina 1431
2025-05-07 12:19:24,337 - INFO - Intervalo a verificar: 2025-05-07 11:00:00 - 2025-05-07 19:00:00
2025-05-07 12:19:24,337 - INFO - Prioridad actual: 0
2025-05-07 12:19:24,337 - INFO - 
Obteniendo intervalos para máquina 1431
2025-05-07 12:19:24,337 - INFO - Rango: 2025-05-07 11:00:00 - 2025-05-07 19:00:00
2025-05-07 12:19:24,349 - INFO - No se detectaron conflictos
2025-05-07 12:19:24,350 - INFO - 
Verificando conflictos para máquina 1601
2025-05-07 12:19:24,350 - INFO - Intervalo a verificar: 2025-05-07 15:00:00 - 2025-05-07 23:00:00
2025-05-07 12:19:24,350 - INFO - Prioridad actual: 0
2025-05-07 12:19:24,350 - INFO - 
Obteniendo intervalos para máquina 1601
2025-05-07 12:19:24,350 - INFO - Rango: 2025-05-07 15:00:00 - 2025-05-07 23:00:00
2025-05-07 12:19:24,387 - INFO - No se detectaron conflictos
2025-05-07 12:19:24,388 - INFO - 
Verificando conflictos para máquina 2002
2025-05-07 12:19:24,388 - INFO - Intervalo a verificar: 2025-05-08 08:00:00 - 2025-05-08 16:00:00
2025-05-07 12:19:24,388 - INFO - Prioridad actual: 0
2025-05-07 12:19:24,388 - INFO - 
Obteniendo intervalos para máquina 2002
2025-05-07 12:19:24,388 - INFO - Rango: 2025-05-08 08:00:00 - 2025-05-08 16:00:00
2025-05-07 12:19:24,398 - INFO - No se detectaron conflictos
2025-05-07 12:19:24,399 - INFO - 
Verificando conflictos para máquina 1004
2025-05-07 12:19:24,399 - INFO - Intervalo a verificar: 2025-05-02 07:45:00 - 2025-05-02 15:45:00
2025-05-07 12:19:24,399 - INFO - Prioridad actual: 0
2025-05-07 12:19:24,399 - INFO - 
Obteniendo intervalos para máquina 1004
2025-05-07 12:19:24,399 - INFO - Rango: 2025-05-02 07:45:00 - 2025-05-02 15:45:00
2025-05-07 12:19:24,407 - WARNING - Conflicto detectado con OT 43970
2025-05-07 12:19:24,407 - WARNING - Prioridad del conflicto: 9
2025-05-07 12:19:24,408 - INFO - 
Verificando conflictos para máquina 1004
2025-05-07 12:19:24,408 - INFO - Intervalo a verificar: 2025-05-02 13:00:00 - 2025-05-02 21:00:00
2025-05-07 12:19:24,408 - INFO - Prioridad actual: 0
2025-05-07 12:19:24,408 - INFO - 
Obteniendo intervalos para máquina 1004
2025-05-07 12:19:24,408 - INFO - Rango: 2025-05-02 13:00:00 - 2025-05-02 21:00:00
2025-05-07 12:19:24,417 - INFO - No se detectaron conflictos
2025-05-07 12:19:24,418 - INFO - 
Verificando conflictos para máquina 1315
2025-05-07 12:19:24,418 - INFO - Intervalo a verificar: 2025-05-05 15:30:00 - 2025-05-05 23:30:00
2025-05-07 12:19:24,418 - INFO - Prioridad actual: 0
2025-05-07 12:19:24,418 - INFO - 
Obteniendo intervalos para máquina 1315
2025-05-07 12:19:24,418 - INFO - Rango: 2025-05-05 15:30:00 - 2025-05-05 23:30:00
2025-05-07 12:19:24,426 - INFO - No se detectaron conflictos
2025-05-07 12:19:24,426 - INFO - 
Verificando conflictos para máquina 1315
2025-05-07 12:19:24,427 - INFO - Intervalo a verificar: 2025-05-06 10:00:00 - 2025-05-06 18:00:00
2025-05-07 12:19:24,427 - INFO - Prioridad actual: 0
2025-05-07 12:19:24,427 - INFO - 
Obteniendo intervalos para máquina 1315
2025-05-07 12:19:24,427 - INFO - Rango: 2025-05-06 10:00:00 - 2025-05-06 18:00:00
2025-05-07 12:19:24,437 - INFO - No se detectaron conflictos
2025-05-07 12:19:24,438 - INFO - 
Verificando conflictos para máquina 1001
2025-05-07 12:19:24,438 - INFO - Intervalo a verificar: 2025-05-06 15:00:00 - 2025-05-06 23:00:00
2025-05-07 12:19:24,438 - INFO - Prioridad actual: 0
2025-05-07 12:19:24,438 - INFO - 
Obteniendo intervalos para máquina 1001
2025-05-07 12:19:24,438 - INFO - Rango: 2025-05-06 15:00:00 - 2025-05-06 23:00:00
2025-05-07 12:19:24,447 - INFO - No se detectaron conflictos
2025-05-07 12:19:24,448 - INFO - 
Verificando conflictos para máquina 4002
2025-05-07 12:19:24,448 - INFO - Intervalo a verificar: 2025-05-07 09:00:00 - 2025-05-07 17:00:00
2025-05-07 12:19:24,448 - INFO - Prioridad actual: 0
2025-05-07 12:19:24,448 - INFO - 
Obteniendo intervalos para máquina 4002
2025-05-07 12:19:24,448 - INFO - Rango: 2025-05-07 09:00:00 - 2025-05-07 17:00:00
2025-05-07 12:19:24,452 - INFO - No se detectaron conflictos
2025-05-07 12:19:24,453 - INFO - 
Verificando conflictos para máquina 1001
2025-05-07 12:19:24,453 - INFO - Intervalo a verificar: 2025-05-07 13:00:00 - 2025-05-07 21:00:00
2025-05-07 12:19:24,453 - INFO - Prioridad actual: 0
2025-05-07 12:19:24,454 - INFO - 
Obteniendo intervalos para máquina 1001
2025-05-07 12:19:24,454 - INFO - Rango: 2025-05-07 13:00:00 - 2025-05-07 21:00:00
2025-05-07 12:19:24,461 - INFO - No se detectaron conflictos
2025-05-07 12:19:24,464 - INFO - 
Verificando conflictos para máquina 4002
2025-05-07 12:19:24,464 - INFO - Intervalo a verificar: 2025-05-07 17:45:00 - 2025-05-08 01:45:00
2025-05-07 12:19:24,464 - INFO - Prioridad actual: 0
2025-05-07 12:19:24,464 - INFO - 
Obteniendo intervalos para máquina 4002
2025-05-07 12:19:24,465 - INFO - Rango: 2025-05-07 17:45:00 - 2025-05-08 01:45:00
2025-05-07 12:19:24,470 - INFO - No se detectaron conflictos
2025-05-07 12:19:24,471 - INFO - 
Verificando conflictos para máquina 1205
2025-05-07 12:19:24,471 - INFO - Intervalo a verificar: 2025-05-08 12:00:00 - 2025-05-08 20:00:00
2025-05-07 12:19:24,471 - INFO - Prioridad actual: 0
2025-05-07 12:19:24,471 - INFO - 
Obteniendo intervalos para máquina 1205
2025-05-07 12:19:24,471 - INFO - Rango: 2025-05-08 12:00:00 - 2025-05-08 20:00:00
2025-05-07 12:19:24,491 - INFO - No se detectaron conflictos
2025-05-07 12:19:24,492 - INFO - 
Verificando conflictos para máquina 3421
2025-05-07 12:19:24,492 - INFO - Intervalo a verificar: 2025-05-08 17:00:00 - 2025-05-09 01:00:00
2025-05-07 12:19:24,492 - INFO - Prioridad actual: 0
2025-05-07 12:19:24,492 - INFO - 
Obteniendo intervalos para máquina 3421
2025-05-07 12:19:24,492 - INFO - Rango: 2025-05-08 17:00:00 - 2025-05-09 01:00:00
2025-05-07 12:19:24,504 - INFO - No se detectaron conflictos
