2025-05-07 09:28:03,282 - INFO - 
Verificando conflictos para máquina 1002
2025-05-07 09:28:03,282 - INFO - Intervalo a verificar: 2025-05-02 07:45:00 - 2025-05-02 15:45:00
2025-05-07 09:28:03,283 - INFO - Prioridad actual: None
2025-05-07 09:28:03,283 - INFO - 
Obteniendo intervalos para máquina 1002
2025-05-07 09:28:03,283 - INFO - Rango: 2025-05-02 07:45:00 - 2025-05-02 15:45:00
2025-05-07 09:28:03,374 - WARNING - Conflicto detectado con OT 43952
2025-05-07 09:28:03,376 - WARNING - Prioridad del conflicto: 1
2025-05-07 09:28:03,380 - INFO - 
Verificando conflictos para máquina 1002
2025-05-07 09:28:03,380 - INFO - Intervalo a verificar: 2025-05-02 07:45:00 - 2025-05-02 15:45:00
2025-05-07 09:28:03,380 - INFO - Prioridad actual: None
2025-05-07 09:28:03,380 - INFO - 
Obteniendo intervalos para máquina 1002
2025-05-07 09:28:03,381 - INFO - Rango: 2025-05-02 07:45:00 - 2025-05-02 15:45:00
2025-05-07 09:28:03,455 - WARNING - Conflicto detectado con OT 43952
2025-05-07 09:28:03,456 - WARNING - Prioridad del conflicto: 1
2025-05-07 09:28:03,462 - INFO - 
Verificando conflictos para máquina 1003
2025-05-07 09:28:03,462 - INFO - Intervalo a verificar: 2025-05-02 07:45:00 - 2025-05-02 15:45:00
2025-05-07 09:28:03,462 - INFO - Prioridad actual: None
2025-05-07 09:28:03,463 - INFO - 
Obteniendo intervalos para máquina 1003
2025-05-07 09:28:03,463 - INFO - Rango: 2025-05-02 07:45:00 - 2025-05-02 15:45:00
2025-05-07 09:28:03,506 - WARNING - Conflicto detectado con OT 43957
2025-05-07 09:28:03,506 - WARNING - Prioridad del conflicto: 3
2025-05-07 09:28:03,547 - INFO - 
Verificando conflictos para máquina 1205
2025-05-07 09:28:03,547 - INFO - Intervalo a verificar: 2025-05-02 07:45:00 - 2025-05-02 15:45:00
2025-05-07 09:28:03,547 - INFO - Prioridad actual: None
2025-05-07 09:28:03,547 - INFO - 
Obteniendo intervalos para máquina 1205
2025-05-07 09:28:03,547 - INFO - Rango: 2025-05-02 07:45:00 - 2025-05-02 15:45:00
2025-05-07 09:28:03,585 - WARNING - Conflicto detectado con OT 43949
2025-05-07 09:28:03,586 - WARNING - Prioridad del conflicto: 4
2025-05-07 09:28:03,590 - INFO - 
Verificando conflictos para máquina 1002
2025-05-07 09:28:03,590 - INFO - Intervalo a verificar: 2025-05-02 07:45:00 - 2025-05-02 15:45:00
2025-05-07 09:28:03,590 - INFO - Prioridad actual: None
2025-05-07 09:28:03,590 - INFO - 
Obteniendo intervalos para máquina 1002
2025-05-07 09:28:03,590 - INFO - Rango: 2025-05-02 07:45:00 - 2025-05-02 15:45:00
2025-05-07 09:28:03,661 - WARNING - Conflicto detectado con OT 43952
2025-05-07 09:28:03,661 - WARNING - Prioridad del conflicto: 1
2025-05-07 09:28:03,664 - INFO - 
Verificando conflictos para máquina 1002
2025-05-07 09:28:03,665 - INFO - Intervalo a verificar: 2025-05-02 07:45:00 - 2025-05-02 15:45:00
2025-05-07 09:28:03,665 - INFO - Prioridad actual: None
2025-05-07 09:28:03,665 - INFO - 
Obteniendo intervalos para máquina 1002
2025-05-07 09:28:03,665 - INFO - Rango: 2025-05-02 07:45:00 - 2025-05-02 15:45:00
2025-05-07 09:28:03,740 - WARNING - Conflicto detectado con OT 43952
2025-05-07 09:28:03,741 - WARNING - Prioridad del conflicto: 1
2025-05-07 09:28:03,747 - INFO - 
Verificando conflictos para máquina 1002
2025-05-07 09:28:03,747 - INFO - Intervalo a verificar: 2025-05-02 07:45:00 - 2025-05-02 15:45:00
2025-05-07 09:28:03,747 - INFO - Prioridad actual: None
2025-05-07 09:28:03,747 - INFO - 
Obteniendo intervalos para máquina 1002
2025-05-07 09:28:03,747 - INFO - Rango: 2025-05-02 07:45:00 - 2025-05-02 15:45:00
2025-05-07 09:28:03,803 - WARNING - Conflicto detectado con OT 43952
2025-05-07 09:28:03,803 - WARNING - Prioridad del conflicto: 1
2025-05-07 09:28:03,805 - INFO - 
Verificando conflictos para máquina 1002
2025-05-07 09:28:03,805 - INFO - Intervalo a verificar: 2025-05-02 07:45:00 - 2025-05-02 15:45:00
2025-05-07 09:28:03,805 - INFO - Prioridad actual: None
2025-05-07 09:28:03,806 - INFO - 
Obteniendo intervalos para máquina 1002
2025-05-07 09:28:03,806 - INFO - Rango: 2025-05-02 07:45:00 - 2025-05-02 15:45:00
2025-05-07 09:28:03,886 - WARNING - Conflicto detectado con OT 43952
2025-05-07 09:28:03,886 - WARNING - Prioridad del conflicto: 1
2025-05-07 09:28:03,890 - INFO - 
Verificando conflictos para máquina 1004
2025-05-07 09:28:03,891 - INFO - Intervalo a verificar: 2025-05-02 07:45:00 - 2025-05-02 15:45:00
2025-05-07 09:28:03,891 - INFO - Prioridad actual: None
2025-05-07 09:28:03,891 - INFO - 
Obteniendo intervalos para máquina 1004
2025-05-07 09:28:03,892 - INFO - Rango: 2025-05-02 07:45:00 - 2025-05-02 15:45:00
2025-05-07 09:28:03,905 - WARNING - Conflicto detectado con OT 43970
2025-05-07 09:28:03,905 - WARNING - Prioridad del conflicto: 9
2025-05-07 09:28:04,146 - INFO - 
Verificando conflictos para máquina 1002
2025-05-07 09:28:04,146 - INFO - Intervalo a verificar: 2025-05-02 07:45:00 - 2025-05-02 15:45:00
2025-05-07 09:28:04,147 - INFO - Prioridad actual: None
2025-05-07 09:28:04,147 - INFO - 
Obteniendo intervalos para máquina 1002
2025-05-07 09:28:04,147 - INFO - Rango: 2025-05-02 07:45:00 - 2025-05-02 15:45:00
2025-05-07 09:28:04,196 - WARNING - Conflicto detectado con OT 43952
2025-05-07 09:28:04,196 - WARNING - Prioridad del conflicto: 1
2025-05-07 09:28:04,198 - INFO - 
Verificando conflictos para máquina 1002
2025-05-07 09:28:04,199 - INFO - Intervalo a verificar: 2025-05-02 07:45:00 - 2025-05-02 15:45:00
2025-05-07 09:28:04,199 - INFO - Prioridad actual: None
2025-05-07 09:28:04,199 - INFO - 
Obteniendo intervalos para máquina 1002
2025-05-07 09:28:04,199 - INFO - Rango: 2025-05-02 07:45:00 - 2025-05-02 15:45:00
2025-05-07 09:28:04,274 - WARNING - Conflicto detectado con OT 43952
2025-05-07 09:28:04,274 - WARNING - Prioridad del conflicto: 1
2025-05-07 09:28:04,277 - INFO - 
Verificando conflictos para máquina 1003
2025-05-07 09:28:04,277 - INFO - Intervalo a verificar: 2025-05-02 07:45:00 - 2025-05-02 15:45:00
2025-05-07 09:28:04,277 - INFO - Prioridad actual: None
2025-05-07 09:28:04,277 - INFO - 
Obteniendo intervalos para máquina 1003
2025-05-07 09:28:04,277 - INFO - Rango: 2025-05-02 07:45:00 - 2025-05-02 15:45:00
2025-05-07 09:28:04,286 - WARNING - Conflicto detectado con OT 43957
2025-05-07 09:28:04,286 - WARNING - Prioridad del conflicto: 3
2025-05-07 09:28:04,292 - INFO - 
Verificando conflictos para máquina 1205
2025-05-07 09:28:04,292 - INFO - Intervalo a verificar: 2025-05-02 07:45:00 - 2025-05-02 15:45:00
2025-05-07 09:28:04,292 - INFO - Prioridad actual: None
2025-05-07 09:28:04,292 - INFO - 
Obteniendo intervalos para máquina 1205
2025-05-07 09:28:04,293 - INFO - Rango: 2025-05-02 07:45:00 - 2025-05-02 15:45:00
2025-05-07 09:28:04,321 - WARNING - Conflicto detectado con OT 43949
2025-05-07 09:28:04,321 - WARNING - Prioridad del conflicto: 4
2025-05-07 09:28:04,324 - INFO - 
Verificando conflictos para máquina 1002
2025-05-07 09:28:04,325 - INFO - Intervalo a verificar: 2025-05-02 07:45:00 - 2025-05-02 15:45:00
2025-05-07 09:28:04,325 - INFO - Prioridad actual: None
2025-05-07 09:28:04,326 - INFO - 
Obteniendo intervalos para máquina 1002
2025-05-07 09:28:04,326 - INFO - Rango: 2025-05-02 07:45:00 - 2025-05-02 15:45:00
2025-05-07 09:28:04,399 - WARNING - Conflicto detectado con OT 43952
2025-05-07 09:28:04,399 - WARNING - Prioridad del conflicto: 1
2025-05-07 09:28:04,404 - INFO - 
Verificando conflictos para máquina 1002
2025-05-07 09:28:04,404 - INFO - Intervalo a verificar: 2025-05-02 07:45:00 - 2025-05-02 15:45:00
2025-05-07 09:28:04,404 - INFO - Prioridad actual: None
2025-05-07 09:28:04,404 - INFO - 
Obteniendo intervalos para máquina 1002
2025-05-07 09:28:04,404 - INFO - Rango: 2025-05-02 07:45:00 - 2025-05-02 15:45:00
2025-05-07 09:28:04,487 - WARNING - Conflicto detectado con OT 43952
2025-05-07 09:28:04,487 - WARNING - Prioridad del conflicto: 1
2025-05-07 09:28:04,489 - INFO - 
Verificando conflictos para máquina 1002
2025-05-07 09:28:04,489 - INFO - Intervalo a verificar: 2025-05-02 07:45:00 - 2025-05-02 15:45:00
2025-05-07 09:28:04,489 - INFO - Prioridad actual: None
2025-05-07 09:28:04,490 - INFO - 
Obteniendo intervalos para máquina 1002
2025-05-07 09:28:04,490 - INFO - Rango: 2025-05-02 07:45:00 - 2025-05-02 15:45:00
2025-05-07 09:28:04,544 - WARNING - Conflicto detectado con OT 43952
2025-05-07 09:28:04,544 - WARNING - Prioridad del conflicto: 1
2025-05-07 09:28:04,547 - INFO - 
Verificando conflictos para máquina 1002
2025-05-07 09:28:04,547 - INFO - Intervalo a verificar: 2025-05-02 07:45:00 - 2025-05-02 15:45:00
2025-05-07 09:28:04,547 - INFO - Prioridad actual: None
2025-05-07 09:28:04,547 - INFO - 
Obteniendo intervalos para máquina 1002
2025-05-07 09:28:04,547 - INFO - Rango: 2025-05-02 07:45:00 - 2025-05-02 15:45:00
2025-05-07 09:28:04,602 - WARNING - Conflicto detectado con OT 43952
2025-05-07 09:28:04,602 - WARNING - Prioridad del conflicto: 1
2025-05-07 09:28:04,607 - INFO - 
Verificando conflictos para máquina 1004
2025-05-07 09:28:04,607 - INFO - Intervalo a verificar: 2025-05-02 07:45:00 - 2025-05-02 15:45:00
2025-05-07 09:28:04,607 - INFO - Prioridad actual: None
2025-05-07 09:28:04,607 - INFO - 
Obteniendo intervalos para máquina 1004
2025-05-07 09:28:04,607 - INFO - Rango: 2025-05-02 07:45:00 - 2025-05-02 15:45:00
2025-05-07 09:28:04,648 - WARNING - Conflicto detectado con OT 43970
2025-05-07 09:28:04,648 - WARNING - Prioridad del conflicto: 9
2025-05-07 09:28:14,041 - INFO - 
Obteniendo ajustes para programa 10
2025-05-07 09:28:14,053 - INFO - 
Verificando conflictos para máquina 1002
2025-05-07 09:28:14,053 - INFO - Intervalo a verificar: 2025-05-02 - 2025-05-02 12:00:00
2025-05-07 09:28:14,053 - INFO - Prioridad actual: 1
2025-05-07 09:28:14,053 - INFO - 
Obteniendo intervalos para máquina 1002
2025-05-07 09:28:14,053 - INFO - Rango: 2025-05-02 - 2025-05-02 12:00:00
