2025-05-07 10:31:11,348 - INFO - No se detectaron conflictos
2025-05-07 10:31:11,353 - INFO - 
Verificando conflictos para máquina 1203
2025-05-07 10:31:11,354 - INFO - Intervalo a verificar: 2025-05-06 15:30:00 - 2025-05-06 23:30:00
2025-05-07 10:31:11,355 - INFO - Prioridad actual: 0
2025-05-07 10:31:11,356 - INFO - 
Obteniendo intervalos para máquina 1203
2025-05-07 10:31:11,361 - INFO - Rango: 2025-05-06 15:30:00 - 2025-05-06 23:30:00
2025-05-07 10:31:11,439 - INFO - No se detectaron conflictos
2025-05-07 10:31:11,442 - INFO - 
Verificando conflictos para máquina 1431
2025-05-07 10:31:11,446 - INFO - Intervalo a verificar: 2025-05-06 16:00:00 - 2025-05-07 00:00:00
2025-05-07 10:31:11,447 - INFO - Prioridad actual: 0
2025-05-07 10:31:11,449 - INFO - 
Obteniendo intervalos para máquina 1431
2025-05-07 10:31:11,450 - INFO - Rango: 2025-05-06 16:00:00 - 2025-05-07 00:00:00
2025-05-07 10:31:11,469 - INFO - No se detectaron conflictos
2025-05-07 10:31:11,471 - INFO - 
Verificando conflictos para máquina 1601
2025-05-07 10:31:11,472 - INFO - Intervalo a verificar: 2025-05-06 17:00:00 - 2025-05-07 01:00:00
2025-05-07 10:31:11,473 - INFO - Prioridad actual: 0
2025-05-07 10:31:11,473 - INFO - 
Obteniendo intervalos para máquina 1601
2025-05-07 10:31:11,474 - INFO - Rango: 2025-05-06 17:00:00 - 2025-05-07 01:00:00
2025-05-07 10:31:11,525 - INFO - No se detectaron conflictos
2025-05-07 10:31:11,527 - INFO - 
Verificando conflictos para máquina 2002
2025-05-07 10:31:11,527 - INFO - Intervalo a verificar: 2025-05-06 17:45:00 - 2025-05-07 01:45:00
2025-05-07 10:31:11,528 - INFO - Prioridad actual: 0
2025-05-07 10:31:11,529 - INFO - 
Obteniendo intervalos para máquina 2002
2025-05-07 10:31:11,529 - INFO - Rango: 2025-05-06 17:45:00 - 2025-05-07 01:45:00
2025-05-07 10:31:11,545 - INFO - No se detectaron conflictos
2025-05-07 10:31:11,547 - INFO - 
Verificando conflictos para máquina 1002
2025-05-07 10:31:11,548 - INFO - Intervalo a verificar: 2025-05-05 16:30:00 - 2025-05-06 00:30:00
2025-05-07 10:31:11,549 - INFO - Prioridad actual: 0
2025-05-07 10:31:11,550 - INFO - 
Obteniendo intervalos para máquina 1002
2025-05-07 10:31:11,550 - INFO - Rango: 2025-05-05 16:30:00 - 2025-05-06 00:30:00
2025-05-07 10:31:11,603 - INFO - No se detectaron conflictos
2025-05-07 10:31:11,604 - INFO - 
Verificando conflictos para máquina 1203
2025-05-07 10:31:11,604 - INFO - Intervalo a verificar: 2025-05-06 16:30:00 - 2025-05-07 00:30:00
2025-05-07 10:31:11,604 - INFO - Prioridad actual: 0
2025-05-07 10:31:11,604 - INFO - 
Obteniendo intervalos para máquina 1203
2025-05-07 10:31:11,605 - INFO - Rango: 2025-05-06 16:30:00 - 2025-05-07 00:30:00
2025-05-07 10:31:11,614 - INFO - No se detectaron conflictos
2025-05-07 10:31:11,615 - INFO - 
Verificando conflictos para máquina 1431
2025-05-07 10:31:11,615 - INFO - Intervalo a verificar: 2025-05-06 17:00:00 - 2025-05-07 01:00:00
2025-05-07 10:31:11,615 - INFO - Prioridad actual: 0
2025-05-07 10:31:11,616 - INFO - 
Obteniendo intervalos para máquina 1431
2025-05-07 10:31:11,616 - INFO - Rango: 2025-05-06 17:00:00 - 2025-05-07 01:00:00
2025-05-07 10:31:11,626 - INFO - No se detectaron conflictos
2025-05-07 10:31:11,626 - INFO - 
Verificando conflictos para máquina 1601
2025-05-07 10:31:11,626 - INFO - Intervalo a verificar: 2025-05-06 17:45:00 - 2025-05-07 01:45:00
2025-05-07 10:31:11,627 - INFO - Prioridad actual: 0
2025-05-07 10:31:11,627 - INFO - 
Obteniendo intervalos para máquina 1601
2025-05-07 10:31:11,627 - INFO - Rango: 2025-05-06 17:45:00 - 2025-05-07 01:45:00
2025-05-07 10:31:11,654 - INFO - No se detectaron conflictos
2025-05-07 10:31:11,655 - INFO - 
Verificando conflictos para máquina 2002
2025-05-07 10:31:11,655 - INFO - Intervalo a verificar: 2025-05-07 08:00:00 - 2025-05-07 16:00:00
2025-05-07 10:31:11,656 - INFO - Prioridad actual: 0
2025-05-07 10:31:11,656 - INFO - 
Obteniendo intervalos para máquina 2002
2025-05-07 10:31:11,656 - INFO - Rango: 2025-05-07 08:00:00 - 2025-05-07 16:00:00
2025-05-07 10:31:11,669 - INFO - No se detectaron conflictos
2025-05-07 10:31:11,670 - INFO - 
Verificando conflictos para máquina 1002
2025-05-07 10:31:11,671 - INFO - Intervalo a verificar: 2025-05-05 17:30:00 - 2025-05-06 01:30:00
2025-05-07 10:31:11,671 - INFO - Prioridad actual: 0
2025-05-07 10:31:11,671 - INFO - 
Obteniendo intervalos para máquina 1002
2025-05-07 10:31:11,671 - INFO - Rango: 2025-05-05 17:30:00 - 2025-05-06 01:30:00
2025-05-07 10:31:11,709 - INFO - No se detectaron conflictos
2025-05-07 10:31:11,709 - INFO - 
Verificando conflictos para máquina 1203
2025-05-07 10:31:11,710 - INFO - Intervalo a verificar: 2025-05-06 17:30:00 - 2025-05-07 01:30:00
2025-05-07 10:31:11,710 - INFO - Prioridad actual: 0
2025-05-07 10:31:11,710 - INFO - 
Obteniendo intervalos para máquina 1203
2025-05-07 10:31:11,710 - INFO - Rango: 2025-05-06 17:30:00 - 2025-05-07 01:30:00
2025-05-07 10:31:11,722 - INFO - No se detectaron conflictos
2025-05-07 10:31:11,723 - INFO - 
Verificando conflictos para máquina 1431
2025-05-07 10:31:11,723 - INFO - Intervalo a verificar: 2025-05-06 17:45:00 - 2025-05-07 01:45:00
2025-05-07 10:31:11,723 - INFO - Prioridad actual: 0
2025-05-07 10:31:11,723 - INFO - 
Obteniendo intervalos para máquina 1431
2025-05-07 10:31:11,724 - INFO - Rango: 2025-05-06 17:45:00 - 2025-05-07 01:45:00
2025-05-07 10:31:11,734 - INFO - No se detectaron conflictos
2025-05-07 10:31:11,735 - INFO - 
Verificando conflictos para máquina 1601
2025-05-07 10:31:11,735 - INFO - Intervalo a verificar: 2025-05-07 08:00:00 - 2025-05-07 16:00:00
2025-05-07 10:31:11,735 - INFO - Prioridad actual: 0
2025-05-07 10:31:11,735 - INFO - 
Obteniendo intervalos para máquina 1601
2025-05-07 10:31:11,736 - INFO - Rango: 2025-05-07 08:00:00 - 2025-05-07 16:00:00
2025-05-07 10:31:11,763 - INFO - No se detectaron conflictos
2025-05-07 10:31:11,764 - INFO - 
Verificando conflictos para máquina 2002
2025-05-07 10:31:11,764 - INFO - Intervalo a verificar: 2025-05-07 09:00:00 - 2025-05-07 17:00:00
2025-05-07 10:31:11,764 - INFO - Prioridad actual: 0
2025-05-07 10:31:11,765 - INFO - 
Obteniendo intervalos para máquina 2002
2025-05-07 10:31:11,765 - INFO - Rango: 2025-05-07 09:00:00 - 2025-05-07 17:00:00
2025-05-07 10:31:11,776 - INFO - No se detectaron conflictos
2025-05-07 10:31:11,777 - INFO - 
Verificando conflictos para máquina 1002
2025-05-07 10:31:11,777 - INFO - Intervalo a verificar: 2025-05-06 07:45:00 - 2025-05-06 15:45:00
2025-05-07 10:31:11,777 - INFO - Prioridad actual: 0
2025-05-07 10:31:11,777 - INFO - 
Obteniendo intervalos para máquina 1002
2025-05-07 10:31:11,778 - INFO - Rango: 2025-05-06 07:45:00 - 2025-05-06 15:45:00
2025-05-07 10:31:11,812 - INFO - No se detectaron conflictos
2025-05-07 10:31:11,813 - INFO - 
Verificando conflictos para máquina 1203
2025-05-07 10:31:11,813 - INFO - Intervalo a verificar: 2025-05-07 07:45:00 - 2025-05-07 15:45:00
2025-05-07 10:31:11,813 - INFO - Prioridad actual: 0
2025-05-07 10:31:11,813 - INFO - 
Obteniendo intervalos para máquina 1203
2025-05-07 10:31:11,814 - INFO - Rango: 2025-05-07 07:45:00 - 2025-05-07 15:45:00
2025-05-07 10:31:11,828 - INFO - No se detectaron conflictos
2025-05-07 10:31:11,829 - INFO - 
Verificando conflictos para máquina 1431
2025-05-07 10:31:11,829 - INFO - Intervalo a verificar: 2025-05-07 11:00:00 - 2025-05-07 19:00:00
2025-05-07 10:31:11,830 - INFO - Prioridad actual: 0
2025-05-07 10:31:11,830 - INFO - 
Obteniendo intervalos para máquina 1431
2025-05-07 10:31:11,830 - INFO - Rango: 2025-05-07 11:00:00 - 2025-05-07 19:00:00
2025-05-07 10:31:11,842 - INFO - No se detectaron conflictos
2025-05-07 10:31:11,843 - INFO - 
Verificando conflictos para máquina 1601
2025-05-07 10:31:11,843 - INFO - Intervalo a verificar: 2025-05-07 15:00:00 - 2025-05-07 23:00:00
2025-05-07 10:31:11,843 - INFO - Prioridad actual: 0
2025-05-07 10:31:11,844 - INFO - 
Obteniendo intervalos para máquina 1601
2025-05-07 10:31:11,844 - INFO - Rango: 2025-05-07 15:00:00 - 2025-05-07 23:00:00
2025-05-07 10:31:11,873 - INFO - No se detectaron conflictos
2025-05-07 10:31:11,873 - INFO - 
Verificando conflictos para máquina 2002
2025-05-07 10:31:11,874 - INFO - Intervalo a verificar: 2025-05-08 08:00:00 - 2025-05-08 16:00:00
2025-05-07 10:31:11,874 - INFO - Prioridad actual: 0
2025-05-07 10:31:11,874 - INFO - 
Obteniendo intervalos para máquina 2002
2025-05-07 10:31:11,874 - INFO - Rango: 2025-05-08 08:00:00 - 2025-05-08 16:00:00
2025-05-07 10:31:11,882 - INFO - No se detectaron conflictos
2025-05-07 10:31:11,883 - INFO - 
Verificando conflictos para máquina 1004
2025-05-07 10:31:11,884 - INFO - Intervalo a verificar: 2025-05-02 07:45:00 - 2025-05-02 15:45:00
2025-05-07 10:31:11,884 - INFO - Prioridad actual: 0
2025-05-07 10:31:11,884 - INFO - 
Obteniendo intervalos para máquina 1004
2025-05-07 10:31:11,884 - INFO - Rango: 2025-05-02 07:45:00 - 2025-05-02 15:45:00
2025-05-07 10:31:11,892 - WARNING - Conflicto detectado con OT 43970
2025-05-07 10:31:11,893 - WARNING - Prioridad del conflicto: 9
2025-05-07 10:31:11,893 - INFO - 
Verificando conflictos para máquina 1004
2025-05-07 10:31:11,894 - INFO - Intervalo a verificar: 2025-05-02 13:00:00 - 2025-05-02 21:00:00
2025-05-07 10:31:11,894 - INFO - Prioridad actual: 0
2025-05-07 10:31:11,894 - INFO - 
Obteniendo intervalos para máquina 1004
2025-05-07 10:31:11,894 - INFO - Rango: 2025-05-02 13:00:00 - 2025-05-02 21:00:00
2025-05-07 10:31:11,901 - INFO - No se detectaron conflictos
2025-05-07 10:31:11,903 - INFO - 
Verificando conflictos para máquina 1315
2025-05-07 10:31:11,903 - INFO - Intervalo a verificar: 2025-05-05 15:30:00 - 2025-05-05 23:30:00
2025-05-07 10:31:11,903 - INFO - Prioridad actual: 0
2025-05-07 10:31:11,903 - INFO - 
Obteniendo intervalos para máquina 1315
2025-05-07 10:31:11,903 - INFO - Rango: 2025-05-05 15:30:00 - 2025-05-05 23:30:00
2025-05-07 10:31:11,911 - INFO - No se detectaron conflictos
2025-05-07 10:31:11,912 - INFO - 
Verificando conflictos para máquina 1315
2025-05-07 10:31:11,912 - INFO - Intervalo a verificar: 2025-05-06 10:00:00 - 2025-05-06 18:00:00
2025-05-07 10:31:11,912 - INFO - Prioridad actual: 0
2025-05-07 10:31:11,912 - INFO - 
Obteniendo intervalos para máquina 1315
2025-05-07 10:31:11,912 - INFO - Rango: 2025-05-06 10:00:00 - 2025-05-06 18:00:00
2025-05-07 10:31:11,923 - INFO - No se detectaron conflictos
2025-05-07 10:31:11,924 - INFO - 
Verificando conflictos para máquina 1001
2025-05-07 10:31:11,924 - INFO - Intervalo a verificar: 2025-05-06 15:00:00 - 2025-05-06 23:00:00
2025-05-07 10:31:11,924 - INFO - Prioridad actual: 0
2025-05-07 10:31:11,924 - INFO - 
Obteniendo intervalos para máquina 1001
2025-05-07 10:31:11,924 - INFO - Rango: 2025-05-06 15:00:00 - 2025-05-06 23:00:00
2025-05-07 10:31:11,939 - INFO - No se detectaron conflictos
2025-05-07 10:31:11,940 - INFO - 
Verificando conflictos para máquina 4002
2025-05-07 10:31:11,941 - INFO - Intervalo a verificar: 2025-05-07 09:00:00 - 2025-05-07 17:00:00
2025-05-07 10:31:11,941 - INFO - Prioridad actual: 0
2025-05-07 10:31:11,941 - INFO - 
Obteniendo intervalos para máquina 4002
2025-05-07 10:31:11,941 - INFO - Rango: 2025-05-07 09:00:00 - 2025-05-07 17:00:00
2025-05-07 10:31:11,948 - INFO - No se detectaron conflictos
2025-05-07 10:31:11,949 - INFO - 
Verificando conflictos para máquina 1001
2025-05-07 10:31:11,949 - INFO - Intervalo a verificar: 2025-05-07 13:00:00 - 2025-05-07 21:00:00
2025-05-07 10:31:11,949 - INFO - Prioridad actual: 0
2025-05-07 10:31:11,949 - INFO - 
Obteniendo intervalos para máquina 1001
2025-05-07 10:31:11,950 - INFO - Rango: 2025-05-07 13:00:00 - 2025-05-07 21:00:00
2025-05-07 10:31:11,961 - INFO - No se detectaron conflictos
2025-05-07 10:31:11,962 - INFO - 
Verificando conflictos para máquina 4002
2025-05-07 10:31:11,962 - INFO - Intervalo a verificar: 2025-05-07 17:45:00 - 2025-05-08 01:45:00
2025-05-07 10:31:11,962 - INFO - Prioridad actual: 0
2025-05-07 10:31:11,962 - INFO - 
Obteniendo intervalos para máquina 4002
2025-05-07 10:31:11,963 - INFO - Rango: 2025-05-07 17:45:00 - 2025-05-08 01:45:00
2025-05-07 10:31:11,967 - INFO - No se detectaron conflictos
2025-05-07 10:31:11,968 - INFO - 
Verificando conflictos para máquina 1205
2025-05-07 10:31:11,968 - INFO - Intervalo a verificar: 2025-05-08 12:00:00 - 2025-05-08 20:00:00
2025-05-07 10:31:11,968 - INFO - Prioridad actual: 0
2025-05-07 10:31:11,968 - INFO - 
Obteniendo intervalos para máquina 1205
2025-05-07 10:31:11,969 - INFO - Rango: 2025-05-08 12:00:00 - 2025-05-08 20:00:00
2025-05-07 10:31:11,997 - INFO - No se detectaron conflictos
2025-05-07 10:31:11,998 - INFO - 
Verificando conflictos para máquina 3421
2025-05-07 10:31:11,998 - INFO - Intervalo a verificar: 2025-05-08 17:00:00 - 2025-05-09 01:00:00
2025-05-07 10:31:11,998 - INFO - Prioridad actual: 0
2025-05-07 10:31:11,998 - INFO - 
Obteniendo intervalos para máquina 3421
2025-05-07 10:31:11,999 - INFO - Rango: 2025-05-08 17:00:00 - 2025-05-09 01:00:00
2025-05-07 10:31:12,013 - INFO - No se detectaron conflictos
