2025-05-06 18:14:17,471 - INFO - 
==================================================
2025-05-06 18:14:17,471 - INFO - INICIO DE VERIFICACIÓN - Programa 10
2025-05-06 18:14:17,480 - INFO - 
==================================================
2025-05-06 18:14:17,480 - INFO - Verificando disponibilidad de máquina 1002
2025-05-06 18:14:17,480 - INFO - Rango solicitado: 2025-05-02 - 2025-05-02 12:00:00
2025-05-06 18:14:17,480 - INFO - Prioridad actual: 1
2025-05-06 18:14:17,487 - INFO - 
Proceso encontrado:
2025-05-06 18:14:17,487 - INFO - OT: 43037
2025-05-06 18:14:17,489 - INFO - Proceso: CORTADO
2025-05-06 18:14:17,489 - INFO - Prioridad: 1
2025-05-06 18:14:17,489 - INFO - Ocupación: 2025-03-24 07:45:00 - 2025-03-24 17:45:00
2025-05-06 18:14:17,492 - INFO - 
Proceso encontrado:
2025-05-06 18:14:17,492 - INFO - OT: 43864
2025-05-06 18:14:17,492 - INFO - Proceso: CORTADO
2025-05-06 18:14:17,492 - INFO - Prioridad: 3
2025-05-06 18:14:17,492 - INFO - Ocupación: 2025-03-24 07:45:00 - 2025-03-24 09:00:00
2025-05-06 18:14:17,494 - INFO - 
Proceso encontrado:
2025-05-06 18:14:17,494 - INFO - OT: 43900
2025-05-06 18:14:17,494 - INFO - Proceso: CORTADO
2025-05-06 18:14:17,494 - INFO - Prioridad: 5
2025-05-06 18:14:17,494 - INFO - Ocupación: 2025-03-24 07:45:00 - 2025-03-24 15:00:00
2025-05-06 18:14:17,498 - INFO - 
Proceso encontrado:
2025-05-06 18:14:17,498 - INFO - OT: 43929
2025-05-06 18:14:17,498 - INFO - Proceso: CORTADO
2025-05-06 18:14:17,498 - INFO - Prioridad: 1
2025-05-06 18:14:17,498 - INFO - Ocupación: 2025-04-01 07:45:00 - 2025-04-01 10:00:00
2025-05-06 18:14:17,500 - INFO - 
Proceso encontrado:
2025-05-06 18:14:17,500 - INFO - OT: 43929
2025-05-06 18:14:17,500 - INFO - Proceso: CORTADO
2025-05-06 18:14:17,500 - INFO - Prioridad: 1
2025-05-06 18:14:17,500 - INFO - Ocupación: 2025-04-01 07:45:00 - 2025-04-01 09:00:00
2025-05-06 18:14:17,501 - INFO - 
Proceso encontrado:
2025-05-06 18:14:17,501 - INFO - OT: 43933
2025-05-06 18:14:17,501 - INFO - Proceso: CORTADO
2025-05-06 18:14:17,501 - INFO - Prioridad: 3
2025-05-06 18:14:17,501 - INFO - Ocupación: 2025-04-01 07:45:00 - 2025-04-01 17:00:00
2025-05-06 18:14:17,502 - INFO - 
Proceso encontrado:
2025-05-06 18:14:17,502 - INFO - OT: 43935
2025-05-06 18:14:17,502 - INFO - Proceso: CORTADO
2025-05-06 18:14:17,502 - INFO - Prioridad: 4
2025-05-06 18:14:17,502 - INFO - Ocupación: 2025-04-01 07:45:00 - 2025-04-01 10:00:00
2025-05-06 18:14:17,503 - INFO - 
Proceso encontrado:
2025-05-06 18:14:17,503 - INFO - OT: 43940
2025-05-06 18:14:17,503 - INFO - Proceso: CORTADO
2025-05-06 18:14:17,503 - INFO - Prioridad: 5
2025-05-06 18:14:17,504 - INFO - Ocupación: 2025-04-01 07:45:00 - 2025-04-01 11:00:00
2025-05-06 18:14:17,504 - INFO - 
Proceso encontrado:
2025-05-06 18:14:17,504 - INFO - OT: 43944
2025-05-06 18:14:17,505 - INFO - Proceso: CORTADO
2025-05-06 18:14:17,505 - INFO - Prioridad: 0
2025-05-06 18:14:17,505 - INFO - Ocupación: 2025-04-01 07:45:00 - 2025-04-01 12:00:00
2025-05-06 18:14:17,510 - INFO - 
Proceso encontrado:
2025-05-06 18:14:17,510 - INFO - OT: 43951
2025-05-06 18:14:17,510 - INFO - Proceso: CORTADO
2025-05-06 18:14:17,510 - INFO - Prioridad: 2
2025-05-06 18:14:17,510 - INFO - Ocupación: 2025-05-02 07:45:00 - 2025-05-05 09:00:00
2025-05-06 18:14:17,511 - INFO - 
Proceso encontrado:
2025-05-06 18:14:17,511 - INFO - OT: 43953
2025-05-06 18:14:17,511 - INFO - Proceso: CORTADO
2025-05-06 18:14:17,511 - INFO - Prioridad: 5
2025-05-06 18:14:17,511 - INFO - Ocupación: 2025-05-02 07:45:00 - 2025-05-02 08:00:00
2025-05-06 18:14:17,512 - INFO - 
Proceso encontrado:
2025-05-06 18:14:17,512 - INFO - OT: 43954
2025-05-06 18:14:17,512 - INFO - Proceso: CORTADO
2025-05-06 18:14:17,513 - INFO - Prioridad: 6
2025-05-06 18:14:17,513 - INFO - Ocupación: 2025-05-02 07:45:00 - 2025-05-02 08:00:00
2025-05-06 18:14:17,513 - INFO - 
Proceso encontrado:
2025-05-06 18:14:17,514 - INFO - OT: 43955
2025-05-06 18:14:17,514 - INFO - Proceso: CORTADO
2025-05-06 18:14:17,514 - INFO - Prioridad: 7
2025-05-06 18:14:17,514 - INFO - Ocupación: 2025-05-02 07:45:00 - 2025-05-02 08:00:00
2025-05-06 18:14:17,515 - INFO - 
Proceso encontrado:
2025-05-06 18:14:17,515 - INFO - OT: 43956
2025-05-06 18:14:17,515 - INFO - Proceso: CORTADO
2025-05-06 18:14:17,515 - INFO - Prioridad: 8
2025-05-06 18:14:17,515 - INFO - Ocupación: 2025-05-02 07:45:00 - 2025-05-02 11:00:00
2025-05-06 18:14:17,520 - INFO - 
Proceso encontrado:
2025-05-06 18:14:17,520 - INFO - OT: 44024
2025-05-06 18:14:17,520 - INFO - Proceso: CORTADO
2025-05-06 18:14:17,520 - INFO - Prioridad: 1
2025-05-06 18:14:17,520 - INFO - Ocupación: 2025-03-03 07:45:00 - 2025-03-03 17:00:00
2025-05-06 18:14:17,521 - INFO - 
Proceso encontrado:
2025-05-06 18:14:17,521 - INFO - OT: 44025
2025-05-06 18:14:17,521 - INFO - Proceso: CORTADO
2025-05-06 18:14:17,521 - INFO - Prioridad: 5
2025-05-06 18:14:17,521 - INFO - Ocupación: 2025-03-03 07:45:00 - 2025-03-03 13:00:00
2025-05-06 18:14:17,521 - WARNING - 
¡CONFLICTO DETECTADO!
2025-05-06 18:14:17,521 - WARNING - Intervalo solicitado: 2025-05-02 07:45:00 - 2025-05-02 17:45:00
2025-05-06 18:14:17,521 - WARNING - Conflicto con OT 43951 (Prioridad: 2)
2025-05-06 18:14:17,521 - INFO - La tarea actual tiene mayor prioridad, ajustando tarea conflictiva
