2025-05-07 09:44:36,039 - INFO - 
Verificando conflictos para máquina 1002
2025-05-07 09:44:36,041 - INFO - Intervalo a verificar: 2025-05-02 07:45:00 - 2025-05-02 15:45:00
2025-05-07 09:44:36,041 - INFO - Prioridad actual: None
2025-05-07 09:44:36,042 - INFO - 
Obteniendo intervalos para máquina 1002
2025-05-07 09:44:36,043 - INFO - Rango: 2025-05-02 07:45:00 - 2025-05-02 15:45:00
2025-05-07 09:44:36,143 - WARNING - Conflicto detectado con OT 43952
2025-05-07 09:44:36,143 - WARNING - Prioridad del conflicto: 1
2025-05-07 09:44:36,144 - INFO - 
Verificando conflictos para máquina 1002
2025-05-07 09:44:36,144 - INFO - Intervalo a verificar: 2025-05-02 07:45:00 - 2025-05-02 15:45:00
2025-05-07 09:44:36,145 - INFO - Prioridad actual: None
2025-05-07 09:44:36,145 - INFO - 
Obteniendo intervalos para máquina 1002
2025-05-07 09:44:36,145 - INFO - Rango: 2025-05-02 07:45:00 - 2025-05-02 15:45:00
2025-05-07 09:44:36,193 - WARNING - Conflicto detectado con OT 43952
2025-05-07 09:44:36,194 - WARNING - Prioridad del conflicto: 1
2025-05-07 09:44:36,195 - INFO - 
Verificando conflictos para máquina 1003
2025-05-07 09:44:36,195 - INFO - Intervalo a verificar: 2025-05-02 07:45:00 - 2025-05-02 15:45:00
2025-05-07 09:44:36,195 - INFO - Prioridad actual: None
2025-05-07 09:44:36,195 - INFO - 
Obteniendo intervalos para máquina 1003
2025-05-07 09:44:36,195 - INFO - Rango: 2025-05-02 07:45:00 - 2025-05-02 15:45:00
2025-05-07 09:44:36,205 - WARNING - Conflicto detectado con OT 43957
2025-05-07 09:44:36,205 - WARNING - Prioridad del conflicto: 3
2025-05-07 09:44:36,206 - INFO - 
Verificando conflictos para máquina 1205
2025-05-07 09:44:36,207 - INFO - Intervalo a verificar: 2025-05-02 07:45:00 - 2025-05-02 15:45:00
2025-05-07 09:44:36,207 - INFO - Prioridad actual: None
2025-05-07 09:44:36,207 - INFO - 
Obteniendo intervalos para máquina 1205
2025-05-07 09:44:36,207 - INFO - Rango: 2025-05-02 07:45:00 - 2025-05-02 15:45:00
2025-05-07 09:44:36,234 - WARNING - Conflicto detectado con OT 43949
2025-05-07 09:44:36,234 - WARNING - Prioridad del conflicto: 4
2025-05-07 09:44:36,236 - INFO - 
Verificando conflictos para máquina 1002
2025-05-07 09:44:36,236 - INFO - Intervalo a verificar: 2025-05-02 07:45:00 - 2025-05-02 15:45:00
2025-05-07 09:44:36,236 - INFO - Prioridad actual: None
2025-05-07 09:44:36,236 - INFO - 
Obteniendo intervalos para máquina 1002
2025-05-07 09:44:36,236 - INFO - Rango: 2025-05-02 07:45:00 - 2025-05-02 15:45:00
2025-05-07 09:44:36,278 - WARNING - Conflicto detectado con OT 43952
2025-05-07 09:44:36,278 - WARNING - Prioridad del conflicto: 1
2025-05-07 09:44:36,279 - INFO - 
Verificando conflictos para máquina 1002
2025-05-07 09:44:36,279 - INFO - Intervalo a verificar: 2025-05-02 07:45:00 - 2025-05-02 15:45:00
2025-05-07 09:44:36,280 - INFO - Prioridad actual: None
2025-05-07 09:44:36,280 - INFO - 
Obteniendo intervalos para máquina 1002
2025-05-07 09:44:36,280 - INFO - Rango: 2025-05-02 07:45:00 - 2025-05-02 15:45:00
2025-05-07 09:44:36,327 - WARNING - Conflicto detectado con OT 43952
2025-05-07 09:44:36,327 - WARNING - Prioridad del conflicto: 1
2025-05-07 09:44:36,328 - INFO - 
Verificando conflictos para máquina 1002
2025-05-07 09:44:36,328 - INFO - Intervalo a verificar: 2025-05-02 07:45:00 - 2025-05-02 15:45:00
2025-05-07 09:44:36,328 - INFO - Prioridad actual: None
2025-05-07 09:44:36,328 - INFO - 
Obteniendo intervalos para máquina 1002
2025-05-07 09:44:36,329 - INFO - Rango: 2025-05-02 07:45:00 - 2025-05-02 15:45:00
2025-05-07 09:44:36,372 - WARNING - Conflicto detectado con OT 43952
2025-05-07 09:44:36,372 - WARNING - Prioridad del conflicto: 1
2025-05-07 09:44:36,373 - INFO - 
Verificando conflictos para máquina 1002
2025-05-07 09:44:36,373 - INFO - Intervalo a verificar: 2025-05-02 07:45:00 - 2025-05-02 15:45:00
2025-05-07 09:44:36,373 - INFO - Prioridad actual: None
2025-05-07 09:44:36,373 - INFO - 
Obteniendo intervalos para máquina 1002
2025-05-07 09:44:36,373 - INFO - Rango: 2025-05-02 07:45:00 - 2025-05-02 15:45:00
2025-05-07 09:44:36,419 - WARNING - Conflicto detectado con OT 43952
2025-05-07 09:44:36,420 - WARNING - Prioridad del conflicto: 1
2025-05-07 09:44:36,421 - INFO - 
Verificando conflictos para máquina 1004
2025-05-07 09:44:36,421 - INFO - Intervalo a verificar: 2025-05-02 07:45:00 - 2025-05-02 15:45:00
2025-05-07 09:44:36,421 - INFO - Prioridad actual: None
2025-05-07 09:44:36,421 - INFO - 
Obteniendo intervalos para máquina 1004
2025-05-07 09:44:36,421 - INFO - Rango: 2025-05-02 07:45:00 - 2025-05-02 15:45:00
2025-05-07 09:44:36,431 - WARNING - Conflicto detectado con OT 43970
2025-05-07 09:44:36,431 - WARNING - Prioridad del conflicto: 9
2025-05-07 09:44:42,008 - INFO - 
Obteniendo ajustes para programa 10
2025-05-07 09:44:42,016 - INFO - 
Verificando conflictos para máquina 1002
2025-05-07 09:44:42,016 - INFO - Intervalo a verificar: 2025-05-02 - 2025-05-02 12:00:00
2025-05-07 09:44:42,016 - INFO - Prioridad actual: 1
2025-05-07 09:44:42,017 - INFO - 
Obteniendo intervalos para máquina 1002
2025-05-07 09:44:42,017 - INFO - Rango: 2025-05-02 - 2025-05-02 12:00:00
tado con OT 43952
2025-05-07 09:44:36,143 - WARNING - Prioridad del conflicto: 1
2025-05-07 09:44:36,144 - INFO - 
Verificando conflictos para máquina 1002
2025-05-07 09:44:36,144 - INFO - Intervalo a verificar: 2025-05-02 07:45:00 - 2025-05-02 15:45:00
2025-05-07 09:44:36,145 - INFO - Prioridad actual: None
2025-05-07 09:44:36,145 - INFO - 
Obteniendo intervalos para máquina 1002
2025-05-07 09:44:36,145 - INFO - Rango: 2025-05-02 07:45:00 - 2025-05-02 15:45:00
2025-05-07 09:44:36,193 - WARNING - Conflicto detectado con OT 43952
2025-05-07 09:44:36,194 - WARNING - Prioridad del conflicto: 1
2025-05-07 09:44:36,195 - INFO - 
Verificando conflictos para máquina 1003
2025-05-07 09:44:36,195 - INFO - Intervalo a verificar: 2025-05-02 07:45:00 - 2025-05-02 15:45:00
2025-05-07 09:44:36,195 - INFO - Prioridad actual: None
2025-05-07 09:44:36,195 - INFO - 
Obteniendo intervalos para máquina 1003
2025-05-07 09:44:36,195 - INFO - Rango: 2025-05-02 07:45:00 - 2025-05-02 15:45:00
2025-05-07 09:44:36,205 - WARNING - Conflicto detectado con OT 43957
2025-05-07 09:44:36,205 - WARNING - Prioridad del conflicto: 3
2025-05-07 09:44:36,206 - INFO - 
Verificando conflictos para máquina 1205
2025-05-07 09:44:36,207 - INFO - Intervalo a verificar: 2025-05-02 07:45:00 - 2025-05-02 15:45:00
2025-05-07 09:44:36,207 - INFO - Prioridad actual: None
2025-05-07 09:44:36,207 - INFO - 
Obteniendo intervalos para máquina 1205
2025-05-07 09:44:36,207 - INFO - Rango: 2025-05-02 07:45:00 - 2025-05-02 15:45:00
2025-05-07 09:44:36,234 - WARNING - Conflicto detectado con OT 43949
2025-05-07 09:44:36,234 - WARNING - Prioridad del conflicto: 4
2025-05-07 09:44:36,236 - INFO - 
Verificando conflictos para máquina 1002
2025-05-07 09:44:36,236 - INFO - Intervalo a verificar: 2025-05-02 07:45:00 - 2025-05-02 15:45:00
2025-05-07 09:44:36,236 - INFO - Prioridad actual: None
2025-05-07 09:44:36,236 - INFO - 
Obteniendo intervalos para máquina 1002
2025-05-07 09:44:36,236 - INFO - Rango: 2025-05-02 07:45:00 - 2025-05-02 15:45:00
2025-05-07 09:44:36,278 - WARNING - Conflicto detectado con OT 43952
2025-05-07 09:44:36,278 - WARNING - Prioridad del conflicto: 1
2025-05-07 09:44:36,279 - INFO - 
Verificando conflictos para máquina 1002
2025-05-07 09:44:36,279 - INFO - Intervalo a verificar: 2025-05-02 07:45:00 - 2025-05-02 15:45:00
2025-05-07 09:44:36,280 - INFO - Prioridad actual: None
2025-05-07 09:44:36,280 - INFO - 
Obteniendo intervalos para máquina 1002
2025-05-07 09:44:36,280 - INFO - Rango: 2025-05-02 07:45:00 - 2025-05-02 15:45:00
2025-05-07 09:44:36,327 - WARNING - Conflicto detectado con OT 43952
2025-05-07 09:44:36,327 - WARNING - Prioridad del conflicto: 1
2025-05-07 09:44:36,328 - INFO - 
Verificando conflictos para máquina 1002
2025-05-07 09:44:36,328 - INFO - Intervalo a verificar: 2025-05-02 07:45:00 - 2025-05-02 15:45:00
2025-05-07 09:44:36,328 - INFO - Prioridad actual: None
2025-05-07 09:44:36,328 - INFO - 
Obteniendo intervalos para máquina 1002
2025-05-07 09:44:36,329 - INFO - Rango: 2025-05-02 07:45:00 - 2025-05-02 15:45:00
2025-05-07 09:44:36,372 - WARNING - Conflicto detectado con OT 43952
2025-05-07 09:44:36,372 - WARNING - Prioridad del conflicto: 1
2025-05-07 09:44:36,373 - INFO - 
Verificando conflictos para máquina 1002
2025-05-07 09:44:36,373 - INFO - Intervalo a verificar: 2025-05-02 07:45:00 - 2025-05-02 15:45:00
2025-05-07 09:44:36,373 - INFO - Prioridad actual: None
2025-05-07 09:44:36,373 - INFO - 
Obteniendo intervalos para máquina 1002
2025-05-07 09:44:36,373 - INFO - Rango: 2025-05-02 07:45:00 - 2025-05-02 15:45:00
2025-05-07 09:44:36,419 - WARNING - Conflicto detectado con OT 43952
2025-05-07 09:44:36,420 - WARNING - Prioridad del conflicto: 1
2025-05-07 09:44:36,421 - INFO - 
Verificando conflictos para máquina 1004
2025-05-07 09:44:36,421 - INFO - Intervalo a verificar: 2025-05-02 07:45:00 - 2025-05-02 15:45:00
2025-05-07 09:44:36,421 - INFO - Prioridad actual: None
2025-05-07 09:44:36,421 - INFO - 
Obteniendo intervalos para máquina 1004
2025-05-07 09:44:36,421 - INFO - Rango: 2025-05-02 07:45:00 - 2025-05-02 15:45:00
2025-05-07 09:44:36,431 - WARNING - Conflicto detectado con OT 43970
2025-05-07 09:44:36,431 - WARNING - Prioridad del conflicto: 9
2025-05-07 09:44:42,008 - INFO - 
Obteniendo ajustes para programa 10
2025-05-07 09:44:42,016 - INFO - 
Verificando conflictos para máquina 1002
2025-05-07 09:44:42,016 - INFO - Intervalo a verificar: 2025-05-02 - 2025-05-02 12:00:00
2025-05-07 09:44:42,016 - INFO - Prioridad actual: 1
2025-05-07 09:44:42,017 - INFO - 
Obteniendo intervalos para máquina 1002
2025-05-07 09:44:42,017 - INFO - Rango: 2025-05-02 - 2025-05-02 12:00:00
