2025-05-06 16:32:12,018 - INFO - 
==================================================
2025-05-06 16:32:12,019 - INFO - INICIO DE VERIFICACIÓN - Programa 10
2025-05-06 16:32:12,019 - INFO - Nombre del programa: Programa mayo
2025-05-06 16:32:12,019 - INFO - Fecha inicio actual: 2025-05-02
2025-05-06 16:32:12,019 - INFO - ==================================================

2025-05-06 16:32:12,021 - INFO - Total de órdenes en el programa: 9
2025-05-06 16:32:12,030 - INFO - 
------------------------------
2025-05-06 16:32:12,031 - INFO - Procesando OT: 43952
2025-05-06 16:32:12,031 - INFO - 
Proceso: CORTADO
2025-05-06 16:32:12,031 - INFO - Máquina: 1002
2025-05-06 16:32:12,031 - INFO - Cantidad: 1000.00
2025-05-06 16:32:12,031 - INFO - Estándar: 293
2025-05-06 16:32:12,031 - INFO - Periodo calculado: 2025-05-02 07:45:00 - 2025-05-02 12:00:00
2025-05-06 16:32:12,031 - INFO - 
==================================================
2025-05-06 16:32:12,031 - INFO - Verificando disponibilidad de máquina 1002
2025-05-06 16:32:12,031 - INFO - Rango de fechas: 2025-05-02 07:45:00 - 2025-05-02 12:00:00
2025-05-06 16:32:12,035 - INFO - Encontradas 21 asignaciones para la máquina
2025-05-06 16:32:12,043 - INFO - 
Proceso: CORTADO
2025-05-06 16:32:12,043 - INFO - OT: 43037
2025-05-06 16:32:12,043 - INFO - Ocupación: 2025-03-24 07:45:00 - 2025-03-24 17:45:00
2025-05-06 16:32:12,046 - INFO - 
Proceso: CORTADO
2025-05-06 16:32:12,046 - INFO - OT: 43864
2025-05-06 16:32:12,046 - INFO - Ocupación: 2025-03-24 07:45:00 - 2025-03-24 09:00:00
2025-05-06 16:32:12,047 - INFO - 
Proceso: CORTADO
2025-05-06 16:32:12,047 - INFO - OT: 43900
2025-05-06 16:32:12,047 - INFO - Ocupación: 2025-03-24 07:45:00 - 2025-03-24 15:00:00
2025-05-06 16:32:12,049 - INFO - 
Proceso: CORTADO
2025-05-06 16:32:12,049 - INFO - OT: 43929
2025-05-06 16:32:12,049 - INFO - Ocupación: 2025-04-01 07:45:00 - 2025-04-01 10:00:00
2025-05-06 16:32:12,050 - INFO - 
Proceso: CORTADO
2025-05-06 16:32:12,050 - INFO - OT: 43929
2025-05-06 16:32:12,050 - INFO - Ocupación: 2025-04-01 07:45:00 - 2025-04-01 09:00:00
2025-05-06 16:32:12,056 - INFO - 
Proceso: CORTADO
2025-05-06 16:32:12,056 - INFO - OT: 43933
2025-05-06 16:32:12,056 - INFO - Ocupación: 2025-04-01 07:45:00 - 2025-04-01 17:00:00
2025-05-06 16:32:12,057 - INFO - 
Proceso: CORTADO
2025-05-06 16:32:12,058 - INFO - OT: 43935
2025-05-06 16:32:12,058 - INFO - Ocupación: 2025-04-01 07:45:00 - 2025-04-01 10:00:00
2025-05-06 16:32:12,059 - INFO - 
Proceso: CORTADO
2025-05-06 16:32:12,059 - INFO - OT: 43940
2025-05-06 16:32:12,059 - INFO - Ocupación: 2025-04-01 07:45:00 - 2025-04-01 11:00:00
2025-05-06 16:32:12,060 - INFO - 
Proceso: CORTADO
2025-05-06 16:32:12,060 - INFO - OT: 43944
2025-05-06 16:32:12,060 - INFO - Ocupación: 2025-04-01 07:45:00 - 2025-04-01 12:00:00
2025-05-06 16:32:12,074 - INFO - 
Proceso: CORTADO
2025-05-06 16:32:12,074 - INFO - OT: 44024
2025-05-06 16:32:12,074 - INFO - Ocupación: 2025-03-03 07:45:00 - 2025-03-03 17:00:00
2025-05-06 16:32:12,076 - INFO - 
Proceso: CORTADO
2025-05-06 16:32:12,076 - INFO - OT: 44025
2025-05-06 16:32:12,076 - INFO - Ocupación: 2025-03-03 07:45:00 - 2025-03-03 13:00:00
2025-05-06 16:32:12,076 - INFO - 
No se detectaron conflictos
2025-05-06 16:32:12,076 - INFO - 
Proceso: ESTAMPAR EN CALIENTE
2025-05-06 16:32:12,076 - INFO - Máquina: 1201
2025-05-06 16:32:12,076 - INFO - Cantidad: 1000.00
2025-05-06 16:32:12,077 - INFO - Estándar: 1579
2025-05-06 16:32:12,077 - INFO - Periodo calculado: 2025-05-02 12:00:00 - 2025-05-02 13:00:00
2025-05-06 16:32:12,077 - INFO - 
==================================================
2025-05-06 16:32:12,077 - INFO - Verificando disponibilidad de máquina 1201
2025-05-06 16:32:12,077 - INFO - Rango de fechas: 2025-05-02 12:00:00 - 2025-05-02 13:00:00
2025-05-06 16:32:12,078 - INFO - Encontradas 4 asignaciones para la máquina
2025-05-06 16:32:12,083 - INFO - 
Proceso: ESTAMPAR EN CALIENTE
2025-05-06 16:32:12,083 - INFO - OT: 43777
2025-05-06 16:32:12,083 - INFO - Ocupación: 2025-03-03 07:45:00 - 2025-03-03 09:00:00
2025-05-06 16:32:12,090 - INFO - 
Proceso: ESTAMPAR EN CALIENTE
2025-05-06 16:32:12,090 - INFO - OT: 43920
2025-05-06 16:32:12,090 - INFO - Ocupación: 2025-04-01 07:45:00 - 2025-04-01 09:00:00
2025-05-06 16:32:12,091 - INFO - 
Proceso: ESTAMPAR EN CALIENTE
2025-05-06 16:32:12,091 - INFO - OT: 43947
2025-05-06 16:32:12,091 - INFO - Ocupación: 2025-04-01 07:45:00 - 2025-04-01 09:00:00
2025-05-06 16:32:12,093 - INFO - 
Proceso: ESTAMPAR EN CALIENTE
2025-05-06 16:32:12,093 - INFO - OT: 43959
2025-05-06 16:32:12,093 - INFO - Ocupación: 2025-05-12 07:45:00 - 2025-05-12 09:00:00
2025-05-06 16:32:12,093 - INFO - 
No se detectaron conflictos
2025-05-06 16:32:12,093 - INFO - 
Proceso: REBARBADO EXTERIOR
2025-05-06 16:32:12,093 - INFO - Máquina: 1312
2025-05-06 16:32:12,093 - INFO - Cantidad: 1000.00
2025-05-06 16:32:12,093 - INFO - Estándar: 353
2025-05-06 16:32:12,093 - INFO - Periodo calculado: 2025-05-02 13:00:00 - 2025-05-05 08:00:00
2025-05-06 16:32:12,093 - INFO - 
==================================================
2025-05-06 16:32:12,093 - INFO - Verificando disponibilidad de máquina 1312
2025-05-06 16:32:12,093 - INFO - Rango de fechas: 2025-05-02 13:00:00 - 2025-05-05 08:00:00
2025-05-06 16:32:12,094 - INFO - Encontradas 2 asignaciones para la máquina
2025-05-06 16:32:12,098 - INFO - 
Proceso: REBARBADO EXTERIOR
2025-05-06 16:32:12,098 - INFO - OT: 43890
2025-05-06 16:32:12,098 - INFO - Ocupación: 2025-03-24 07:45:00 - 2025-03-24 17:00:00
2025-05-06 16:32:12,100 - INFO - 
Proceso: CORTE Y PERFORADO
2025-05-06 16:32:12,100 - INFO - OT: 43934
2025-05-06 16:32:12,100 - INFO - Ocupación: 2025-04-01 07:45:00 - 2025-04-01 12:00:00
2025-05-06 16:32:12,100 - INFO - 
No se detectaron conflictos
2025-05-06 16:32:12,100 - INFO - 
Proceso: PERFORACION REDONDA 18mm
2025-05-06 16:32:12,101 - INFO - Máquina: 1315
2025-05-06 16:32:12,103 - INFO - Cantidad: 1000.00
2025-05-06 16:32:12,103 - INFO - Estándar: 375
2025-05-06 16:32:12,103 - INFO - Periodo calculado: 2025-05-05 08:00:00 - 2025-05-05 11:00:00
2025-05-06 16:32:12,103 - INFO - 
==================================================
2025-05-06 16:32:12,103 - INFO - Verificando disponibilidad de máquina 1315
2025-05-06 16:32:12,103 - INFO - Rango de fechas: 2025-05-05 08:00:00 - 2025-05-05 11:00:00
2025-05-06 16:32:12,105 - INFO - Encontradas 1 asignaciones para la máquina
2025-05-06 16:32:12,109 - INFO - 
No se detectaron conflictos
2025-05-06 16:32:12,109 - INFO - 
Proceso: PERFORACION OVALADA
2025-05-06 16:32:12,109 - INFO - Máquina: 1315
2025-05-06 16:32:12,109 - INFO - Cantidad: 1000.00
2025-05-06 16:32:12,109 - INFO - Estándar: 375
2025-05-06 16:32:12,109 - INFO - Periodo calculado: 2025-05-05 11:00:00 - 2025-05-05 15:00:00
2025-05-06 16:32:12,109 - INFO - 
==================================================
2025-05-06 16:32:12,109 - INFO - Verificando disponibilidad de máquina 1315
2025-05-06 16:32:12,109 - INFO - Rango de fechas: 2025-05-05 11:00:00 - 2025-05-05 15:00:00
2025-05-06 16:32:12,110 - INFO - Encontradas 1 asignaciones para la máquina
2025-05-06 16:32:12,113 - INFO - 
No se detectaron conflictos
2025-05-06 16:32:12,113 - INFO - 
Proceso: DOBLAR EN FRIO
2025-05-06 16:32:12,113 - INFO - Máquina: 1204
2025-05-06 16:32:12,114 - INFO - Cantidad: 1000.00
2025-05-06 16:32:12,114 - INFO - Estándar: 157
2025-05-06 16:32:12,114 - INFO - Periodo calculado: 2025-05-05 15:00:00 - 2025-05-06 12:00:00
2025-05-06 16:32:12,114 - INFO - 
==================================================
2025-05-06 16:32:12,114 - INFO - Verificando disponibilidad de máquina 1204
2025-05-06 16:32:12,115 - INFO - Rango de fechas: 2025-05-05 15:00:00 - 2025-05-06 12:00:00
2025-05-06 16:32:12,117 - INFO - Encontradas 5 asignaciones para la máquina
2025-05-06 16:32:12,123 - INFO - 
Proceso: ESTAMPAR EN CALIENTE PRIMER GOLPE
2025-05-06 16:32:12,124 - INFO - OT: 43568
2025-05-06 16:32:12,124 - INFO - Ocupación: 2025-03-17 07:45:00 - 2025-03-17 10:00:00
2025-05-06 16:32:12,125 - INFO - 
Proceso: ESTAMPAR EN CALIENTE SEGUNDO GOLPE
2025-05-06 16:32:12,125 - INFO - OT: 43568
2025-05-06 16:32:12,125 - INFO - Ocupación: 2025-03-17 07:45:00 - 2025-03-17 10:00:00
2025-05-06 16:32:12,126 - INFO - 
Proceso: ESTAMPAR EN CALIENTE PRIMER GOLPE
2025-05-06 16:32:12,126 - INFO - OT: 43936
2025-05-06 16:32:12,126 - INFO - Ocupación: 2025-04-01 07:45:00 - 2025-04-01 11:00:00
2025-05-06 16:32:12,127 - INFO - 
Proceso: ESTAMPAR EN CALIENTE SEGUNDO GOLPE
2025-05-06 16:32:12,127 - INFO - OT: 43936
2025-05-06 16:32:12,127 - INFO - Ocupación: 2025-04-01 07:45:00 - 2025-04-01 11:00:00
2025-05-06 16:32:12,128 - INFO - 
Proceso: DOBLAR EN FRIO
2025-05-06 16:32:12,128 - INFO - OT: 43944
2025-05-06 16:32:12,128 - INFO - Ocupación: 2025-04-01 07:45:00 - 2025-04-01 16:00:00
2025-05-06 16:32:12,128 - INFO - 
No se detectaron conflictos
2025-05-06 16:32:12,128 - INFO - 
------------------------------
2025-05-06 16:32:12,128 - INFO - Procesando OT: 43957
2025-05-06 16:32:12,128 - INFO - 
Proceso: CORTADO
2025-05-06 16:32:12,128 - INFO - Máquina: 1003
2025-05-06 16:32:12,128 - INFO - Cantidad: 1000.00
2025-05-06 16:32:12,128 - INFO - Estándar: 500
2025-05-06 16:32:12,128 - INFO - Periodo calculado: 2025-05-06 12:00:00 - 2025-05-06 15:00:00
2025-05-06 16:32:12,128 - INFO - 
==================================================
2025-05-06 16:32:12,128 - INFO - Verificando disponibilidad de máquina 1003
2025-05-06 16:32:12,128 - INFO - Rango de fechas: 2025-05-06 12:00:00 - 2025-05-06 15:00:00
2025-05-06 16:32:12,129 - INFO - Encontradas 4 asignaciones para la máquina
2025-05-06 16:32:12,139 - INFO - 
Proceso: CORTADO
2025-05-06 16:32:12,140 - INFO - OT: 43959
2025-05-06 16:32:12,140 - INFO - Ocupación: 2025-05-12 07:45:00 - 2025-05-12 10:00:00
2025-05-06 16:32:12,140 - INFO - 
No se detectaron conflictos
2025-05-06 16:32:12,140 - INFO - 
Proceso: ESTAMPAR EN CALIENTE
2025-05-06 16:32:12,140 - INFO - Máquina: 1201
2025-05-06 16:32:12,140 - INFO - Cantidad: 1000.00
2025-05-06 16:32:12,140 - INFO - Estándar: 1364
2025-05-06 16:32:12,140 - INFO - Periodo calculado: 2025-05-06 15:00:00 - 2025-05-06 16:00:00
2025-05-06 16:32:12,140 - INFO - 
==================================================
2025-05-06 16:32:12,140 - INFO - Verificando disponibilidad de máquina 1201
2025-05-06 16:32:12,140 - INFO - Rango de fechas: 2025-05-06 15:00:00 - 2025-05-06 16:00:00
2025-05-06 16:32:12,141 - INFO - Encontradas 4 asignaciones para la máquina
2025-05-06 16:32:12,145 - INFO - 
Proceso: ESTAMPAR EN CALIENTE
2025-05-06 16:32:12,145 - INFO - OT: 43777
2025-05-06 16:32:12,145 - INFO - Ocupación: 2025-03-03 07:45:00 - 2025-03-03 09:00:00
2025-05-06 16:32:12,147 - INFO - 
Proceso: ESTAMPAR EN CALIENTE
2025-05-06 16:32:12,147 - INFO - OT: 43920
2025-05-06 16:32:12,148 - INFO - Ocupación: 2025-04-01 07:45:00 - 2025-04-01 09:00:00
2025-05-06 16:32:12,149 - INFO - 
Proceso: ESTAMPAR EN CALIENTE
2025-05-06 16:32:12,149 - INFO - OT: 43947
2025-05-06 16:32:12,149 - INFO - Ocupación: 2025-04-01 07:45:00 - 2025-04-01 09:00:00
2025-05-06 16:32:12,150 - INFO - 
Proceso: ESTAMPAR EN CALIENTE
2025-05-06 16:32:12,150 - INFO - OT: 43959
2025-05-06 16:32:12,150 - INFO - Ocupación: 2025-05-12 07:45:00 - 2025-05-12 09:00:00
2025-05-06 16:32:12,151 - INFO - 
No se detectaron conflictos
2025-05-06 16:32:12,151 - INFO - 
Proceso: REBARBADO EXTERIOR
2025-05-06 16:32:12,151 - INFO - Máquina: 1313
2025-05-06 16:32:12,151 - INFO - Cantidad: 1000.00
2025-05-06 16:32:12,151 - INFO - Estándar: 480
2025-05-06 16:32:12,151 - INFO - Periodo calculado: 2025-05-06 16:00:00 - 2025-05-07 09:00:00
2025-05-06 16:32:12,151 - INFO - 
==================================================
2025-05-06 16:32:12,151 - INFO - Verificando disponibilidad de máquina 1313
2025-05-06 16:32:12,151 - INFO - Rango de fechas: 2025-05-06 16:00:00 - 2025-05-07 09:00:00
2025-05-06 16:32:12,153 - INFO - Encontradas 16 asignaciones para la máquina
2025-05-06 16:32:12,158 - INFO - 
Proceso: REBARBADO EXTERIOR
2025-05-06 16:32:12,158 - INFO - OT: 43777
2025-05-06 16:32:12,158 - INFO - Ocupación: 2025-03-03 07:45:00 - 2025-03-03 11:00:00
2025-05-06 16:32:12,159 - INFO - 
Proceso: REBARBADO INTERIOR
2025-05-06 16:32:12,159 - INFO - OT: 43777
2025-05-06 16:32:12,159 - INFO - Ocupación: 2025-03-03 07:45:00 - 2025-03-03 11:00:00
2025-05-06 16:32:12,160 - INFO - 
Proceso: REBARBADO EXTERIOR
2025-05-06 16:32:12,160 - INFO - OT: 43920
2025-05-06 16:32:12,160 - INFO - Ocupación: 2025-04-01 07:45:00 - 2025-04-01 10:00:00
2025-05-06 16:32:12,162 - INFO - 
Proceso: REBARBADO INTERIOR
2025-05-06 16:32:12,162 - INFO - OT: 43947
2025-05-06 16:32:12,162 - INFO - Ocupación: 2025-04-01 07:45:00 - 2025-04-01 12:00:00
2025-05-06 16:32:12,163 - INFO - 
Proceso: REBARBADO EXTERIOR
2025-05-06 16:32:12,163 - INFO - OT: 43947
2025-05-06 16:32:12,163 - INFO - Ocupación: 2025-04-01 07:45:00 - 2025-04-01 12:00:00
2025-05-06 16:32:12,165 - INFO - 
Proceso: REBARBADO EXTERIOR
2025-05-06 16:32:12,165 - INFO - OT: 43959
2025-05-06 16:32:12,165 - INFO - Ocupación: 2025-05-12 07:45:00 - 2025-05-12 10:00:00
2025-05-06 16:32:12,172 - INFO - 
Proceso: PERFORACION REDONDA
2025-05-06 16:32:12,172 - INFO - OT: 44013
2025-05-06 16:32:12,172 - INFO - Ocupación: 2025-03-03 07:45:00 - 2025-03-03 11:00:00
2025-05-06 16:32:12,174 - INFO - 
Proceso: PERFORACION REDONDA
2025-05-06 16:32:12,174 - INFO - OT: 44019
2025-05-06 16:32:12,174 - INFO - Ocupación: 2025-03-03 07:45:00 - 2025-03-03 10:00:00
2025-05-06 16:32:12,175 - INFO - 
Proceso: PERFORACION REDONDA
2025-05-06 16:32:12,175 - INFO - OT: 44023
2025-05-06 16:32:12,175 - INFO - Ocupación: 2025-03-03 07:45:00 - 2025-03-03 10:00:00
2025-05-06 16:32:12,175 - INFO - 
No se detectaron conflictos
2025-05-06 16:32:12,175 - INFO - 
Proceso: REBARBADO INTERIOR
2025-05-06 16:32:12,175 - INFO - Máquina: 1313
2025-05-06 16:32:12,175 - INFO - Cantidad: 1000.00
2025-05-06 16:32:12,175 - INFO - Estándar: 500
2025-05-06 16:32:12,176 - INFO - Periodo calculado: 2025-05-07 09:00:00 - 2025-05-07 11:00:00
2025-05-06 16:32:12,176 - INFO - 
==================================================
2025-05-06 16:32:12,176 - INFO - Verificando disponibilidad de máquina 1313
2025-05-06 16:32:12,176 - INFO - Rango de fechas: 2025-05-07 09:00:00 - 2025-05-07 11:00:00
2025-05-06 16:32:12,178 - INFO - Encontradas 16 asignaciones para la máquina
2025-05-06 16:32:12,186 - INFO - 
Proceso: REBARBADO EXTERIOR
2025-05-06 16:32:12,186 - INFO - OT: 43777
2025-05-06 16:32:12,186 - INFO - Ocupación: 2025-03-03 07:45:00 - 2025-03-03 11:00:00
2025-05-06 16:32:12,187 - INFO - 
Proceso: REBARBADO INTERIOR
2025-05-06 16:32:12,187 - INFO - OT: 43777
2025-05-06 16:32:12,187 - INFO - Ocupación: 2025-03-03 07:45:00 - 2025-03-03 11:00:00
2025-05-06 16:32:12,188 - INFO - 
Proceso: REBARBADO EXTERIOR
2025-05-06 16:32:12,188 - INFO - OT: 43920
2025-05-06 16:32:12,188 - INFO - Ocupación: 2025-04-01 07:45:00 - 2025-04-01 10:00:00
2025-05-06 16:32:12,189 - INFO - 
Proceso: REBARBADO INTERIOR
2025-05-06 16:32:12,190 - INFO - OT: 43947
2025-05-06 16:32:12,190 - INFO - Ocupación: 2025-04-01 07:45:00 - 2025-04-01 12:00:00
2025-05-06 16:32:12,190 - INFO - 
Proceso: REBARBADO EXTERIOR
2025-05-06 16:32:12,191 - INFO - OT: 43947
2025-05-06 16:32:12,191 - INFO - Ocupación: 2025-04-01 07:45:00 - 2025-04-01 12:00:00
2025-05-06 16:32:12,193 - INFO - 
Proceso: REBARBADO EXTERIOR
2025-05-06 16:32:12,193 - INFO - OT: 43959
2025-05-06 16:32:12,193 - INFO - Ocupación: 2025-05-12 07:45:00 - 2025-05-12 10:00:00
2025-05-06 16:32:12,199 - INFO - 
Proceso: PERFORACION REDONDA
2025-05-06 16:32:12,199 - INFO - OT: 44013
2025-05-06 16:32:12,199 - INFO - Ocupación: 2025-03-03 07:45:00 - 2025-03-03 11:00:00
2025-05-06 16:32:12,200 - INFO - 
Proceso: PERFORACION REDONDA
2025-05-06 16:32:12,200 - INFO - OT: 44019
2025-05-06 16:32:12,200 - INFO - Ocupación: 2025-03-03 07:45:00 - 2025-03-03 10:00:00
2025-05-06 16:32:12,201 - INFO - 
Proceso: PERFORACION REDONDA
2025-05-06 16:32:12,202 - INFO - OT: 44023
2025-05-06 16:32:12,202 - INFO - Ocupación: 2025-03-03 07:45:00 - 2025-03-03 10:00:00
2025-05-06 16:32:12,202 - INFO - 
No se detectaron conflictos
2025-05-06 16:32:12,202 - INFO - 
Proceso: PUNTEADO DE PERNOS
2025-05-06 16:32:12,202 - INFO - Máquina: 1601
2025-05-06 16:32:12,202 - INFO - Cantidad: 1000.00
2025-05-06 16:32:12,203 - INFO - Estándar: 490
2025-05-06 16:32:12,203 - INFO - Periodo calculado: 2025-05-07 11:00:00 - 2025-05-07 15:00:00
2025-05-06 16:32:12,203 - INFO - 
==================================================
2025-05-06 16:32:12,203 - INFO - Verificando disponibilidad de máquina 1601
2025-05-06 16:32:12,203 - INFO - Rango de fechas: 2025-05-07 11:00:00 - 2025-05-07 15:00:00
2025-05-06 16:32:12,205 - INFO - Encontradas 17 asignaciones para la máquina
2025-05-06 16:32:12,213 - INFO - 
Proceso: PUNTEADO DE PERNOS
2025-05-06 16:32:12,213 - INFO - OT: 43864
2025-05-06 16:32:12,213 - INFO - Ocupación: 2025-03-24 07:45:00 - 2025-03-24 11:00:00
2025-05-06 16:32:12,214 - INFO - 
Proceso: PUNTEADO DE PERNOS
2025-05-06 16:32:12,214 - INFO - OT: 43933
2025-05-06 16:32:12,214 - INFO - Ocupación: 2025-04-01 07:45:00 - 2025-04-01 13:00:00
2025-05-06 16:32:12,215 - INFO - 
Proceso: PUNTEADO DE PERNOS
2025-05-06 16:32:12,216 - INFO - OT: 43935
2025-05-06 16:32:12,216 - INFO - Ocupación: 2025-04-01 07:45:00 - 2025-04-01 10:00:00
2025-05-06 16:32:12,217 - INFO - 
Proceso: PUNTEADO DE PERNOS
2025-05-06 16:32:12,217 - INFO - OT: 43940
2025-05-06 16:32:12,217 - INFO - Ocupación: 2025-04-01 07:45:00 - 2025-04-01 10:00:00
2025-05-06 16:32:12,218 - INFO - 
Proceso: PUNTEADO DE PERNOS
2025-05-06 16:32:12,218 - INFO - OT: 43942
2025-05-06 16:32:12,219 - INFO - Ocupación: 2025-04-01 07:45:00 - 2025-04-01 15:00:00
2025-05-06 16:32:12,220 - INFO - 
Proceso: PUNTEADO DE PERNOS
2025-05-06 16:32:12,220 - INFO - OT: 43947
2025-05-06 16:32:12,220 - INFO - Ocupación: 2025-04-01 07:45:00 - 2025-04-01 09:00:00
2025-05-06 16:32:12,229 - INFO - 
Proceso: PUNTEADO DE PERNOS
2025-05-06 16:32:12,229 - INFO - OT: 44024
2025-05-06 16:32:12,229 - INFO - Ocupación: 2025-03-03 07:45:00 - 2025-03-03 12:00:00
2025-05-06 16:32:12,230 - INFO - 
Proceso: PUNTEADO DE PERNOS
2025-05-06 16:32:12,230 - INFO - OT: 44025
2025-05-06 16:32:12,230 - INFO - Ocupación: 2025-03-03 07:45:00 - 2025-03-03 12:00:00
2025-05-06 16:32:12,230 - INFO - 
No se detectaron conflictos
2025-05-06 16:32:12,230 - INFO - 
Proceso: TERRAJADO DE PERNOS
2025-05-06 16:32:12,230 - INFO - Máquina: 2006
2025-05-06 16:32:12,230 - INFO - Cantidad: 1000.00
2025-05-06 16:32:12,230 - INFO - Estándar: 600
2025-05-06 16:32:12,230 - INFO - Periodo calculado: 2025-05-07 15:00:00 - 2025-05-07 17:00:00
2025-05-06 16:32:12,230 - INFO - 
==================================================
2025-05-06 16:32:12,230 - INFO - Verificando disponibilidad de máquina 2006
2025-05-06 16:32:12,230 - INFO - Rango de fechas: 2025-05-07 15:00:00 - 2025-05-07 17:00:00
2025-05-06 16:32:12,232 - INFO - Encontradas 4 asignaciones para la máquina
2025-05-06 16:32:12,240 - INFO - 
Proceso: TERRAJADO DE PERNOS
2025-05-06 16:32:12,240 - INFO - OT: 43933
2025-05-06 16:32:12,240 - INFO - Ocupación: 2025-04-01 07:45:00 - 2025-04-01 12:00:00
2025-05-06 16:32:12,242 - INFO - 
No se detectaron conflictos
2025-05-06 16:32:12,242 - INFO - 
------------------------------
2025-05-06 16:32:12,242 - INFO - Procesando OT: 43949
2025-05-06 16:32:12,242 - INFO - 
Proceso: FORJAR
2025-05-06 16:32:12,243 - INFO - Máquina: 1205
2025-05-06 16:32:12,243 - INFO - Cantidad: 600.00
2025-05-06 16:32:12,243 - INFO - Estándar: 120
2025-05-06 16:32:12,243 - INFO - Periodo calculado: 2025-05-07 17:00:00 - 2025-05-08 12:00:00
2025-05-06 16:32:12,243 - INFO - 
==================================================
2025-05-06 16:32:12,243 - INFO - Verificando disponibilidad de máquina 1205
2025-05-06 16:32:12,243 - INFO - Rango de fechas: 2025-05-07 17:00:00 - 2025-05-08 12:00:00
2025-05-06 16:32:12,244 - INFO - Encontradas 12 asignaciones para la máquina
2025-05-06 16:32:12,255 - INFO - 
Proceso: DOBLAR EN CALIENTE
2025-05-06 16:32:12,255 - INFO - OT: 43036
2025-05-06 16:32:12,255 - INFO - Ocupación: 2025-03-03 07:45:00 - 2025-03-03 09:00:00
2025-05-06 16:32:12,256 - INFO - 
Proceso: ESTRIAR
2025-05-06 16:32:12,256 - INFO - OT: 43864
2025-05-06 16:32:12,256 - INFO - Ocupación: 2025-03-24 07:45:00 - 2025-03-24 12:00:00
2025-05-06 16:32:12,257 - INFO - 
Proceso: DOBLAR EN CALIENTE
2025-05-06 16:32:12,258 - INFO - OT: 43929
2025-05-06 16:32:12,258 - INFO - Ocupación: 2025-04-01 07:45:00 - 2025-04-01 12:00:00
2025-05-06 16:32:12,259 - INFO - 
Proceso: ESTRIAR
2025-05-06 16:32:12,259 - INFO - OT: 43940
2025-05-06 16:32:12,259 - INFO - Ocupación: 2025-04-01 07:45:00 - 2025-04-01 12:00:00
2025-05-06 16:32:12,260 - INFO - 
Proceso: ESTRIAR
2025-05-06 16:32:12,260 - INFO - OT: 43942
2025-05-06 16:32:12,260 - INFO - Ocupación: 2025-04-01 07:45:00 - 2025-04-01 12:00:00
2025-05-06 16:32:12,265 - INFO - 
Proceso: ESTAMPAR EN CALIENTE
2025-05-06 16:32:12,265 - INFO - OT: 44013
2025-05-06 16:32:12,265 - INFO - Ocupación: 2025-03-03 07:45:00 - 2025-03-03 11:00:00
2025-05-06 16:32:12,266 - INFO - 
Proceso: ESTAMPAR EN CALIENTE
2025-05-06 16:32:12,266 - INFO - OT: 44019
2025-05-06 16:32:12,266 - INFO - Ocupación: 2025-03-03 07:45:00 - 2025-03-03 11:00:00
2025-05-06 16:32:12,267 - INFO - 
Proceso: ESTAMPAR EN CALIENTE
2025-05-06 16:32:12,267 - INFO - OT: 44023
2025-05-06 16:32:12,267 - INFO - Ocupación: 2025-03-03 07:45:00 - 2025-03-03 11:00:00
2025-05-06 16:32:12,267 - INFO - 
No se detectaron conflictos
2025-05-06 16:32:12,267 - INFO - 
------------------------------
2025-05-06 16:32:12,268 - INFO - Procesando OT: 43951
2025-05-06 16:32:12,268 - INFO - 
Proceso: CORTADO
2025-05-06 16:32:12,268 - INFO - Máquina: 1002
2025-05-06 16:32:12,268 - INFO - Cantidad: 1000.00
2025-05-06 16:32:12,268 - INFO - Estándar: 120
2025-05-06 16:32:12,268 - INFO - Periodo calculado: 2025-05-08 12:00:00 - 2025-05-09 12:00:00
2025-05-06 16:32:12,268 - INFO - 
==================================================
2025-05-06 16:32:12,268 - INFO - Verificando disponibilidad de máquina 1002
2025-05-06 16:32:12,268 - INFO - Rango de fechas: 2025-05-08 12:00:00 - 2025-05-09 12:00:00
2025-05-06 16:32:12,274 - INFO - Encontradas 21 asignaciones para la máquina
2025-05-06 16:32:12,280 - INFO - 
Proceso: CORTADO
2025-05-06 16:32:12,280 - INFO - OT: 43037
2025-05-06 16:32:12,280 - INFO - Ocupación: 2025-03-24 07:45:00 - 2025-03-24 17:45:00
2025-05-06 16:32:12,283 - INFO - 
Proceso: CORTADO
2025-05-06 16:32:12,283 - INFO - OT: 43864
2025-05-06 16:32:12,283 - INFO - Ocupación: 2025-03-24 07:45:00 - 2025-03-24 09:00:00
2025-05-06 16:32:12,285 - INFO - 
Proceso: CORTADO
2025-05-06 16:32:12,285 - INFO - OT: 43900
2025-05-06 16:32:12,285 - INFO - Ocupación: 2025-03-24 07:45:00 - 2025-03-24 15:00:00
2025-05-06 16:32:12,289 - INFO - 
Proceso: CORTADO
2025-05-06 16:32:12,289 - INFO - OT: 43929
2025-05-06 16:32:12,289 - INFO - Ocupación: 2025-04-01 07:45:00 - 2025-04-01 10:00:00
2025-05-06 16:32:12,290 - INFO - 
Proceso: CORTADO
2025-05-06 16:32:12,290 - INFO - OT: 43929
2025-05-06 16:32:12,290 - INFO - Ocupación: 2025-04-01 07:45:00 - 2025-04-01 09:00:00
2025-05-06 16:32:12,291 - INFO - 
Proceso: CORTADO
2025-05-06 16:32:12,291 - INFO - OT: 43933
2025-05-06 16:32:12,291 - INFO - Ocupación: 2025-04-01 07:45:00 - 2025-04-01 17:00:00
2025-05-06 16:32:12,292 - INFO - 
Proceso: CORTADO
2025-05-06 16:32:12,293 - INFO - OT: 43935
2025-05-06 16:32:12,293 - INFO - Ocupación: 2025-04-01 07:45:00 - 2025-04-01 10:00:00
2025-05-06 16:32:12,294 - INFO - 
Proceso: CORTADO
2025-05-06 16:32:12,294 - INFO - OT: 43940
2025-05-06 16:32:12,294 - INFO - Ocupación: 2025-04-01 07:45:00 - 2025-04-01 11:00:00
2025-05-06 16:32:12,295 - INFO - 
Proceso: CORTADO
2025-05-06 16:32:12,295 - INFO - OT: 43944
2025-05-06 16:32:12,295 - INFO - Ocupación: 2025-04-01 07:45:00 - 2025-04-01 12:00:00
2025-05-06 16:32:12,310 - INFO - 
Proceso: CORTADO
2025-05-06 16:32:12,310 - INFO - OT: 44024
2025-05-06 16:32:12,310 - INFO - Ocupación: 2025-03-03 07:45:00 - 2025-03-03 17:00:00
2025-05-06 16:32:12,311 - INFO - 
Proceso: CORTADO
2025-05-06 16:32:12,311 - INFO - OT: 44025
2025-05-06 16:32:12,312 - INFO - Ocupación: 2025-03-03 07:45:00 - 2025-03-03 13:00:00
2025-05-06 16:32:12,312 - INFO - 
No se detectaron conflictos
2025-05-06 16:32:12,312 - INFO - 
Proceso: ESTAMPAR EN CALIENTE
2025-05-06 16:32:12,312 - INFO - Máquina: 1203
2025-05-06 16:32:12,312 - INFO - Cantidad: 1000.00
2025-05-06 16:32:12,312 - INFO - Estándar: 121
2025-05-06 16:32:12,312 - INFO - Periodo calculado: 2025-05-09 12:00:00 - 2025-05-12 13:00:00
2025-05-06 16:32:12,312 - INFO - 
==================================================
2025-05-06 16:32:12,312 - INFO - Verificando disponibilidad de máquina 1203
2025-05-06 16:32:12,312 - INFO - Rango de fechas: 2025-05-09 12:00:00 - 2025-05-12 13:00:00
2025-05-06 16:32:12,314 - INFO - Encontradas 2 asignaciones para la máquina
2025-05-06 16:32:12,319 - INFO - 
Proceso: ESTAMPAR EN CALIENTE
2025-05-06 16:32:12,320 - INFO - OT: 43890
2025-05-06 16:32:12,320 - INFO - Ocupación: 2025-03-24 07:45:00 - 2025-03-28 15:00:00
2025-05-06 16:32:12,321 - INFO - 
Proceso: ESTAMPAR EN CALIENTE
2025-05-06 16:32:12,322 - INFO - OT: 43900
2025-05-06 16:32:12,322 - INFO - Ocupación: 2025-03-24 07:45:00 - 2025-03-24 12:00:00
2025-05-06 16:32:12,322 - INFO - 
No se detectaron conflictos
2025-05-06 16:32:12,322 - INFO - 
Proceso: REBARBADO DE PERNOS
2025-05-06 16:32:12,322 - INFO - Máquina: 1314
2025-05-06 16:32:12,322 - INFO - Cantidad: 1000.00
2025-05-06 16:32:12,322 - INFO - Estándar: 120
2025-05-06 16:32:12,322 - INFO - Periodo calculado: 2025-05-12 13:00:00 - 2025-05-13 13:00:00
2025-05-06 16:32:12,323 - INFO - 
==================================================
2025-05-06 16:32:12,323 - INFO - Verificando disponibilidad de máquina 1314
2025-05-06 16:32:12,323 - INFO - Rango de fechas: 2025-05-12 13:00:00 - 2025-05-13 13:00:00
2025-05-06 16:32:12,324 - INFO - Encontradas 3 asignaciones para la máquina
2025-05-06 16:32:12,328 - INFO - 
Proceso: PERFORACION REDONDA
2025-05-06 16:32:12,328 - INFO - OT: 43036
2025-05-06 16:32:12,328 - INFO - Ocupación: 2025-03-03 07:45:00 - 2025-03-03 10:00:00
2025-05-06 16:32:12,329 - INFO - 
Proceso: PERFORACION REDONDA 14mm
2025-05-06 16:32:12,330 - INFO - OT: 43929
2025-05-06 16:32:12,330 - INFO - Ocupación: 2025-04-01 07:45:00 - 2025-04-01 11:00:00
2025-05-06 16:32:12,331 - INFO - 
Proceso: PERFORACION REDONDA 11mm
2025-05-06 16:32:12,331 - INFO - OT: 43929
2025-05-06 16:32:12,331 - INFO - Ocupación: 2025-04-01 07:45:00 - 2025-04-01 10:00:00
2025-05-06 16:32:12,331 - INFO - 
No se detectaron conflictos
2025-05-06 16:32:12,331 - INFO - 
Proceso: PERFORADO
2025-05-06 16:32:12,331 - INFO - Máquina: 2501
2025-05-06 16:32:12,331 - INFO - Cantidad: 1000.00
2025-05-06 16:32:12,331 - INFO - Estándar: 120
2025-05-06 16:32:12,331 - INFO - Periodo calculado: 2025-05-13 13:00:00 - 2025-05-14 13:00:00
2025-05-06 16:32:12,331 - INFO - 
==================================================
2025-05-06 16:32:12,331 - INFO - Verificando disponibilidad de máquina 2501
2025-05-06 16:32:12,331 - INFO - Rango de fechas: 2025-05-13 13:00:00 - 2025-05-14 13:00:00
2025-05-06 16:32:12,334 - INFO - Encontradas 4 asignaciones para la máquina
2025-05-06 16:32:12,342 - INFO - 
Proceso: PERFORADO
2025-05-06 16:32:12,343 - INFO - OT: 43935
2025-05-06 16:32:12,343 - INFO - Ocupación: 2025-04-01 07:45:00 - 2025-04-01 09:00:00
2025-05-06 16:32:12,344 - INFO - 
Proceso: PERFORADO
2025-05-06 16:32:12,344 - INFO - OT: 43935
2025-05-06 16:32:12,344 - INFO - Ocupación: 2025-04-01 07:45:00 - 2025-04-01 10:00:00
2025-05-06 16:32:12,345 - INFO - 
Proceso: PERFORADO
2025-05-06 16:32:12,345 - INFO - OT: 43935
2025-05-06 16:32:12,345 - INFO - Ocupación: 2025-04-01 07:45:00 - 2025-04-01 10:00:00
2025-05-06 16:32:12,345 - INFO - 
No se detectaron conflictos
2025-05-06 16:32:12,345 - INFO - 
------------------------------
2025-05-06 16:32:12,345 - INFO - Procesando OT: 43953
2025-05-06 16:32:12,345 - INFO - 
Proceso: CORTADO
2025-05-06 16:32:12,345 - INFO - Máquina: 1002
2025-05-06 16:32:12,345 - INFO - Cantidad: 10.00
2025-05-06 16:32:12,345 - INFO - Estándar: 50
2025-05-06 16:32:12,345 - INFO - Periodo calculado: 2025-05-14 13:00:00 - 2025-05-14 15:00:00
2025-05-06 16:32:12,346 - INFO - 
==================================================
2025-05-06 16:32:12,346 - INFO - Verificando disponibilidad de máquina 1002
2025-05-06 16:32:12,346 - INFO - Rango de fechas: 2025-05-14 13:00:00 - 2025-05-14 15:00:00
2025-05-06 16:32:12,347 - INFO - Encontradas 21 asignaciones para la máquina
2025-05-06 16:32:12,360 - INFO - 
Proceso: CORTADO
2025-05-06 16:32:12,360 - INFO - OT: 43037
2025-05-06 16:32:12,360 - INFO - Ocupación: 2025-03-24 07:45:00 - 2025-03-24 17:45:00
2025-05-06 16:32:12,362 - INFO - 
Proceso: CORTADO
2025-05-06 16:32:12,362 - INFO - OT: 43864
2025-05-06 16:32:12,362 - INFO - Ocupación: 2025-03-24 07:45:00 - 2025-03-24 09:00:00
2025-05-06 16:32:12,363 - INFO - 
Proceso: CORTADO
2025-05-06 16:32:12,364 - INFO - OT: 43900
2025-05-06 16:32:12,364 - INFO - Ocupación: 2025-03-24 07:45:00 - 2025-03-24 15:00:00
2025-05-06 16:32:12,366 - INFO - 
Proceso: CORTADO
2025-05-06 16:32:12,366 - INFO - OT: 43929
2025-05-06 16:32:12,366 - INFO - Ocupación: 2025-04-01 07:45:00 - 2025-04-01 10:00:00
2025-05-06 16:32:12,369 - INFO - 
Proceso: CORTADO
2025-05-06 16:32:12,369 - INFO - OT: 43929
2025-05-06 16:32:12,369 - INFO - Ocupación: 2025-04-01 07:45:00 - 2025-04-01 09:00:00
2025-05-06 16:32:12,372 - INFO - 
Proceso: CORTADO
2025-05-06 16:32:12,373 - INFO - OT: 43933
2025-05-06 16:32:12,373 - INFO - Ocupación: 2025-04-01 07:45:00 - 2025-04-01 17:00:00
2025-05-06 16:32:12,375 - INFO - 
Proceso: CORTADO
2025-05-06 16:32:12,375 - INFO - OT: 43935
2025-05-06 16:32:12,375 - INFO - Ocupación: 2025-04-01 07:45:00 - 2025-04-01 10:00:00
2025-05-06 16:32:12,376 - INFO - 
Proceso: CORTADO
2025-05-06 16:32:12,376 - INFO - OT: 43940
2025-05-06 16:32:12,376 - INFO - Ocupación: 2025-04-01 07:45:00 - 2025-04-01 11:00:00
2025-05-06 16:32:12,377 - INFO - 
Proceso: CORTADO
2025-05-06 16:32:12,377 - INFO - OT: 43944
2025-05-06 16:32:12,377 - INFO - Ocupación: 2025-04-01 07:45:00 - 2025-04-01 12:00:00
2025-05-06 16:32:12,389 - INFO - 
Proceso: CORTADO
2025-05-06 16:32:12,389 - INFO - OT: 44024
2025-05-06 16:32:12,389 - INFO - Ocupación: 2025-03-03 07:45:00 - 2025-03-03 17:00:00
2025-05-06 16:32:12,390 - INFO - 
Proceso: CORTADO
2025-05-06 16:32:12,390 - INFO - OT: 44025
2025-05-06 16:32:12,390 - INFO - Ocupación: 2025-03-03 07:45:00 - 2025-03-03 13:00:00
2025-05-06 16:32:12,390 - INFO - 
No se detectaron conflictos
2025-05-06 16:32:12,390 - INFO - 
Proceso: ESTAMPAR EN CALIENTE
2025-05-06 16:32:12,390 - INFO - Máquina: 1203
2025-05-06 16:32:12,390 - INFO - Cantidad: 10.00
2025-05-06 16:32:12,390 - INFO - Estándar: 50
2025-05-06 16:32:12,390 - INFO - Periodo calculado: 2025-05-14 15:00:00 - 2025-05-14 16:00:00
2025-05-06 16:32:12,390 - INFO - 
==================================================
2025-05-06 16:32:12,390 - INFO - Verificando disponibilidad de máquina 1203
2025-05-06 16:32:12,391 - INFO - Rango de fechas: 2025-05-14 15:00:00 - 2025-05-14 16:00:00
2025-05-06 16:32:12,392 - INFO - Encontradas 2 asignaciones para la máquina
2025-05-06 16:32:12,397 - INFO - 
Proceso: ESTAMPAR EN CALIENTE
2025-05-06 16:32:12,397 - INFO - OT: 43890
2025-05-06 16:32:12,397 - INFO - Ocupación: 2025-03-24 07:45:00 - 2025-03-28 15:00:00
2025-05-06 16:32:12,398 - INFO - 
Proceso: ESTAMPAR EN CALIENTE
2025-05-06 16:32:12,398 - INFO - OT: 43900
2025-05-06 16:32:12,398 - INFO - Ocupación: 2025-03-24 07:45:00 - 2025-03-24 12:00:00
2025-05-06 16:32:12,398 - INFO - 
No se detectaron conflictos
2025-05-06 16:32:12,398 - INFO - 
Proceso: REBARBADO DE PERNOS
2025-05-06 16:32:12,398 - INFO - Máquina: 1431
2025-05-06 16:32:12,398 - INFO - Cantidad: 10.00
2025-05-06 16:32:12,398 - INFO - Estándar: 50
2025-05-06 16:32:12,399 - INFO - Periodo calculado: 2025-05-14 16:00:00 - 2025-05-14 17:00:00
2025-05-06 16:32:12,399 - INFO - 
==================================================
2025-05-06 16:32:12,399 - INFO - Verificando disponibilidad de máquina 1431
2025-05-06 16:32:12,399 - INFO - Rango de fechas: 2025-05-14 16:00:00 - 2025-05-14 17:00:00
2025-05-06 16:32:12,400 - INFO - Encontradas 3 asignaciones para la máquina
2025-05-06 16:32:12,413 - INFO - 
Proceso: REBARBADO DE PERNOS
2025-05-06 16:32:12,414 - INFO - OT: 43933
2025-05-06 16:32:12,414 - INFO - Ocupación: 2025-04-01 07:45:00 - 2025-04-01 17:00:00
2025-05-06 16:32:12,415 - INFO - 
No se detectaron conflictos
2025-05-06 16:32:12,415 - INFO - 
Proceso: PUNTEADO DE PERNOS
2025-05-06 16:32:12,416 - INFO - Máquina: 1601
2025-05-06 16:32:12,416 - INFO - Cantidad: 10.00
2025-05-06 16:32:12,416 - INFO - Estándar: 50
2025-05-06 16:32:12,416 - INFO - Periodo calculado: 2025-05-14 17:00:00 - 2025-05-14 17:45:00
2025-05-06 16:32:12,416 - INFO - 
==================================================
2025-05-06 16:32:12,416 - INFO - Verificando disponibilidad de máquina 1601
2025-05-06 16:32:12,416 - INFO - Rango de fechas: 2025-05-14 17:00:00 - 2025-05-14 17:45:00
2025-05-06 16:32:12,420 - INFO - Encontradas 17 asignaciones para la máquina
2025-05-06 16:32:12,431 - INFO - 
Proceso: PUNTEADO DE PERNOS
2025-05-06 16:32:12,431 - INFO - OT: 43864
2025-05-06 16:32:12,431 - INFO - Ocupación: 2025-03-24 07:45:00 - 2025-03-24 11:00:00
2025-05-06 16:32:12,433 - INFO - 
Proceso: PUNTEADO DE PERNOS
2025-05-06 16:32:12,433 - INFO - OT: 43933
2025-05-06 16:32:12,433 - INFO - Ocupación: 2025-04-01 07:45:00 - 2025-04-01 13:00:00
2025-05-06 16:32:12,437 - INFO - 
Proceso: PUNTEADO DE PERNOS
2025-05-06 16:32:12,437 - INFO - OT: 43935
2025-05-06 16:32:12,437 - INFO - Ocupación: 2025-04-01 07:45:00 - 2025-04-01 10:00:00
2025-05-06 16:32:12,439 - INFO - 
Proceso: PUNTEADO DE PERNOS
2025-05-06 16:32:12,439 - INFO - OT: 43940
2025-05-06 16:32:12,439 - INFO - Ocupación: 2025-04-01 07:45:00 - 2025-04-01 10:00:00
2025-05-06 16:32:12,441 - INFO - 
Proceso: PUNTEADO DE PERNOS
2025-05-06 16:32:12,441 - INFO - OT: 43942
2025-05-06 16:32:12,441 - INFO - Ocupación: 2025-04-01 07:45:00 - 2025-04-01 15:00:00
2025-05-06 16:32:12,444 - INFO - 
Proceso: PUNTEADO DE PERNOS
2025-05-06 16:32:12,444 - INFO - OT: 43947
2025-05-06 16:32:12,444 - INFO - Ocupación: 2025-04-01 07:45:00 - 2025-04-01 09:00:00
2025-05-06 16:32:12,454 - INFO - 
Proceso: PUNTEADO DE PERNOS
2025-05-06 16:32:12,454 - INFO - OT: 44024
2025-05-06 16:32:12,454 - INFO - Ocupación: 2025-03-03 07:45:00 - 2025-03-03 12:00:00
2025-05-06 16:32:12,456 - INFO - 
Proceso: PUNTEADO DE PERNOS
2025-05-06 16:32:12,457 - INFO - OT: 44025
2025-05-06 16:32:12,457 - INFO - Ocupación: 2025-03-03 07:45:00 - 2025-03-03 12:00:00
2025-05-06 16:32:12,457 - INFO - 
No se detectaron conflictos
2025-05-06 16:32:12,457 - INFO - 
Proceso: TERRAJADO DE PERNOS
2025-05-06 16:32:12,457 - INFO - Máquina: 2002
2025-05-06 16:32:12,457 - INFO - Cantidad: 10.00
2025-05-06 16:32:12,457 - INFO - Estándar: 50
2025-05-06 16:32:12,457 - INFO - Periodo calculado: 2025-05-14 17:45:00 - 2025-05-15 08:00:00
2025-05-06 16:32:12,457 - INFO - 
==================================================
2025-05-06 16:32:12,457 - INFO - Verificando disponibilidad de máquina 2002
2025-05-06 16:32:12,457 - INFO - Rango de fechas: 2025-05-14 17:45:00 - 2025-05-15 08:00:00
2025-05-06 16:32:12,459 - INFO - Encontradas 2 asignaciones para la máquina
2025-05-06 16:32:12,464 - INFO - 
Proceso: TERRAJADO DE PERNOS
2025-05-06 16:32:12,464 - INFO - OT: 43947
2025-05-06 16:32:12,464 - INFO - Ocupación: 2025-04-01 07:45:00 - 2025-04-01 09:00:00
2025-05-06 16:32:12,464 - INFO - 
No se detectaron conflictos
2025-05-06 16:32:12,464 - INFO - 
------------------------------
2025-05-06 16:32:12,464 - INFO - Procesando OT: 43954
2025-05-06 16:32:12,464 - INFO - 
Proceso: CORTADO
2025-05-06 16:32:12,464 - INFO - Máquina: 1002
2025-05-06 16:32:12,465 - INFO - Cantidad: 10.00
2025-05-06 16:32:12,465 - INFO - Estándar: 50
2025-05-06 16:32:12,465 - INFO - Periodo calculado: 2025-05-15 08:00:00 - 2025-05-15 09:00:00
2025-05-06 16:32:12,465 - INFO - 
==================================================
2025-05-06 16:32:12,465 - INFO - Verificando disponibilidad de máquina 1002
2025-05-06 16:32:12,465 - INFO - Rango de fechas: 2025-05-15 08:00:00 - 2025-05-15 09:00:00
2025-05-06 16:32:12,467 - INFO - Encontradas 21 asignaciones para la máquina
2025-05-06 16:32:12,478 - INFO - 
Proceso: CORTADO
2025-05-06 16:32:12,479 - INFO - OT: 43037
2025-05-06 16:32:12,479 - INFO - Ocupación: 2025-03-24 07:45:00 - 2025-03-24 17:45:00
2025-05-06 16:32:12,481 - INFO - 
Proceso: CORTADO
2025-05-06 16:32:12,481 - INFO - OT: 43864
2025-05-06 16:32:12,481 - INFO - Ocupación: 2025-03-24 07:45:00 - 2025-03-24 09:00:00
2025-05-06 16:32:12,482 - INFO - 
Proceso: CORTADO
2025-05-06 16:32:12,482 - INFO - OT: 43900
2025-05-06 16:32:12,482 - INFO - Ocupación: 2025-03-24 07:45:00 - 2025-03-24 15:00:00
2025-05-06 16:32:12,486 - INFO - 
Proceso: CORTADO
2025-05-06 16:32:12,486 - INFO - OT: 43929
2025-05-06 16:32:12,486 - INFO - Ocupación: 2025-04-01 07:45:00 - 2025-04-01 10:00:00
2025-05-06 16:32:12,488 - INFO - 
Proceso: CORTADO
2025-05-06 16:32:12,488 - INFO - OT: 43929
2025-05-06 16:32:12,488 - INFO - Ocupación: 2025-04-01 07:45:00 - 2025-04-01 09:00:00
2025-05-06 16:32:12,489 - INFO - 
Proceso: CORTADO
2025-05-06 16:32:12,489 - INFO - OT: 43933
2025-05-06 16:32:12,490 - INFO - Ocupación: 2025-04-01 07:45:00 - 2025-04-01 17:00:00
2025-05-06 16:32:12,491 - INFO - 
Proceso: CORTADO
2025-05-06 16:32:12,491 - INFO - OT: 43935
2025-05-06 16:32:12,491 - INFO - Ocupación: 2025-04-01 07:45:00 - 2025-04-01 10:00:00
2025-05-06 16:32:12,492 - INFO - 
Proceso: CORTADO
2025-05-06 16:32:12,492 - INFO - OT: 43940
2025-05-06 16:32:12,492 - INFO - Ocupación: 2025-04-01 07:45:00 - 2025-04-01 11:00:00
2025-05-06 16:32:12,493 - INFO - 
Proceso: CORTADO
2025-05-06 16:32:12,493 - INFO - OT: 43944
2025-05-06 16:32:12,494 - INFO - Ocupación: 2025-04-01 07:45:00 - 2025-04-01 12:00:00
2025-05-06 16:32:12,505 - INFO - 
Proceso: CORTADO
2025-05-06 16:32:12,505 - INFO - OT: 44024
2025-05-06 16:32:12,505 - INFO - Ocupación: 2025-03-03 07:45:00 - 2025-03-03 17:00:00
2025-05-06 16:32:12,507 - INFO - 
Proceso: CORTADO
2025-05-06 16:32:12,507 - INFO - OT: 44025
2025-05-06 16:32:12,508 - INFO - Ocupación: 2025-03-03 07:45:00 - 2025-03-03 13:00:00
2025-05-06 16:32:12,508 - INFO - 
No se detectaron conflictos
2025-05-06 16:32:12,508 - INFO - 
Proceso: ESTAMPAR EN CALIENTE
2025-05-06 16:32:12,508 - INFO - Máquina: 1203
2025-05-06 16:32:12,508 - INFO - Cantidad: 10.00
2025-05-06 16:32:12,508 - INFO - Estándar: 50
2025-05-06 16:32:12,508 - INFO - Periodo calculado: 2025-05-15 09:00:00 - 2025-05-15 10:00:00
2025-05-06 16:32:12,508 - INFO - 
==================================================
2025-05-06 16:32:12,508 - INFO - Verificando disponibilidad de máquina 1203
2025-05-06 16:32:12,508 - INFO - Rango de fechas: 2025-05-15 09:00:00 - 2025-05-15 10:00:00
2025-05-06 16:32:12,510 - INFO - Encontradas 2 asignaciones para la máquina
2025-05-06 16:32:12,514 - INFO - 
Proceso: ESTAMPAR EN CALIENTE
2025-05-06 16:32:12,514 - INFO - OT: 43890
2025-05-06 16:32:12,514 - INFO - Ocupación: 2025-03-24 07:45:00 - 2025-03-28 15:00:00
2025-05-06 16:32:12,515 - INFO - 
Proceso: ESTAMPAR EN CALIENTE
2025-05-06 16:32:12,515 - INFO - OT: 43900
2025-05-06 16:32:12,515 - INFO - Ocupación: 2025-03-24 07:45:00 - 2025-03-24 12:00:00
2025-05-06 16:32:12,515 - INFO - 
No se detectaron conflictos
2025-05-06 16:32:12,515 - INFO - 
Proceso: REBARBADO DE PERNOS
2025-05-06 16:32:12,515 - INFO - Máquina: 1431
2025-05-06 16:32:12,515 - INFO - Cantidad: 10.00
2025-05-06 16:32:12,515 - INFO - Estándar: 50
2025-05-06 16:32:12,515 - INFO - Periodo calculado: 2025-05-15 10:00:00 - 2025-05-15 11:00:00
2025-05-06 16:32:12,515 - INFO - 
==================================================
2025-05-06 16:32:12,516 - INFO - Verificando disponibilidad de máquina 1431
2025-05-06 16:32:12,516 - INFO - Rango de fechas: 2025-05-15 10:00:00 - 2025-05-15 11:00:00
2025-05-06 16:32:12,520 - INFO - Encontradas 3 asignaciones para la máquina
2025-05-06 16:32:12,526 - INFO - 
Proceso: REBARBADO DE PERNOS
2025-05-06 16:32:12,526 - INFO - OT: 43933
2025-05-06 16:32:12,526 - INFO - Ocupación: 2025-04-01 07:45:00 - 2025-04-01 17:00:00
2025-05-06 16:32:12,527 - INFO - 
No se detectaron conflictos
2025-05-06 16:32:12,527 - INFO - 
Proceso: PUNTEADO DE PERNOS
2025-05-06 16:32:12,527 - INFO - Máquina: 1601
2025-05-06 16:32:12,527 - INFO - Cantidad: 10.00
2025-05-06 16:32:12,527 - INFO - Estándar: 50
2025-05-06 16:32:12,527 - INFO - Periodo calculado: 2025-05-15 11:00:00 - 2025-05-15 12:00:00
2025-05-06 16:32:12,527 - INFO - 
==================================================
2025-05-06 16:32:12,527 - INFO - Verificando disponibilidad de máquina 1601
2025-05-06 16:32:12,527 - INFO - Rango de fechas: 2025-05-15 11:00:00 - 2025-05-15 12:00:00
2025-05-06 16:32:12,529 - INFO - Encontradas 17 asignaciones para la máquina
2025-05-06 16:32:12,539 - INFO - 
Proceso: PUNTEADO DE PERNOS
2025-05-06 16:32:12,539 - INFO - OT: 43864
2025-05-06 16:32:12,539 - INFO - Ocupación: 2025-03-24 07:45:00 - 2025-03-24 11:00:00
2025-05-06 16:32:12,542 - INFO - 
Proceso: PUNTEADO DE PERNOS
2025-05-06 16:32:12,542 - INFO - OT: 43933
2025-05-06 16:32:12,542 - INFO - Ocupación: 2025-04-01 07:45:00 - 2025-04-01 13:00:00
2025-05-06 16:32:12,543 - INFO - 
Proceso: PUNTEADO DE PERNOS
2025-05-06 16:32:12,543 - INFO - OT: 43935
2025-05-06 16:32:12,543 - INFO - Ocupación: 2025-04-01 07:45:00 - 2025-04-01 10:00:00
2025-05-06 16:32:12,544 - INFO - 
Proceso: PUNTEADO DE PERNOS
2025-05-06 16:32:12,544 - INFO - OT: 43940
2025-05-06 16:32:12,544 - INFO - Ocupación: 2025-04-01 07:45:00 - 2025-04-01 10:00:00
2025-05-06 16:32:12,546 - INFO - 
Proceso: PUNTEADO DE PERNOS
2025-05-06 16:32:12,546 - INFO - OT: 43942
2025-05-06 16:32:12,546 - INFO - Ocupación: 2025-04-01 07:45:00 - 2025-04-01 15:00:00
2025-05-06 16:32:12,549 - INFO - 
Proceso: PUNTEADO DE PERNOS
2025-05-06 16:32:12,549 - INFO - OT: 43947
2025-05-06 16:32:12,549 - INFO - Ocupación: 2025-04-01 07:45:00 - 2025-04-01 09:00:00
2025-05-06 16:32:12,559 - INFO - 
Proceso: PUNTEADO DE PERNOS
2025-05-06 16:32:12,559 - INFO - OT: 44024
2025-05-06 16:32:12,559 - INFO - Ocupación: 2025-03-03 07:45:00 - 2025-03-03 12:00:00
2025-05-06 16:32:12,560 - INFO - 
Proceso: PUNTEADO DE PERNOS
2025-05-06 16:32:12,560 - INFO - OT: 44025
2025-05-06 16:32:12,560 - INFO - Ocupación: 2025-03-03 07:45:00 - 2025-03-03 12:00:00
2025-05-06 16:32:12,560 - INFO - 
No se detectaron conflictos
2025-05-06 16:32:12,560 - INFO - 
Proceso: TERRAJADO DE PERNOS
2025-05-06 16:32:12,560 - INFO - Máquina: 2002
2025-05-06 16:32:12,560 - INFO - Cantidad: 10.00
2025-05-06 16:32:12,560 - INFO - Estándar: 50
2025-05-06 16:32:12,560 - INFO - Periodo calculado: 2025-05-15 12:00:00 - 2025-05-15 13:00:00
2025-05-06 16:32:12,560 - INFO - 
==================================================
2025-05-06 16:32:12,560 - INFO - Verificando disponibilidad de máquina 2002
2025-05-06 16:32:12,561 - INFO - Rango de fechas: 2025-05-15 12:00:00 - 2025-05-15 13:00:00
2025-05-06 16:32:12,563 - INFO - Encontradas 2 asignaciones para la máquina
2025-05-06 16:32:12,570 - INFO - 
Proceso: TERRAJADO DE PERNOS
2025-05-06 16:32:12,570 - INFO - OT: 43947
2025-05-06 16:32:12,570 - INFO - Ocupación: 2025-04-01 07:45:00 - 2025-04-01 09:00:00
2025-05-06 16:32:12,570 - INFO - 
No se detectaron conflictos
2025-05-06 16:32:12,570 - INFO - 
------------------------------
2025-05-06 16:32:12,570 - INFO - Procesando OT: 43955
2025-05-06 16:32:12,570 - INFO - 
Proceso: CORTADO
2025-05-06 16:32:12,571 - INFO - Máquina: 1002
2025-05-06 16:32:12,571 - INFO - Cantidad: 10.00
2025-05-06 16:32:12,571 - INFO - Estándar: 50
2025-05-06 16:32:12,571 - INFO - Periodo calculado: 2025-05-15 13:00:00 - 2025-05-15 15:00:00
2025-05-06 16:32:12,571 - INFO - 
==================================================
2025-05-06 16:32:12,571 - INFO - Verificando disponibilidad de máquina 1002
2025-05-06 16:32:12,571 - INFO - Rango de fechas: 2025-05-15 13:00:00 - 2025-05-15 15:00:00
2025-05-06 16:32:12,575 - INFO - Encontradas 21 asignaciones para la máquina
2025-05-06 16:32:12,584 - INFO - 
Proceso: CORTADO
2025-05-06 16:32:12,584 - INFO - OT: 43037
2025-05-06 16:32:12,584 - INFO - Ocupación: 2025-03-24 07:45:00 - 2025-03-24 17:45:00
2025-05-06 16:32:12,588 - INFO - 
Proceso: CORTADO
2025-05-06 16:32:12,588 - INFO - OT: 43864
2025-05-06 16:32:12,588 - INFO - Ocupación: 2025-03-24 07:45:00 - 2025-03-24 09:00:00
2025-05-06 16:32:12,590 - INFO - 
Proceso: CORTADO
2025-05-06 16:32:12,590 - INFO - OT: 43900
2025-05-06 16:32:12,590 - INFO - Ocupación: 2025-03-24 07:45:00 - 2025-03-24 15:00:00
2025-05-06 16:32:12,592 - INFO - 
Proceso: CORTADO
2025-05-06 16:32:12,592 - INFO - OT: 43929
2025-05-06 16:32:12,592 - INFO - Ocupación: 2025-04-01 07:45:00 - 2025-04-01 10:00:00
2025-05-06 16:32:12,594 - INFO - 
Proceso: CORTADO
2025-05-06 16:32:12,594 - INFO - OT: 43929
2025-05-06 16:32:12,594 - INFO - Ocupación: 2025-04-01 07:45:00 - 2025-04-01 09:00:00
2025-05-06 16:32:12,596 - INFO - 
Proceso: CORTADO
2025-05-06 16:32:12,596 - INFO - OT: 43933
2025-05-06 16:32:12,596 - INFO - Ocupación: 2025-04-01 07:45:00 - 2025-04-01 17:00:00
2025-05-06 16:32:12,598 - INFO - 
Proceso: CORTADO
2025-05-06 16:32:12,598 - INFO - OT: 43935
2025-05-06 16:32:12,598 - INFO - Ocupación: 2025-04-01 07:45:00 - 2025-04-01 10:00:00
2025-05-06 16:32:12,600 - INFO - 
Proceso: CORTADO
2025-05-06 16:32:12,600 - INFO - OT: 43940
2025-05-06 16:32:12,600 - INFO - Ocupación: 2025-04-01 07:45:00 - 2025-04-01 11:00:00
2025-05-06 16:32:12,604 - INFO - 
Proceso: CORTADO
2025-05-06 16:32:12,604 - INFO - OT: 43944
2025-05-06 16:32:12,604 - INFO - Ocupación: 2025-04-01 07:45:00 - 2025-04-01 12:00:00
2025-05-06 16:32:12,628 - INFO - 
Proceso: CORTADO
2025-05-06 16:32:12,628 - INFO - OT: 44024
2025-05-06 16:32:12,628 - INFO - Ocupación: 2025-03-03 07:45:00 - 2025-03-03 17:00:00
2025-05-06 16:32:12,629 - INFO - 
Proceso: CORTADO
2025-05-06 16:32:12,629 - INFO - OT: 44025
2025-05-06 16:32:12,630 - INFO - Ocupación: 2025-03-03 07:45:00 - 2025-03-03 13:00:00
2025-05-06 16:32:12,630 - INFO - 
No se detectaron conflictos
2025-05-06 16:32:12,630 - INFO - 
Proceso: ESTAMPAR EN CALIENTE
2025-05-06 16:32:12,630 - INFO - Máquina: 1203
2025-05-06 16:32:12,630 - INFO - Cantidad: 10.00
2025-05-06 16:32:12,630 - INFO - Estándar: 50
2025-05-06 16:32:12,630 - INFO - Periodo calculado: 2025-05-15 15:00:00 - 2025-05-15 16:00:00
2025-05-06 16:32:12,630 - INFO - 
==================================================
2025-05-06 16:32:12,630 - INFO - Verificando disponibilidad de máquina 1203
2025-05-06 16:32:12,630 - INFO - Rango de fechas: 2025-05-15 15:00:00 - 2025-05-15 16:00:00
2025-05-06 16:32:12,632 - INFO - Encontradas 2 asignaciones para la máquina
2025-05-06 16:32:12,639 - INFO - 
Proceso: ESTAMPAR EN CALIENTE
2025-05-06 16:32:12,639 - INFO - OT: 43890
2025-05-06 16:32:12,639 - INFO - Ocupación: 2025-03-24 07:45:00 - 2025-03-28 15:00:00
2025-05-06 16:32:12,641 - INFO - 
Proceso: ESTAMPAR EN CALIENTE
2025-05-06 16:32:12,641 - INFO - OT: 43900
2025-05-06 16:32:12,641 - INFO - Ocupación: 2025-03-24 07:45:00 - 2025-03-24 12:00:00
2025-05-06 16:32:12,641 - INFO - 
No se detectaron conflictos
2025-05-06 16:32:12,641 - INFO - 
Proceso: REBARBADO DE PERNOS
2025-05-06 16:32:12,641 - INFO - Máquina: 1431
2025-05-06 16:32:12,641 - INFO - Cantidad: 10.00
2025-05-06 16:32:12,641 - INFO - Estándar: 50
2025-05-06 16:32:12,642 - INFO - Periodo calculado: 2025-05-15 16:00:00 - 2025-05-15 17:00:00
2025-05-06 16:32:12,642 - INFO - 
==================================================
2025-05-06 16:32:12,642 - INFO - Verificando disponibilidad de máquina 1431
2025-05-06 16:32:12,642 - INFO - Rango de fechas: 2025-05-15 16:00:00 - 2025-05-15 17:00:00
2025-05-06 16:32:12,644 - INFO - Encontradas 3 asignaciones para la máquina
2025-05-06 16:32:12,654 - INFO - 
Proceso: REBARBADO DE PERNOS
2025-05-06 16:32:12,654 - INFO - OT: 43933
2025-05-06 16:32:12,654 - INFO - Ocupación: 2025-04-01 07:45:00 - 2025-04-01 17:00:00
2025-05-06 16:32:12,670 - INFO - 
No se detectaron conflictos
2025-05-06 16:32:12,672 - INFO - 
Proceso: PUNTEADO DE PERNOS
2025-05-06 16:32:12,675 - INFO - Máquina: 1601
2025-05-06 16:32:12,675 - INFO - Cantidad: 10.00
2025-05-06 16:32:12,675 - INFO - Estándar: 51
2025-05-06 16:32:12,675 - INFO - Periodo calculado: 2025-05-15 17:00:00 - 2025-05-15 17:45:00
2025-05-06 16:32:12,675 - INFO - 
==================================================
2025-05-06 16:32:12,675 - INFO - Verificando disponibilidad de máquina 1601
2025-05-06 16:32:12,675 - INFO - Rango de fechas: 2025-05-15 17:00:00 - 2025-05-15 17:45:00
2025-05-06 16:32:12,677 - INFO - Encontradas 17 asignaciones para la máquina
2025-05-06 16:32:12,690 - INFO - 
Proceso: PUNTEADO DE PERNOS
2025-05-06 16:32:12,690 - INFO - OT: 43864
2025-05-06 16:32:12,690 - INFO - Ocupación: 2025-03-24 07:45:00 - 2025-03-24 11:00:00
2025-05-06 16:32:12,694 - INFO - 
Proceso: PUNTEADO DE PERNOS
2025-05-06 16:32:12,694 - INFO - OT: 43933
2025-05-06 16:32:12,694 - INFO - Ocupación: 2025-04-01 07:45:00 - 2025-04-01 13:00:00
2025-05-06 16:32:12,696 - INFO - 
Proceso: PUNTEADO DE PERNOS
2025-05-06 16:32:12,696 - INFO - OT: 43935
2025-05-06 16:32:12,696 - INFO - Ocupación: 2025-04-01 07:45:00 - 2025-04-01 10:00:00
2025-05-06 16:32:12,697 - INFO - 
Proceso: PUNTEADO DE PERNOS
2025-05-06 16:32:12,697 - INFO - OT: 43940
2025-05-06 16:32:12,697 - INFO - Ocupación: 2025-04-01 07:45:00 - 2025-04-01 10:00:00
2025-05-06 16:32:12,699 - INFO - 
Proceso: PUNTEADO DE PERNOS
2025-05-06 16:32:12,699 - INFO - OT: 43942
2025-05-06 16:32:12,699 - INFO - Ocupación: 2025-04-01 07:45:00 - 2025-04-01 15:00:00
2025-05-06 16:32:12,704 - INFO - 
Proceso: PUNTEADO DE PERNOS
2025-05-06 16:32:12,704 - INFO - OT: 43947
2025-05-06 16:32:12,704 - INFO - Ocupación: 2025-04-01 07:45:00 - 2025-04-01 09:00:00
2025-05-06 16:32:12,737 - INFO - 
Proceso: PUNTEADO DE PERNOS
2025-05-06 16:32:12,737 - INFO - OT: 44024
2025-05-06 16:32:12,737 - INFO - Ocupación: 2025-03-03 07:45:00 - 2025-03-03 12:00:00
2025-05-06 16:32:12,739 - INFO - 
Proceso: PUNTEADO DE PERNOS
2025-05-06 16:32:12,739 - INFO - OT: 44025
2025-05-06 16:32:12,740 - INFO - Ocupación: 2025-03-03 07:45:00 - 2025-03-03 12:00:00
2025-05-06 16:32:12,740 - INFO - 
No se detectaron conflictos
2025-05-06 16:32:12,740 - INFO - 
Proceso: TERRAJADO DE PERNOS
2025-05-06 16:32:12,740 - INFO - Máquina: 2002
2025-05-06 16:32:12,740 - INFO - Cantidad: 10.00
2025-05-06 16:32:12,740 - INFO - Estándar: 50
2025-05-06 16:32:12,740 - INFO - Periodo calculado: 2025-05-15 17:45:00 - 2025-05-16 08:00:00
2025-05-06 16:32:12,740 - INFO - 
==================================================
2025-05-06 16:32:12,740 - INFO - Verificando disponibilidad de máquina 2002
2025-05-06 16:32:12,740 - INFO - Rango de fechas: 2025-05-15 17:45:00 - 2025-05-16 08:00:00
2025-05-06 16:32:12,742 - INFO - Encontradas 2 asignaciones para la máquina
2025-05-06 16:32:12,748 - INFO - 
Proceso: TERRAJADO DE PERNOS
2025-05-06 16:32:12,748 - INFO - OT: 43947
2025-05-06 16:32:12,748 - INFO - Ocupación: 2025-04-01 07:45:00 - 2025-04-01 09:00:00
2025-05-06 16:32:12,748 - INFO - 
No se detectaron conflictos
2025-05-06 16:32:12,748 - INFO - 
------------------------------
2025-05-06 16:32:12,748 - INFO - Procesando OT: 43956
2025-05-06 16:32:12,748 - INFO - 
Proceso: CORTADO
2025-05-06 16:32:12,748 - INFO - Máquina: 1002
2025-05-06 16:32:12,748 - INFO - Cantidad: 150.00
2025-05-06 16:32:12,748 - INFO - Estándar: 50
2025-05-06 16:32:12,748 - INFO - Periodo calculado: 2025-05-16 08:00:00 - 2025-05-16 11:00:00
2025-05-06 16:32:12,748 - INFO - 
==================================================
2025-05-06 16:32:12,748 - INFO - Verificando disponibilidad de máquina 1002
2025-05-06 16:32:12,748 - INFO - Rango de fechas: 2025-05-16 08:00:00 - 2025-05-16 11:00:00
2025-05-06 16:32:12,751 - INFO - Encontradas 21 asignaciones para la máquina
2025-05-06 16:32:12,761 - INFO - 
Proceso: CORTADO
2025-05-06 16:32:12,762 - INFO - OT: 43037
2025-05-06 16:32:12,762 - INFO - Ocupación: 2025-03-24 07:45:00 - 2025-03-24 17:45:00
2025-05-06 16:32:12,765 - INFO - 
Proceso: CORTADO
2025-05-06 16:32:12,765 - INFO - OT: 43864
2025-05-06 16:32:12,765 - INFO - Ocupación: 2025-03-24 07:45:00 - 2025-03-24 09:00:00
2025-05-06 16:32:12,768 - INFO - 
Proceso: CORTADO
2025-05-06 16:32:12,768 - INFO - OT: 43900
2025-05-06 16:32:12,769 - INFO - Ocupación: 2025-03-24 07:45:00 - 2025-03-24 15:00:00
2025-05-06 16:32:12,792 - INFO - 
Proceso: CORTADO
2025-05-06 16:32:12,792 - INFO - OT: 43929
2025-05-06 16:32:12,793 - INFO - Ocupación: 2025-04-01 07:45:00 - 2025-04-01 10:00:00
2025-05-06 16:32:12,797 - INFO - 
Proceso: CORTADO
2025-05-06 16:32:12,798 - INFO - OT: 43929
2025-05-06 16:32:12,798 - INFO - Ocupación: 2025-04-01 07:45:00 - 2025-04-01 09:00:00
2025-05-06 16:32:12,799 - INFO - 
Proceso: CORTADO
2025-05-06 16:32:12,799 - INFO - OT: 43933
2025-05-06 16:32:12,799 - INFO - Ocupación: 2025-04-01 07:45:00 - 2025-04-01 17:00:00
2025-05-06 16:32:12,801 - INFO - 
Proceso: CORTADO
2025-05-06 16:32:12,801 - INFO - OT: 43935
2025-05-06 16:32:12,801 - INFO - Ocupación: 2025-04-01 07:45:00 - 2025-04-01 10:00:00
2025-05-06 16:32:12,803 - INFO - 
Proceso: CORTADO
2025-05-06 16:32:12,804 - INFO - OT: 43940
2025-05-06 16:32:12,804 - INFO - Ocupación: 2025-04-01 07:45:00 - 2025-04-01 11:00:00
2025-05-06 16:32:12,806 - INFO - 
Proceso: CORTADO
2025-05-06 16:32:12,807 - INFO - OT: 43944
2025-05-06 16:32:12,807 - INFO - Ocupación: 2025-04-01 07:45:00 - 2025-04-01 12:00:00
2025-05-06 16:32:12,826 - INFO - 
Proceso: CORTADO
2025-05-06 16:32:12,826 - INFO - OT: 44024
2025-05-06 16:32:12,826 - INFO - Ocupación: 2025-03-03 07:45:00 - 2025-03-03 17:00:00
2025-05-06 16:32:12,828 - INFO - 
Proceso: CORTADO
2025-05-06 16:32:12,828 - INFO - OT: 44025
2025-05-06 16:32:12,828 - INFO - Ocupación: 2025-03-03 07:45:00 - 2025-03-03 13:00:00
2025-05-06 16:32:12,828 - INFO - 
No se detectaron conflictos
2025-05-06 16:32:12,828 - INFO - 
Proceso: ESTAMPAR EN CALIENTE
2025-05-06 16:32:12,828 - INFO - Máquina: 1203
2025-05-06 16:32:12,828 - INFO - Cantidad: 150.00
2025-05-06 16:32:12,828 - INFO - Estándar: 50
2025-05-06 16:32:12,829 - INFO - Periodo calculado: 2025-05-16 11:00:00 - 2025-05-16 15:00:00
2025-05-06 16:32:12,829 - INFO - 
==================================================
2025-05-06 16:32:12,829 - INFO - Verificando disponibilidad de máquina 1203
2025-05-06 16:32:12,829 - INFO - Rango de fechas: 2025-05-16 11:00:00 - 2025-05-16 15:00:00
2025-05-06 16:32:12,831 - INFO - Encontradas 2 asignaciones para la máquina
2025-05-06 16:32:12,850 - INFO - 
Proceso: ESTAMPAR EN CALIENTE
2025-05-06 16:32:12,850 - INFO - OT: 43890
2025-05-06 16:32:12,850 - INFO - Ocupación: 2025-03-24 07:45:00 - 2025-03-28 15:00:00
2025-05-06 16:32:12,852 - INFO - 
Proceso: ESTAMPAR EN CALIENTE
2025-05-06 16:32:12,852 - INFO - OT: 43900
2025-05-06 16:32:12,853 - INFO - Ocupación: 2025-03-24 07:45:00 - 2025-03-24 12:00:00
2025-05-06 16:32:12,853 - INFO - 
No se detectaron conflictos
2025-05-06 16:32:12,853 - INFO - 
Proceso: REBARBADO DE PERNOS
2025-05-06 16:32:12,853 - INFO - Máquina: 1431
2025-05-06 16:32:12,853 - INFO - Cantidad: 150.00
2025-05-06 16:32:12,853 - INFO - Estándar: 50
2025-05-06 16:32:12,854 - INFO - Periodo calculado: 2025-05-16 15:00:00 - 2025-05-19 09:00:00
2025-05-06 16:32:12,854 - INFO - 
==================================================
2025-05-06 16:32:12,854 - INFO - Verificando disponibilidad de máquina 1431
2025-05-06 16:32:12,854 - INFO - Rango de fechas: 2025-05-16 15:00:00 - 2025-05-19 09:00:00
2025-05-06 16:32:12,856 - INFO - Encontradas 3 asignaciones para la máquina
2025-05-06 16:32:12,863 - INFO - 
Proceso: REBARBADO DE PERNOS
2025-05-06 16:32:12,864 - INFO - OT: 43933
2025-05-06 16:32:12,864 - INFO - Ocupación: 2025-04-01 07:45:00 - 2025-04-01 17:00:00
2025-05-06 16:32:12,865 - INFO - 
No se detectaron conflictos
2025-05-06 16:32:12,865 - INFO - 
Proceso: PUNTEADO DE PERNOS
2025-05-06 16:32:12,866 - INFO - Máquina: 1601
2025-05-06 16:32:12,866 - INFO - Cantidad: 150.00
2025-05-06 16:32:12,866 - INFO - Estándar: 50
2025-05-06 16:32:12,866 - INFO - Periodo calculado: 2025-05-19 09:00:00 - 2025-05-19 12:00:00
2025-05-06 16:32:12,866 - INFO - 
==================================================
2025-05-06 16:32:12,866 - INFO - Verificando disponibilidad de máquina 1601
2025-05-06 16:32:12,866 - INFO - Rango de fechas: 2025-05-19 09:00:00 - 2025-05-19 12:00:00
2025-05-06 16:32:12,869 - INFO - Encontradas 17 asignaciones para la máquina
2025-05-06 16:32:12,879 - INFO - 
Proceso: PUNTEADO DE PERNOS
2025-05-06 16:32:12,880 - INFO - OT: 43864
2025-05-06 16:32:12,880 - INFO - Ocupación: 2025-03-24 07:45:00 - 2025-03-24 11:00:00
2025-05-06 16:32:12,884 - INFO - 
Proceso: PUNTEADO DE PERNOS
2025-05-06 16:32:12,884 - INFO - OT: 43933
2025-05-06 16:32:12,884 - INFO - Ocupación: 2025-04-01 07:45:00 - 2025-04-01 13:00:00
2025-05-06 16:32:12,887 - INFO - 
Proceso: PUNTEADO DE PERNOS
2025-05-06 16:32:12,887 - INFO - OT: 43935
2025-05-06 16:32:12,887 - INFO - Ocupación: 2025-04-01 07:45:00 - 2025-04-01 10:00:00
2025-05-06 16:32:12,889 - INFO - 
Proceso: PUNTEADO DE PERNOS
2025-05-06 16:32:12,889 - INFO - OT: 43940
2025-05-06 16:32:12,889 - INFO - Ocupación: 2025-04-01 07:45:00 - 2025-04-01 10:00:00
2025-05-06 16:32:12,891 - INFO - 
Proceso: PUNTEADO DE PERNOS
2025-05-06 16:32:12,891 - INFO - OT: 43942
2025-05-06 16:32:12,891 - INFO - Ocupación: 2025-04-01 07:45:00 - 2025-04-01 15:00:00
2025-05-06 16:32:12,894 - INFO - 
Proceso: PUNTEADO DE PERNOS
2025-05-06 16:32:12,894 - INFO - OT: 43947
2025-05-06 16:32:12,894 - INFO - Ocupación: 2025-04-01 07:45:00 - 2025-04-01 09:00:00
2025-05-06 16:32:12,909 - INFO - 
Proceso: PUNTEADO DE PERNOS
2025-05-06 16:32:12,910 - INFO - OT: 44024
2025-05-06 16:32:12,910 - INFO - Ocupación: 2025-03-03 07:45:00 - 2025-03-03 12:00:00
2025-05-06 16:32:12,912 - INFO - 
Proceso: PUNTEADO DE PERNOS
2025-05-06 16:32:12,912 - INFO - OT: 44025
2025-05-06 16:32:12,912 - INFO - Ocupación: 2025-03-03 07:45:00 - 2025-03-03 12:00:00
2025-05-06 16:32:12,912 - INFO - 
No se detectaron conflictos
2025-05-06 16:32:12,912 - INFO - 
Proceso: TERRAJADO DE PERNOS
2025-05-06 16:32:12,912 - INFO - Máquina: 2002
2025-05-06 16:32:12,912 - INFO - Cantidad: 150.00
2025-05-06 16:32:12,912 - INFO - Estándar: 50
2025-05-06 16:32:12,913 - INFO - Periodo calculado: 2025-05-19 12:00:00 - 2025-05-19 16:00:00
2025-05-06 16:32:12,913 - INFO - 
==================================================
2025-05-06 16:32:12,913 - INFO - Verificando disponibilidad de máquina 2002
2025-05-06 16:32:12,913 - INFO - Rango de fechas: 2025-05-19 12:00:00 - 2025-05-19 16:00:00
2025-05-06 16:32:12,915 - INFO - Encontradas 2 asignaciones para la máquina
2025-05-06 16:32:12,927 - INFO - 
Proceso: TERRAJADO DE PERNOS
2025-05-06 16:32:12,927 - INFO - OT: 43947
2025-05-06 16:32:12,927 - INFO - Ocupación: 2025-04-01 07:45:00 - 2025-04-01 09:00:00
2025-05-06 16:32:12,927 - INFO - 
No se detectaron conflictos
2025-05-06 16:32:12,927 - INFO - 
------------------------------
2025-05-06 16:32:12,927 - INFO - Procesando OT: 43970
2025-05-06 16:32:12,927 - INFO - 
Proceso: CORTADO
2025-05-06 16:32:12,927 - INFO - Máquina: 1004
2025-05-06 16:32:12,927 - INFO - Cantidad: 727.00
2025-05-06 16:32:12,927 - INFO - Estándar: 200
2025-05-06 16:32:12,928 - INFO - Periodo calculado: 2025-05-19 16:00:00 - 2025-05-20 10:00:00
2025-05-06 16:32:12,928 - INFO - 
==================================================
2025-05-06 16:32:12,928 - INFO - Verificando disponibilidad de máquina 1004
2025-05-06 16:32:12,928 - INFO - Rango de fechas: 2025-05-19 16:00:00 - 2025-05-20 10:00:00
2025-05-06 16:32:12,930 - INFO - Encontradas 3 asignaciones para la máquina
2025-05-06 16:32:12,935 - INFO - 
Proceso: CORTADO
2025-05-06 16:32:12,936 - INFO - OT: 43929
2025-05-06 16:32:12,936 - INFO - Ocupación: 2025-04-01 07:45:00 - 2025-04-01 10:00:00
2025-05-06 16:32:12,939 - INFO - 
No se detectaron conflictos
2025-05-06 16:32:12,940 - INFO - 
Proceso: CORTADO
2025-05-06 16:32:12,940 - INFO - Máquina: 1004
2025-05-06 16:32:12,940 - INFO - Cantidad: 727.00
2025-05-06 16:32:12,940 - INFO - Estándar: 200
2025-05-06 16:32:12,940 - INFO - Periodo calculado: 2025-05-20 10:00:00 - 2025-05-20 15:00:00
2025-05-06 16:32:12,940 - INFO - 
==================================================
2025-05-06 16:32:12,940 - INFO - Verificando disponibilidad de máquina 1004
2025-05-06 16:32:12,940 - INFO - Rango de fechas: 2025-05-20 10:00:00 - 2025-05-20 15:00:00
2025-05-06 16:32:12,944 - INFO - Encontradas 3 asignaciones para la máquina
2025-05-06 16:32:12,948 - INFO - 
Proceso: CORTADO
2025-05-06 16:32:12,948 - INFO - OT: 43929
2025-05-06 16:32:12,948 - INFO - Ocupación: 2025-04-01 07:45:00 - 2025-04-01 10:00:00
2025-05-06 16:32:12,950 - INFO - 
No se detectaron conflictos
2025-05-06 16:32:12,950 - INFO - 
Proceso: PERFORADO
2025-05-06 16:32:12,950 - INFO - Máquina: 1315
2025-05-06 16:32:12,951 - INFO - Cantidad: 727.00
2025-05-06 16:32:12,951 - INFO - Estándar: 200
2025-05-06 16:32:12,951 - INFO - Periodo calculado: 2025-05-20 15:00:00 - 2025-05-21 09:00:00
2025-05-06 16:32:12,951 - INFO - 
==================================================
2025-05-06 16:32:12,951 - INFO - Verificando disponibilidad de máquina 1315
2025-05-06 16:32:12,951 - INFO - Rango de fechas: 2025-05-20 15:00:00 - 2025-05-21 09:00:00
2025-05-06 16:32:12,954 - INFO - Encontradas 1 asignaciones para la máquina
2025-05-06 16:32:12,957 - INFO - 
No se detectaron conflictos
2025-05-06 16:32:12,957 - INFO - 
Proceso: DOBLAR EN FRIO
2025-05-06 16:32:12,957 - INFO - Máquina: 1315
2025-05-06 16:32:12,957 - INFO - Cantidad: 727.00
2025-05-06 16:32:12,958 - INFO - Estándar: 200
2025-05-06 16:32:12,958 - INFO - Periodo calculado: 2025-05-21 09:00:00 - 2025-05-21 13:00:00
2025-05-06 16:32:12,958 - INFO - 
==================================================
2025-05-06 16:32:12,958 - INFO - Verificando disponibilidad de máquina 1315
2025-05-06 16:32:12,958 - INFO - Rango de fechas: 2025-05-21 09:00:00 - 2025-05-21 13:00:00
2025-05-06 16:32:12,959 - INFO - Encontradas 1 asignaciones para la máquina
2025-05-06 16:32:12,963 - INFO - 
No se detectaron conflictos
2025-05-06 16:32:12,963 - INFO - 
Proceso: CORTADO
2025-05-06 16:32:12,963 - INFO - Máquina: 1001
2025-05-06 16:32:12,963 - INFO - Cantidad: 727.00
2025-05-06 16:32:12,963 - INFO - Estándar: 200
2025-05-06 16:32:12,963 - INFO - Periodo calculado: 2025-05-21 13:00:00 - 2025-05-21 17:45:00
2025-05-06 16:32:12,963 - INFO - 
==================================================
2025-05-06 16:32:12,963 - INFO - Verificando disponibilidad de máquina 1001
2025-05-06 16:32:12,963 - INFO - Rango de fechas: 2025-05-21 13:00:00 - 2025-05-21 17:45:00
2025-05-06 16:32:12,965 - INFO - Encontradas 3 asignaciones para la máquina
2025-05-06 16:32:12,972 - INFO - 
Proceso: CORTADO
2025-05-06 16:32:12,973 - INFO - OT: 43936
2025-05-06 16:32:12,973 - INFO - Ocupación: 2025-04-01 07:45:00 - 2025-04-01 12:00:00
2025-05-06 16:32:12,974 - INFO - 
No se detectaron conflictos
2025-05-06 16:32:12,974 - INFO - 
Proceso: ESMERILAR
2025-05-06 16:32:12,974 - INFO - Máquina: 4002
2025-05-06 16:32:12,974 - INFO - Cantidad: 727.00
2025-05-06 16:32:12,974 - INFO - Estándar: 200
2025-05-06 16:32:12,974 - INFO - Periodo calculado: 2025-05-21 17:45:00 - 2025-05-22 12:00:00
2025-05-06 16:32:12,975 - INFO - 
==================================================
2025-05-06 16:32:12,975 - INFO - Verificando disponibilidad de máquina 4002
2025-05-06 16:32:12,975 - INFO - Rango de fechas: 2025-05-21 17:45:00 - 2025-05-22 12:00:00
2025-05-06 16:32:12,976 - INFO - Encontradas 0 asignaciones para la máquina
2025-05-06 16:32:12,977 - INFO - 
No se detectaron conflictos
2025-05-06 16:32:12,977 - INFO - 
Proceso: CORTADO
2025-05-06 16:32:12,977 - INFO - Máquina: 1001
2025-05-06 16:32:12,978 - INFO - Cantidad: 727.00
2025-05-06 16:32:12,978 - INFO - Estándar: 200
2025-05-06 16:32:12,978 - INFO - Periodo calculado: 2025-05-22 12:00:00 - 2025-05-22 17:00:00
2025-05-06 16:32:12,978 - INFO - 
==================================================
2025-05-06 16:32:12,978 - INFO - Verificando disponibilidad de máquina 1001
2025-05-06 16:32:12,978 - INFO - Rango de fechas: 2025-05-22 12:00:00 - 2025-05-22 17:00:00
2025-05-06 16:32:12,979 - INFO - Encontradas 3 asignaciones para la máquina
2025-05-06 16:32:12,985 - INFO - 
Proceso: CORTADO
2025-05-06 16:32:12,985 - INFO - OT: 43936
2025-05-06 16:32:12,985 - INFO - Ocupación: 2025-04-01 07:45:00 - 2025-04-01 12:00:00
2025-05-06 16:32:12,988 - INFO - 
No se detectaron conflictos
2025-05-06 16:32:12,988 - INFO - 
Proceso: ESMERILAR
2025-05-06 16:32:12,988 - INFO - Máquina: 4002
2025-05-06 16:32:12,988 - INFO - Cantidad: 727.00
2025-05-06 16:32:12,988 - INFO - Estándar: 200
2025-05-06 16:32:12,988 - INFO - Periodo calculado: 2025-05-22 17:00:00 - 2025-05-23 11:00:00
2025-05-06 16:32:12,988 - INFO - 
==================================================
2025-05-06 16:32:12,988 - INFO - Verificando disponibilidad de máquina 4002
2025-05-06 16:32:12,988 - INFO - Rango de fechas: 2025-05-22 17:00:00 - 2025-05-23 11:00:00
2025-05-06 16:32:12,990 - INFO - Encontradas 0 asignaciones para la máquina
2025-05-06 16:32:12,991 - INFO - 
No se detectaron conflictos
2025-05-06 16:32:12,991 - INFO - 
Proceso: DOBLAR EN FRIO
2025-05-06 16:32:12,991 - INFO - Máquina: 1205
2025-05-06 16:32:12,991 - INFO - Cantidad: 727.00
2025-05-06 16:32:12,991 - INFO - Estándar: 200
2025-05-06 16:32:12,991 - INFO - Periodo calculado: 2025-05-23 11:00:00 - 2025-05-23 16:00:00
2025-05-06 16:32:12,991 - INFO - 
==================================================
2025-05-06 16:32:12,991 - INFO - Verificando disponibilidad de máquina 1205
2025-05-06 16:32:12,991 - INFO - Rango de fechas: 2025-05-23 11:00:00 - 2025-05-23 16:00:00
2025-05-06 16:32:12,993 - INFO - Encontradas 12 asignaciones para la máquina
2025-05-06 16:32:12,998 - INFO - 
Proceso: DOBLAR EN CALIENTE
2025-05-06 16:32:12,998 - INFO - OT: 43036
2025-05-06 16:32:12,998 - INFO - Ocupación: 2025-03-03 07:45:00 - 2025-03-03 09:00:00
2025-05-06 16:32:12,999 - INFO - 
Proceso: ESTRIAR
2025-05-06 16:32:12,999 - INFO - OT: 43864
2025-05-06 16:32:12,999 - INFO - Ocupación: 2025-03-24 07:45:00 - 2025-03-24 12:00:00
2025-05-06 16:32:13,001 - INFO - 
Proceso: DOBLAR EN CALIENTE
2025-05-06 16:32:13,002 - INFO - OT: 43929
2025-05-06 16:32:13,002 - INFO - Ocupación: 2025-04-01 07:45:00 - 2025-04-01 12:00:00
2025-05-06 16:32:13,004 - INFO - 
Proceso: ESTRIAR
2025-05-06 16:32:13,004 - INFO - OT: 43940
2025-05-06 16:32:13,004 - INFO - Ocupación: 2025-04-01 07:45:00 - 2025-04-01 12:00:00
2025-05-06 16:32:13,007 - INFO - 
Proceso: ESTRIAR
2025-05-06 16:32:13,007 - INFO - OT: 43942
2025-05-06 16:32:13,007 - INFO - Ocupación: 2025-04-01 07:45:00 - 2025-04-01 12:00:00
2025-05-06 16:32:13,012 - INFO - 
Proceso: ESTAMPAR EN CALIENTE
2025-05-06 16:32:13,012 - INFO - OT: 44013
2025-05-06 16:32:13,012 - INFO - Ocupación: 2025-03-03 07:45:00 - 2025-03-03 11:00:00
2025-05-06 16:32:13,013 - INFO - 
Proceso: ESTAMPAR EN CALIENTE
2025-05-06 16:32:13,013 - INFO - OT: 44019
2025-05-06 16:32:13,013 - INFO - Ocupación: 2025-03-03 07:45:00 - 2025-03-03 11:00:00
2025-05-06 16:32:13,014 - INFO - 
Proceso: ESTAMPAR EN CALIENTE
2025-05-06 16:32:13,015 - INFO - OT: 44023
2025-05-06 16:32:13,015 - INFO - Ocupación: 2025-03-03 07:45:00 - 2025-03-03 11:00:00
2025-05-06 16:32:13,015 - INFO - 
No se detectaron conflictos
2025-05-06 16:32:13,015 - INFO - 
Proceso: SOLDADO
2025-05-06 16:32:13,015 - INFO - Máquina: 3421
2025-05-06 16:32:13,015 - INFO - Cantidad: 727.00
2025-05-06 16:32:13,015 - INFO - Estándar: 200
2025-05-06 16:32:13,015 - INFO - Periodo calculado: 2025-05-23 16:00:00 - 2025-05-26 11:00:00
2025-05-06 16:32:13,015 - INFO - 
==================================================
2025-05-06 16:32:13,015 - INFO - Verificando disponibilidad de máquina 3421
2025-05-06 16:32:13,015 - INFO - Rango de fechas: 2025-05-23 16:00:00 - 2025-05-26 11:00:00
2025-05-06 16:32:13,017 - INFO - Encontradas 6 asignaciones para la máquina
2025-05-06 16:32:13,025 - INFO - 
Proceso: SOLDADO
2025-05-06 16:32:13,025 - INFO - OT: 43929
2025-05-06 16:32:13,025 - INFO - Ocupación: 2025-04-01 07:45:00 - 2025-04-01 10:00:00
2025-05-06 16:32:13,028 - INFO - 
No se detectaron conflictos
2025-05-06 16:32:13,028 - INFO - 
==================================================
2025-05-06 16:32:13,028 - INFO - RESUMEN DE VERIFICACIÓN
2025-05-06 16:32:13,028 - INFO - Fecha fin calculada: 2025-05-26 11:00:00
2025-05-06 16:32:13,028 - INFO - Total de ajustes necesarios: 0
2025-05-06 16:32:13,028 - INFO - ==================================================

