2025-05-07 09:54:07,158 - INFO - 
Verificando conflictos para máquina 1002
2025-05-07 09:54:07,158 - INFO - Intervalo a verificar: 2025-05-02 07:45:00 - 2025-05-02 15:45:00
2025-05-07 09:54:07,159 - INFO - Prioridad actual: 0
2025-05-07 09:54:07,159 - INFO - 
Obteniendo intervalos para máquina 1002
2025-05-07 09:54:07,159 - INFO - Rango: 2025-05-02 07:45:00 - 2025-05-02 15:45:00
2025-05-07 09:54:07,232 - WARNING - Conflicto detectado con OT 43952
2025-05-07 09:54:07,232 - WARNING - Prioridad del conflicto: 1
2025-05-07 09:54:07,236 - INFO - 
Verificando conflictos para máquina 1201
2025-05-07 09:54:07,238 - INFO - Intervalo a verificar: 2025-05-02 12:00:00 - 2025-05-02 20:00:00
2025-05-07 09:54:07,238 - INFO - Prioridad actual: 0
2025-05-07 09:54:07,239 - INFO - 
Obteniendo intervalos para máquina 1201
2025-05-07 09:54:07,239 - INFO - Rango: 2025-05-02 12:00:00 - 2025-05-02 20:00:00
2025-05-07 09:54:07,256 - INFO - No se detectaron conflictos
2025-05-07 09:54:07,257 - INFO - 
Verificando conflictos para máquina 1312
2025-05-07 09:54:07,257 - INFO - Intervalo a verificar: 2025-05-02 13:00:00 - 2025-05-02 21:00:00
2025-05-07 09:54:07,257 - INFO - Prioridad actual: 0
2025-05-07 09:54:07,257 - INFO - 
Obteniendo intervalos para máquina 1312
2025-05-07 09:54:07,257 - INFO - Rango: 2025-05-02 13:00:00 - 2025-05-02 21:00:00
2025-05-07 09:54:07,268 - INFO - No se detectaron conflictos
2025-05-07 09:54:07,270 - INFO - 
Verificando conflictos para máquina 1315
2025-05-07 09:54:07,270 - INFO - Intervalo a verificar: 2025-05-05 08:00:00 - 2025-05-05 16:00:00
2025-05-07 09:54:07,270 - INFO - Prioridad actual: 0
2025-05-07 09:54:07,270 - INFO - 
Obteniendo intervalos para máquina 1315
2025-05-07 09:54:07,270 - INFO - Rango: 2025-05-05 08:00:00 - 2025-05-05 16:00:00
2025-05-07 09:54:07,283 - INFO - No se detectaron conflictos
2025-05-07 09:54:07,285 - INFO - 
Verificando conflictos para máquina 1315
2025-05-07 09:54:07,285 - INFO - Intervalo a verificar: 2025-05-05 11:00:00 - 2025-05-05 19:00:00
2025-05-07 09:54:07,285 - INFO - Prioridad actual: 0
2025-05-07 09:54:07,285 - INFO - 
Obteniendo intervalos para máquina 1315
2025-05-07 09:54:07,286 - INFO - Rango: 2025-05-05 11:00:00 - 2025-05-05 19:00:00
2025-05-07 09:54:07,300 - INFO - No se detectaron conflictos
2025-05-07 09:54:07,302 - INFO - 
Verificando conflictos para máquina 1204
2025-05-07 09:54:07,303 - INFO - Intervalo a verificar: 2025-05-05 15:00:00 - 2025-05-05 23:00:00
2025-05-07 09:54:07,303 - INFO - Prioridad actual: 0
2025-05-07 09:54:07,303 - INFO - 
Obteniendo intervalos para máquina 1204
2025-05-07 09:54:07,303 - INFO - Rango: 2025-05-05 15:00:00 - 2025-05-05 23:00:00
2025-05-07 09:54:07,324 - INFO - No se detectaron conflictos
2025-05-07 09:54:07,326 - INFO - 
Verificando conflictos para máquina 1002
2025-05-07 09:54:07,326 - INFO - Intervalo a verificar: 2025-05-02 07:45:00 - 2025-05-02 15:45:00
2025-05-07 09:54:07,326 - INFO - Prioridad actual: 0
2025-05-07 09:54:07,326 - INFO - 
Obteniendo intervalos para máquina 1002
2025-05-07 09:54:07,327 - INFO - Rango: 2025-05-02 07:45:00 - 2025-05-02 15:45:00
2025-05-07 09:54:07,394 - WARNING - Conflicto detectado con OT 43952
2025-05-07 09:54:07,394 - WARNING - Prioridad del conflicto: 1
2025-05-07 09:54:07,395 - INFO - 
Verificando conflictos para máquina 1203
2025-05-07 09:54:07,395 - INFO - Intervalo a verificar: 2025-05-05 09:00:00 - 2025-05-05 17:00:00
2025-05-07 09:54:07,395 - INFO - Prioridad actual: 0
2025-05-07 09:54:07,395 - INFO - 
Obteniendo intervalos para máquina 1203
2025-05-07 09:54:07,395 - INFO - Rango: 2025-05-05 09:00:00 - 2025-05-05 17:00:00
2025-05-07 09:54:07,408 - INFO - No se detectaron conflictos
2025-05-07 09:54:07,409 - INFO - 
Verificando conflictos para máquina 1314
2025-05-07 09:54:07,409 - INFO - Intervalo a verificar: 2025-05-06 09:00:00 - 2025-05-06 17:00:00
2025-05-07 09:54:07,409 - INFO - Prioridad actual: 0
2025-05-07 09:54:07,409 - INFO - 
Obteniendo intervalos para máquina 1314
2025-05-07 09:54:07,409 - INFO - Rango: 2025-05-06 09:00:00 - 2025-05-06 17:00:00
2025-05-07 09:54:07,416 - INFO - No se detectaron conflictos
2025-05-07 09:54:07,420 - INFO - 
Verificando conflictos para máquina 2501
2025-05-07 09:54:07,420 - INFO - Intervalo a verificar: 2025-05-07 09:00:00 - 2025-05-07 17:00:00
2025-05-07 09:54:07,420 - INFO - Prioridad actual: 0
2025-05-07 09:54:07,420 - INFO - 
Obteniendo intervalos para máquina 2501
2025-05-07 09:54:07,420 - INFO - Rango: 2025-05-07 09:00:00 - 2025-05-07 17:00:00
2025-05-07 09:54:07,438 - INFO - No se detectaron conflictos
2025-05-07 09:54:07,440 - INFO - 
Verificando conflictos para máquina 1003
2025-05-07 09:54:07,440 - INFO - Intervalo a verificar: 2025-05-02 07:45:00 - 2025-05-02 15:45:00
2025-05-07 09:54:07,440 - INFO - Prioridad actual: 0
2025-05-07 09:54:07,440 - INFO - 
Obteniendo intervalos para máquina 1003
2025-05-07 09:54:07,440 - INFO - Rango: 2025-05-02 07:45:00 - 2025-05-02 15:45:00
2025-05-07 09:54:07,457 - WARNING - Conflicto detectado con OT 43957
2025-05-07 09:54:07,457 - WARNING - Prioridad del conflicto: 3
2025-05-07 09:54:07,458 - INFO - 
Verificando conflictos para máquina 1201
2025-05-07 09:54:07,458 - INFO - Intervalo a verificar: 2025-05-02 11:00:00 - 2025-05-02 19:00:00
2025-05-07 09:54:07,458 - INFO - Prioridad actual: 0
2025-05-07 09:54:07,458 - INFO - 
Obteniendo intervalos para máquina 1201
2025-05-07 09:54:07,458 - INFO - Rango: 2025-05-02 11:00:00 - 2025-05-02 19:00:00
2025-05-07 09:54:07,474 - INFO - No se detectaron conflictos
2025-05-07 09:54:07,474 - INFO - 
Verificando conflictos para máquina 1313
2025-05-07 09:54:07,474 - INFO - Intervalo a verificar: 2025-05-02 12:00:00 - 2025-05-02 20:00:00
2025-05-07 09:54:07,474 - INFO - Prioridad actual: 0
2025-05-07 09:54:07,474 - INFO - 
Obteniendo intervalos para máquina 1313
2025-05-07 09:54:07,474 - INFO - Rango: 2025-05-02 12:00:00 - 2025-05-02 20:00:00
2025-05-07 09:54:07,512 - INFO - No se detectaron conflictos
2025-05-07 09:54:07,513 - INFO - 
Verificando conflictos para máquina 1313
2025-05-07 09:54:07,513 - INFO - Intervalo a verificar: 2025-05-02 16:00:00 - 2025-05-03 00:00:00
2025-05-07 09:54:07,513 - INFO - Prioridad actual: 0
2025-05-07 09:54:07,513 - INFO - 
Obteniendo intervalos para máquina 1313
2025-05-07 09:54:07,513 - INFO - Rango: 2025-05-02 16:00:00 - 2025-05-03 00:00:00
2025-05-07 09:54:07,549 - INFO - No se detectaron conflictos
2025-05-07 09:54:07,549 - INFO - 
Verificando conflictos para máquina 1601
2025-05-07 09:54:07,550 - INFO - Intervalo a verificar: 2025-05-05 09:00:00 - 2025-05-05 17:00:00
2025-05-07 09:54:07,550 - INFO - Prioridad actual: 0
2025-05-07 09:54:07,550 - INFO - 
Obteniendo intervalos para máquina 1601
2025-05-07 09:54:07,550 - INFO - Rango: 2025-05-05 09:00:00 - 2025-05-05 17:00:00
2025-05-07 09:54:07,592 - INFO - No se detectaron conflictos
2025-05-07 09:54:07,593 - INFO - 
Verificando conflictos para máquina 2006
2025-05-07 09:54:07,593 - INFO - Intervalo a verificar: 2025-05-05 12:00:00 - 2025-05-05 20:00:00
2025-05-07 09:54:07,593 - INFO - Prioridad actual: 0
2025-05-07 09:54:07,593 - INFO - 
Obteniendo intervalos para máquina 2006
2025-05-07 09:54:07,593 - INFO - Rango: 2025-05-05 12:00:00 - 2025-05-05 20:00:00
2025-05-07 09:54:07,605 - INFO - No se detectaron conflictos
2025-05-07 09:54:07,606 - INFO - 
Verificando conflictos para máquina 1205
2025-05-07 09:54:07,606 - INFO - Intervalo a verificar: 2025-05-02 07:45:00 - 2025-05-02 15:45:00
2025-05-07 09:54:07,606 - INFO - Prioridad actual: 0
2025-05-07 09:54:07,606 - INFO - 
Obteniendo intervalos para máquina 1205
2025-05-07 09:54:07,606 - INFO - Rango: 2025-05-02 07:45:00 - 2025-05-02 15:45:00
2025-05-07 09:54:07,641 - WARNING - Conflicto detectado con OT 43949
2025-05-07 09:54:07,641 - WARNING - Prioridad del conflicto: 4
2025-05-07 09:54:07,642 - INFO - 
Verificando conflictos para máquina 1002
2025-05-07 09:54:07,642 - INFO - Intervalo a verificar: 2025-05-02 07:45:00 - 2025-05-02 15:45:00
2025-05-07 09:54:07,642 - INFO - Prioridad actual: 0
2025-05-07 09:54:07,642 - INFO - 
Obteniendo intervalos para máquina 1002
2025-05-07 09:54:07,642 - INFO - Rango: 2025-05-02 07:45:00 - 2025-05-02 15:45:00
2025-05-07 09:54:07,689 - WARNING - Conflicto detectado con OT 43952
2025-05-07 09:54:07,689 - WARNING - Prioridad del conflicto: 1
2025-05-07 09:54:07,690 - INFO - 
Verificando conflictos para máquina 1203
2025-05-07 09:54:07,690 - INFO - Intervalo a verificar: 2025-05-02 09:00:00 - 2025-05-02 17:00:00
2025-05-07 09:54:07,690 - INFO - Prioridad actual: 0
2025-05-07 09:54:07,690 - INFO - 
Obteniendo intervalos para máquina 1203
2025-05-07 09:54:07,690 - INFO - Rango: 2025-05-02 09:00:00 - 2025-05-02 17:00:00
2025-05-07 09:54:07,704 - WARNING - Conflicto detectado con OT 43951
2025-05-07 09:54:07,704 - WARNING - Prioridad del conflicto: 2
2025-05-07 09:54:07,705 - INFO - 
Verificando conflictos para máquina 1431
2025-05-07 09:54:07,705 - INFO - Intervalo a verificar: 2025-05-02 11:00:00 - 2025-05-02 19:00:00
2025-05-07 09:54:07,705 - INFO - Prioridad actual: 0
2025-05-07 09:54:07,705 - INFO - 
Obteniendo intervalos para máquina 1431
2025-05-07 09:54:07,705 - INFO - Rango: 2025-05-02 11:00:00 - 2025-05-02 19:00:00
2025-05-07 09:54:07,716 - INFO - No se detectaron conflictos
2025-05-07 09:54:07,717 - INFO - 
Verificando conflictos para máquina 1601
2025-05-07 09:54:07,719 - INFO - Intervalo a verificar: 2025-05-02 12:00:00 - 2025-05-02 20:00:00
2025-05-07 09:54:07,719 - INFO - Prioridad actual: 0
2025-05-07 09:54:07,719 - INFO - 
Obteniendo intervalos para máquina 1601
2025-05-07 09:54:07,719 - INFO - Rango: 2025-05-02 12:00:00 - 2025-05-02 20:00:00
2025-05-07 09:54:07,759 - INFO - No se detectaron conflictos
2025-05-07 09:54:07,760 - INFO - 
Verificando conflictos para máquina 2002
2025-05-07 09:54:07,760 - INFO - Intervalo a verificar: 2025-05-02 13:00:00 - 2025-05-02 21:00:00
2025-05-07 09:54:07,760 - INFO - Prioridad actual: 0
2025-05-07 09:54:07,760 - INFO - 
Obteniendo intervalos para máquina 2002
2025-05-07 09:54:07,760 - INFO - Rango: 2025-05-02 13:00:00 - 2025-05-02 21:00:00
2025-05-07 09:54:07,773 - INFO - No se detectaron conflictos
2025-05-07 09:54:07,774 - INFO - 
Verificando conflictos para máquina 1002
2025-05-07 09:54:07,774 - INFO - Intervalo a verificar: 2025-05-02 07:45:00 - 2025-05-02 15:45:00
2025-05-07 09:54:07,774 - INFO - Prioridad actual: 0
2025-05-07 09:54:07,774 - INFO - 
Obteniendo intervalos para máquina 1002
2025-05-07 09:54:07,774 - INFO - Rango: 2025-05-02 07:45:00 - 2025-05-02 15:45:00
2025-05-07 09:54:07,825 - WARNING - Conflicto detectado con OT 43952
2025-05-07 09:54:07,825 - WARNING - Prioridad del conflicto: 1
2025-05-07 09:54:07,826 - INFO - 
Verificando conflictos para máquina 1203
2025-05-07 09:54:07,826 - INFO - Intervalo a verificar: 2025-05-02 09:00:00 - 2025-05-02 17:00:00
2025-05-07 09:54:07,826 - INFO - Prioridad actual: 0
2025-05-07 09:54:07,826 - INFO - 
Obteniendo intervalos para máquina 1203
2025-05-07 09:54:07,826 - INFO - Rango: 2025-05-02 09:00:00 - 2025-05-02 17:00:00
2025-05-07 09:54:07,842 - WARNING - Conflicto detectado con OT 43951
2025-05-07 09:54:07,842 - WARNING - Prioridad del conflicto: 2
2025-05-07 09:54:07,843 - INFO - 
Verificando conflictos para máquina 1431
2025-05-07 09:54:07,843 - INFO - Intervalo a verificar: 2025-05-02 11:00:00 - 2025-05-02 19:00:00
2025-05-07 09:54:07,843 - INFO - Prioridad actual: 0
2025-05-07 09:54:07,843 - INFO - 
Obteniendo intervalos para máquina 1431
2025-05-07 09:54:07,843 - INFO - Rango: 2025-05-02 11:00:00 - 2025-05-02 19:00:00
2025-05-07 09:54:07,860 - INFO - No se detectaron conflictos
2025-05-07 09:54:07,861 - INFO - 
Verificando conflictos para máquina 1601
2025-05-07 09:54:07,861 - INFO - Intervalo a verificar: 2025-05-02 12:00:00 - 2025-05-02 20:00:00
2025-05-07 09:54:07,861 - INFO - Prioridad actual: 0
2025-05-07 09:54:07,861 - INFO - 
Obteniendo intervalos para máquina 1601
2025-05-07 09:54:07,861 - INFO - Rango: 2025-05-02 12:00:00 - 2025-05-02 20:00:00
2025-05-07 09:54:07,917 - INFO - No se detectaron conflictos
2025-05-07 09:54:07,921 - INFO - 
Verificando conflictos para máquina 2002
2025-05-07 09:54:07,921 - INFO - Intervalo a verificar: 2025-05-02 13:00:00 - 2025-05-02 21:00:00
2025-05-07 09:54:07,921 - INFO - Prioridad actual: 0
2025-05-07 09:54:07,921 - INFO - 
Obteniendo intervalos para máquina 2002
2025-05-07 09:54:07,921 - INFO - Rango: 2025-05-02 13:00:00 - 2025-05-02 21:00:00
2025-05-07 09:54:07,944 - INFO - No se detectaron conflictos
2025-05-07 09:54:07,945 - INFO - 
Verificando conflictos para máquina 1002
2025-05-07 09:54:07,945 - INFO - Intervalo a verificar: 2025-05-02 07:45:00 - 2025-05-02 15:45:00
2025-05-07 09:54:07,945 - INFO - Prioridad actual: 0
2025-05-07 09:54:07,945 - INFO - 
Obteniendo intervalos para máquina 1002
2025-05-07 09:54:07,945 - INFO - Rango: 2025-05-02 07:45:00 - 2025-05-02 15:45:00
2025-05-07 09:54:07,997 - WARNING - Conflicto detectado con OT 43952
2025-05-07 09:54:07,997 - WARNING - Prioridad del conflicto: 1
2025-05-07 09:54:07,998 - INFO - 
Verificando conflictos para máquina 1203
2025-05-07 09:54:07,998 - INFO - Intervalo a verificar: 2025-05-02 09:00:00 - 2025-05-02 17:00:00
2025-05-07 09:54:07,998 - INFO - Prioridad actual: 0
2025-05-07 09:54:07,998 - INFO - 
Obteniendo intervalos para máquina 1203
2025-05-07 09:54:07,998 - INFO - Rango: 2025-05-02 09:00:00 - 2025-05-02 17:00:00
2025-05-07 09:54:08,016 - WARNING - Conflicto detectado con OT 43951
2025-05-07 09:54:08,016 - WARNING - Prioridad del conflicto: 2
2025-05-07 09:54:08,019 - INFO - 
Verificando conflictos para máquina 1431
2025-05-07 09:54:08,020 - INFO - Intervalo a verificar: 2025-05-02 11:00:00 - 2025-05-02 19:00:00
2025-05-07 09:54:08,020 - INFO - Prioridad actual: 0
2025-05-07 09:54:08,021 - INFO - 
Obteniendo intervalos para máquina 1431
2025-05-07 09:54:08,021 - INFO - Rango: 2025-05-02 11:00:00 - 2025-05-02 19:00:00
2025-05-07 09:54:08,035 - INFO - No se detectaron conflictos
2025-05-07 09:54:08,037 - INFO - 
Verificando conflictos para máquina 1601
2025-05-07 09:54:08,037 - INFO - Intervalo a verificar: 2025-05-02 12:00:00 - 2025-05-02 20:00:00
2025-05-07 09:54:08,037 - INFO - Prioridad actual: 0
2025-05-07 09:54:08,037 - INFO - 
Obteniendo intervalos para máquina 1601
2025-05-07 09:54:08,037 - INFO - Rango: 2025-05-02 12:00:00 - 2025-05-02 20:00:00
2025-05-07 09:54:08,078 - INFO - No se detectaron conflictos
2025-05-07 09:54:08,079 - INFO - 
Verificando conflictos para máquina 2002
2025-05-07 09:54:08,079 - INFO - Intervalo a verificar: 2025-05-02 13:00:00 - 2025-05-02 21:00:00
2025-05-07 09:54:08,079 - INFO - Prioridad actual: 0
2025-05-07 09:54:08,079 - INFO - 
Obteniendo intervalos para máquina 2002
2025-05-07 09:54:08,079 - INFO - Rango: 2025-05-02 13:00:00 - 2025-05-02 21:00:00
2025-05-07 09:54:08,093 - INFO - No se detectaron conflictos
2025-05-07 09:54:08,094 - INFO - 
Verificando conflictos para máquina 1002
2025-05-07 09:54:08,094 - INFO - Intervalo a verificar: 2025-05-02 07:45:00 - 2025-05-02 15:45:00
2025-05-07 09:54:08,094 - INFO - Prioridad actual: 0
2025-05-07 09:54:08,094 - INFO - 
Obteniendo intervalos para máquina 1002
2025-05-07 09:54:08,095 - INFO - Rango: 2025-05-02 07:45:00 - 2025-05-02 15:45:00
2025-05-07 09:54:08,146 - WARNING - Conflicto detectado con OT 43952
2025-05-07 09:54:08,146 - WARNING - Prioridad del conflicto: 1
2025-05-07 09:54:08,147 - INFO - 
Verificando conflictos para máquina 1203
2025-05-07 09:54:08,147 - INFO - Intervalo a verificar: 2025-05-02 12:00:00 - 2025-05-02 20:00:00
2025-05-07 09:54:08,147 - INFO - Prioridad actual: 0
2025-05-07 09:54:08,147 - INFO - 
Obteniendo intervalos para máquina 1203
2025-05-07 09:54:08,147 - INFO - Rango: 2025-05-02 12:00:00 - 2025-05-02 20:00:00
2025-05-07 09:54:08,165 - WARNING - Conflicto detectado con OT 43951
2025-05-07 09:54:08,165 - WARNING - Prioridad del conflicto: 2
2025-05-07 09:54:08,166 - INFO - 
Verificando conflictos para máquina 1431
2025-05-07 09:54:08,166 - INFO - Intervalo a verificar: 2025-05-05 08:00:00 - 2025-05-05 16:00:00
2025-05-07 09:54:08,167 - INFO - Prioridad actual: 0
2025-05-07 09:54:08,167 - INFO - 
Obteniendo intervalos para máquina 1431
2025-05-07 09:54:08,167 - INFO - Rango: 2025-05-05 08:00:00 - 2025-05-05 16:00:00
2025-05-07 09:54:08,183 - INFO - No se detectaron conflictos
2025-05-07 09:54:08,188 - INFO - 
Verificando conflictos para máquina 1601
2025-05-07 09:54:08,188 - INFO - Intervalo a verificar: 2025-05-05 11:00:00 - 2025-05-05 19:00:00
2025-05-07 09:54:08,188 - INFO - Prioridad actual: 0
2025-05-07 09:54:08,188 - INFO - 
Obteniendo intervalos para máquina 1601
2025-05-07 09:54:08,188 - INFO - Rango: 2025-05-05 11:00:00 - 2025-05-05 19:00:00
2025-05-07 09:54:08,229 - INFO - No se detectaron conflictos
2025-05-07 09:54:08,229 - INFO - 
Verificando conflictos para máquina 2002
2025-05-07 09:54:08,229 - INFO - Intervalo a verificar: 2025-05-05 15:00:00 - 2025-05-05 23:00:00
2025-05-07 09:54:08,229 - INFO - Prioridad actual: 0
2025-05-07 09:54:08,230 - INFO - 
Obteniendo intervalos para máquina 2002
2025-05-07 09:54:08,230 - INFO - Rango: 2025-05-05 15:00:00 - 2025-05-05 23:00:00
2025-05-07 09:54:08,244 - INFO - No se detectaron conflictos
2025-05-07 09:54:08,245 - INFO - 
Verificando conflictos para máquina 1004
2025-05-07 09:54:08,245 - INFO - Intervalo a verificar: 2025-05-02 07:45:00 - 2025-05-02 15:45:00
2025-05-07 09:54:08,245 - INFO - Prioridad actual: 0
2025-05-07 09:54:08,245 - INFO - 
Obteniendo intervalos para máquina 1004
2025-05-07 09:54:08,245 - INFO - Rango: 2025-05-02 07:45:00 - 2025-05-02 15:45:00
2025-05-07 09:54:08,258 - WARNING - Conflicto detectado con OT 43970
2025-05-07 09:54:08,259 - WARNING - Prioridad del conflicto: 9
2025-05-07 09:54:08,259 - INFO - 
Verificando conflictos para máquina 1004
2025-05-07 09:54:08,259 - INFO - Intervalo a verificar: 2025-05-02 13:00:00 - 2025-05-02 21:00:00
2025-05-07 09:54:08,260 - INFO - Prioridad actual: 0
2025-05-07 09:54:08,260 - INFO - 
Obteniendo intervalos para máquina 1004
2025-05-07 09:54:08,260 - INFO - Rango: 2025-05-02 13:00:00 - 2025-05-02 21:00:00
2025-05-07 09:54:08,273 - INFO - No se detectaron conflictos
2025-05-07 09:54:08,274 - INFO - 
Verificando conflictos para máquina 1315
2025-05-07 09:54:08,274 - INFO - Intervalo a verificar: 2025-05-05 09:00:00 - 2025-05-05 17:00:00
2025-05-07 09:54:08,274 - INFO - Prioridad actual: 0
2025-05-07 09:54:08,274 - INFO - 
Obteniendo intervalos para máquina 1315
2025-05-07 09:54:08,274 - INFO - Rango: 2025-05-05 09:00:00 - 2025-05-05 17:00:00
2025-05-07 09:54:08,287 - INFO - No se detectaron conflictos
2025-05-07 09:54:08,289 - INFO - 
Verificando conflictos para máquina 1315
2025-05-07 09:54:08,289 - INFO - Intervalo a verificar: 2025-05-05 13:00:00 - 2025-05-05 21:00:00
2025-05-07 09:54:08,289 - INFO - Prioridad actual: 0
2025-05-07 09:54:08,289 - INFO - 
Obteniendo intervalos para máquina 1315
2025-05-07 09:54:08,289 - INFO - Rango: 2025-05-05 13:00:00 - 2025-05-05 21:00:00
2025-05-07 09:54:08,299 - INFO - No se detectaron conflictos
2025-05-07 09:54:08,300 - INFO - 
Verificando conflictos para máquina 1001
2025-05-07 09:54:08,300 - INFO - Intervalo a verificar: 2025-05-05 17:45:00 - 2025-05-06 01:45:00
2025-05-07 09:54:08,300 - INFO - Prioridad actual: 0
2025-05-07 09:54:08,300 - INFO - 
Obteniendo intervalos para máquina 1001
2025-05-07 09:54:08,300 - INFO - Rango: 2025-05-05 17:45:00 - 2025-05-06 01:45:00
2025-05-07 09:54:08,316 - INFO - No se detectaron conflictos
2025-05-07 09:54:08,317 - INFO - 
Verificando conflictos para máquina 4002
2025-05-07 09:54:08,320 - INFO - Intervalo a verificar: 2025-05-06 12:00:00 - 2025-05-06 20:00:00
2025-05-07 09:54:08,320 - INFO - Prioridad actual: 0
2025-05-07 09:54:08,320 - INFO - 
Obteniendo intervalos para máquina 4002
2025-05-07 09:54:08,320 - INFO - Rango: 2025-05-06 12:00:00 - 2025-05-06 20:00:00
2025-05-07 09:54:08,327 - INFO - No se detectaron conflictos
2025-05-07 09:54:08,327 - INFO - 
Verificando conflictos para máquina 1001
2025-05-07 09:54:08,327 - INFO - Intervalo a verificar: 2025-05-06 17:00:00 - 2025-05-07 01:00:00
2025-05-07 09:54:08,328 - INFO - Prioridad actual: 0
2025-05-07 09:54:08,328 - INFO - 
Obteniendo intervalos para máquina 1001
2025-05-07 09:54:08,328 - INFO - Rango: 2025-05-06 17:00:00 - 2025-05-07 01:00:00
2025-05-07 09:54:08,340 - INFO - No se detectaron conflictos
2025-05-07 09:54:08,341 - INFO - 
Verificando conflictos para máquina 4002
2025-05-07 09:54:08,341 - INFO - Intervalo a verificar: 2025-05-07 11:00:00 - 2025-05-07 19:00:00
2025-05-07 09:54:08,341 - INFO - Prioridad actual: 0
2025-05-07 09:54:08,341 - INFO - 
Obteniendo intervalos para máquina 4002
2025-05-07 09:54:08,341 - INFO - Rango: 2025-05-07 11:00:00 - 2025-05-07 19:00:00
2025-05-07 09:54:08,346 - INFO - No se detectaron conflictos
2025-05-07 09:54:08,347 - INFO - 
Verificando conflictos para máquina 1205
2025-05-07 09:54:08,347 - INFO - Intervalo a verificar: 2025-05-07 16:00:00 - 2025-05-08 00:00:00
2025-05-07 09:54:08,347 - INFO - Prioridad actual: 0
2025-05-07 09:54:08,347 - INFO - 
Obteniendo intervalos para máquina 1205
2025-05-07 09:54:08,347 - INFO - Rango: 2025-05-07 16:00:00 - 2025-05-08 00:00:00
2025-05-07 09:54:08,377 - INFO - No se detectaron conflictos
2025-05-07 09:54:08,377 - INFO - 
Verificando conflictos para máquina 3421
2025-05-07 09:54:08,377 - INFO - Intervalo a verificar: 2025-05-08 10:00:00 - 2025-05-08 18:00:00
2025-05-07 09:54:08,378 - INFO - Prioridad actual: 0
2025-05-07 09:54:08,378 - INFO - 
Obteniendo intervalos para máquina 3421
2025-05-07 09:54:08,378 - INFO - Rango: 2025-05-08 10:00:00 - 2025-05-08 18:00:00
2025-05-07 09:54:08,394 - INFO - No se detectaron conflictos
2025-05-07 09:54:08,627 - INFO - 
Verificando conflictos para máquina 1002
2025-05-07 09:54:08,627 - INFO - Intervalo a verificar: 2025-05-02 07:45:00 - 2025-05-02 15:45:00
2025-05-07 09:54:08,627 - INFO - Prioridad actual: 0
2025-05-07 09:54:08,628 - INFO - 
Obteniendo intervalos para máquina 1002
2025-05-07 09:54:08,628 - INFO - Rango: 2025-05-02 07:45:00 - 2025-05-02 15:45:00
2025-05-07 09:54:08,685 - WARNING - Conflicto detectado con OT 43952
2025-05-07 09:54:08,685 - WARNING - Prioridad del conflicto: 1
2025-05-07 09:54:08,687 - INFO - 
Verificando conflictos para máquina 1201
2025-05-07 09:54:08,689 - INFO - Intervalo a verificar: 2025-05-02 12:00:00 - 2025-05-02 20:00:00
2025-05-07 09:54:08,689 - INFO - Prioridad actual: 0
2025-05-07 09:54:08,689 - INFO - 
Obteniendo intervalos para máquina 1201
2025-05-07 09:54:08,689 - INFO - Rango: 2025-05-02 12:00:00 - 2025-05-02 20:00:00
2025-05-07 09:54:08,703 - INFO - No se detectaron conflictos
2025-05-07 09:54:08,704 - INFO - 
Verificando conflictos para máquina 1312
2025-05-07 09:54:08,705 - INFO - Intervalo a verificar: 2025-05-02 13:00:00 - 2025-05-02 21:00:00
2025-05-07 09:54:08,705 - INFO - Prioridad actual: 0
2025-05-07 09:54:08,705 - INFO - 
Obteniendo intervalos para máquina 1312
2025-05-07 09:54:08,705 - INFO - Rango: 2025-05-02 13:00:00 - 2025-05-02 21:00:00
2025-05-07 09:54:08,713 - INFO - No se detectaron conflictos
2025-05-07 09:54:08,714 - INFO - 
Verificando conflictos para máquina 1315
2025-05-07 09:54:08,715 - INFO - Intervalo a verificar: 2025-05-05 08:00:00 - 2025-05-05 16:00:00
2025-05-07 09:54:08,715 - INFO - Prioridad actual: 0
2025-05-07 09:54:08,715 - INFO - 
Obteniendo intervalos para máquina 1315
2025-05-07 09:54:08,715 - INFO - Rango: 2025-05-05 08:00:00 - 2025-05-05 16:00:00
2025-05-07 09:54:08,726 - INFO - No se detectaron conflictos
2025-05-07 09:54:08,727 - INFO - 
Verificando conflictos para máquina 1315
2025-05-07 09:54:08,727 - INFO - Intervalo a verificar: 2025-05-05 11:00:00 - 2025-05-05 19:00:00
2025-05-07 09:54:08,727 - INFO - Prioridad actual: 0
2025-05-07 09:54:08,727 - INFO - 
Obteniendo intervalos para máquina 1315
2025-05-07 09:54:08,727 - INFO - Rango: 2025-05-05 11:00:00 - 2025-05-05 19:00:00
2025-05-07 09:54:08,739 - INFO - No se detectaron conflictos
2025-05-07 09:54:08,740 - INFO - 
Verificando conflictos para máquina 1204
2025-05-07 09:54:08,741 - INFO - Intervalo a verificar: 2025-05-05 15:00:00 - 2025-05-05 23:00:00
2025-05-07 09:54:08,741 - INFO - Prioridad actual: 0
2025-05-07 09:54:08,741 - INFO - 
Obteniendo intervalos para máquina 1204
2025-05-07 09:54:08,741 - INFO - Rango: 2025-05-05 15:00:00 - 2025-05-05 23:00:00
2025-05-07 09:54:08,755 - INFO - No se detectaron conflictos
2025-05-07 09:54:08,756 - INFO - 
Verificando conflictos para máquina 1002
2025-05-07 09:54:08,756 - INFO - Intervalo a verificar: 2025-05-02 07:45:00 - 2025-05-02 15:45:00
2025-05-07 09:54:08,757 - INFO - Prioridad actual: 0
2025-05-07 09:54:08,757 - INFO - 
Obteniendo intervalos para máquina 1002
2025-05-07 09:54:08,757 - INFO - Rango: 2025-05-02 07:45:00 - 2025-05-02 15:45:00
2025-05-07 09:54:08,815 - WARNING - Conflicto detectado con OT 43952
2025-05-07 09:54:08,815 - WARNING - Prioridad del conflicto: 1
2025-05-07 09:54:08,816 - INFO - 
Verificando conflictos para máquina 1203
2025-05-07 09:54:08,817 - INFO - Intervalo a verificar: 2025-05-05 09:00:00 - 2025-05-05 17:00:00
2025-05-07 09:54:08,817 - INFO - Prioridad actual: 0
2025-05-07 09:54:08,817 - INFO - 
Obteniendo intervalos para máquina 1203
2025-05-07 09:54:08,817 - INFO - Rango: 2025-05-05 09:00:00 - 2025-05-05 17:00:00
2025-05-07 09:54:08,835 - INFO - No se detectaron conflictos
2025-05-07 09:54:08,836 - INFO - 
Verificando conflictos para máquina 1314
2025-05-07 09:54:08,838 - INFO - Intervalo a verificar: 2025-05-06 09:00:00 - 2025-05-06 17:00:00
2025-05-07 09:54:08,838 - INFO - Prioridad actual: 0
2025-05-07 09:54:08,838 - INFO - 
Obteniendo intervalos para máquina 1314
2025-05-07 09:54:08,838 - INFO - Rango: 2025-05-06 09:00:00 - 2025-05-06 17:00:00
2025-05-07 09:54:08,848 - INFO - No se detectaron conflictos
2025-05-07 09:54:08,849 - INFO - 
Verificando conflictos para máquina 2501
2025-05-07 09:54:08,849 - INFO - Intervalo a verificar: 2025-05-07 09:00:00 - 2025-05-07 17:00:00
2025-05-07 09:54:08,850 - INFO - Prioridad actual: 0
2025-05-07 09:54:08,850 - INFO - 
Obteniendo intervalos para máquina 2501
2025-05-07 09:54:08,850 - INFO - Rango: 2025-05-07 09:00:00 - 2025-05-07 17:00:00
2025-05-07 09:54:08,862 - INFO - No se detectaron conflictos
2025-05-07 09:54:08,863 - INFO - 
Verificando conflictos para máquina 1003
2025-05-07 09:54:08,863 - INFO - Intervalo a verificar: 2025-05-02 07:45:00 - 2025-05-02 15:45:00
2025-05-07 09:54:08,864 - INFO - Prioridad actual: 0
2025-05-07 09:54:08,864 - INFO - 
Obteniendo intervalos para máquina 1003
2025-05-07 09:54:08,864 - INFO - Rango: 2025-05-02 07:45:00 - 2025-05-02 15:45:00
2025-05-07 09:54:08,875 - WARNING - Conflicto detectado con OT 43957
2025-05-07 09:54:08,875 - WARNING - Prioridad del conflicto: 3
2025-05-07 09:54:08,876 - INFO - 
Verificando conflictos para máquina 1201
2025-05-07 09:54:08,879 - INFO - Intervalo a verificar: 2025-05-02 11:00:00 - 2025-05-02 19:00:00
2025-05-07 09:54:08,879 - INFO - Prioridad actual: 0
2025-05-07 09:54:08,879 - INFO - 
Obteniendo intervalos para máquina 1201
2025-05-07 09:54:08,879 - INFO - Rango: 2025-05-02 11:00:00 - 2025-05-02 19:00:00
2025-05-07 09:54:08,900 - INFO - No se detectaron conflictos
2025-05-07 09:54:08,901 - INFO - 
Verificando conflictos para máquina 1313
2025-05-07 09:54:08,901 - INFO - Intervalo a verificar: 2025-05-02 12:00:00 - 2025-05-02 20:00:00
2025-05-07 09:54:08,901 - INFO - Prioridad actual: 0
2025-05-07 09:54:08,901 - INFO - 
Obteniendo intervalos para máquina 1313
2025-05-07 09:54:08,902 - INFO - Rango: 2025-05-02 12:00:00 - 2025-05-02 20:00:00
2025-05-07 09:54:08,944 - INFO - No se detectaron conflictos
2025-05-07 09:54:08,948 - INFO - 
Verificando conflictos para máquina 1313
2025-05-07 09:54:08,950 - INFO - Intervalo a verificar: 2025-05-02 16:00:00 - 2025-05-03 00:00:00
2025-05-07 09:54:08,954 - INFO - Prioridad actual: 0
2025-05-07 09:54:08,955 - INFO - 
Obteniendo intervalos para máquina 1313
2025-05-07 09:54:08,956 - INFO - Rango: 2025-05-02 16:00:00 - 2025-05-03 00:00:00
2025-05-07 09:54:09,120 - INFO - No se detectaron conflictos
2025-05-07 09:54:09,127 - INFO - 
Verificando conflictos para máquina 1601
2025-05-07 09:54:09,129 - INFO - Intervalo a verificar: 2025-05-05 09:00:00 - 2025-05-05 17:00:00
2025-05-07 09:54:09,129 - INFO - Prioridad actual: 0
2025-05-07 09:54:09,129 - INFO - 
Obteniendo intervalos para máquina 1601
2025-05-07 09:54:09,129 - INFO - Rango: 2025-05-05 09:00:00 - 2025-05-05 17:00:00
2025-05-07 09:54:09,256 - INFO - No se detectaron conflictos
2025-05-07 09:54:09,259 - INFO - 
Verificando conflictos para máquina 2006
2025-05-07 09:54:09,260 - INFO - Intervalo a verificar: 2025-05-05 12:00:00 - 2025-05-05 20:00:00
2025-05-07 09:54:09,260 - INFO - Prioridad actual: 0
2025-05-07 09:54:09,261 - INFO - 
Obteniendo intervalos para máquina 2006
2025-05-07 09:54:09,262 - INFO - Rango: 2025-05-05 12:00:00 - 2025-05-05 20:00:00
2025-05-07 09:54:09,283 - INFO - No se detectaron conflictos
2025-05-07 09:54:09,285 - INFO - 
Verificando conflictos para máquina 1205
2025-05-07 09:54:09,285 - INFO - Intervalo a verificar: 2025-05-02 07:45:00 - 2025-05-02 15:45:00
2025-05-07 09:54:09,286 - INFO - Prioridad actual: 0
2025-05-07 09:54:09,287 - INFO - 
Obteniendo intervalos para máquina 1205
2025-05-07 09:54:09,287 - INFO - Rango: 2025-05-02 07:45:00 - 2025-05-02 15:45:00
2025-05-07 09:54:09,345 - WARNING - Conflicto detectado con OT 43949
2025-05-07 09:54:09,345 - WARNING - Prioridad del conflicto: 4
2025-05-07 09:54:09,347 - INFO - 
Verificando conflictos para máquina 1002
2025-05-07 09:54:09,347 - INFO - Intervalo a verificar: 2025-05-02 07:45:00 - 2025-05-02 15:45:00
2025-05-07 09:54:09,348 - INFO - Prioridad actual: 0
2025-05-07 09:54:09,348 - INFO - 
Obteniendo intervalos para máquina 1002
2025-05-07 09:54:09,349 - INFO - Rango: 2025-05-02 07:45:00 - 2025-05-02 15:45:00
2025-05-07 09:54:09,447 - WARNING - Conflicto detectado con OT 43952
2025-05-07 09:54:09,448 - WARNING - Prioridad del conflicto: 1
2025-05-07 09:54:09,448 - INFO - 
Verificando conflictos para máquina 1203
2025-05-07 09:54:09,449 - INFO - Intervalo a verificar: 2025-05-02 09:00:00 - 2025-05-02 17:00:00
2025-05-07 09:54:09,449 - INFO - Prioridad actual: 0
2025-05-07 09:54:09,449 - INFO - 
Obteniendo intervalos para máquina 1203
2025-05-07 09:54:09,449 - INFO - Rango: 2025-05-02 09:00:00 - 2025-05-02 17:00:00
2025-05-07 09:54:09,464 - WARNING - Conflicto detectado con OT 43951
2025-05-07 09:54:09,464 - WARNING - Prioridad del conflicto: 2
2025-05-07 09:54:09,465 - INFO - 
Verificando conflictos para máquina 1431
2025-05-07 09:54:09,465 - INFO - Intervalo a verificar: 2025-05-02 11:00:00 - 2025-05-02 19:00:00
2025-05-07 09:54:09,465 - INFO - Prioridad actual: 0
2025-05-07 09:54:09,465 - INFO - 
Obteniendo intervalos para máquina 1431
2025-05-07 09:54:09,465 - INFO - Rango: 2025-05-02 11:00:00 - 2025-05-02 19:00:00
2025-05-07 09:54:09,478 - INFO - No se detectaron conflictos
2025-05-07 09:54:09,479 - INFO - 
Verificando conflictos para máquina 1601
2025-05-07 09:54:09,479 - INFO - Intervalo a verificar: 2025-05-02 12:00:00 - 2025-05-02 20:00:00
2025-05-07 09:54:09,479 - INFO - Prioridad actual: 0
2025-05-07 09:54:09,479 - INFO - 
Obteniendo intervalos para máquina 1601
2025-05-07 09:54:09,480 - INFO - Rango: 2025-05-02 12:00:00 - 2025-05-02 20:00:00
2025-05-07 09:54:09,513 - INFO - No se detectaron conflictos
2025-05-07 09:54:09,513 - INFO - 
Verificando conflictos para máquina 2002
2025-05-07 09:54:09,514 - INFO - Intervalo a verificar: 2025-05-02 13:00:00 - 2025-05-02 21:00:00
2025-05-07 09:54:09,514 - INFO - Prioridad actual: 0
2025-05-07 09:54:09,514 - INFO - 
Obteniendo intervalos para máquina 2002
2025-05-07 09:54:09,514 - INFO - Rango: 2025-05-02 13:00:00 - 2025-05-02 21:00:00
2025-05-07 09:54:09,525 - INFO - No se detectaron conflictos
2025-05-07 09:54:09,526 - INFO - 
Verificando conflictos para máquina 1002
2025-05-07 09:54:09,526 - INFO - Intervalo a verificar: 2025-05-02 07:45:00 - 2025-05-02 15:45:00
2025-05-07 09:54:09,526 - INFO - Prioridad actual: 0
2025-05-07 09:54:09,526 - INFO - 
Obteniendo intervalos para máquina 1002
2025-05-07 09:54:09,526 - INFO - Rango: 2025-05-02 07:45:00 - 2025-05-02 15:45:00
2025-05-07 09:54:09,566 - WARNING - Conflicto detectado con OT 43952
2025-05-07 09:54:09,566 - WARNING - Prioridad del conflicto: 1
2025-05-07 09:54:09,567 - INFO - 
Verificando conflictos para máquina 1203
2025-05-07 09:54:09,567 - INFO - Intervalo a verificar: 2025-05-02 09:00:00 - 2025-05-02 17:00:00
2025-05-07 09:54:09,567 - INFO - Prioridad actual: 0
2025-05-07 09:54:09,567 - INFO - 
Obteniendo intervalos para máquina 1203
2025-05-07 09:54:09,568 - INFO - Rango: 2025-05-02 09:00:00 - 2025-05-02 17:00:00
2025-05-07 09:54:09,581 - WARNING - Conflicto detectado con OT 43951
2025-05-07 09:54:09,581 - WARNING - Prioridad del conflicto: 2
2025-05-07 09:54:09,582 - INFO - 
Verificando conflictos para máquina 1431
2025-05-07 09:54:09,582 - INFO - Intervalo a verificar: 2025-05-02 11:00:00 - 2025-05-02 19:00:00
2025-05-07 09:54:09,582 - INFO - Prioridad actual: 0
2025-05-07 09:54:09,582 - INFO - 
Obteniendo intervalos para máquina 1431
2025-05-07 09:54:09,582 - INFO - Rango: 2025-05-02 11:00:00 - 2025-05-02 19:00:00
2025-05-07 09:54:09,595 - INFO - No se detectaron conflictos
2025-05-07 09:54:09,596 - INFO - 
Verificando conflictos para máquina 1601
2025-05-07 09:54:09,596 - INFO - Intervalo a verificar: 2025-05-02 12:00:00 - 2025-05-02 20:00:00
2025-05-07 09:54:09,596 - INFO - Prioridad actual: 0
2025-05-07 09:54:09,596 - INFO - 
Obteniendo intervalos para máquina 1601
2025-05-07 09:54:09,597 - INFO - Rango: 2025-05-02 12:00:00 - 2025-05-02 20:00:00
2025-05-07 09:54:09,629 - INFO - No se detectaron conflictos
2025-05-07 09:54:09,630 - INFO - 
Verificando conflictos para máquina 2002
2025-05-07 09:54:09,630 - INFO - Intervalo a verificar: 2025-05-02 13:00:00 - 2025-05-02 21:00:00
2025-05-07 09:54:09,630 - INFO - Prioridad actual: 0
2025-05-07 09:54:09,630 - INFO - 
Obteniendo intervalos para máquina 2002
2025-05-07 09:54:09,630 - INFO - Rango: 2025-05-02 13:00:00 - 2025-05-02 21:00:00
2025-05-07 09:54:09,641 - INFO - No se detectaron conflictos
2025-05-07 09:54:09,642 - INFO - 
Verificando conflictos para máquina 1002
2025-05-07 09:54:09,642 - INFO - Intervalo a verificar: 2025-05-02 07:45:00 - 2025-05-02 15:45:00
2025-05-07 09:54:09,642 - INFO - Prioridad actual: 0
2025-05-07 09:54:09,642 - INFO - 
Obteniendo intervalos para máquina 1002
2025-05-07 09:54:09,642 - INFO - Rango: 2025-05-02 07:45:00 - 2025-05-02 15:45:00
2025-05-07 09:54:09,692 - WARNING - Conflicto detectado con OT 43952
2025-05-07 09:54:09,692 - WARNING - Prioridad del conflicto: 1
2025-05-07 09:54:09,693 - INFO - 
Verificando conflictos para máquina 1203
2025-05-07 09:54:09,693 - INFO - Intervalo a verificar: 2025-05-02 09:00:00 - 2025-05-02 17:00:00
2025-05-07 09:54:09,693 - INFO - Prioridad actual: 0
2025-05-07 09:54:09,693 - INFO - 
Obteniendo intervalos para máquina 1203
2025-05-07 09:54:09,693 - INFO - Rango: 2025-05-02 09:00:00 - 2025-05-02 17:00:00
2025-05-07 09:54:09,706 - WARNING - Conflicto detectado con OT 43951
2025-05-07 09:54:09,706 - WARNING - Prioridad del conflicto: 2
2025-05-07 09:54:09,707 - INFO - 
Verificando conflictos para máquina 1431
2025-05-07 09:54:09,707 - INFO - Intervalo a verificar: 2025-05-02 11:00:00 - 2025-05-02 19:00:00
2025-05-07 09:54:09,707 - INFO - Prioridad actual: 0
2025-05-07 09:54:09,708 - INFO - 
Obteniendo intervalos para máquina 1431
2025-05-07 09:54:09,708 - INFO - Rango: 2025-05-02 11:00:00 - 2025-05-02 19:00:00
2025-05-07 09:54:09,721 - INFO - No se detectaron conflictos
2025-05-07 09:54:09,722 - INFO - 
Verificando conflictos para máquina 1601
2025-05-07 09:54:09,722 - INFO - Intervalo a verificar: 2025-05-02 12:00:00 - 2025-05-02 20:00:00
2025-05-07 09:54:09,722 - INFO - Prioridad actual: 0
2025-05-07 09:54:09,722 - INFO - 
Obteniendo intervalos para máquina 1601
2025-05-07 09:54:09,723 - INFO - Rango: 2025-05-02 12:00:00 - 2025-05-02 20:00:00
2025-05-07 09:54:09,757 - INFO - No se detectaron conflictos
2025-05-07 09:54:09,758 - INFO - 
Verificando conflictos para máquina 2002
2025-05-07 09:54:09,758 - INFO - Intervalo a verificar: 2025-05-02 13:00:00 - 2025-05-02 21:00:00
2025-05-07 09:54:09,758 - INFO - Prioridad actual: 0
2025-05-07 09:54:09,758 - INFO - 
Obteniendo intervalos para máquina 2002
2025-05-07 09:54:09,758 - INFO - Rango: 2025-05-02 13:00:00 - 2025-05-02 21:00:00
2025-05-07 09:54:09,769 - INFO - No se detectaron conflictos
2025-05-07 09:54:09,770 - INFO - 
Verificando conflictos para máquina 1002
2025-05-07 09:54:09,770 - INFO - Intervalo a verificar: 2025-05-02 07:45:00 - 2025-05-02 15:45:00
2025-05-07 09:54:09,770 - INFO - Prioridad actual: 0
2025-05-07 09:54:09,770 - INFO - 
Obteniendo intervalos para máquina 1002
2025-05-07 09:54:09,770 - INFO - Rango: 2025-05-02 07:45:00 - 2025-05-02 15:45:00
2025-05-07 09:54:09,813 - WARNING - Conflicto detectado con OT 43952
2025-05-07 09:54:09,813 - WARNING - Prioridad del conflicto: 1
2025-05-07 09:54:09,813 - INFO - 
Verificando conflictos para máquina 1203
2025-05-07 09:54:09,814 - INFO - Intervalo a verificar: 2025-05-02 12:00:00 - 2025-05-02 20:00:00
2025-05-07 09:54:09,814 - INFO - Prioridad actual: 0
2025-05-07 09:54:09,814 - INFO - 
Obteniendo intervalos para máquina 1203
2025-05-07 09:54:09,814 - INFO - Rango: 2025-05-02 12:00:00 - 2025-05-02 20:00:00
2025-05-07 09:54:09,827 - WARNING - Conflicto detectado con OT 43951
2025-05-07 09:54:09,828 - WARNING - Prioridad del conflicto: 2
2025-05-07 09:54:09,828 - INFO - 
Verificando conflictos para máquina 1431
2025-05-07 09:54:09,828 - INFO - Intervalo a verificar: 2025-05-05 08:00:00 - 2025-05-05 16:00:00
2025-05-07 09:54:09,828 - INFO - Prioridad actual: 0
2025-05-07 09:54:09,829 - INFO - 
Obteniendo intervalos para máquina 1431
2025-05-07 09:54:09,829 - INFO - Rango: 2025-05-05 08:00:00 - 2025-05-05 16:00:00
2025-05-07 09:54:09,842 - INFO - No se detectaron conflictos
2025-05-07 09:54:09,843 - INFO - 
Verificando conflictos para máquina 1601
2025-05-07 09:54:09,843 - INFO - Intervalo a verificar: 2025-05-05 11:00:00 - 2025-05-05 19:00:00
2025-05-07 09:54:09,843 - INFO - Prioridad actual: 0
2025-05-07 09:54:09,843 - INFO - 
Obteniendo intervalos para máquina 1601
2025-05-07 09:54:09,843 - INFO - Rango: 2025-05-05 11:00:00 - 2025-05-05 19:00:00
2025-05-07 09:54:09,874 - INFO - No se detectaron conflictos
2025-05-07 09:54:09,875 - INFO - 
Verificando conflictos para máquina 2002
2025-05-07 09:54:09,875 - INFO - Intervalo a verificar: 2025-05-05 15:00:00 - 2025-05-05 23:00:00
2025-05-07 09:54:09,875 - INFO - Prioridad actual: 0
2025-05-07 09:54:09,875 - INFO - 
Obteniendo intervalos para máquina 2002
2025-05-07 09:54:09,875 - INFO - Rango: 2025-05-05 15:00:00 - 2025-05-05 23:00:00
2025-05-07 09:54:09,887 - INFO - No se detectaron conflictos
2025-05-07 09:54:09,888 - INFO - 
Verificando conflictos para máquina 1004
2025-05-07 09:54:09,888 - INFO - Intervalo a verificar: 2025-05-02 07:45:00 - 2025-05-02 15:45:00
2025-05-07 09:54:09,889 - INFO - Prioridad actual: 0
2025-05-07 09:54:09,889 - INFO - 
Obteniendo intervalos para máquina 1004
2025-05-07 09:54:09,889 - INFO - Rango: 2025-05-02 07:45:00 - 2025-05-02 15:45:00
2025-05-07 09:54:09,898 - WARNING - Conflicto detectado con OT 43970
2025-05-07 09:54:09,898 - WARNING - Prioridad del conflicto: 9
2025-05-07 09:54:09,899 - INFO - 
Verificando conflictos para máquina 1004
2025-05-07 09:54:09,899 - INFO - Intervalo a verificar: 2025-05-02 13:00:00 - 2025-05-02 21:00:00
2025-05-07 09:54:09,899 - INFO - Prioridad actual: 0
2025-05-07 09:54:09,899 - INFO - 
Obteniendo intervalos para máquina 1004
2025-05-07 09:54:09,900 - INFO - Rango: 2025-05-02 13:00:00 - 2025-05-02 21:00:00
2025-05-07 09:54:09,909 - INFO - No se detectaron conflictos
2025-05-07 09:54:09,911 - INFO - 
Verificando conflictos para máquina 1315
2025-05-07 09:54:09,911 - INFO - Intervalo a verificar: 2025-05-05 09:00:00 - 2025-05-05 17:00:00
2025-05-07 09:54:09,911 - INFO - Prioridad actual: 0
2025-05-07 09:54:09,911 - INFO - 
Obteniendo intervalos para máquina 1315
2025-05-07 09:54:09,911 - INFO - Rango: 2025-05-05 09:00:00 - 2025-05-05 17:00:00
2025-05-07 09:54:09,923 - INFO - No se detectaron conflictos
2025-05-07 09:54:09,924 - INFO - 
Verificando conflictos para máquina 1315
2025-05-07 09:54:09,924 - INFO - Intervalo a verificar: 2025-05-05 13:00:00 - 2025-05-05 21:00:00
2025-05-07 09:54:09,924 - INFO - Prioridad actual: 0
2025-05-07 09:54:09,924 - INFO - 
Obteniendo intervalos para máquina 1315
2025-05-07 09:54:09,924 - INFO - Rango: 2025-05-05 13:00:00 - 2025-05-05 21:00:00
2025-05-07 09:54:09,934 - INFO - No se detectaron conflictos
2025-05-07 09:54:09,935 - INFO - 
Verificando conflictos para máquina 1001
2025-05-07 09:54:09,935 - INFO - Intervalo a verificar: 2025-05-05 17:45:00 - 2025-05-06 01:45:00
2025-05-07 09:54:09,935 - INFO - Prioridad actual: 0
2025-05-07 09:54:09,935 - INFO - 
Obteniendo intervalos para máquina 1001
2025-05-07 09:54:09,935 - INFO - Rango: 2025-05-05 17:45:00 - 2025-05-06 01:45:00
2025-05-07 09:54:09,945 - INFO - No se detectaron conflictos
2025-05-07 09:54:09,945 - INFO - 
Verificando conflictos para máquina 4002
2025-05-07 09:54:09,945 - INFO - Intervalo a verificar: 2025-05-06 12:00:00 - 2025-05-06 20:00:00
2025-05-07 09:54:09,946 - INFO - Prioridad actual: 0
2025-05-07 09:54:09,946 - INFO - 
Obteniendo intervalos para máquina 4002
2025-05-07 09:54:09,946 - INFO - Rango: 2025-05-06 12:00:00 - 2025-05-06 20:00:00
2025-05-07 09:54:09,951 - INFO - No se detectaron conflictos
2025-05-07 09:54:09,952 - INFO - 
Verificando conflictos para máquina 1001
2025-05-07 09:54:09,952 - INFO - Intervalo a verificar: 2025-05-06 17:00:00 - 2025-05-07 01:00:00
2025-05-07 09:54:09,952 - INFO - Prioridad actual: 0
2025-05-07 09:54:09,952 - INFO - 
Obteniendo intervalos para máquina 1001
2025-05-07 09:54:09,952 - INFO - Rango: 2025-05-06 17:00:00 - 2025-05-07 01:00:00
2025-05-07 09:54:09,961 - INFO - No se detectaron conflictos
2025-05-07 09:54:09,962 - INFO - 
Verificando conflictos para máquina 4002
2025-05-07 09:54:09,962 - INFO - Intervalo a verificar: 2025-05-07 11:00:00 - 2025-05-07 19:00:00
2025-05-07 09:54:09,962 - INFO - Prioridad actual: 0
2025-05-07 09:54:09,962 - INFO - 
Obteniendo intervalos para máquina 4002
2025-05-07 09:54:09,962 - INFO - Rango: 2025-05-07 11:00:00 - 2025-05-07 19:00:00
2025-05-07 09:54:09,967 - INFO - No se detectaron conflictos
2025-05-07 09:54:09,968 - INFO - 
Verificando conflictos para máquina 1205
2025-05-07 09:54:09,968 - INFO - Intervalo a verificar: 2025-05-07 16:00:00 - 2025-05-08 00:00:00
2025-05-07 09:54:09,968 - INFO - Prioridad actual: 0
2025-05-07 09:54:09,969 - INFO - 
Obteniendo intervalos para máquina 1205
2025-05-07 09:54:09,969 - INFO - Rango: 2025-05-07 16:00:00 - 2025-05-08 00:00:00
2025-05-07 09:54:09,992 - INFO - No se detectaron conflictos
2025-05-07 09:54:09,993 - INFO - 
Verificando conflictos para máquina 3421
2025-05-07 09:54:09,993 - INFO - Intervalo a verificar: 2025-05-08 10:00:00 - 2025-05-08 18:00:00
2025-05-07 09:54:09,993 - INFO - Prioridad actual: 0
2025-05-07 09:54:09,993 - INFO - 
Obteniendo intervalos para máquina 3421
2025-05-07 09:54:09,993 - INFO - Rango: 2025-05-08 10:00:00 - 2025-05-08 18:00:00
2025-05-07 09:54:10,004 - INFO - No se detectaron conflictos
2025-05-07 09:54:22,554 - INFO - 
Obteniendo ajustes para programa 10
2025-05-07 09:54:22,563 - INFO - 
Verificando conflictos para máquina 1002
2025-05-07 09:54:22,563 - INFO - Intervalo a verificar: 2025-05-02 - 2025-05-02 12:00:00
2025-05-07 09:54:22,563 - INFO - Prioridad actual: 1
2025-05-07 09:54:22,563 - INFO - 
Obteniendo intervalos para máquina 1002
2025-05-07 09:54:22,563 - INFO - Rango: 2025-05-02 - 2025-05-02 12:00:00
