2025-05-07 12:16:47,363 - INFO - 
Verificando conflictos para máquina 1002
2025-05-07 12:16:47,364 - INFO - Intervalo a verificar: 2025-05-02 07:45:00 - 2025-05-02 15:45:00
2025-05-07 12:16:47,364 - INFO - Prioridad actual: 0
2025-05-07 12:16:47,364 - INFO - 
Obteniendo intervalos para máquina 1002
2025-05-07 12:16:47,365 - INFO - Rango: 2025-05-02 07:45:00 - 2025-05-02 15:45:00
2025-05-07 12:16:47,540 - WARNING - Conflicto detectado con OT 43952
2025-05-07 12:16:47,540 - WARNING - Prioridad del conflicto: 1
2025-05-07 12:16:47,546 - INFO - 
Verificando conflictos para máquina 1201
2025-05-07 12:16:47,546 - INFO - Intervalo a verificar: 2025-05-02 12:00:00 - 2025-05-02 20:00:00
2025-05-07 12:16:47,547 - INFO - Prioridad actual: 0
2025-05-07 12:16:47,547 - INFO - 
Obteniendo intervalos para máquina 1201
2025-05-07 12:16:47,547 - INFO - Rango: 2025-05-02 12:00:00 - 2025-05-02 20:00:00
2025-05-07 12:16:47,569 - INFO - No se detectaron conflictos
2025-05-07 12:16:47,571 - INFO - 
Verificando conflictos para máquina 1312
2025-05-07 12:16:47,572 - INFO - Intervalo a verificar: 2025-05-02 13:00:00 - 2025-05-02 21:00:00
2025-05-07 12:16:47,572 - INFO - Prioridad actual: 0
2025-05-07 12:16:47,572 - INFO - 
Obteniendo intervalos para máquina 1312
2025-05-07 12:16:47,572 - INFO - Rango: 2025-05-02 13:00:00 - 2025-05-02 21:00:00
2025-05-07 12:16:47,591 - INFO - No se detectaron conflictos
2025-05-07 12:16:47,592 - INFO - 
Verificando conflictos para máquina 1315
2025-05-07 12:16:47,592 - INFO - Intervalo a verificar: 2025-05-05 08:00:00 - 2025-05-05 16:00:00
2025-05-07 12:16:47,592 - INFO - Prioridad actual: 0
2025-05-07 12:16:47,592 - INFO - 
Obteniendo intervalos para máquina 1315
2025-05-07 12:16:47,593 - INFO - Rango: 2025-05-05 08:00:00 - 2025-05-05 16:00:00
2025-05-07 12:16:47,606 - INFO - No se detectaron conflictos
2025-05-07 12:16:47,607 - INFO - 
Verificando conflictos para máquina 1315
2025-05-07 12:16:47,607 - INFO - Intervalo a verificar: 2025-05-05 11:00:00 - 2025-05-05 19:00:00
2025-05-07 12:16:47,608 - INFO - Prioridad actual: 0
2025-05-07 12:16:47,608 - INFO - 
Obteniendo intervalos para máquina 1315
2025-05-07 12:16:47,608 - INFO - Rango: 2025-05-05 11:00:00 - 2025-05-05 19:00:00
2025-05-07 12:16:47,627 - INFO - No se detectaron conflictos
2025-05-07 12:16:47,628 - INFO - 
Verificando conflictos para máquina 1204
2025-05-07 12:16:47,628 - INFO - Intervalo a verificar: 2025-05-05 15:00:00 - 2025-05-05 23:00:00
2025-05-07 12:16:47,628 - INFO - Prioridad actual: 0
2025-05-07 12:16:47,628 - INFO - 
Obteniendo intervalos para máquina 1204
2025-05-07 12:16:47,628 - INFO - Rango: 2025-05-05 15:00:00 - 2025-05-05 23:00:00
2025-05-07 12:16:47,648 - INFO - No se detectaron conflictos
2025-05-07 12:16:47,650 - INFO - 
Verificando conflictos para máquina 1002
2025-05-07 12:16:47,650 - INFO - Intervalo a verificar: 2025-05-02 12:30:00 - 2025-05-02 20:30:00
2025-05-07 12:16:47,650 - INFO - Prioridad actual: 0
2025-05-07 12:16:47,653 - INFO - 
Obteniendo intervalos para máquina 1002
2025-05-07 12:16:47,653 - INFO - Rango: 2025-05-02 12:30:00 - 2025-05-02 20:30:00
2025-05-07 12:16:47,744 - WARNING - Conflicto detectado con OT 43951
2025-05-07 12:16:47,744 - WARNING - Prioridad del conflicto: 2
2025-05-07 12:16:47,745 - INFO - 
Verificando conflictos para máquina 1203
2025-05-07 12:16:47,745 - INFO - Intervalo a verificar: 2025-05-05 15:00:00 - 2025-05-05 23:00:00
2025-05-07 12:16:47,745 - INFO - Prioridad actual: 0
2025-05-07 12:16:47,745 - INFO - 
Obteniendo intervalos para máquina 1203
2025-05-07 12:16:47,745 - INFO - Rango: 2025-05-05 15:00:00 - 2025-05-05 23:00:00
2025-05-07 12:16:47,761 - INFO - No se detectaron conflictos
2025-05-07 12:16:47,762 - INFO - 
Verificando conflictos para máquina 1314
2025-05-07 12:16:47,762 - INFO - Intervalo a verificar: 2025-05-06 15:00:00 - 2025-05-06 23:00:00
2025-05-07 12:16:47,762 - INFO - Prioridad actual: 0
2025-05-07 12:16:47,762 - INFO - 
Obteniendo intervalos para máquina 1314
2025-05-07 12:16:47,763 - INFO - Rango: 2025-05-06 15:00:00 - 2025-05-06 23:00:00
2025-05-07 12:16:47,781 - INFO - No se detectaron conflictos
2025-05-07 12:16:47,782 - INFO - 
Verificando conflictos para máquina 2501
2025-05-07 12:16:47,783 - INFO - Intervalo a verificar: 2025-05-07 15:00:00 - 2025-05-07 23:00:00
2025-05-07 12:16:47,783 - INFO - Prioridad actual: 0
2025-05-07 12:16:47,783 - INFO - 
Obteniendo intervalos para máquina 2501
2025-05-07 12:16:47,783 - INFO - Rango: 2025-05-07 15:00:00 - 2025-05-07 23:00:00
2025-05-07 12:16:47,800 - INFO - No se detectaron conflictos
2025-05-07 12:16:47,801 - INFO - 
Verificando conflictos para máquina 1003
2025-05-07 12:16:47,801 - INFO - Intervalo a verificar: 2025-05-02 07:45:00 - 2025-05-02 15:45:00
2025-05-07 12:16:47,801 - INFO - Prioridad actual: 0
2025-05-07 12:16:47,802 - INFO - 
Obteniendo intervalos para máquina 1003
2025-05-07 12:16:47,802 - INFO - Rango: 2025-05-02 07:45:00 - 2025-05-02 15:45:00
2025-05-07 12:16:47,820 - WARNING - Conflicto detectado con OT 43957
2025-05-07 12:16:47,820 - WARNING - Prioridad del conflicto: 3
2025-05-07 12:16:47,821 - INFO - 
Verificando conflictos para máquina 1201
2025-05-07 12:16:47,822 - INFO - Intervalo a verificar: 2025-05-02 13:30:00 - 2025-05-02 21:30:00
2025-05-07 12:16:47,822 - INFO - Prioridad actual: 0
2025-05-07 12:16:47,822 - INFO - 
Obteniendo intervalos para máquina 1201
2025-05-07 12:16:47,822 - INFO - Rango: 2025-05-02 13:30:00 - 2025-05-02 21:30:00
2025-05-07 12:16:47,837 - INFO - No se detectaron conflictos
2025-05-07 12:16:47,839 - INFO - 
Verificando conflictos para máquina 1313
2025-05-07 12:16:47,839 - INFO - Intervalo a verificar: 2025-05-02 15:00:00 - 2025-05-02 23:00:00
2025-05-07 12:16:47,839 - INFO - Prioridad actual: 0
2025-05-07 12:16:47,839 - INFO - 
Obteniendo intervalos para máquina 1313
2025-05-07 12:16:47,839 - INFO - Rango: 2025-05-02 15:00:00 - 2025-05-02 23:00:00
2025-05-07 12:16:47,884 - INFO - No se detectaron conflictos
2025-05-07 12:16:47,884 - INFO - 
Verificando conflictos para máquina 1313
2025-05-07 12:16:47,886 - INFO - Intervalo a verificar: 2025-05-05 09:00:00 - 2025-05-05 17:00:00
2025-05-07 12:16:47,887 - INFO - Prioridad actual: 0
2025-05-07 12:16:47,887 - INFO - 
Obteniendo intervalos para máquina 1313
2025-05-07 12:16:47,887 - INFO - Rango: 2025-05-05 09:00:00 - 2025-05-05 17:00:00
2025-05-07 12:16:47,929 - INFO - No se detectaron conflictos
2025-05-07 12:16:47,930 - INFO - 
Verificando conflictos para máquina 1601
2025-05-07 12:16:47,930 - INFO - Intervalo a verificar: 2025-05-05 11:00:00 - 2025-05-05 19:00:00
2025-05-07 12:16:47,931 - INFO - Prioridad actual: 0
2025-05-07 12:16:47,931 - INFO - 
Obteniendo intervalos para máquina 1601
2025-05-07 12:16:47,931 - INFO - Rango: 2025-05-05 11:00:00 - 2025-05-05 19:00:00
2025-05-07 12:16:47,990 - INFO - No se detectaron conflictos
2025-05-07 12:16:47,991 - INFO - 
Verificando conflictos para máquina 2006
2025-05-07 12:16:47,991 - INFO - Intervalo a verificar: 2025-05-05 15:00:00 - 2025-05-05 23:00:00
2025-05-07 12:16:47,991 - INFO - Prioridad actual: 0
2025-05-07 12:16:47,991 - INFO - 
Obteniendo intervalos para máquina 2006
2025-05-07 12:16:47,991 - INFO - Rango: 2025-05-05 15:00:00 - 2025-05-05 23:00:00
2025-05-07 12:16:48,004 - INFO - No se detectaron conflictos
2025-05-07 12:16:48,005 - INFO - 
Verificando conflictos para máquina 1205
2025-05-07 12:16:48,005 - INFO - Intervalo a verificar: 2025-05-02 07:45:00 - 2025-05-02 15:45:00
2025-05-07 12:16:48,005 - INFO - Prioridad actual: 0
2025-05-07 12:16:48,005 - INFO - 
Obteniendo intervalos para máquina 1205
2025-05-07 12:16:48,005 - INFO - Rango: 2025-05-02 07:45:00 - 2025-05-02 15:45:00
2025-05-07 12:16:48,032 - WARNING - Conflicto detectado con OT 43949
2025-05-07 12:16:48,033 - WARNING - Prioridad del conflicto: 4
2025-05-07 12:16:48,034 - INFO - 
Verificando conflictos para máquina 1002
2025-05-07 12:16:48,034 - INFO - Intervalo a verificar: 2025-05-05 15:30:00 - 2025-05-05 23:30:00
2025-05-07 12:16:48,034 - INFO - Prioridad actual: 0
2025-05-07 12:16:48,034 - INFO - 
Obteniendo intervalos para máquina 1002
2025-05-07 12:16:48,034 - INFO - Rango: 2025-05-05 15:30:00 - 2025-05-05 23:30:00
2025-05-07 12:16:48,083 - INFO - No se detectaron conflictos
2025-05-07 12:16:48,084 - INFO - 
Verificando conflictos para máquina 1203
2025-05-07 12:16:48,084 - INFO - Intervalo a verificar: 2025-05-06 15:30:00 - 2025-05-06 23:30:00
2025-05-07 12:16:48,084 - INFO - Prioridad actual: 0
2025-05-07 12:16:48,085 - INFO - 
Obteniendo intervalos para máquina 1203
2025-05-07 12:16:48,085 - INFO - Rango: 2025-05-06 15:30:00 - 2025-05-06 23:30:00
2025-05-07 12:16:48,099 - INFO - No se detectaron conflictos
2025-05-07 12:16:48,100 - INFO - 
Verificando conflictos para máquina 1431
2025-05-07 12:16:48,100 - INFO - Intervalo a verificar: 2025-05-06 16:00:00 - 2025-05-07 00:00:00
2025-05-07 12:16:48,100 - INFO - Prioridad actual: 0
2025-05-07 12:16:48,100 - INFO - 
Obteniendo intervalos para máquina 1431
2025-05-07 12:16:48,100 - INFO - Rango: 2025-05-06 16:00:00 - 2025-05-07 00:00:00
2025-05-07 12:16:48,115 - INFO - No se detectaron conflictos
2025-05-07 12:16:48,116 - INFO - 
Verificando conflictos para máquina 1601
2025-05-07 12:16:48,116 - INFO - Intervalo a verificar: 2025-05-06 17:00:00 - 2025-05-07 01:00:00
2025-05-07 12:16:48,116 - INFO - Prioridad actual: 0
2025-05-07 12:16:48,116 - INFO - 
Obteniendo intervalos para máquina 1601
2025-05-07 12:16:48,116 - INFO - Rango: 2025-05-06 17:00:00 - 2025-05-07 01:00:00
2025-05-07 12:16:48,158 - INFO - No se detectaron conflictos
2025-05-07 12:16:48,159 - INFO - 
Verificando conflictos para máquina 2002
2025-05-07 12:16:48,159 - INFO - Intervalo a verificar: 2025-05-06 17:45:00 - 2025-05-07 01:45:00
2025-05-07 12:16:48,159 - INFO - Prioridad actual: 0
2025-05-07 12:16:48,159 - INFO - 
Obteniendo intervalos para máquina 2002
2025-05-07 12:16:48,159 - INFO - Rango: 2025-05-06 17:45:00 - 2025-05-07 01:45:00
2025-05-07 12:16:48,174 - INFO - No se detectaron conflictos
2025-05-07 12:16:48,174 - INFO - 
Verificando conflictos para máquina 1002
2025-05-07 12:16:48,175 - INFO - Intervalo a verificar: 2025-05-05 16:30:00 - 2025-05-06 00:30:00
2025-05-07 12:16:48,175 - INFO - Prioridad actual: 0
2025-05-07 12:16:48,175 - INFO - 
Obteniendo intervalos para máquina 1002
2025-05-07 12:16:48,175 - INFO - Rango: 2025-05-05 16:30:00 - 2025-05-06 00:30:00
2025-05-07 12:16:48,233 - INFO - No se detectaron conflictos
2025-05-07 12:16:48,234 - INFO - 
Verificando conflictos para máquina 1203
2025-05-07 12:16:48,234 - INFO - Intervalo a verificar: 2025-05-06 16:30:00 - 2025-05-07 00:30:00
2025-05-07 12:16:48,234 - INFO - Prioridad actual: 0
2025-05-07 12:16:48,234 - INFO - 
Obteniendo intervalos para máquina 1203
2025-05-07 12:16:48,234 - INFO - Rango: 2025-05-06 16:30:00 - 2025-05-07 00:30:00
2025-05-07 12:16:48,274 - INFO - No se detectaron conflictos
2025-05-07 12:16:48,275 - INFO - 
Verificando conflictos para máquina 1431
2025-05-07 12:16:48,276 - INFO - Intervalo a verificar: 2025-05-06 17:00:00 - 2025-05-07 01:00:00
2025-05-07 12:16:48,276 - INFO - Prioridad actual: 0
2025-05-07 12:16:48,276 - INFO - 
Obteniendo intervalos para máquina 1431
2025-05-07 12:16:48,276 - INFO - Rango: 2025-05-06 17:00:00 - 2025-05-07 01:00:00
2025-05-07 12:16:48,294 - INFO - No se detectaron conflictos
2025-05-07 12:16:48,295 - INFO - 
Verificando conflictos para máquina 1601
2025-05-07 12:16:48,295 - INFO - Intervalo a verificar: 2025-05-06 17:45:00 - 2025-05-07 01:45:00
2025-05-07 12:16:48,295 - INFO - Prioridad actual: 0
2025-05-07 12:16:48,295 - INFO - 
Obteniendo intervalos para máquina 1601
2025-05-07 12:16:48,295 - INFO - Rango: 2025-05-06 17:45:00 - 2025-05-07 01:45:00
2025-05-07 12:16:48,342 - INFO - No se detectaron conflictos
2025-05-07 12:16:48,343 - INFO - 
Verificando conflictos para máquina 2002
2025-05-07 12:16:48,343 - INFO - Intervalo a verificar: 2025-05-07 08:00:00 - 2025-05-07 16:00:00
2025-05-07 12:16:48,343 - INFO - Prioridad actual: 0
2025-05-07 12:16:48,343 - INFO - 
Obteniendo intervalos para máquina 2002
2025-05-07 12:16:48,343 - INFO - Rango: 2025-05-07 08:00:00 - 2025-05-07 16:00:00
2025-05-07 12:16:48,358 - INFO - No se detectaron conflictos
2025-05-07 12:16:48,359 - INFO - 
Verificando conflictos para máquina 1002
2025-05-07 12:16:48,359 - INFO - Intervalo a verificar: 2025-05-05 17:30:00 - 2025-05-06 01:30:00
2025-05-07 12:16:48,359 - INFO - Prioridad actual: 0
2025-05-07 12:16:48,359 - INFO - 
Obteniendo intervalos para máquina 1002
2025-05-07 12:16:48,359 - INFO - Rango: 2025-05-05 17:30:00 - 2025-05-06 01:30:00
2025-05-07 12:16:48,418 - INFO - No se detectaron conflictos
2025-05-07 12:16:48,421 - INFO - 
Verificando conflictos para máquina 1203
2025-05-07 12:16:48,422 - INFO - Intervalo a verificar: 2025-05-06 17:30:00 - 2025-05-07 01:30:00
2025-05-07 12:16:48,422 - INFO - Prioridad actual: 0
2025-05-07 12:16:48,422 - INFO - 
Obteniendo intervalos para máquina 1203
2025-05-07 12:16:48,422 - INFO - Rango: 2025-05-06 17:30:00 - 2025-05-07 01:30:00
2025-05-07 12:16:48,440 - INFO - No se detectaron conflictos
2025-05-07 12:16:48,441 - INFO - 
Verificando conflictos para máquina 1431
2025-05-07 12:16:48,441 - INFO - Intervalo a verificar: 2025-05-06 17:45:00 - 2025-05-07 01:45:00
2025-05-07 12:16:48,441 - INFO - Prioridad actual: 0
2025-05-07 12:16:48,441 - INFO - 
Obteniendo intervalos para máquina 1431
2025-05-07 12:16:48,441 - INFO - Rango: 2025-05-06 17:45:00 - 2025-05-07 01:45:00
2025-05-07 12:16:48,458 - INFO - No se detectaron conflictos
2025-05-07 12:16:48,459 - INFO - 
Verificando conflictos para máquina 1601
2025-05-07 12:16:48,459 - INFO - Intervalo a verificar: 2025-05-07 08:00:00 - 2025-05-07 16:00:00
2025-05-07 12:16:48,459 - INFO - Prioridad actual: 0
2025-05-07 12:16:48,459 - INFO - 
Obteniendo intervalos para máquina 1601
2025-05-07 12:16:48,459 - INFO - Rango: 2025-05-07 08:00:00 - 2025-05-07 16:00:00
2025-05-07 12:16:48,507 - INFO - No se detectaron conflictos
2025-05-07 12:16:48,508 - INFO - 
Verificando conflictos para máquina 2002
2025-05-07 12:16:48,508 - INFO - Intervalo a verificar: 2025-05-07 09:00:00 - 2025-05-07 17:00:00
2025-05-07 12:16:48,509 - INFO - Prioridad actual: 0
2025-05-07 12:16:48,509 - INFO - 
Obteniendo intervalos para máquina 2002
2025-05-07 12:16:48,509 - INFO - Rango: 2025-05-07 09:00:00 - 2025-05-07 17:00:00
2025-05-07 12:16:48,524 - INFO - No se detectaron conflictos
2025-05-07 12:16:48,525 - INFO - 
Verificando conflictos para máquina 1002
2025-05-07 12:16:48,525 - INFO - Intervalo a verificar: 2025-05-06 07:45:00 - 2025-05-06 15:45:00
2025-05-07 12:16:48,525 - INFO - Prioridad actual: 0
2025-05-07 12:16:48,525 - INFO - 
Obteniendo intervalos para máquina 1002
2025-05-07 12:16:48,525 - INFO - Rango: 2025-05-06 07:45:00 - 2025-05-06 15:45:00
2025-05-07 12:16:48,581 - INFO - No se detectaron conflictos
2025-05-07 12:16:48,582 - INFO - 
Verificando conflictos para máquina 1203
2025-05-07 12:16:48,582 - INFO - Intervalo a verificar: 2025-05-07 07:45:00 - 2025-05-07 15:45:00
2025-05-07 12:16:48,582 - INFO - Prioridad actual: 0
2025-05-07 12:16:48,582 - INFO - 
Obteniendo intervalos para máquina 1203
2025-05-07 12:16:48,582 - INFO - Rango: 2025-05-07 07:45:00 - 2025-05-07 15:45:00
2025-05-07 12:16:48,599 - INFO - No se detectaron conflictos
2025-05-07 12:16:48,600 - INFO - 
Verificando conflictos para máquina 1431
2025-05-07 12:16:48,600 - INFO - Intervalo a verificar: 2025-05-07 11:00:00 - 2025-05-07 19:00:00
2025-05-07 12:16:48,600 - INFO - Prioridad actual: 0
2025-05-07 12:16:48,600 - INFO - 
Obteniendo intervalos para máquina 1431
2025-05-07 12:16:48,601 - INFO - Rango: 2025-05-07 11:00:00 - 2025-05-07 19:00:00
2025-05-07 12:16:48,617 - INFO - No se detectaron conflictos
2025-05-07 12:16:48,618 - INFO - 
Verificando conflictos para máquina 1601
2025-05-07 12:16:48,618 - INFO - Intervalo a verificar: 2025-05-07 15:00:00 - 2025-05-07 23:00:00
2025-05-07 12:16:48,618 - INFO - Prioridad actual: 0
2025-05-07 12:16:48,618 - INFO - 
Obteniendo intervalos para máquina 1601
2025-05-07 12:16:48,619 - INFO - Rango: 2025-05-07 15:00:00 - 2025-05-07 23:00:00
2025-05-07 12:16:48,666 - INFO - No se detectaron conflictos
2025-05-07 12:16:48,667 - INFO - 
Verificando conflictos para máquina 2002
2025-05-07 12:16:48,667 - INFO - Intervalo a verificar: 2025-05-08 08:00:00 - 2025-05-08 16:00:00
2025-05-07 12:16:48,667 - INFO - Prioridad actual: 0
2025-05-07 12:16:48,667 - INFO - 
Obteniendo intervalos para máquina 2002
2025-05-07 12:16:48,667 - INFO - Rango: 2025-05-08 08:00:00 - 2025-05-08 16:00:00
2025-05-07 12:16:48,683 - INFO - No se detectaron conflictos
2025-05-07 12:16:48,684 - INFO - 
Verificando conflictos para máquina 1004
2025-05-07 12:16:48,684 - INFO - Intervalo a verificar: 2025-05-02 07:45:00 - 2025-05-02 15:45:00
2025-05-07 12:16:48,684 - INFO - Prioridad actual: 0
2025-05-07 12:16:48,684 - INFO - 
Obteniendo intervalos para máquina 1004
2025-05-07 12:16:48,684 - INFO - Rango: 2025-05-02 07:45:00 - 2025-05-02 15:45:00
2025-05-07 12:16:48,701 - WARNING - Conflicto detectado con OT 43970
2025-05-07 12:16:48,701 - WARNING - Prioridad del conflicto: 9
2025-05-07 12:16:48,702 - INFO - 
Verificando conflictos para máquina 1004
2025-05-07 12:16:48,702 - INFO - Intervalo a verificar: 2025-05-02 13:00:00 - 2025-05-02 21:00:00
2025-05-07 12:16:48,702 - INFO - Prioridad actual: 0
2025-05-07 12:16:48,702 - INFO - 
Obteniendo intervalos para máquina 1004
2025-05-07 12:16:48,702 - INFO - Rango: 2025-05-02 13:00:00 - 2025-05-02 21:00:00
2025-05-07 12:16:48,715 - INFO - No se detectaron conflictos
2025-05-07 12:16:48,716 - INFO - 
Verificando conflictos para máquina 1315
2025-05-07 12:16:48,716 - INFO - Intervalo a verificar: 2025-05-05 15:30:00 - 2025-05-05 23:30:00
2025-05-07 12:16:48,716 - INFO - Prioridad actual: 0
2025-05-07 12:16:48,716 - INFO - 
Obteniendo intervalos para máquina 1315
2025-05-07 12:16:48,716 - INFO - Rango: 2025-05-05 15:30:00 - 2025-05-05 23:30:00
2025-05-07 12:16:48,728 - INFO - No se detectaron conflictos
2025-05-07 12:16:48,729 - INFO - 
Verificando conflictos para máquina 1315
2025-05-07 12:16:48,730 - INFO - Intervalo a verificar: 2025-05-06 10:00:00 - 2025-05-06 18:00:00
2025-05-07 12:16:48,730 - INFO - Prioridad actual: 0
2025-05-07 12:16:48,730 - INFO - 
Obteniendo intervalos para máquina 1315
2025-05-07 12:16:48,730 - INFO - Rango: 2025-05-06 10:00:00 - 2025-05-06 18:00:00
2025-05-07 12:16:48,743 - INFO - No se detectaron conflictos
2025-05-07 12:16:48,744 - INFO - 
Verificando conflictos para máquina 1001
2025-05-07 12:16:48,744 - INFO - Intervalo a verificar: 2025-05-06 15:00:00 - 2025-05-06 23:00:00
2025-05-07 12:16:48,744 - INFO - Prioridad actual: 0
2025-05-07 12:16:48,744 - INFO - 
Obteniendo intervalos para máquina 1001
2025-05-07 12:16:48,744 - INFO - Rango: 2025-05-06 15:00:00 - 2025-05-06 23:00:00
2025-05-07 12:16:48,761 - INFO - No se detectaron conflictos
2025-05-07 12:16:48,762 - INFO - 
Verificando conflictos para máquina 4002
2025-05-07 12:16:48,762 - INFO - Intervalo a verificar: 2025-05-07 09:00:00 - 2025-05-07 17:00:00
2025-05-07 12:16:48,762 - INFO - Prioridad actual: 0
2025-05-07 12:16:48,762 - INFO - 
Obteniendo intervalos para máquina 4002
2025-05-07 12:16:48,762 - INFO - Rango: 2025-05-07 09:00:00 - 2025-05-07 17:00:00
2025-05-07 12:16:48,770 - INFO - No se detectaron conflictos
2025-05-07 12:16:48,772 - INFO - 
Verificando conflictos para máquina 1001
2025-05-07 12:16:48,772 - INFO - Intervalo a verificar: 2025-05-07 13:00:00 - 2025-05-07 21:00:00
2025-05-07 12:16:48,772 - INFO - Prioridad actual: 0
2025-05-07 12:16:48,772 - INFO - 
Obteniendo intervalos para máquina 1001
2025-05-07 12:16:48,772 - INFO - Rango: 2025-05-07 13:00:00 - 2025-05-07 21:00:00
2025-05-07 12:16:48,783 - INFO - No se detectaron conflictos
2025-05-07 12:16:48,784 - INFO - 
Verificando conflictos para máquina 4002
2025-05-07 12:16:48,784 - INFO - Intervalo a verificar: 2025-05-07 17:45:00 - 2025-05-08 01:45:00
2025-05-07 12:16:48,784 - INFO - Prioridad actual: 0
2025-05-07 12:16:48,784 - INFO - 
Obteniendo intervalos para máquina 4002
2025-05-07 12:16:48,784 - INFO - Rango: 2025-05-07 17:45:00 - 2025-05-08 01:45:00
2025-05-07 12:16:48,792 - INFO - No se detectaron conflictos
2025-05-07 12:16:48,792 - INFO - 
Verificando conflictos para máquina 1205
2025-05-07 12:16:48,793 - INFO - Intervalo a verificar: 2025-05-08 12:00:00 - 2025-05-08 20:00:00
2025-05-07 12:16:48,793 - INFO - Prioridad actual: 0
2025-05-07 12:16:48,793 - INFO - 
Obteniendo intervalos para máquina 1205
2025-05-07 12:16:48,793 - INFO - Rango: 2025-05-08 12:00:00 - 2025-05-08 20:00:00
2025-05-07 12:16:48,826 - INFO - No se detectaron conflictos
2025-05-07 12:16:48,827 - INFO - 
Verificando conflictos para máquina 3421
2025-05-07 12:16:48,827 - INFO - Intervalo a verificar: 2025-05-08 17:00:00 - 2025-05-09 01:00:00
2025-05-07 12:16:48,827 - INFO - Prioridad actual: 0
2025-05-07 12:16:48,827 - INFO - 
Obteniendo intervalos para máquina 3421
2025-05-07 12:16:48,827 - INFO - Rango: 2025-05-08 17:00:00 - 2025-05-09 01:00:00
2025-05-07 12:16:48,845 - INFO - No se detectaron conflictos
2025-05-07 12:16:49,052 - INFO - 
Verificando conflictos para máquina 1002
2025-05-07 12:16:49,052 - INFO - Intervalo a verificar: 2025-05-02 07:45:00 - 2025-05-02 15:45:00
2025-05-07 12:16:49,052 - INFO - Prioridad actual: 0
2025-05-07 12:16:49,052 - INFO - 
Obteniendo intervalos para máquina 1002
2025-05-07 12:16:49,054 - INFO - Rango: 2025-05-02 07:45:00 - 2025-05-02 15:45:00
2025-05-07 12:16:49,124 - WARNING - Conflicto detectado con OT 43952
2025-05-07 12:16:49,125 - WARNING - Prioridad del conflicto: 1
2025-05-07 12:16:49,126 - INFO - 
Verificando conflictos para máquina 1201
2025-05-07 12:16:49,126 - INFO - Intervalo a verificar: 2025-05-02 12:00:00 - 2025-05-02 20:00:00
2025-05-07 12:16:49,126 - INFO - Prioridad actual: 0
2025-05-07 12:16:49,126 - INFO - 
Obteniendo intervalos para máquina 1201
2025-05-07 12:16:49,126 - INFO - Rango: 2025-05-02 12:00:00 - 2025-05-02 20:00:00
2025-05-07 12:16:49,144 - INFO - No se detectaron conflictos
2025-05-07 12:16:49,145 - INFO - 
Verificando conflictos para máquina 1312
2025-05-07 12:16:49,145 - INFO - Intervalo a verificar: 2025-05-02 13:00:00 - 2025-05-02 21:00:00
2025-05-07 12:16:49,146 - INFO - Prioridad actual: 0
2025-05-07 12:16:49,146 - INFO - 
Obteniendo intervalos para máquina 1312
2025-05-07 12:16:49,146 - INFO - Rango: 2025-05-02 13:00:00 - 2025-05-02 21:00:00
2025-05-07 12:16:49,157 - INFO - No se detectaron conflictos
2025-05-07 12:16:49,158 - INFO - 
Verificando conflictos para máquina 1315
2025-05-07 12:16:49,158 - INFO - Intervalo a verificar: 2025-05-05 08:00:00 - 2025-05-05 16:00:00
2025-05-07 12:16:49,159 - INFO - Prioridad actual: 0
2025-05-07 12:16:49,159 - INFO - 
Obteniendo intervalos para máquina 1315
2025-05-07 12:16:49,159 - INFO - Rango: 2025-05-05 08:00:00 - 2025-05-05 16:00:00
2025-05-07 12:16:49,175 - INFO - No se detectaron conflictos
2025-05-07 12:16:49,176 - INFO - 
Verificando conflictos para máquina 1315
2025-05-07 12:16:49,176 - INFO - Intervalo a verificar: 2025-05-05 11:00:00 - 2025-05-05 19:00:00
2025-05-07 12:16:49,176 - INFO - Prioridad actual: 0
2025-05-07 12:16:49,176 - INFO - 
Obteniendo intervalos para máquina 1315
2025-05-07 12:16:49,176 - INFO - Rango: 2025-05-05 11:00:00 - 2025-05-05 19:00:00
2025-05-07 12:16:49,190 - INFO - No se detectaron conflictos
2025-05-07 12:16:49,191 - INFO - 
Verificando conflictos para máquina 1204
2025-05-07 12:16:49,191 - INFO - Intervalo a verificar: 2025-05-05 15:00:00 - 2025-05-05 23:00:00
2025-05-07 12:16:49,191 - INFO - Prioridad actual: 0
2025-05-07 12:16:49,191 - INFO - 
Obteniendo intervalos para máquina 1204
2025-05-07 12:16:49,192 - INFO - Rango: 2025-05-05 15:00:00 - 2025-05-05 23:00:00
2025-05-07 12:16:49,207 - INFO - No se detectaron conflictos
2025-05-07 12:16:49,208 - INFO - 
Verificando conflictos para máquina 1002
2025-05-07 12:16:49,208 - INFO - Intervalo a verificar: 2025-05-02 12:30:00 - 2025-05-02 20:30:00
2025-05-07 12:16:49,208 - INFO - Prioridad actual: 0
2025-05-07 12:16:49,209 - INFO - 
Obteniendo intervalos para máquina 1002
2025-05-07 12:16:49,209 - INFO - Rango: 2025-05-02 12:30:00 - 2025-05-02 20:30:00
2025-05-07 12:16:49,262 - WARNING - Conflicto detectado con OT 43951
2025-05-07 12:16:49,263 - WARNING - Prioridad del conflicto: 2
2025-05-07 12:16:49,264 - INFO - 
Verificando conflictos para máquina 1203
2025-05-07 12:16:49,264 - INFO - Intervalo a verificar: 2025-05-05 15:00:00 - 2025-05-05 23:00:00
2025-05-07 12:16:49,264 - INFO - Prioridad actual: 0
2025-05-07 12:16:49,264 - INFO - 
Obteniendo intervalos para máquina 1203
2025-05-07 12:16:49,264 - INFO - Rango: 2025-05-05 15:00:00 - 2025-05-05 23:00:00
2025-05-07 12:16:49,282 - INFO - No se detectaron conflictos
2025-05-07 12:16:49,283 - INFO - 
Verificando conflictos para máquina 1314
2025-05-07 12:16:49,283 - INFO - Intervalo a verificar: 2025-05-06 15:00:00 - 2025-05-06 23:00:00
2025-05-07 12:16:49,283 - INFO - Prioridad actual: 0
2025-05-07 12:16:49,284 - INFO - 
Obteniendo intervalos para máquina 1314
2025-05-07 12:16:49,284 - INFO - Rango: 2025-05-06 15:00:00 - 2025-05-06 23:00:00
2025-05-07 12:16:49,294 - INFO - No se detectaron conflictos
2025-05-07 12:16:49,295 - INFO - 
Verificando conflictos para máquina 2501
2025-05-07 12:16:49,295 - INFO - Intervalo a verificar: 2025-05-07 15:00:00 - 2025-05-07 23:00:00
2025-05-07 12:16:49,295 - INFO - Prioridad actual: 0
2025-05-07 12:16:49,295 - INFO - 
Obteniendo intervalos para máquina 2501
2025-05-07 12:16:49,295 - INFO - Rango: 2025-05-07 15:00:00 - 2025-05-07 23:00:00
2025-05-07 12:16:49,309 - INFO - No se detectaron conflictos
2025-05-07 12:16:49,310 - INFO - 
Verificando conflictos para máquina 1003
2025-05-07 12:16:49,310 - INFO - Intervalo a verificar: 2025-05-02 07:45:00 - 2025-05-02 15:45:00
2025-05-07 12:16:49,310 - INFO - Prioridad actual: 0
2025-05-07 12:16:49,310 - INFO - 
Obteniendo intervalos para máquina 1003
2025-05-07 12:16:49,310 - INFO - Rango: 2025-05-02 07:45:00 - 2025-05-02 15:45:00
2025-05-07 12:16:49,324 - WARNING - Conflicto detectado con OT 43957
2025-05-07 12:16:49,324 - WARNING - Prioridad del conflicto: 3
2025-05-07 12:16:49,325 - INFO - 
Verificando conflictos para máquina 1201
2025-05-07 12:16:49,325 - INFO - Intervalo a verificar: 2025-05-02 13:30:00 - 2025-05-02 21:30:00
2025-05-07 12:16:49,326 - INFO - Prioridad actual: 0
2025-05-07 12:16:49,326 - INFO - 
Obteniendo intervalos para máquina 1201
2025-05-07 12:16:49,326 - INFO - Rango: 2025-05-02 13:30:00 - 2025-05-02 21:30:00
2025-05-07 12:16:49,344 - INFO - No se detectaron conflictos
2025-05-07 12:16:49,345 - INFO - 
Verificando conflictos para máquina 1313
2025-05-07 12:16:49,345 - INFO - Intervalo a verificar: 2025-05-02 15:00:00 - 2025-05-02 23:00:00
2025-05-07 12:16:49,345 - INFO - Prioridad actual: 0
2025-05-07 12:16:49,345 - INFO - 
Obteniendo intervalos para máquina 1313
2025-05-07 12:16:49,345 - INFO - Rango: 2025-05-02 15:00:00 - 2025-05-02 23:00:00
2025-05-07 12:16:49,389 - INFO - No se detectaron conflictos
2025-05-07 12:16:49,390 - INFO - 
Verificando conflictos para máquina 1313
2025-05-07 12:16:49,390 - INFO - Intervalo a verificar: 2025-05-05 09:00:00 - 2025-05-05 17:00:00
2025-05-07 12:16:49,391 - INFO - Prioridad actual: 0
2025-05-07 12:16:49,391 - INFO - 
Obteniendo intervalos para máquina 1313
2025-05-07 12:16:49,391 - INFO - Rango: 2025-05-05 09:00:00 - 2025-05-05 17:00:00
2025-05-07 12:16:49,424 - INFO - No se detectaron conflictos
2025-05-07 12:16:49,425 - INFO - 
Verificando conflictos para máquina 1601
2025-05-07 12:16:49,425 - INFO - Intervalo a verificar: 2025-05-05 11:00:00 - 2025-05-05 19:00:00
2025-05-07 12:16:49,425 - INFO - Prioridad actual: 0
2025-05-07 12:16:49,425 - INFO - 
Obteniendo intervalos para máquina 1601
2025-05-07 12:16:49,425 - INFO - Rango: 2025-05-05 11:00:00 - 2025-05-05 19:00:00
2025-05-07 12:16:49,463 - INFO - No se detectaron conflictos
2025-05-07 12:16:49,464 - INFO - 
Verificando conflictos para máquina 2006
2025-05-07 12:16:49,464 - INFO - Intervalo a verificar: 2025-05-05 15:00:00 - 2025-05-05 23:00:00
2025-05-07 12:16:49,464 - INFO - Prioridad actual: 0
2025-05-07 12:16:49,464 - INFO - 
Obteniendo intervalos para máquina 2006
2025-05-07 12:16:49,464 - INFO - Rango: 2025-05-05 15:00:00 - 2025-05-05 23:00:00
2025-05-07 12:16:49,476 - INFO - No se detectaron conflictos
2025-05-07 12:16:49,477 - INFO - 
Verificando conflictos para máquina 1205
2025-05-07 12:16:49,477 - INFO - Intervalo a verificar: 2025-05-02 07:45:00 - 2025-05-02 15:45:00
2025-05-07 12:16:49,477 - INFO - Prioridad actual: 0
2025-05-07 12:16:49,477 - INFO - 
Obteniendo intervalos para máquina 1205
2025-05-07 12:16:49,477 - INFO - Rango: 2025-05-02 07:45:00 - 2025-05-02 15:45:00
2025-05-07 12:16:49,502 - WARNING - Conflicto detectado con OT 43949
2025-05-07 12:16:49,502 - WARNING - Prioridad del conflicto: 4
2025-05-07 12:16:49,503 - INFO - 
Verificando conflictos para máquina 1002
2025-05-07 12:16:49,503 - INFO - Intervalo a verificar: 2025-05-05 15:30:00 - 2025-05-05 23:30:00
2025-05-07 12:16:49,503 - INFO - Prioridad actual: 0
2025-05-07 12:16:49,503 - INFO - 
Obteniendo intervalos para máquina 1002
2025-05-07 12:16:49,503 - INFO - Rango: 2025-05-05 15:30:00 - 2025-05-05 23:30:00
2025-05-07 12:16:49,552 - INFO - No se detectaron conflictos
2025-05-07 12:16:49,553 - INFO - 
Verificando conflictos para máquina 1203
2025-05-07 12:16:49,553 - INFO - Intervalo a verificar: 2025-05-06 15:30:00 - 2025-05-06 23:30:00
2025-05-07 12:16:49,553 - INFO - Prioridad actual: 0
2025-05-07 12:16:49,553 - INFO - 
Obteniendo intervalos para máquina 1203
2025-05-07 12:16:49,553 - INFO - Rango: 2025-05-06 15:30:00 - 2025-05-06 23:30:00
2025-05-07 12:16:49,567 - INFO - No se detectaron conflictos
2025-05-07 12:16:49,567 - INFO - 
Verificando conflictos para máquina 1431
2025-05-07 12:16:49,567 - INFO - Intervalo a verificar: 2025-05-06 16:00:00 - 2025-05-07 00:00:00
2025-05-07 12:16:49,568 - INFO - Prioridad actual: 0
2025-05-07 12:16:49,568 - INFO - 
Obteniendo intervalos para máquina 1431
2025-05-07 12:16:49,568 - INFO - Rango: 2025-05-06 16:00:00 - 2025-05-07 00:00:00
2025-05-07 12:16:49,581 - INFO - No se detectaron conflictos
2025-05-07 12:16:49,582 - INFO - 
Verificando conflictos para máquina 1601
2025-05-07 12:16:49,583 - INFO - Intervalo a verificar: 2025-05-06 17:00:00 - 2025-05-07 01:00:00
2025-05-07 12:16:49,583 - INFO - Prioridad actual: 0
2025-05-07 12:16:49,583 - INFO - 
Obteniendo intervalos para máquina 1601
2025-05-07 12:16:49,584 - INFO - Rango: 2025-05-06 17:00:00 - 2025-05-07 01:00:00
2025-05-07 12:16:49,625 - INFO - No se detectaron conflictos
2025-05-07 12:16:49,625 - INFO - 
Verificando conflictos para máquina 2002
2025-05-07 12:16:49,626 - INFO - Intervalo a verificar: 2025-05-06 17:45:00 - 2025-05-07 01:45:00
2025-05-07 12:16:49,626 - INFO - Prioridad actual: 0
2025-05-07 12:16:49,626 - INFO - 
Obteniendo intervalos para máquina 2002
2025-05-07 12:16:49,626 - INFO - Rango: 2025-05-06 17:45:00 - 2025-05-07 01:45:00
2025-05-07 12:16:49,636 - INFO - No se detectaron conflictos
2025-05-07 12:16:49,636 - INFO - 
Verificando conflictos para máquina 1002
2025-05-07 12:16:49,639 - INFO - Intervalo a verificar: 2025-05-05 16:30:00 - 2025-05-06 00:30:00
2025-05-07 12:16:49,639 - INFO - Prioridad actual: 0
2025-05-07 12:16:49,639 - INFO - 
Obteniendo intervalos para máquina 1002
2025-05-07 12:16:49,639 - INFO - Rango: 2025-05-05 16:30:00 - 2025-05-06 00:30:00
2025-05-07 12:16:49,684 - INFO - No se detectaron conflictos
2025-05-07 12:16:49,684 - INFO - 
Verificando conflictos para máquina 1203
2025-05-07 12:16:49,684 - INFO - Intervalo a verificar: 2025-05-06 16:30:00 - 2025-05-07 00:30:00
2025-05-07 12:16:49,684 - INFO - Prioridad actual: 0
2025-05-07 12:16:49,684 - INFO - 
Obteniendo intervalos para máquina 1203
2025-05-07 12:16:49,684 - INFO - Rango: 2025-05-06 16:30:00 - 2025-05-07 00:30:00
2025-05-07 12:16:49,698 - INFO - No se detectaron conflictos
2025-05-07 12:16:49,698 - INFO - 
Verificando conflictos para máquina 1431
2025-05-07 12:16:49,698 - INFO - Intervalo a verificar: 2025-05-06 17:00:00 - 2025-05-07 01:00:00
2025-05-07 12:16:49,698 - INFO - Prioridad actual: 0
2025-05-07 12:16:49,698 - INFO - 
Obteniendo intervalos para máquina 1431
2025-05-07 12:16:49,699 - INFO - Rango: 2025-05-06 17:00:00 - 2025-05-07 01:00:00
2025-05-07 12:16:49,713 - INFO - No se detectaron conflictos
2025-05-07 12:16:49,714 - INFO - 
Verificando conflictos para máquina 1601
2025-05-07 12:16:49,714 - INFO - Intervalo a verificar: 2025-05-06 17:45:00 - 2025-05-07 01:45:00
2025-05-07 12:16:49,714 - INFO - Prioridad actual: 0
2025-05-07 12:16:49,714 - INFO - 
Obteniendo intervalos para máquina 1601
2025-05-07 12:16:49,714 - INFO - Rango: 2025-05-06 17:45:00 - 2025-05-07 01:45:00
2025-05-07 12:16:49,752 - INFO - No se detectaron conflictos
2025-05-07 12:16:49,753 - INFO - 
Verificando conflictos para máquina 2002
2025-05-07 12:16:49,753 - INFO - Intervalo a verificar: 2025-05-07 08:00:00 - 2025-05-07 16:00:00
2025-05-07 12:16:49,753 - INFO - Prioridad actual: 0
2025-05-07 12:16:49,753 - INFO - 
Obteniendo intervalos para máquina 2002
2025-05-07 12:16:49,753 - INFO - Rango: 2025-05-07 08:00:00 - 2025-05-07 16:00:00
2025-05-07 12:16:49,765 - INFO - No se detectaron conflictos
2025-05-07 12:16:49,766 - INFO - 
Verificando conflictos para máquina 1002
2025-05-07 12:16:49,766 - INFO - Intervalo a verificar: 2025-05-05 17:30:00 - 2025-05-06 01:30:00
2025-05-07 12:16:49,766 - INFO - Prioridad actual: 0
2025-05-07 12:16:49,766 - INFO - 
Obteniendo intervalos para máquina 1002
2025-05-07 12:16:49,766 - INFO - Rango: 2025-05-05 17:30:00 - 2025-05-06 01:30:00
2025-05-07 12:16:49,815 - INFO - No se detectaron conflictos
2025-05-07 12:16:49,816 - INFO - 
Verificando conflictos para máquina 1203
2025-05-07 12:16:49,816 - INFO - Intervalo a verificar: 2025-05-06 17:30:00 - 2025-05-07 01:30:00
2025-05-07 12:16:49,816 - INFO - Prioridad actual: 0
2025-05-07 12:16:49,816 - INFO - 
Obteniendo intervalos para máquina 1203
2025-05-07 12:16:49,816 - INFO - Rango: 2025-05-06 17:30:00 - 2025-05-07 01:30:00
2025-05-07 12:16:49,830 - INFO - No se detectaron conflictos
2025-05-07 12:16:49,831 - INFO - 
Verificando conflictos para máquina 1431
2025-05-07 12:16:49,831 - INFO - Intervalo a verificar: 2025-05-06 17:45:00 - 2025-05-07 01:45:00
2025-05-07 12:16:49,831 - INFO - Prioridad actual: 0
2025-05-07 12:16:49,831 - INFO - 
Obteniendo intervalos para máquina 1431
2025-05-07 12:16:49,831 - INFO - Rango: 2025-05-06 17:45:00 - 2025-05-07 01:45:00
2025-05-07 12:16:49,846 - INFO - No se detectaron conflictos
2025-05-07 12:16:49,847 - INFO - 
Verificando conflictos para máquina 1601
2025-05-07 12:16:49,847 - INFO - Intervalo a verificar: 2025-05-07 08:00:00 - 2025-05-07 16:00:00
2025-05-07 12:16:49,847 - INFO - Prioridad actual: 0
2025-05-07 12:16:49,847 - INFO - 
Obteniendo intervalos para máquina 1601
2025-05-07 12:16:49,847 - INFO - Rango: 2025-05-07 08:00:00 - 2025-05-07 16:00:00
2025-05-07 12:16:49,891 - INFO - No se detectaron conflictos
2025-05-07 12:16:49,892 - INFO - 
Verificando conflictos para máquina 2002
2025-05-07 12:16:49,892 - INFO - Intervalo a verificar: 2025-05-07 09:00:00 - 2025-05-07 17:00:00
2025-05-07 12:16:49,892 - INFO - Prioridad actual: 0
2025-05-07 12:16:49,892 - INFO - 
Obteniendo intervalos para máquina 2002
2025-05-07 12:16:49,892 - INFO - Rango: 2025-05-07 09:00:00 - 2025-05-07 17:00:00
2025-05-07 12:16:49,907 - INFO - No se detectaron conflictos
2025-05-07 12:16:49,908 - INFO - 
Verificando conflictos para máquina 1002
2025-05-07 12:16:49,908 - INFO - Intervalo a verificar: 2025-05-06 07:45:00 - 2025-05-06 15:45:00
2025-05-07 12:16:49,908 - INFO - Prioridad actual: 0
2025-05-07 12:16:49,908 - INFO - 
Obteniendo intervalos para máquina 1002
2025-05-07 12:16:49,908 - INFO - Rango: 2025-05-06 07:45:00 - 2025-05-06 15:45:00
2025-05-07 12:16:49,953 - INFO - No se detectaron conflictos
2025-05-07 12:16:49,956 - INFO - 
Verificando conflictos para máquina 1203
2025-05-07 12:16:49,956 - INFO - Intervalo a verificar: 2025-05-07 07:45:00 - 2025-05-07 15:45:00
2025-05-07 12:16:49,956 - INFO - Prioridad actual: 0
2025-05-07 12:16:49,956 - INFO - 
Obteniendo intervalos para máquina 1203
2025-05-07 12:16:49,956 - INFO - Rango: 2025-05-07 07:45:00 - 2025-05-07 15:45:00
2025-05-07 12:16:49,967 - INFO - No se detectaron conflictos
2025-05-07 12:16:49,968 - INFO - 
Verificando conflictos para máquina 1431
2025-05-07 12:16:49,968 - INFO - Intervalo a verificar: 2025-05-07 11:00:00 - 2025-05-07 19:00:00
2025-05-07 12:16:49,968 - INFO - Prioridad actual: 0
2025-05-07 12:16:49,968 - INFO - 
Obteniendo intervalos para máquina 1431
2025-05-07 12:16:49,968 - INFO - Rango: 2025-05-07 11:00:00 - 2025-05-07 19:00:00
2025-05-07 12:16:49,983 - INFO - No se detectaron conflictos
2025-05-07 12:16:49,984 - INFO - 
Verificando conflictos para máquina 1601
2025-05-07 12:16:49,984 - INFO - Intervalo a verificar: 2025-05-07 15:00:00 - 2025-05-07 23:00:00
2025-05-07 12:16:49,985 - INFO - Prioridad actual: 0
2025-05-07 12:16:49,985 - INFO - 
Obteniendo intervalos para máquina 1601
2025-05-07 12:16:49,985 - INFO - Rango: 2025-05-07 15:00:00 - 2025-05-07 23:00:00
2025-05-07 12:16:50,020 - INFO - No se detectaron conflictos
2025-05-07 12:16:50,023 - INFO - 
Verificando conflictos para máquina 2002
2025-05-07 12:16:50,023 - INFO - Intervalo a verificar: 2025-05-08 08:00:00 - 2025-05-08 16:00:00
2025-05-07 12:16:50,023 - INFO - Prioridad actual: 0
2025-05-07 12:16:50,023 - INFO - 
Obteniendo intervalos para máquina 2002
2025-05-07 12:16:50,023 - INFO - Rango: 2025-05-08 08:00:00 - 2025-05-08 16:00:00
2025-05-07 12:16:50,033 - INFO - No se detectaron conflictos
2025-05-07 12:16:50,034 - INFO - 
Verificando conflictos para máquina 1004
2025-05-07 12:16:50,034 - INFO - Intervalo a verificar: 2025-05-02 07:45:00 - 2025-05-02 15:45:00
2025-05-07 12:16:50,034 - INFO - Prioridad actual: 0
2025-05-07 12:16:50,034 - INFO - 
Obteniendo intervalos para máquina 1004
2025-05-07 12:16:50,034 - INFO - Rango: 2025-05-02 07:45:00 - 2025-05-02 15:45:00
2025-05-07 12:16:50,047 - WARNING - Conflicto detectado con OT 43970
2025-05-07 12:16:50,047 - WARNING - Prioridad del conflicto: 9
2025-05-07 12:16:50,048 - INFO - 
Verificando conflictos para máquina 1004
2025-05-07 12:16:50,048 - INFO - Intervalo a verificar: 2025-05-02 13:00:00 - 2025-05-02 21:00:00
2025-05-07 12:16:50,048 - INFO - Prioridad actual: 0
2025-05-07 12:16:50,048 - INFO - 
Obteniendo intervalos para máquina 1004
2025-05-07 12:16:50,048 - INFO - Rango: 2025-05-02 13:00:00 - 2025-05-02 21:00:00
2025-05-07 12:16:50,059 - INFO - No se detectaron conflictos
2025-05-07 12:16:50,059 - INFO - 
Verificando conflictos para máquina 1315
2025-05-07 12:16:50,060 - INFO - Intervalo a verificar: 2025-05-05 15:30:00 - 2025-05-05 23:30:00
2025-05-07 12:16:50,060 - INFO - Prioridad actual: 0
2025-05-07 12:16:50,060 - INFO - 
Obteniendo intervalos para máquina 1315
2025-05-07 12:16:50,060 - INFO - Rango: 2025-05-05 15:30:00 - 2025-05-05 23:30:00
2025-05-07 12:16:50,068 - INFO - No se detectaron conflictos
2025-05-07 12:16:50,069 - INFO - 
Verificando conflictos para máquina 1315
2025-05-07 12:16:50,069 - INFO - Intervalo a verificar: 2025-05-06 10:00:00 - 2025-05-06 18:00:00
2025-05-07 12:16:50,069 - INFO - Prioridad actual: 0
2025-05-07 12:16:50,069 - INFO - 
Obteniendo intervalos para máquina 1315
2025-05-07 12:16:50,069 - INFO - Rango: 2025-05-06 10:00:00 - 2025-05-06 18:00:00
2025-05-07 12:16:50,080 - INFO - No se detectaron conflictos
2025-05-07 12:16:50,081 - INFO - 
Verificando conflictos para máquina 1001
2025-05-07 12:16:50,081 - INFO - Intervalo a verificar: 2025-05-06 15:00:00 - 2025-05-06 23:00:00
2025-05-07 12:16:50,081 - INFO - Prioridad actual: 0
2025-05-07 12:16:50,081 - INFO - 
Obteniendo intervalos para máquina 1001
2025-05-07 12:16:50,081 - INFO - Rango: 2025-05-06 15:00:00 - 2025-05-06 23:00:00
2025-05-07 12:16:50,093 - INFO - No se detectaron conflictos
2025-05-07 12:16:50,093 - INFO - 
Verificando conflictos para máquina 4002
2025-05-07 12:16:50,093 - INFO - Intervalo a verificar: 2025-05-07 09:00:00 - 2025-05-07 17:00:00
2025-05-07 12:16:50,094 - INFO - Prioridad actual: 0
2025-05-07 12:16:50,094 - INFO - 
Obteniendo intervalos para máquina 4002
2025-05-07 12:16:50,094 - INFO - Rango: 2025-05-07 09:00:00 - 2025-05-07 17:00:00
2025-05-07 12:16:50,098 - INFO - No se detectaron conflictos
2025-05-07 12:16:50,098 - INFO - 
Verificando conflictos para máquina 1001
2025-05-07 12:16:50,099 - INFO - Intervalo a verificar: 2025-05-07 13:00:00 - 2025-05-07 21:00:00
2025-05-07 12:16:50,099 - INFO - Prioridad actual: 0
2025-05-07 12:16:50,099 - INFO - 
Obteniendo intervalos para máquina 1001
2025-05-07 12:16:50,099 - INFO - Rango: 2025-05-07 13:00:00 - 2025-05-07 21:00:00
2025-05-07 12:16:50,110 - INFO - No se detectaron conflictos
2025-05-07 12:16:50,111 - INFO - 
Verificando conflictos para máquina 4002
2025-05-07 12:16:50,111 - INFO - Intervalo a verificar: 2025-05-07 17:45:00 - 2025-05-08 01:45:00
2025-05-07 12:16:50,111 - INFO - Prioridad actual: 0
2025-05-07 12:16:50,111 - INFO - 
Obteniendo intervalos para máquina 4002
2025-05-07 12:16:50,111 - INFO - Rango: 2025-05-07 17:45:00 - 2025-05-08 01:45:00
2025-05-07 12:16:50,115 - INFO - No se detectaron conflictos
2025-05-07 12:16:50,116 - INFO - 
Verificando conflictos para máquina 1205
2025-05-07 12:16:50,116 - INFO - Intervalo a verificar: 2025-05-08 12:00:00 - 2025-05-08 20:00:00
2025-05-07 12:16:50,116 - INFO - Prioridad actual: 0
2025-05-07 12:16:50,116 - INFO - 
Obteniendo intervalos para máquina 1205
2025-05-07 12:16:50,116 - INFO - Rango: 2025-05-08 12:00:00 - 2025-05-08 20:00:00
2025-05-07 12:16:50,142 - INFO - No se detectaron conflictos
2025-05-07 12:16:50,142 - INFO - 
Verificando conflictos para máquina 3421
2025-05-07 12:16:50,142 - INFO - Intervalo a verificar: 2025-05-08 17:00:00 - 2025-05-09 01:00:00
2025-05-07 12:16:50,142 - INFO - Prioridad actual: 0
2025-05-07 12:16:50,142 - INFO - 
Obteniendo intervalos para máquina 3421
2025-05-07 12:16:50,142 - INFO - Rango: 2025-05-08 17:00:00 - 2025-05-09 01:00:00
2025-05-07 12:16:50,153 - INFO - No se detectaron conflictos
2025-05-07 12:16:50,301 - INFO - 
Verificando conflictos para máquina 1002
2025-05-07 12:16:50,301 - INFO - Intervalo a verificar: 2025-05-02 07:45:00 - 2025-05-02 15:45:00
2025-05-07 12:16:50,301 - INFO - Prioridad actual: 0
2025-05-07 12:16:50,302 - INFO - 
Obteniendo intervalos para máquina 1002
2025-05-07 12:16:50,302 - INFO - Rango: 2025-05-02 07:45:00 - 2025-05-02 15:45:00
2025-05-07 12:16:50,375 - WARNING - Conflicto detectado con OT 43952
2025-05-07 12:16:50,375 - WARNING - Prioridad del conflicto: 1
2025-05-07 12:16:50,376 - INFO - 
Verificando conflictos para máquina 1201
2025-05-07 12:16:50,376 - INFO - Intervalo a verificar: 2025-05-02 12:00:00 - 2025-05-02 20:00:00
2025-05-07 12:16:50,377 - INFO - Prioridad actual: 0
2025-05-07 12:16:50,377 - INFO - 
Obteniendo intervalos para máquina 1201
2025-05-07 12:16:50,377 - INFO - Rango: 2025-05-02 12:00:00 - 2025-05-02 20:00:00
2025-05-07 12:16:50,391 - INFO - No se detectaron conflictos
2025-05-07 12:16:50,391 - INFO - 
Verificando conflictos para máquina 1312
2025-05-07 12:16:50,392 - INFO - Intervalo a verificar: 2025-05-02 13:00:00 - 2025-05-02 21:00:00
2025-05-07 12:16:50,392 - INFO - Prioridad actual: 0
2025-05-07 12:16:50,392 - INFO - 
Obteniendo intervalos para máquina 1312
2025-05-07 12:16:50,392 - INFO - Rango: 2025-05-02 13:00:00 - 2025-05-02 21:00:00
2025-05-07 12:16:50,402 - INFO - No se detectaron conflictos
2025-05-07 12:16:50,403 - INFO - 
Verificando conflictos para máquina 1315
2025-05-07 12:16:50,403 - INFO - Intervalo a verificar: 2025-05-05 08:00:00 - 2025-05-05 16:00:00
2025-05-07 12:16:50,403 - INFO - Prioridad actual: 0
2025-05-07 12:16:50,403 - INFO - 
Obteniendo intervalos para máquina 1315
2025-05-07 12:16:50,403 - INFO - Rango: 2025-05-05 08:00:00 - 2025-05-05 16:00:00
2025-05-07 12:16:50,418 - INFO - No se detectaron conflictos
2025-05-07 12:16:50,418 - INFO - 
Verificando conflictos para máquina 1315
2025-05-07 12:16:50,419 - INFO - Intervalo a verificar: 2025-05-05 11:00:00 - 2025-05-05 19:00:00
2025-05-07 12:16:50,419 - INFO - Prioridad actual: 0
2025-05-07 12:16:50,419 - INFO - 
Obteniendo intervalos para máquina 1315
2025-05-07 12:16:50,419 - INFO - Rango: 2025-05-05 11:00:00 - 2025-05-05 19:00:00
2025-05-07 12:16:50,429 - INFO - No se detectaron conflictos
2025-05-07 12:16:50,430 - INFO - 
Verificando conflictos para máquina 1204
2025-05-07 12:16:50,430 - INFO - Intervalo a verificar: 2025-05-05 15:00:00 - 2025-05-05 23:00:00
2025-05-07 12:16:50,430 - INFO - Prioridad actual: 0
2025-05-07 12:16:50,430 - INFO - 
Obteniendo intervalos para máquina 1204
2025-05-07 12:16:50,430 - INFO - Rango: 2025-05-05 15:00:00 - 2025-05-05 23:00:00
2025-05-07 12:16:50,444 - INFO - No se detectaron conflictos
2025-05-07 12:16:50,445 - INFO - 
Verificando conflictos para máquina 1002
2025-05-07 12:16:50,445 - INFO - Intervalo a verificar: 2025-05-02 12:30:00 - 2025-05-02 20:30:00
2025-05-07 12:16:50,446 - INFO - Prioridad actual: 0
2025-05-07 12:16:50,446 - INFO - 
Obteniendo intervalos para máquina 1002
2025-05-07 12:16:50,446 - INFO - Rango: 2025-05-02 12:30:00 - 2025-05-02 20:30:00
2025-05-07 12:16:50,503 - WARNING - Conflicto detectado con OT 43951
2025-05-07 12:16:50,503 - WARNING - Prioridad del conflicto: 2
2025-05-07 12:16:50,505 - INFO - 
Verificando conflictos para máquina 1203
2025-05-07 12:16:50,505 - INFO - Intervalo a verificar: 2025-05-05 15:00:00 - 2025-05-05 23:00:00
2025-05-07 12:16:50,505 - INFO - Prioridad actual: 0
2025-05-07 12:16:50,505 - INFO - 
Obteniendo intervalos para máquina 1203
2025-05-07 12:16:50,505 - INFO - Rango: 2025-05-05 15:00:00 - 2025-05-05 23:00:00
2025-05-07 12:16:50,528 - INFO - No se detectaron conflictos
2025-05-07 12:16:50,529 - INFO - 
Verificando conflictos para máquina 1314
2025-05-07 12:16:50,529 - INFO - Intervalo a verificar: 2025-05-06 15:00:00 - 2025-05-06 23:00:00
2025-05-07 12:16:50,529 - INFO - Prioridad actual: 0
2025-05-07 12:16:50,529 - INFO - 
Obteniendo intervalos para máquina 1314
2025-05-07 12:16:50,529 - INFO - Rango: 2025-05-06 15:00:00 - 2025-05-06 23:00:00
2025-05-07 12:16:50,541 - INFO - No se detectaron conflictos
2025-05-07 12:16:50,542 - INFO - 
Verificando conflictos para máquina 2501
2025-05-07 12:16:50,542 - INFO - Intervalo a verificar: 2025-05-07 15:00:00 - 2025-05-07 23:00:00
2025-05-07 12:16:50,542 - INFO - Prioridad actual: 0
2025-05-07 12:16:50,542 - INFO - 
Obteniendo intervalos para máquina 2501
2025-05-07 12:16:50,542 - INFO - Rango: 2025-05-07 15:00:00 - 2025-05-07 23:00:00
2025-05-07 12:16:50,554 - INFO - No se detectaron conflictos
2025-05-07 12:16:50,555 - INFO - 
Verificando conflictos para máquina 1003
2025-05-07 12:16:50,555 - INFO - Intervalo a verificar: 2025-05-02 07:45:00 - 2025-05-02 15:45:00
2025-05-07 12:16:50,555 - INFO - Prioridad actual: 0
2025-05-07 12:16:50,555 - INFO - 
Obteniendo intervalos para máquina 1003
2025-05-07 12:16:50,555 - INFO - Rango: 2025-05-02 07:45:00 - 2025-05-02 15:45:00
2025-05-07 12:16:50,578 - WARNING - Conflicto detectado con OT 43957
2025-05-07 12:16:50,579 - WARNING - Prioridad del conflicto: 3
2025-05-07 12:16:50,580 - INFO - 
Verificando conflictos para máquina 1201
2025-05-07 12:16:50,580 - INFO - Intervalo a verificar: 2025-05-02 13:30:00 - 2025-05-02 21:30:00
2025-05-07 12:16:50,580 - INFO - Prioridad actual: 0
2025-05-07 12:16:50,580 - INFO - 
Obteniendo intervalos para máquina 1201
2025-05-07 12:16:50,580 - INFO - Rango: 2025-05-02 13:30:00 - 2025-05-02 21:30:00
2025-05-07 12:16:50,600 - INFO - No se detectaron conflictos
2025-05-07 12:16:50,602 - INFO - 
Verificando conflictos para máquina 1313
2025-05-07 12:16:50,602 - INFO - Intervalo a verificar: 2025-05-02 15:00:00 - 2025-05-02 23:00:00
2025-05-07 12:16:50,602 - INFO - Prioridad actual: 0
2025-05-07 12:16:50,602 - INFO - 
Obteniendo intervalos para máquina 1313
2025-05-07 12:16:50,602 - INFO - Rango: 2025-05-02 15:00:00 - 2025-05-02 23:00:00
2025-05-07 12:16:50,649 - INFO - No se detectaron conflictos
2025-05-07 12:16:50,650 - INFO - 
Verificando conflictos para máquina 1313
2025-05-07 12:16:50,650 - INFO - Intervalo a verificar: 2025-05-05 09:00:00 - 2025-05-05 17:00:00
2025-05-07 12:16:50,650 - INFO - Prioridad actual: 0
2025-05-07 12:16:50,651 - INFO - 
Obteniendo intervalos para máquina 1313
2025-05-07 12:16:50,651 - INFO - Rango: 2025-05-05 09:00:00 - 2025-05-05 17:00:00
2025-05-07 12:16:50,707 - INFO - No se detectaron conflictos
2025-05-07 12:16:50,711 - INFO - 
Verificando conflictos para máquina 1601
2025-05-07 12:16:50,711 - INFO - Intervalo a verificar: 2025-05-05 11:00:00 - 2025-05-05 19:00:00
2025-05-07 12:16:50,711 - INFO - Prioridad actual: 0
2025-05-07 12:16:50,711 - INFO - 
Obteniendo intervalos para máquina 1601
2025-05-07 12:16:50,711 - INFO - Rango: 2025-05-05 11:00:00 - 2025-05-05 19:00:00
2025-05-07 12:16:50,813 - INFO - No se detectaron conflictos
2025-05-07 12:16:50,814 - INFO - 
Verificando conflictos para máquina 2006
2025-05-07 12:16:50,815 - INFO - Intervalo a verificar: 2025-05-05 15:00:00 - 2025-05-05 23:00:00
2025-05-07 12:16:50,816 - INFO - Prioridad actual: 0
2025-05-07 12:16:50,816 - INFO - 
Obteniendo intervalos para máquina 2006
2025-05-07 12:16:50,817 - INFO - Rango: 2025-05-05 15:00:00 - 2025-05-05 23:00:00
2025-05-07 12:16:50,868 - INFO - No se detectaron conflictos
2025-05-07 12:16:50,872 - INFO - 
Verificando conflictos para máquina 1205
2025-05-07 12:16:50,872 - INFO - Intervalo a verificar: 2025-05-02 07:45:00 - 2025-05-02 15:45:00
2025-05-07 12:16:50,872 - INFO - Prioridad actual: 0
2025-05-07 12:16:50,873 - INFO - 
Obteniendo intervalos para máquina 1205
2025-05-07 12:16:50,874 - INFO - Rango: 2025-05-02 07:45:00 - 2025-05-02 15:45:00
2025-05-07 12:16:50,921 - WARNING - Conflicto detectado con OT 43949
2025-05-07 12:16:50,921 - WARNING - Prioridad del conflicto: 4
2025-05-07 12:16:50,923 - INFO - 
Verificando conflictos para máquina 1002
2025-05-07 12:16:50,924 - INFO - Intervalo a verificar: 2025-05-05 15:30:00 - 2025-05-05 23:30:00
2025-05-07 12:16:50,925 - INFO - Prioridad actual: 0
2025-05-07 12:16:50,925 - INFO - 
Obteniendo intervalos para máquina 1002
2025-05-07 12:16:50,926 - INFO - Rango: 2025-05-05 15:30:00 - 2025-05-05 23:30:00
2025-05-07 12:16:51,031 - INFO - No se detectaron conflictos
2025-05-07 12:16:51,034 - INFO - 
Verificando conflictos para máquina 1203
2025-05-07 12:16:51,036 - INFO - Intervalo a verificar: 2025-05-06 15:30:00 - 2025-05-06 23:30:00
2025-05-07 12:16:51,036 - INFO - Prioridad actual: 0
2025-05-07 12:16:51,040 - INFO - 
Obteniendo intervalos para máquina 1203
2025-05-07 12:16:51,041 - INFO - Rango: 2025-05-06 15:30:00 - 2025-05-06 23:30:00
2025-05-07 12:16:51,118 - INFO - No se detectaron conflictos
2025-05-07 12:16:51,120 - INFO - 
Verificando conflictos para máquina 1431
2025-05-07 12:16:51,121 - INFO - Intervalo a verificar: 2025-05-06 16:00:00 - 2025-05-07 00:00:00
2025-05-07 12:16:51,125 - INFO - Prioridad actual: 0
2025-05-07 12:16:51,125 - INFO - 
Obteniendo intervalos para máquina 1431
2025-05-07 12:16:51,125 - INFO - Rango: 2025-05-06 16:00:00 - 2025-05-07 00:00:00
2025-05-07 12:16:51,164 - INFO - No se detectaron conflictos
2025-05-07 12:16:51,166 - INFO - 
Verificando conflictos para máquina 1601
2025-05-07 12:16:51,167 - INFO - Intervalo a verificar: 2025-05-06 17:00:00 - 2025-05-07 01:00:00
2025-05-07 12:16:51,167 - INFO - Prioridad actual: 0
2025-05-07 12:16:51,168 - INFO - 
Obteniendo intervalos para máquina 1601
2025-05-07 12:16:51,169 - INFO - Rango: 2025-05-06 17:00:00 - 2025-05-07 01:00:00
2025-05-07 12:16:51,235 - INFO - No se detectaron conflictos
2025-05-07 12:16:51,236 - INFO - 
Verificando conflictos para máquina 2002
2025-05-07 12:16:51,236 - INFO - Intervalo a verificar: 2025-05-06 17:45:00 - 2025-05-07 01:45:00
2025-05-07 12:16:51,236 - INFO - Prioridad actual: 0
2025-05-07 12:16:51,236 - INFO - 
Obteniendo intervalos para máquina 2002
2025-05-07 12:16:51,236 - INFO - Rango: 2025-05-06 17:45:00 - 2025-05-07 01:45:00
2025-05-07 12:16:51,261 - INFO - No se detectaron conflictos
2025-05-07 12:16:51,264 - INFO - 
Verificando conflictos para máquina 1002
2025-05-07 12:16:51,265 - INFO - Intervalo a verificar: 2025-05-05 16:30:00 - 2025-05-06 00:30:00
2025-05-07 12:16:51,265 - INFO - Prioridad actual: 0
2025-05-07 12:16:51,266 - INFO - 
Obteniendo intervalos para máquina 1002
2025-05-07 12:16:51,267 - INFO - Rango: 2025-05-05 16:30:00 - 2025-05-06 00:30:00
2025-05-07 12:16:51,345 - INFO - No se detectaron conflictos
2025-05-07 12:16:51,347 - INFO - 
Verificando conflictos para máquina 1203
2025-05-07 12:16:51,348 - INFO - Intervalo a verificar: 2025-05-06 16:30:00 - 2025-05-07 00:30:00
2025-05-07 12:16:51,348 - INFO - Prioridad actual: 0
2025-05-07 12:16:51,349 - INFO - 
Obteniendo intervalos para máquina 1203
2025-05-07 12:16:51,349 - INFO - Rango: 2025-05-06 16:30:00 - 2025-05-07 00:30:00
2025-05-07 12:16:51,379 - INFO - No se detectaron conflictos
2025-05-07 12:16:51,386 - INFO - 
Verificando conflictos para máquina 1431
2025-05-07 12:16:51,387 - INFO - Intervalo a verificar: 2025-05-06 17:00:00 - 2025-05-07 01:00:00
2025-05-07 12:16:51,387 - INFO - Prioridad actual: 0
2025-05-07 12:16:51,389 - INFO - 
Obteniendo intervalos para máquina 1431
2025-05-07 12:16:51,389 - INFO - Rango: 2025-05-06 17:00:00 - 2025-05-07 01:00:00
2025-05-07 12:16:51,428 - INFO - No se detectaron conflictos
2025-05-07 12:16:51,429 - INFO - 
Verificando conflictos para máquina 1601
2025-05-07 12:16:51,429 - INFO - Intervalo a verificar: 2025-05-06 17:45:00 - 2025-05-07 01:45:00
2025-05-07 12:16:51,430 - INFO - Prioridad actual: 0
2025-05-07 12:16:51,430 - INFO - 
Obteniendo intervalos para máquina 1601
2025-05-07 12:16:51,430 - INFO - Rango: 2025-05-06 17:45:00 - 2025-05-07 01:45:00
2025-05-07 12:16:51,487 - INFO - No se detectaron conflictos
2025-05-07 12:16:51,491 - INFO - 
Verificando conflictos para máquina 2002
2025-05-07 12:16:51,491 - INFO - Intervalo a verificar: 2025-05-07 08:00:00 - 2025-05-07 16:00:00
2025-05-07 12:16:51,491 - INFO - Prioridad actual: 0
2025-05-07 12:16:51,492 - INFO - 
Obteniendo intervalos para máquina 2002
2025-05-07 12:16:51,492 - INFO - Rango: 2025-05-07 08:00:00 - 2025-05-07 16:00:00
2025-05-07 12:16:51,510 - INFO - No se detectaron conflictos
2025-05-07 12:16:51,512 - INFO - 
Verificando conflictos para máquina 1002
2025-05-07 12:16:51,512 - INFO - Intervalo a verificar: 2025-05-05 17:30:00 - 2025-05-06 01:30:00
2025-05-07 12:16:51,512 - INFO - Prioridad actual: 0
2025-05-07 12:16:51,512 - INFO - 
Obteniendo intervalos para máquina 1002
2025-05-07 12:16:51,512 - INFO - Rango: 2025-05-05 17:30:00 - 2025-05-06 01:30:00
2025-05-07 12:16:51,628 - INFO - No se detectaron conflictos
2025-05-07 12:16:51,629 - INFO - 
Verificando conflictos para máquina 1203
2025-05-07 12:16:51,629 - INFO - Intervalo a verificar: 2025-05-06 17:30:00 - 2025-05-07 01:30:00
2025-05-07 12:16:51,629 - INFO - Prioridad actual: 0
2025-05-07 12:16:51,630 - INFO - 
Obteniendo intervalos para máquina 1203
2025-05-07 12:16:51,630 - INFO - Rango: 2025-05-06 17:30:00 - 2025-05-07 01:30:00
2025-05-07 12:16:51,685 - INFO - No se detectaron conflictos
2025-05-07 12:16:51,686 - INFO - 
Verificando conflictos para máquina 1431
2025-05-07 12:16:51,687 - INFO - Intervalo a verificar: 2025-05-06 17:45:00 - 2025-05-07 01:45:00
2025-05-07 12:16:51,687 - INFO - Prioridad actual: 0
2025-05-07 12:16:51,687 - INFO - 
Obteniendo intervalos para máquina 1431
2025-05-07 12:16:51,687 - INFO - Rango: 2025-05-06 17:45:00 - 2025-05-07 01:45:00
2025-05-07 12:16:51,713 - INFO - No se detectaron conflictos
2025-05-07 12:16:51,714 - INFO - 
Verificando conflictos para máquina 1601
2025-05-07 12:16:51,714 - INFO - Intervalo a verificar: 2025-05-07 08:00:00 - 2025-05-07 16:00:00
2025-05-07 12:16:51,714 - INFO - Prioridad actual: 0
2025-05-07 12:16:51,714 - INFO - 
Obteniendo intervalos para máquina 1601
2025-05-07 12:16:51,714 - INFO - Rango: 2025-05-07 08:00:00 - 2025-05-07 16:00:00
2025-05-07 12:16:51,769 - INFO - No se detectaron conflictos
2025-05-07 12:16:51,770 - INFO - 
Verificando conflictos para máquina 2002
2025-05-07 12:16:51,771 - INFO - Intervalo a verificar: 2025-05-07 09:00:00 - 2025-05-07 17:00:00
2025-05-07 12:16:51,771 - INFO - Prioridad actual: 0
2025-05-07 12:16:51,771 - INFO - 
Obteniendo intervalos para máquina 2002
2025-05-07 12:16:51,771 - INFO - Rango: 2025-05-07 09:00:00 - 2025-05-07 17:00:00
2025-05-07 12:16:51,784 - INFO - No se detectaron conflictos
2025-05-07 12:16:51,785 - INFO - 
Verificando conflictos para máquina 1002
2025-05-07 12:16:51,785 - INFO - Intervalo a verificar: 2025-05-06 07:45:00 - 2025-05-06 15:45:00
2025-05-07 12:16:51,786 - INFO - Prioridad actual: 0
2025-05-07 12:16:51,786 - INFO - 
Obteniendo intervalos para máquina 1002
2025-05-07 12:16:51,786 - INFO - Rango: 2025-05-06 07:45:00 - 2025-05-06 15:45:00
2025-05-07 12:16:51,834 - INFO - No se detectaron conflictos
2025-05-07 12:16:51,835 - INFO - 
Verificando conflictos para máquina 1203
2025-05-07 12:16:51,836 - INFO - Intervalo a verificar: 2025-05-07 07:45:00 - 2025-05-07 15:45:00
2025-05-07 12:16:51,836 - INFO - Prioridad actual: 0
2025-05-07 12:16:51,836 - INFO - 
Obteniendo intervalos para máquina 1203
2025-05-07 12:16:51,836 - INFO - Rango: 2025-05-07 07:45:00 - 2025-05-07 15:45:00
2025-05-07 12:16:51,852 - INFO - No se detectaron conflictos
2025-05-07 12:16:51,853 - INFO - 
Verificando conflictos para máquina 1431
2025-05-07 12:16:51,854 - INFO - Intervalo a verificar: 2025-05-07 11:00:00 - 2025-05-07 19:00:00
2025-05-07 12:16:51,854 - INFO - Prioridad actual: 0
2025-05-07 12:16:51,854 - INFO - 
Obteniendo intervalos para máquina 1431
2025-05-07 12:16:51,854 - INFO - Rango: 2025-05-07 11:00:00 - 2025-05-07 19:00:00
2025-05-07 12:16:51,868 - INFO - No se detectaron conflictos
2025-05-07 12:16:51,869 - INFO - 
Verificando conflictos para máquina 1601
2025-05-07 12:16:51,869 - INFO - Intervalo a verificar: 2025-05-07 15:00:00 - 2025-05-07 23:00:00
2025-05-07 12:16:51,869 - INFO - Prioridad actual: 0
2025-05-07 12:16:51,869 - INFO - 
Obteniendo intervalos para máquina 1601
2025-05-07 12:16:51,869 - INFO - Rango: 2025-05-07 15:00:00 - 2025-05-07 23:00:00
2025-05-07 12:16:51,907 - INFO - No se detectaron conflictos
2025-05-07 12:16:51,909 - INFO - 
Verificando conflictos para máquina 2002
2025-05-07 12:16:51,909 - INFO - Intervalo a verificar: 2025-05-08 08:00:00 - 2025-05-08 16:00:00
2025-05-07 12:16:51,909 - INFO - Prioridad actual: 0
2025-05-07 12:16:51,909 - INFO - 
Obteniendo intervalos para máquina 2002
2025-05-07 12:16:51,910 - INFO - Rango: 2025-05-08 08:00:00 - 2025-05-08 16:00:00
2025-05-07 12:16:51,921 - INFO - No se detectaron conflictos
2025-05-07 12:16:51,922 - INFO - 
Verificando conflictos para máquina 1004
2025-05-07 12:16:51,923 - INFO - Intervalo a verificar: 2025-05-02 07:45:00 - 2025-05-02 15:45:00
2025-05-07 12:16:51,923 - INFO - Prioridad actual: 0
2025-05-07 12:16:51,923 - INFO - 
Obteniendo intervalos para máquina 1004
2025-05-07 12:16:51,923 - INFO - Rango: 2025-05-02 07:45:00 - 2025-05-02 15:45:00
2025-05-07 12:16:51,934 - WARNING - Conflicto detectado con OT 43970
2025-05-07 12:16:51,934 - WARNING - Prioridad del conflicto: 9
2025-05-07 12:16:51,935 - INFO - 
Verificando conflictos para máquina 1004
2025-05-07 12:16:51,935 - INFO - Intervalo a verificar: 2025-05-02 13:00:00 - 2025-05-02 21:00:00
2025-05-07 12:16:51,935 - INFO - Prioridad actual: 0
2025-05-07 12:16:51,936 - INFO - 
Obteniendo intervalos para máquina 1004
2025-05-07 12:16:51,936 - INFO - Rango: 2025-05-02 13:00:00 - 2025-05-02 21:00:00
2025-05-07 12:16:51,947 - INFO - No se detectaron conflictos
2025-05-07 12:16:51,948 - INFO - 
Verificando conflictos para máquina 1315
2025-05-07 12:16:51,948 - INFO - Intervalo a verificar: 2025-05-05 15:30:00 - 2025-05-05 23:30:00
2025-05-07 12:16:51,949 - INFO - Prioridad actual: 0
2025-05-07 12:16:51,949 - INFO - 
Obteniendo intervalos para máquina 1315
2025-05-07 12:16:51,949 - INFO - Rango: 2025-05-05 15:30:00 - 2025-05-05 23:30:00
2025-05-07 12:16:51,964 - INFO - No se detectaron conflictos
2025-05-07 12:16:51,965 - INFO - 
Verificando conflictos para máquina 1315
2025-05-07 12:16:51,965 - INFO - Intervalo a verificar: 2025-05-06 10:00:00 - 2025-05-06 18:00:00
2025-05-07 12:16:51,965 - INFO - Prioridad actual: 0
2025-05-07 12:16:51,965 - INFO - 
Obteniendo intervalos para máquina 1315
2025-05-07 12:16:51,966 - INFO - Rango: 2025-05-06 10:00:00 - 2025-05-06 18:00:00
2025-05-07 12:16:51,979 - INFO - No se detectaron conflictos
2025-05-07 12:16:51,980 - INFO - 
Verificando conflictos para máquina 1001
2025-05-07 12:16:51,980 - INFO - Intervalo a verificar: 2025-05-06 15:00:00 - 2025-05-06 23:00:00
2025-05-07 12:16:51,980 - INFO - Prioridad actual: 0
2025-05-07 12:16:51,980 - INFO - 
Obteniendo intervalos para máquina 1001
2025-05-07 12:16:51,981 - INFO - Rango: 2025-05-06 15:00:00 - 2025-05-06 23:00:00
2025-05-07 12:16:52,002 - INFO - No se detectaron conflictos
2025-05-07 12:16:52,003 - INFO - 
Verificando conflictos para máquina 4002
2025-05-07 12:16:52,003 - INFO - Intervalo a verificar: 2025-05-07 09:00:00 - 2025-05-07 17:00:00
2025-05-07 12:16:52,003 - INFO - Prioridad actual: 0
2025-05-07 12:16:52,004 - INFO - 
Obteniendo intervalos para máquina 4002
2025-05-07 12:16:52,004 - INFO - Rango: 2025-05-07 09:00:00 - 2025-05-07 17:00:00
2025-05-07 12:16:52,012 - INFO - No se detectaron conflictos
2025-05-07 12:16:52,014 - INFO - 
Verificando conflictos para máquina 1001
2025-05-07 12:16:52,014 - INFO - Intervalo a verificar: 2025-05-07 13:00:00 - 2025-05-07 21:00:00
2025-05-07 12:16:52,014 - INFO - Prioridad actual: 0
2025-05-07 12:16:52,015 - INFO - 
Obteniendo intervalos para máquina 1001
2025-05-07 12:16:52,015 - INFO - Rango: 2025-05-07 13:00:00 - 2025-05-07 21:00:00
2025-05-07 12:16:52,028 - INFO - No se detectaron conflictos
2025-05-07 12:16:52,029 - INFO - 
Verificando conflictos para máquina 4002
2025-05-07 12:16:52,029 - INFO - Intervalo a verificar: 2025-05-07 17:45:00 - 2025-05-08 01:45:00
2025-05-07 12:16:52,029 - INFO - Prioridad actual: 0
2025-05-07 12:16:52,030 - INFO - 
Obteniendo intervalos para máquina 4002
2025-05-07 12:16:52,030 - INFO - Rango: 2025-05-07 17:45:00 - 2025-05-08 01:45:00
2025-05-07 12:16:52,035 - INFO - No se detectaron conflictos
2025-05-07 12:16:52,036 - INFO - 
Verificando conflictos para máquina 1205
2025-05-07 12:16:52,036 - INFO - Intervalo a verificar: 2025-05-08 12:00:00 - 2025-05-08 20:00:00
2025-05-07 12:16:52,037 - INFO - Prioridad actual: 0
2025-05-07 12:16:52,037 - INFO - 
Obteniendo intervalos para máquina 1205
2025-05-07 12:16:52,037 - INFO - Rango: 2025-05-08 12:00:00 - 2025-05-08 20:00:00
2025-05-07 12:16:52,065 - INFO - No se detectaron conflictos
2025-05-07 12:16:52,066 - INFO - 
Verificando conflictos para máquina 3421
2025-05-07 12:16:52,066 - INFO - Intervalo a verificar: 2025-05-08 17:00:00 - 2025-05-09 01:00:00
2025-05-07 12:16:52,066 - INFO - Prioridad actual: 0
2025-05-07 12:16:52,066 - INFO - 
Obteniendo intervalos para máquina 3421
2025-05-07 12:16:52,066 - INFO - Rango: 2025-05-08 17:00:00 - 2025-05-09 01:00:00
2025-05-07 12:16:52,082 - INFO - No se detectaron conflictos
2025-05-07 12:16:52,231 - INFO - 
Verificando conflictos para máquina 1002
2025-05-07 12:16:52,231 - INFO - Intervalo a verificar: 2025-05-02 07:45:00 - 2025-05-02 15:45:00
2025-05-07 12:16:52,231 - INFO - Prioridad actual: 0
2025-05-07 12:16:52,231 - INFO - 
Obteniendo intervalos para máquina 1002
2025-05-07 12:16:52,231 - INFO - Rango: 2025-05-02 07:45:00 - 2025-05-02 15:45:00
2025-05-07 12:16:52,291 - WARNING - Conflicto detectado con OT 43952
2025-05-07 12:16:52,291 - WARNING - Prioridad del conflicto: 1
2025-05-07 12:16:52,293 - INFO - 
Verificando conflictos para máquina 1201
2025-05-07 12:16:52,293 - INFO - Intervalo a verificar: 2025-05-02 12:00:00 - 2025-05-02 20:00:00
2025-05-07 12:16:52,293 - INFO - Prioridad actual: 0
2025-05-07 12:16:52,294 - INFO - 
Obteniendo intervalos para máquina 1201
2025-05-07 12:16:52,294 - INFO - Rango: 2025-05-02 12:00:00 - 2025-05-02 20:00:00
2025-05-07 12:16:52,312 - INFO - No se detectaron conflictos
2025-05-07 12:16:52,314 - INFO - 
Verificando conflictos para máquina 1312
2025-05-07 12:16:52,314 - INFO - Intervalo a verificar: 2025-05-02 13:00:00 - 2025-05-02 21:00:00
2025-05-07 12:16:52,314 - INFO - Prioridad actual: 0
2025-05-07 12:16:52,314 - INFO - 
Obteniendo intervalos para máquina 1312
2025-05-07 12:16:52,314 - INFO - Rango: 2025-05-02 13:00:00 - 2025-05-02 21:00:00
2025-05-07 12:16:52,323 - INFO - No se detectaron conflictos
2025-05-07 12:16:52,324 - INFO - 
Verificando conflictos para máquina 1315
2025-05-07 12:16:52,325 - INFO - Intervalo a verificar: 2025-05-05 08:00:00 - 2025-05-05 16:00:00
2025-05-07 12:16:52,326 - INFO - Prioridad actual: 0
2025-05-07 12:16:52,326 - INFO - 
Obteniendo intervalos para máquina 1315
2025-05-07 12:16:52,327 - INFO - Rango: 2025-05-05 08:00:00 - 2025-05-05 16:00:00
2025-05-07 12:16:52,338 - INFO - No se detectaron conflictos
2025-05-07 12:16:52,340 - INFO - 
Verificando conflictos para máquina 1315
2025-05-07 12:16:52,341 - INFO - Intervalo a verificar: 2025-05-05 11:00:00 - 2025-05-05 19:00:00
2025-05-07 12:16:52,341 - INFO - Prioridad actual: 0
2025-05-07 12:16:52,341 - INFO - 
Obteniendo intervalos para máquina 1315
2025-05-07 12:16:52,341 - INFO - Rango: 2025-05-05 11:00:00 - 2025-05-05 19:00:00
2025-05-07 12:16:52,352 - INFO - No se detectaron conflictos
2025-05-07 12:16:52,353 - INFO - 
Verificando conflictos para máquina 1204
2025-05-07 12:16:52,354 - INFO - Intervalo a verificar: 2025-05-05 15:00:00 - 2025-05-05 23:00:00
2025-05-07 12:16:52,354 - INFO - Prioridad actual: 0
2025-05-07 12:16:52,354 - INFO - 
Obteniendo intervalos para máquina 1204
2025-05-07 12:16:52,354 - INFO - Rango: 2025-05-05 15:00:00 - 2025-05-05 23:00:00
2025-05-07 12:16:52,371 - INFO - No se detectaron conflictos
2025-05-07 12:16:52,372 - INFO - 
Verificando conflictos para máquina 1002
2025-05-07 12:16:52,373 - INFO - Intervalo a verificar: 2025-05-02 12:30:00 - 2025-05-02 20:30:00
2025-05-07 12:16:52,373 - INFO - Prioridad actual: 0
2025-05-07 12:16:52,373 - INFO - 
Obteniendo intervalos para máquina 1002
2025-05-07 12:16:52,373 - INFO - Rango: 2025-05-02 12:30:00 - 2025-05-02 20:30:00
2025-05-07 12:16:52,430 - WARNING - Conflicto detectado con OT 43951
2025-05-07 12:16:52,430 - WARNING - Prioridad del conflicto: 2
2025-05-07 12:16:52,432 - INFO - 
Verificando conflictos para máquina 1203
2025-05-07 12:16:52,432 - INFO - Intervalo a verificar: 2025-05-05 15:00:00 - 2025-05-05 23:00:00
2025-05-07 12:16:52,432 - INFO - Prioridad actual: 0
2025-05-07 12:16:52,432 - INFO - 
Obteniendo intervalos para máquina 1203
2025-05-07 12:16:52,432 - INFO - Rango: 2025-05-05 15:00:00 - 2025-05-05 23:00:00
2025-05-07 12:16:52,453 - INFO - No se detectaron conflictos
2025-05-07 12:16:52,454 - INFO - 
Verificando conflictos para máquina 1314
2025-05-07 12:16:52,455 - INFO - Intervalo a verificar: 2025-05-06 15:00:00 - 2025-05-06 23:00:00
2025-05-07 12:16:52,455 - INFO - Prioridad actual: 0
2025-05-07 12:16:52,455 - INFO - 
Obteniendo intervalos para máquina 1314
2025-05-07 12:16:52,455 - INFO - Rango: 2025-05-06 15:00:00 - 2025-05-06 23:00:00
2025-05-07 12:16:52,467 - INFO - No se detectaron conflictos
2025-05-07 12:16:52,468 - INFO - 
Verificando conflictos para máquina 2501
2025-05-07 12:16:52,468 - INFO - Intervalo a verificar: 2025-05-07 15:00:00 - 2025-05-07 23:00:00
2025-05-07 12:16:52,468 - INFO - Prioridad actual: 0
2025-05-07 12:16:52,468 - INFO - 
Obteniendo intervalos para máquina 2501
2025-05-07 12:16:52,468 - INFO - Rango: 2025-05-07 15:00:00 - 2025-05-07 23:00:00
2025-05-07 12:16:52,479 - INFO - No se detectaron conflictos
2025-05-07 12:16:52,481 - INFO - 
Verificando conflictos para máquina 1003
2025-05-07 12:16:52,481 - INFO - Intervalo a verificar: 2025-05-02 07:45:00 - 2025-05-02 15:45:00
2025-05-07 12:16:52,481 - INFO - Prioridad actual: 0
2025-05-07 12:16:52,481 - INFO - 
Obteniendo intervalos para máquina 1003
2025-05-07 12:16:52,481 - INFO - Rango: 2025-05-02 07:45:00 - 2025-05-02 15:45:00
2025-05-07 12:16:52,491 - WARNING - Conflicto detectado con OT 43957
2025-05-07 12:16:52,491 - WARNING - Prioridad del conflicto: 3
2025-05-07 12:16:52,492 - INFO - 
Verificando conflictos para máquina 1201
2025-05-07 12:16:52,492 - INFO - Intervalo a verificar: 2025-05-02 13:30:00 - 2025-05-02 21:30:00
2025-05-07 12:16:52,493 - INFO - Prioridad actual: 0
2025-05-07 12:16:52,493 - INFO - 
Obteniendo intervalos para máquina 1201
2025-05-07 12:16:52,493 - INFO - Rango: 2025-05-02 13:30:00 - 2025-05-02 21:30:00
2025-05-07 12:16:52,504 - INFO - No se detectaron conflictos
2025-05-07 12:16:52,505 - INFO - 
Verificando conflictos para máquina 1313
2025-05-07 12:16:52,505 - INFO - Intervalo a verificar: 2025-05-02 15:00:00 - 2025-05-02 23:00:00
2025-05-07 12:16:52,505 - INFO - Prioridad actual: 0
2025-05-07 12:16:52,506 - INFO - 
Obteniendo intervalos para máquina 1313
2025-05-07 12:16:52,506 - INFO - Rango: 2025-05-02 15:00:00 - 2025-05-02 23:00:00
2025-05-07 12:16:52,533 - INFO - No se detectaron conflictos
2025-05-07 12:16:52,534 - INFO - 
Verificando conflictos para máquina 1313
2025-05-07 12:16:52,534 - INFO - Intervalo a verificar: 2025-05-05 09:00:00 - 2025-05-05 17:00:00
2025-05-07 12:16:52,534 - INFO - Prioridad actual: 0
2025-05-07 12:16:52,534 - INFO - 
Obteniendo intervalos para máquina 1313
2025-05-07 12:16:52,534 - INFO - Rango: 2025-05-05 09:00:00 - 2025-05-05 17:00:00
2025-05-07 12:16:52,572 - INFO - No se detectaron conflictos
2025-05-07 12:16:52,573 - INFO - 
Verificando conflictos para máquina 1601
2025-05-07 12:16:52,573 - INFO - Intervalo a verificar: 2025-05-05 11:00:00 - 2025-05-05 19:00:00
2025-05-07 12:16:52,573 - INFO - Prioridad actual: 0
2025-05-07 12:16:52,573 - INFO - 
Obteniendo intervalos para máquina 1601
2025-05-07 12:16:52,573 - INFO - Rango: 2025-05-05 11:00:00 - 2025-05-05 19:00:00
2025-05-07 12:16:52,614 - INFO - No se detectaron conflictos
2025-05-07 12:16:52,616 - INFO - 
Verificando conflictos para máquina 2006
2025-05-07 12:16:52,616 - INFO - Intervalo a verificar: 2025-05-05 15:00:00 - 2025-05-05 23:00:00
2025-05-07 12:16:52,616 - INFO - Prioridad actual: 0
2025-05-07 12:16:52,616 - INFO - 
Obteniendo intervalos para máquina 2006
2025-05-07 12:16:52,616 - INFO - Rango: 2025-05-05 15:00:00 - 2025-05-05 23:00:00
2025-05-07 12:16:52,626 - INFO - No se detectaron conflictos
2025-05-07 12:16:52,627 - INFO - 
Verificando conflictos para máquina 1205
2025-05-07 12:16:52,628 - INFO - Intervalo a verificar: 2025-05-02 07:45:00 - 2025-05-02 15:45:00
2025-05-07 12:16:52,628 - INFO - Prioridad actual: 0
2025-05-07 12:16:52,628 - INFO - 
Obteniendo intervalos para máquina 1205
2025-05-07 12:16:52,628 - INFO - Rango: 2025-05-02 07:45:00 - 2025-05-02 15:45:00
2025-05-07 12:16:52,714 - WARNING - Conflicto detectado con OT 43949
2025-05-07 12:16:52,714 - WARNING - Prioridad del conflicto: 4
2025-05-07 12:16:52,715 - INFO - 
Verificando conflictos para máquina 1002
2025-05-07 12:16:52,715 - INFO - Intervalo a verificar: 2025-05-05 15:30:00 - 2025-05-05 23:30:00
2025-05-07 12:16:52,715 - INFO - Prioridad actual: 0
2025-05-07 12:16:52,715 - INFO - 
Obteniendo intervalos para máquina 1002
2025-05-07 12:16:52,716 - INFO - Rango: 2025-05-05 15:30:00 - 2025-05-05 23:30:00
2025-05-07 12:16:52,773 - INFO - No se detectaron conflictos
2025-05-07 12:16:52,775 - INFO - 
Verificando conflictos para máquina 1203
2025-05-07 12:16:52,775 - INFO - Intervalo a verificar: 2025-05-06 15:30:00 - 2025-05-06 23:30:00
2025-05-07 12:16:52,775 - INFO - Prioridad actual: 0
2025-05-07 12:16:52,775 - INFO - 
Obteniendo intervalos para máquina 1203
2025-05-07 12:16:52,775 - INFO - Rango: 2025-05-06 15:30:00 - 2025-05-06 23:30:00
2025-05-07 12:16:52,790 - INFO - No se detectaron conflictos
2025-05-07 12:16:52,792 - INFO - 
Verificando conflictos para máquina 1431
2025-05-07 12:16:52,792 - INFO - Intervalo a verificar: 2025-05-06 16:00:00 - 2025-05-07 00:00:00
2025-05-07 12:16:52,792 - INFO - Prioridad actual: 0
2025-05-07 12:16:52,792 - INFO - 
Obteniendo intervalos para máquina 1431
2025-05-07 12:16:52,792 - INFO - Rango: 2025-05-06 16:00:00 - 2025-05-07 00:00:00
2025-05-07 12:16:52,805 - INFO - No se detectaron conflictos
2025-05-07 12:16:52,806 - INFO - 
Verificando conflictos para máquina 1601
2025-05-07 12:16:52,806 - INFO - Intervalo a verificar: 2025-05-06 17:00:00 - 2025-05-07 01:00:00
2025-05-07 12:16:52,806 - INFO - Prioridad actual: 0
2025-05-07 12:16:52,806 - INFO - 
Obteniendo intervalos para máquina 1601
2025-05-07 12:16:52,806 - INFO - Rango: 2025-05-06 17:00:00 - 2025-05-07 01:00:00
2025-05-07 12:16:52,849 - INFO - No se detectaron conflictos
2025-05-07 12:16:52,850 - INFO - 
Verificando conflictos para máquina 2002
2025-05-07 12:16:52,850 - INFO - Intervalo a verificar: 2025-05-06 17:45:00 - 2025-05-07 01:45:00
2025-05-07 12:16:52,850 - INFO - Prioridad actual: 0
2025-05-07 12:16:52,850 - INFO - 
Obteniendo intervalos para máquina 2002
2025-05-07 12:16:52,850 - INFO - Rango: 2025-05-06 17:45:00 - 2025-05-07 01:45:00
2025-05-07 12:16:52,861 - INFO - No se detectaron conflictos
2025-05-07 12:16:52,862 - INFO - 
Verificando conflictos para máquina 1002
2025-05-07 12:16:52,862 - INFO - Intervalo a verificar: 2025-05-05 16:30:00 - 2025-05-06 00:30:00
2025-05-07 12:16:52,862 - INFO - Prioridad actual: 0
2025-05-07 12:16:52,862 - INFO - 
Obteniendo intervalos para máquina 1002
2025-05-07 12:16:52,862 - INFO - Rango: 2025-05-05 16:30:00 - 2025-05-06 00:30:00
2025-05-07 12:16:52,903 - INFO - No se detectaron conflictos
2025-05-07 12:16:52,903 - INFO - 
Verificando conflictos para máquina 1203
2025-05-07 12:16:52,903 - INFO - Intervalo a verificar: 2025-05-06 16:30:00 - 2025-05-07 00:30:00
2025-05-07 12:16:52,904 - INFO - Prioridad actual: 0
2025-05-07 12:16:52,904 - INFO - 
Obteniendo intervalos para máquina 1203
2025-05-07 12:16:52,904 - INFO - Rango: 2025-05-06 16:30:00 - 2025-05-07 00:30:00
2025-05-07 12:16:52,917 - INFO - No se detectaron conflictos
2025-05-07 12:16:52,918 - INFO - 
Verificando conflictos para máquina 1431
2025-05-07 12:16:52,918 - INFO - Intervalo a verificar: 2025-05-06 17:00:00 - 2025-05-07 01:00:00
2025-05-07 12:16:52,918 - INFO - Prioridad actual: 0
2025-05-07 12:16:52,919 - INFO - 
Obteniendo intervalos para máquina 1431
2025-05-07 12:16:52,919 - INFO - Rango: 2025-05-06 17:00:00 - 2025-05-07 01:00:00
2025-05-07 12:16:52,932 - INFO - No se detectaron conflictos
2025-05-07 12:16:52,933 - INFO - 
Verificando conflictos para máquina 1601
2025-05-07 12:16:52,933 - INFO - Intervalo a verificar: 2025-05-06 17:45:00 - 2025-05-07 01:45:00
2025-05-07 12:16:52,933 - INFO - Prioridad actual: 0
2025-05-07 12:16:52,933 - INFO - 
Obteniendo intervalos para máquina 1601
2025-05-07 12:16:52,933 - INFO - Rango: 2025-05-06 17:45:00 - 2025-05-07 01:45:00
2025-05-07 12:16:52,970 - INFO - No se detectaron conflictos
2025-05-07 12:16:52,971 - INFO - 
Verificando conflictos para máquina 2002
2025-05-07 12:16:52,971 - INFO - Intervalo a verificar: 2025-05-07 08:00:00 - 2025-05-07 16:00:00
2025-05-07 12:16:52,971 - INFO - Prioridad actual: 0
2025-05-07 12:16:52,971 - INFO - 
Obteniendo intervalos para máquina 2002
2025-05-07 12:16:52,971 - INFO - Rango: 2025-05-07 08:00:00 - 2025-05-07 16:00:00
2025-05-07 12:16:52,983 - INFO - No se detectaron conflictos
2025-05-07 12:16:52,984 - INFO - 
Verificando conflictos para máquina 1002
2025-05-07 12:16:52,984 - INFO - Intervalo a verificar: 2025-05-05 17:30:00 - 2025-05-06 01:30:00
2025-05-07 12:16:52,984 - INFO - Prioridad actual: 0
2025-05-07 12:16:52,984 - INFO - 
Obteniendo intervalos para máquina 1002
2025-05-07 12:16:52,984 - INFO - Rango: 2025-05-05 17:30:00 - 2025-05-06 01:30:00
2025-05-07 12:16:53,029 - INFO - No se detectaron conflictos
2025-05-07 12:16:53,030 - INFO - 
Verificando conflictos para máquina 1203
2025-05-07 12:16:53,031 - INFO - Intervalo a verificar: 2025-05-06 17:30:00 - 2025-05-07 01:30:00
2025-05-07 12:16:53,031 - INFO - Prioridad actual: 0
2025-05-07 12:16:53,031 - INFO - 
Obteniendo intervalos para máquina 1203
2025-05-07 12:16:53,031 - INFO - Rango: 2025-05-06 17:30:00 - 2025-05-07 01:30:00
2025-05-07 12:16:53,043 - INFO - No se detectaron conflictos
2025-05-07 12:16:53,045 - INFO - 
Verificando conflictos para máquina 1431
2025-05-07 12:16:53,045 - INFO - Intervalo a verificar: 2025-05-06 17:45:00 - 2025-05-07 01:45:00
2025-05-07 12:16:53,045 - INFO - Prioridad actual: 0
2025-05-07 12:16:53,046 - INFO - 
Obteniendo intervalos para máquina 1431
2025-05-07 12:16:53,046 - INFO - Rango: 2025-05-06 17:45:00 - 2025-05-07 01:45:00
2025-05-07 12:16:53,056 - INFO - No se detectaron conflictos
2025-05-07 12:16:53,057 - INFO - 
Verificando conflictos para máquina 1601
2025-05-07 12:16:53,057 - INFO - Intervalo a verificar: 2025-05-07 08:00:00 - 2025-05-07 16:00:00
2025-05-07 12:16:53,058 - INFO - Prioridad actual: 0
2025-05-07 12:16:53,058 - INFO - 
Obteniendo intervalos para máquina 1601
2025-05-07 12:16:53,058 - INFO - Rango: 2025-05-07 08:00:00 - 2025-05-07 16:00:00
2025-05-07 12:16:53,095 - INFO - No se detectaron conflictos
2025-05-07 12:16:53,095 - INFO - 
Verificando conflictos para máquina 2002
2025-05-07 12:16:53,096 - INFO - Intervalo a verificar: 2025-05-07 09:00:00 - 2025-05-07 17:00:00
2025-05-07 12:16:53,096 - INFO - Prioridad actual: 0
2025-05-07 12:16:53,096 - INFO - 
Obteniendo intervalos para máquina 2002
2025-05-07 12:16:53,096 - INFO - Rango: 2025-05-07 09:00:00 - 2025-05-07 17:00:00
2025-05-07 12:16:53,108 - INFO - No se detectaron conflictos
2025-05-07 12:16:53,109 - INFO - 
Verificando conflictos para máquina 1002
2025-05-07 12:16:53,109 - INFO - Intervalo a verificar: 2025-05-06 07:45:00 - 2025-05-06 15:45:00
2025-05-07 12:16:53,109 - INFO - Prioridad actual: 0
2025-05-07 12:16:53,110 - INFO - 
Obteniendo intervalos para máquina 1002
2025-05-07 12:16:53,110 - INFO - Rango: 2025-05-06 07:45:00 - 2025-05-06 15:45:00
2025-05-07 12:16:53,152 - INFO - No se detectaron conflictos
2025-05-07 12:16:53,152 - INFO - 
Verificando conflictos para máquina 1203
2025-05-07 12:16:53,153 - INFO - Intervalo a verificar: 2025-05-07 07:45:00 - 2025-05-07 15:45:00
2025-05-07 12:16:53,153 - INFO - Prioridad actual: 0
2025-05-07 12:16:53,153 - INFO - 
Obteniendo intervalos para máquina 1203
2025-05-07 12:16:53,153 - INFO - Rango: 2025-05-07 07:45:00 - 2025-05-07 15:45:00
2025-05-07 12:16:53,167 - INFO - No se detectaron conflictos
2025-05-07 12:16:53,168 - INFO - 
Verificando conflictos para máquina 1431
2025-05-07 12:16:53,168 - INFO - Intervalo a verificar: 2025-05-07 11:00:00 - 2025-05-07 19:00:00
2025-05-07 12:16:53,169 - INFO - Prioridad actual: 0
2025-05-07 12:16:53,169 - INFO - 
Obteniendo intervalos para máquina 1431
2025-05-07 12:16:53,169 - INFO - Rango: 2025-05-07 11:00:00 - 2025-05-07 19:00:00
2025-05-07 12:16:53,182 - INFO - No se detectaron conflictos
2025-05-07 12:16:53,183 - INFO - 
Verificando conflictos para máquina 1601
2025-05-07 12:16:53,183 - INFO - Intervalo a verificar: 2025-05-07 15:00:00 - 2025-05-07 23:00:00
2025-05-07 12:16:53,183 - INFO - Prioridad actual: 0
2025-05-07 12:16:53,183 - INFO - 
Obteniendo intervalos para máquina 1601
2025-05-07 12:16:53,183 - INFO - Rango: 2025-05-07 15:00:00 - 2025-05-07 23:00:00
2025-05-07 12:16:53,218 - INFO - No se detectaron conflictos
2025-05-07 12:16:53,218 - INFO - 
Verificando conflictos para máquina 2002
2025-05-07 12:16:53,218 - INFO - Intervalo a verificar: 2025-05-08 08:00:00 - 2025-05-08 16:00:00
2025-05-07 12:16:53,219 - INFO - Prioridad actual: 0
2025-05-07 12:16:53,219 - INFO - 
Obteniendo intervalos para máquina 2002
2025-05-07 12:16:53,219 - INFO - Rango: 2025-05-08 08:00:00 - 2025-05-08 16:00:00
2025-05-07 12:16:53,230 - INFO - No se detectaron conflictos
2025-05-07 12:16:53,231 - INFO - 
Verificando conflictos para máquina 1004
2025-05-07 12:16:53,231 - INFO - Intervalo a verificar: 2025-05-02 07:45:00 - 2025-05-02 15:45:00
2025-05-07 12:16:53,232 - INFO - Prioridad actual: 0
2025-05-07 12:16:53,232 - INFO - 
Obteniendo intervalos para máquina 1004
2025-05-07 12:16:53,232 - INFO - Rango: 2025-05-02 07:45:00 - 2025-05-02 15:45:00
2025-05-07 12:16:53,240 - WARNING - Conflicto detectado con OT 43970
2025-05-07 12:16:53,240 - WARNING - Prioridad del conflicto: 9
2025-05-07 12:16:53,241 - INFO - 
Verificando conflictos para máquina 1004
2025-05-07 12:16:53,241 - INFO - Intervalo a verificar: 2025-05-02 13:00:00 - 2025-05-02 21:00:00
2025-05-07 12:16:53,242 - INFO - Prioridad actual: 0
2025-05-07 12:16:53,242 - INFO - 
Obteniendo intervalos para máquina 1004
2025-05-07 12:16:53,242 - INFO - Rango: 2025-05-02 13:00:00 - 2025-05-02 21:00:00
2025-05-07 12:16:53,252 - INFO - No se detectaron conflictos
2025-05-07 12:16:53,253 - INFO - 
Verificando conflictos para máquina 1315
2025-05-07 12:16:53,253 - INFO - Intervalo a verificar: 2025-05-05 15:30:00 - 2025-05-05 23:30:00
2025-05-07 12:16:53,253 - INFO - Prioridad actual: 0
2025-05-07 12:16:53,253 - INFO - 
Obteniendo intervalos para máquina 1315
2025-05-07 12:16:53,253 - INFO - Rango: 2025-05-05 15:30:00 - 2025-05-05 23:30:00
2025-05-07 12:16:53,264 - INFO - No se detectaron conflictos
2025-05-07 12:16:53,265 - INFO - 
Verificando conflictos para máquina 1315
2025-05-07 12:16:53,265 - INFO - Intervalo a verificar: 2025-05-06 10:00:00 - 2025-05-06 18:00:00
2025-05-07 12:16:53,265 - INFO - Prioridad actual: 0
2025-05-07 12:16:53,265 - INFO - 
Obteniendo intervalos para máquina 1315
2025-05-07 12:16:53,265 - INFO - Rango: 2025-05-06 10:00:00 - 2025-05-06 18:00:00
2025-05-07 12:16:53,272 - INFO - No se detectaron conflictos
2025-05-07 12:16:53,273 - INFO - 
Verificando conflictos para máquina 1001
2025-05-07 12:16:53,273 - INFO - Intervalo a verificar: 2025-05-06 15:00:00 - 2025-05-06 23:00:00
2025-05-07 12:16:53,273 - INFO - Prioridad actual: 0
2025-05-07 12:16:53,273 - INFO - 
Obteniendo intervalos para máquina 1001
2025-05-07 12:16:53,274 - INFO - Rango: 2025-05-06 15:00:00 - 2025-05-06 23:00:00
2025-05-07 12:16:53,282 - INFO - No se detectaron conflictos
2025-05-07 12:16:53,283 - INFO - 
Verificando conflictos para máquina 4002
2025-05-07 12:16:53,283 - INFO - Intervalo a verificar: 2025-05-07 09:00:00 - 2025-05-07 17:00:00
2025-05-07 12:16:53,283 - INFO - Prioridad actual: 0
2025-05-07 12:16:53,283 - INFO - 
Obteniendo intervalos para máquina 4002
2025-05-07 12:16:53,284 - INFO - Rango: 2025-05-07 09:00:00 - 2025-05-07 17:00:00
2025-05-07 12:16:53,288 - INFO - No se detectaron conflictos
2025-05-07 12:16:53,289 - INFO - 
Verificando conflictos para máquina 1001
2025-05-07 12:16:53,289 - INFO - Intervalo a verificar: 2025-05-07 13:00:00 - 2025-05-07 21:00:00
2025-05-07 12:16:53,289 - INFO - Prioridad actual: 0
2025-05-07 12:16:53,289 - INFO - 
Obteniendo intervalos para máquina 1001
2025-05-07 12:16:53,289 - INFO - Rango: 2025-05-07 13:00:00 - 2025-05-07 21:00:00
2025-05-07 12:16:53,300 - INFO - No se detectaron conflictos
2025-05-07 12:16:53,300 - INFO - 
Verificando conflictos para máquina 4002
2025-05-07 12:16:53,301 - INFO - Intervalo a verificar: 2025-05-07 17:45:00 - 2025-05-08 01:45:00
2025-05-07 12:16:53,301 - INFO - Prioridad actual: 0
2025-05-07 12:16:53,301 - INFO - 
Obteniendo intervalos para máquina 4002
2025-05-07 12:16:53,301 - INFO - Rango: 2025-05-07 17:45:00 - 2025-05-08 01:45:00
2025-05-07 12:16:53,305 - INFO - No se detectaron conflictos
2025-05-07 12:16:53,306 - INFO - 
Verificando conflictos para máquina 1205
2025-05-07 12:16:53,306 - INFO - Intervalo a verificar: 2025-05-08 12:00:00 - 2025-05-08 20:00:00
2025-05-07 12:16:53,306 - INFO - Prioridad actual: 0
2025-05-07 12:16:53,306 - INFO - 
Obteniendo intervalos para máquina 1205
2025-05-07 12:16:53,306 - INFO - Rango: 2025-05-08 12:00:00 - 2025-05-08 20:00:00
2025-05-07 12:16:53,327 - INFO - No se detectaron conflictos
2025-05-07 12:16:53,328 - INFO - 
Verificando conflictos para máquina 3421
2025-05-07 12:16:53,328 - INFO - Intervalo a verificar: 2025-05-08 17:00:00 - 2025-05-09 01:00:00
2025-05-07 12:16:53,328 - INFO - Prioridad actual: 0
2025-05-07 12:16:53,328 - INFO - 
Obteniendo intervalos para máquina 3421
2025-05-07 12:16:53,329 - INFO - Rango: 2025-05-08 17:00:00 - 2025-05-09 01:00:00
2025-05-07 12:16:53,338 - INFO - No se detectaron conflictos
