2025-05-07 11:14:26,859 - INFO - 
Verificando conflictos para máquina 1002
2025-05-07 11:14:26,859 - INFO - Intervalo a verificar: 2025-05-02 07:45:00 - 2025-05-02 15:45:00
2025-05-07 11:14:26,860 - INFO - Prioridad actual: 0
2025-05-07 11:14:26,860 - INFO - 
Obteniendo intervalos para máquina 1002
2025-05-07 11:14:26,861 - INFO - Rango: 2025-05-02 07:45:00 - 2025-05-02 15:45:00
2025-05-07 11:14:26,934 - WARNING - Conflicto detectado con OT 43952
2025-05-07 11:14:26,935 - WARNING - Prioridad del conflicto: 1
2025-05-07 11:14:26,936 - INFO - 
Verificando conflictos para máquina 1201
2025-05-07 11:14:26,938 - INFO - Intervalo a verificar: 2025-05-02 12:00:00 - 2025-05-02 20:00:00
2025-05-07 11:14:26,938 - INFO - Prioridad actual: 0
2025-05-07 11:14:26,939 - INFO - 
Obteniendo intervalos para máquina 1201
2025-05-07 11:14:26,939 - INFO - Rango: 2025-05-02 12:00:00 - 2025-05-02 20:00:00
2025-05-07 11:14:26,954 - INFO - No se detectaron conflictos
2025-05-07 11:14:26,955 - INFO - 
Verificando conflictos para máquina 1312
2025-05-07 11:14:26,955 - INFO - Intervalo a verificar: 2025-05-02 13:00:00 - 2025-05-02 21:00:00
2025-05-07 11:14:26,955 - INFO - Prioridad actual: 0
2025-05-07 11:14:26,955 - INFO - 
Obteniendo intervalos para máquina 1312
2025-05-07 11:14:26,955 - INFO - Rango: 2025-05-02 13:00:00 - 2025-05-02 21:00:00
2025-05-07 11:14:26,964 - INFO - No se detectaron conflictos
2025-05-07 11:14:26,965 - INFO - 
Verificando conflictos para máquina 1315
2025-05-07 11:14:26,965 - INFO - Intervalo a verificar: 2025-05-05 08:00:00 - 2025-05-05 16:00:00
2025-05-07 11:14:26,965 - INFO - Prioridad actual: 0
2025-05-07 11:14:26,965 - INFO - 
Obteniendo intervalos para máquina 1315
2025-05-07 11:14:26,966 - INFO - Rango: 2025-05-05 08:00:00 - 2025-05-05 16:00:00
2025-05-07 11:14:26,977 - INFO - No se detectaron conflictos
2025-05-07 11:14:26,978 - INFO - 
Verificando conflictos para máquina 1315
2025-05-07 11:14:26,978 - INFO - Intervalo a verificar: 2025-05-05 11:00:00 - 2025-05-05 19:00:00
2025-05-07 11:14:26,978 - INFO - Prioridad actual: 0
2025-05-07 11:14:26,979 - INFO - 
Obteniendo intervalos para máquina 1315
2025-05-07 11:14:26,979 - INFO - Rango: 2025-05-05 11:00:00 - 2025-05-05 19:00:00
2025-05-07 11:14:26,991 - INFO - No se detectaron conflictos
2025-05-07 11:14:26,992 - INFO - 
Verificando conflictos para máquina 1204
2025-05-07 11:14:26,992 - INFO - Intervalo a verificar: 2025-05-05 15:00:00 - 2025-05-05 23:00:00
2025-05-07 11:14:26,992 - INFO - Prioridad actual: 0
2025-05-07 11:14:26,992 - INFO - 
Obteniendo intervalos para máquina 1204
2025-05-07 11:14:26,992 - INFO - Rango: 2025-05-05 15:00:00 - 2025-05-05 23:00:00
2025-05-07 11:14:27,007 - INFO - No se detectaron conflictos
2025-05-07 11:14:27,008 - INFO - 
Verificando conflictos para máquina 1002
2025-05-07 11:14:27,008 - INFO - Intervalo a verificar: 2025-05-02 12:30:00 - 2025-05-02 20:30:00
2025-05-07 11:14:27,008 - INFO - Prioridad actual: 0
2025-05-07 11:14:27,009 - INFO - 
Obteniendo intervalos para máquina 1002
2025-05-07 11:14:27,009 - INFO - Rango: 2025-05-02 12:30:00 - 2025-05-02 20:30:00
2025-05-07 11:14:27,068 - WARNING - Conflicto detectado con OT 43951
2025-05-07 11:14:27,068 - WARNING - Prioridad del conflicto: 2
2025-05-07 11:14:27,068 - INFO - 
Verificando conflictos para máquina 1203
2025-05-07 11:14:27,069 - INFO - Intervalo a verificar: 2025-05-05 15:00:00 - 2025-05-05 23:00:00
2025-05-07 11:14:27,069 - INFO - Prioridad actual: 0
2025-05-07 11:14:27,069 - INFO - 
Obteniendo intervalos para máquina 1203
2025-05-07 11:14:27,069 - INFO - Rango: 2025-05-05 15:00:00 - 2025-05-05 23:00:00
2025-05-07 11:14:27,081 - INFO - No se detectaron conflictos
2025-05-07 11:14:27,083 - INFO - 
Verificando conflictos para máquina 1314
2025-05-07 11:14:27,083 - INFO - Intervalo a verificar: 2025-05-06 15:00:00 - 2025-05-06 23:00:00
2025-05-07 11:14:27,083 - INFO - Prioridad actual: 0
2025-05-07 11:14:27,083 - INFO - 
Obteniendo intervalos para máquina 1314
2025-05-07 11:14:27,084 - INFO - Rango: 2025-05-06 15:00:00 - 2025-05-06 23:00:00
2025-05-07 11:14:27,090 - INFO - No se detectaron conflictos
2025-05-07 11:14:27,091 - INFO - 
Verificando conflictos para máquina 2501
2025-05-07 11:14:27,091 - INFO - Intervalo a verificar: 2025-05-07 15:00:00 - 2025-05-07 23:00:00
2025-05-07 11:14:27,091 - INFO - Prioridad actual: 0
2025-05-07 11:14:27,092 - INFO - 
Obteniendo intervalos para máquina 2501
2025-05-07 11:14:27,092 - INFO - Rango: 2025-05-07 15:00:00 - 2025-05-07 23:00:00
2025-05-07 11:14:27,102 - INFO - No se detectaron conflictos
2025-05-07 11:14:27,103 - INFO - 
Verificando conflictos para máquina 1003
2025-05-07 11:14:27,103 - INFO - Intervalo a verificar: 2025-05-02 07:45:00 - 2025-05-02 15:45:00
2025-05-07 11:14:27,103 - INFO - Prioridad actual: 0
2025-05-07 11:14:27,103 - INFO - 
Obteniendo intervalos para máquina 1003
2025-05-07 11:14:27,103 - INFO - Rango: 2025-05-02 07:45:00 - 2025-05-02 15:45:00
2025-05-07 11:14:27,112 - WARNING - Conflicto detectado con OT 43957
2025-05-07 11:14:27,112 - WARNING - Prioridad del conflicto: 3
2025-05-07 11:14:27,113 - INFO - 
Verificando conflictos para máquina 1201
2025-05-07 11:14:27,113 - INFO - Intervalo a verificar: 2025-05-02 13:30:00 - 2025-05-02 21:30:00
2025-05-07 11:14:27,113 - INFO - Prioridad actual: 0
2025-05-07 11:14:27,113 - INFO - 
Obteniendo intervalos para máquina 1201
2025-05-07 11:14:27,113 - INFO - Rango: 2025-05-02 13:30:00 - 2025-05-02 21:30:00
2025-05-07 11:14:27,125 - INFO - No se detectaron conflictos
2025-05-07 11:14:27,125 - INFO - 
Verificando conflictos para máquina 1313
2025-05-07 11:14:27,125 - INFO - Intervalo a verificar: 2025-05-02 15:00:00 - 2025-05-02 23:00:00
2025-05-07 11:14:27,125 - INFO - Prioridad actual: 0
2025-05-07 11:14:27,125 - INFO - 
Obteniendo intervalos para máquina 1313
2025-05-07 11:14:27,126 - INFO - Rango: 2025-05-02 15:00:00 - 2025-05-02 23:00:00
2025-05-07 11:14:27,147 - INFO - No se detectaron conflictos
2025-05-07 11:14:27,148 - INFO - 
Verificando conflictos para máquina 1313
2025-05-07 11:14:27,148 - INFO - Intervalo a verificar: 2025-05-05 09:00:00 - 2025-05-05 17:00:00
2025-05-07 11:14:27,148 - INFO - Prioridad actual: 0
2025-05-07 11:14:27,148 - INFO - 
Obteniendo intervalos para máquina 1313
2025-05-07 11:14:27,148 - INFO - Rango: 2025-05-05 09:00:00 - 2025-05-05 17:00:00
2025-05-07 11:14:27,181 - INFO - No se detectaron conflictos
2025-05-07 11:14:27,181 - INFO - 
Verificando conflictos para máquina 1601
2025-05-07 11:14:27,181 - INFO - Intervalo a verificar: 2025-05-05 11:00:00 - 2025-05-05 19:00:00
2025-05-07 11:14:27,181 - INFO - Prioridad actual: 0
2025-05-07 11:14:27,181 - INFO - 
Obteniendo intervalos para máquina 1601
2025-05-07 11:14:27,181 - INFO - Rango: 2025-05-05 11:00:00 - 2025-05-05 19:00:00
2025-05-07 11:14:27,210 - INFO - No se detectaron conflictos
2025-05-07 11:14:27,211 - INFO - 
Verificando conflictos para máquina 2006
2025-05-07 11:14:27,211 - INFO - Intervalo a verificar: 2025-05-05 15:00:00 - 2025-05-05 23:00:00
2025-05-07 11:14:27,211 - INFO - Prioridad actual: 0
2025-05-07 11:14:27,211 - INFO - 
Obteniendo intervalos para máquina 2006
2025-05-07 11:14:27,211 - INFO - Rango: 2025-05-05 15:00:00 - 2025-05-05 23:00:00
2025-05-07 11:14:27,220 - INFO - No se detectaron conflictos
2025-05-07 11:14:27,220 - INFO - 
Verificando conflictos para máquina 1205
2025-05-07 11:14:27,221 - INFO - Intervalo a verificar: 2025-05-02 07:45:00 - 2025-05-02 15:45:00
2025-05-07 11:14:27,221 - INFO - Prioridad actual: 0
2025-05-07 11:14:27,221 - INFO - 
Obteniendo intervalos para máquina 1205
2025-05-07 11:14:27,221 - INFO - Rango: 2025-05-02 07:45:00 - 2025-05-02 15:45:00
2025-05-07 11:14:27,244 - WARNING - Conflicto detectado con OT 43949
2025-05-07 11:14:27,244 - WARNING - Prioridad del conflicto: 4
2025-05-07 11:14:27,245 - INFO - 
Verificando conflictos para máquina 1002
2025-05-07 11:14:27,245 - INFO - Intervalo a verificar: 2025-05-05 15:30:00 - 2025-05-05 23:30:00
2025-05-07 11:14:27,245 - INFO - Prioridad actual: 0
2025-05-07 11:14:27,245 - INFO - 
Obteniendo intervalos para máquina 1002
2025-05-07 11:14:27,245 - INFO - Rango: 2025-05-05 15:30:00 - 2025-05-05 23:30:00
2025-05-07 11:14:27,299 - INFO - No se detectaron conflictos
2025-05-07 11:14:27,299 - INFO - 
Verificando conflictos para máquina 1203
2025-05-07 11:14:27,300 - INFO - Intervalo a verificar: 2025-05-06 15:30:00 - 2025-05-06 23:30:00
2025-05-07 11:14:27,300 - INFO - Prioridad actual: 0
2025-05-07 11:14:27,300 - INFO - 
Obteniendo intervalos para máquina 1203
2025-05-07 11:14:27,300 - INFO - Rango: 2025-05-06 15:30:00 - 2025-05-06 23:30:00
2025-05-07 11:14:27,316 - INFO - No se detectaron conflictos
2025-05-07 11:14:27,317 - INFO - 
Verificando conflictos para máquina 1431
2025-05-07 11:14:27,317 - INFO - Intervalo a verificar: 2025-05-06 16:00:00 - 2025-05-07 00:00:00
2025-05-07 11:14:27,317 - INFO - Prioridad actual: 0
2025-05-07 11:14:27,317 - INFO - 
Obteniendo intervalos para máquina 1431
2025-05-07 11:14:27,317 - INFO - Rango: 2025-05-06 16:00:00 - 2025-05-07 00:00:00
2025-05-07 11:14:27,331 - INFO - No se detectaron conflictos
2025-05-07 11:14:27,331 - INFO - 
Verificando conflictos para máquina 1601
2025-05-07 11:14:27,332 - INFO - Intervalo a verificar: 2025-05-06 17:00:00 - 2025-05-07 01:00:00
2025-05-07 11:14:27,332 - INFO - Prioridad actual: 0
2025-05-07 11:14:27,332 - INFO - 
Obteniendo intervalos para máquina 1601
2025-05-07 11:14:27,332 - INFO - Rango: 2025-05-06 17:00:00 - 2025-05-07 01:00:00
2025-05-07 11:14:27,371 - INFO - No se detectaron conflictos
2025-05-07 11:14:27,372 - INFO - 
Verificando conflictos para máquina 2002
2025-05-07 11:14:27,372 - INFO - Intervalo a verificar: 2025-05-06 17:45:00 - 2025-05-07 01:45:00
2025-05-07 11:14:27,372 - INFO - Prioridad actual: 0
2025-05-07 11:14:27,372 - INFO - 
Obteniendo intervalos para máquina 2002
2025-05-07 11:14:27,372 - INFO - Rango: 2025-05-06 17:45:00 - 2025-05-07 01:45:00
2025-05-07 11:14:27,385 - INFO - No se detectaron conflictos
2025-05-07 11:14:27,386 - INFO - 
Verificando conflictos para máquina 1002
2025-05-07 11:14:27,386 - INFO - Intervalo a verificar: 2025-05-05 16:30:00 - 2025-05-06 00:30:00
2025-05-07 11:14:27,386 - INFO - Prioridad actual: 0
2025-05-07 11:14:27,386 - INFO - 
Obteniendo intervalos para máquina 1002
2025-05-07 11:14:27,386 - INFO - Rango: 2025-05-05 16:30:00 - 2025-05-06 00:30:00
2025-05-07 11:14:27,434 - INFO - No se detectaron conflictos
2025-05-07 11:14:27,435 - INFO - 
Verificando conflictos para máquina 1203
2025-05-07 11:14:27,435 - INFO - Intervalo a verificar: 2025-05-06 16:30:00 - 2025-05-07 00:30:00
2025-05-07 11:14:27,435 - INFO - Prioridad actual: 0
2025-05-07 11:14:27,435 - INFO - 
Obteniendo intervalos para máquina 1203
2025-05-07 11:14:27,436 - INFO - Rango: 2025-05-06 16:30:00 - 2025-05-07 00:30:00
2025-05-07 11:14:27,449 - INFO - No se detectaron conflictos
2025-05-07 11:14:27,450 - INFO - 
Verificando conflictos para máquina 1431
2025-05-07 11:14:27,450 - INFO - Intervalo a verificar: 2025-05-06 17:00:00 - 2025-05-07 01:00:00
2025-05-07 11:14:27,451 - INFO - Prioridad actual: 0
2025-05-07 11:14:27,451 - INFO - 
Obteniendo intervalos para máquina 1431
2025-05-07 11:14:27,451 - INFO - Rango: 2025-05-06 17:00:00 - 2025-05-07 01:00:00
2025-05-07 11:14:27,464 - INFO - No se detectaron conflictos
2025-05-07 11:14:27,465 - INFO - 
Verificando conflictos para máquina 1601
2025-05-07 11:14:27,465 - INFO - Intervalo a verificar: 2025-05-06 17:45:00 - 2025-05-07 01:45:00
2025-05-07 11:14:27,465 - INFO - Prioridad actual: 0
2025-05-07 11:14:27,465 - INFO - 
Obteniendo intervalos para máquina 1601
2025-05-07 11:14:27,465 - INFO - Rango: 2025-05-06 17:45:00 - 2025-05-07 01:45:00
2025-05-07 11:14:27,501 - INFO - No se detectaron conflictos
2025-05-07 11:14:27,501 - INFO - 
Verificando conflictos para máquina 2002
2025-05-07 11:14:27,501 - INFO - Intervalo a verificar: 2025-05-07 08:00:00 - 2025-05-07 16:00:00
2025-05-07 11:14:27,502 - INFO - Prioridad actual: 0
2025-05-07 11:14:27,502 - INFO - 
Obteniendo intervalos para máquina 2002
2025-05-07 11:14:27,502 - INFO - Rango: 2025-05-07 08:00:00 - 2025-05-07 16:00:00
2025-05-07 11:14:27,512 - INFO - No se detectaron conflictos
2025-05-07 11:14:27,513 - INFO - 
Verificando conflictos para máquina 1002
2025-05-07 11:14:27,513 - INFO - Intervalo a verificar: 2025-05-05 17:30:00 - 2025-05-06 01:30:00
2025-05-07 11:14:27,513 - INFO - Prioridad actual: 0
2025-05-07 11:14:27,514 - INFO - 
Obteniendo intervalos para máquina 1002
2025-05-07 11:14:27,514 - INFO - Rango: 2025-05-05 17:30:00 - 2025-05-06 01:30:00
2025-05-07 11:14:27,556 - INFO - No se detectaron conflictos
2025-05-07 11:14:27,557 - INFO - 
Verificando conflictos para máquina 1203
2025-05-07 11:14:27,557 - INFO - Intervalo a verificar: 2025-05-06 17:30:00 - 2025-05-07 01:30:00
2025-05-07 11:14:27,557 - INFO - Prioridad actual: 0
2025-05-07 11:14:27,557 - INFO - 
Obteniendo intervalos para máquina 1203
2025-05-07 11:14:27,557 - INFO - Rango: 2025-05-06 17:30:00 - 2025-05-07 01:30:00
2025-05-07 11:14:27,570 - INFO - No se detectaron conflictos
2025-05-07 11:14:27,571 - INFO - 
Verificando conflictos para máquina 1431
2025-05-07 11:14:27,571 - INFO - Intervalo a verificar: 2025-05-06 17:45:00 - 2025-05-07 01:45:00
2025-05-07 11:14:27,571 - INFO - Prioridad actual: 0
2025-05-07 11:14:27,571 - INFO - 
Obteniendo intervalos para máquina 1431
2025-05-07 11:14:27,571 - INFO - Rango: 2025-05-06 17:45:00 - 2025-05-07 01:45:00
2025-05-07 11:14:27,585 - INFO - No se detectaron conflictos
2025-05-07 11:14:27,587 - INFO - 
Verificando conflictos para máquina 1601
2025-05-07 11:14:27,587 - INFO - Intervalo a verificar: 2025-05-07 08:00:00 - 2025-05-07 16:00:00
2025-05-07 11:14:27,587 - INFO - Prioridad actual: 0
2025-05-07 11:14:27,587 - INFO - 
Obteniendo intervalos para máquina 1601
2025-05-07 11:14:27,587 - INFO - Rango: 2025-05-07 08:00:00 - 2025-05-07 16:00:00
2025-05-07 11:14:27,626 - INFO - No se detectaron conflictos
2025-05-07 11:14:27,627 - INFO - 
Verificando conflictos para máquina 2002
2025-05-07 11:14:27,628 - INFO - Intervalo a verificar: 2025-05-07 09:00:00 - 2025-05-07 17:00:00
2025-05-07 11:14:27,628 - INFO - Prioridad actual: 0
2025-05-07 11:14:27,628 - INFO - 
Obteniendo intervalos para máquina 2002
2025-05-07 11:14:27,628 - INFO - Rango: 2025-05-07 09:00:00 - 2025-05-07 17:00:00
2025-05-07 11:14:27,639 - INFO - No se detectaron conflictos
2025-05-07 11:14:27,640 - INFO - 
Verificando conflictos para máquina 1002
2025-05-07 11:14:27,640 - INFO - Intervalo a verificar: 2025-05-06 07:45:00 - 2025-05-06 15:45:00
2025-05-07 11:14:27,640 - INFO - Prioridad actual: 0
2025-05-07 11:14:27,640 - INFO - 
Obteniendo intervalos para máquina 1002
2025-05-07 11:14:27,640 - INFO - Rango: 2025-05-06 07:45:00 - 2025-05-06 15:45:00
2025-05-07 11:14:27,684 - INFO - No se detectaron conflictos
2025-05-07 11:14:27,685 - INFO - 
Verificando conflictos para máquina 1203
2025-05-07 11:14:27,685 - INFO - Intervalo a verificar: 2025-05-07 07:45:00 - 2025-05-07 15:45:00
2025-05-07 11:14:27,685 - INFO - Prioridad actual: 0
2025-05-07 11:14:27,685 - INFO - 
Obteniendo intervalos para máquina 1203
2025-05-07 11:14:27,685 - INFO - Rango: 2025-05-07 07:45:00 - 2025-05-07 15:45:00
2025-05-07 11:14:27,699 - INFO - No se detectaron conflictos
2025-05-07 11:14:27,700 - INFO - 
Verificando conflictos para máquina 1431
2025-05-07 11:14:27,700 - INFO - Intervalo a verificar: 2025-05-07 11:00:00 - 2025-05-07 19:00:00
2025-05-07 11:14:27,700 - INFO - Prioridad actual: 0
2025-05-07 11:14:27,700 - INFO - 
Obteniendo intervalos para máquina 1431
2025-05-07 11:14:27,700 - INFO - Rango: 2025-05-07 11:00:00 - 2025-05-07 19:00:00
2025-05-07 11:14:27,712 - INFO - No se detectaron conflictos
2025-05-07 11:14:27,713 - INFO - 
Verificando conflictos para máquina 1601
2025-05-07 11:14:27,713 - INFO - Intervalo a verificar: 2025-05-07 15:00:00 - 2025-05-07 23:00:00
2025-05-07 11:14:27,714 - INFO - Prioridad actual: 0
2025-05-07 11:14:27,714 - INFO - 
Obteniendo intervalos para máquina 1601
2025-05-07 11:14:27,714 - INFO - Rango: 2025-05-07 15:00:00 - 2025-05-07 23:00:00
2025-05-07 11:14:27,749 - INFO - No se detectaron conflictos
2025-05-07 11:14:27,750 - INFO - 
Verificando conflictos para máquina 2002
2025-05-07 11:14:27,750 - INFO - Intervalo a verificar: 2025-05-08 08:00:00 - 2025-05-08 16:00:00
2025-05-07 11:14:27,750 - INFO - Prioridad actual: 0
2025-05-07 11:14:27,750 - INFO - 
Obteniendo intervalos para máquina 2002
2025-05-07 11:14:27,751 - INFO - Rango: 2025-05-08 08:00:00 - 2025-05-08 16:00:00
2025-05-07 11:14:27,761 - INFO - No se detectaron conflictos
2025-05-07 11:14:27,762 - INFO - 
Verificando conflictos para máquina 1004
2025-05-07 11:14:27,762 - INFO - Intervalo a verificar: 2025-05-02 07:45:00 - 2025-05-02 15:45:00
2025-05-07 11:14:27,762 - INFO - Prioridad actual: 0
2025-05-07 11:14:27,762 - INFO - 
Obteniendo intervalos para máquina 1004
2025-05-07 11:14:27,763 - INFO - Rango: 2025-05-02 07:45:00 - 2025-05-02 15:45:00
2025-05-07 11:14:27,772 - WARNING - Conflicto detectado con OT 43970
2025-05-07 11:14:27,772 - WARNING - Prioridad del conflicto: 9
2025-05-07 11:14:27,773 - INFO - 
Verificando conflictos para máquina 1004
2025-05-07 11:14:27,773 - INFO - Intervalo a verificar: 2025-05-02 13:00:00 - 2025-05-02 21:00:00
2025-05-07 11:14:27,773 - INFO - Prioridad actual: 0
2025-05-07 11:14:27,773 - INFO - 
Obteniendo intervalos para máquina 1004
2025-05-07 11:14:27,773 - INFO - Rango: 2025-05-02 13:00:00 - 2025-05-02 21:00:00
2025-05-07 11:14:27,784 - INFO - No se detectaron conflictos
2025-05-07 11:14:27,785 - INFO - 
Verificando conflictos para máquina 1315
2025-05-07 11:14:27,785 - INFO - Intervalo a verificar: 2025-05-05 15:30:00 - 2025-05-05 23:30:00
2025-05-07 11:14:27,785 - INFO - Prioridad actual: 0
2025-05-07 11:14:27,785 - INFO - 
Obteniendo intervalos para máquina 1315
2025-05-07 11:14:27,785 - INFO - Rango: 2025-05-05 15:30:00 - 2025-05-05 23:30:00
2025-05-07 11:14:27,794 - INFO - No se detectaron conflictos
2025-05-07 11:14:27,795 - INFO - 
Verificando conflictos para máquina 1315
2025-05-07 11:14:27,795 - INFO - Intervalo a verificar: 2025-05-06 10:00:00 - 2025-05-06 18:00:00
2025-05-07 11:14:27,795 - INFO - Prioridad actual: 0
2025-05-07 11:14:27,795 - INFO - 
Obteniendo intervalos para máquina 1315
2025-05-07 11:14:27,796 - INFO - Rango: 2025-05-06 10:00:00 - 2025-05-06 18:00:00
2025-05-07 11:14:27,806 - INFO - No se detectaron conflictos
2025-05-07 11:14:27,808 - INFO - 
Verificando conflictos para máquina 1001
2025-05-07 11:14:27,809 - INFO - Intervalo a verificar: 2025-05-06 15:00:00 - 2025-05-06 23:00:00
2025-05-07 11:14:27,809 - INFO - Prioridad actual: 0
2025-05-07 11:14:27,809 - INFO - 
Obteniendo intervalos para máquina 1001
2025-05-07 11:14:27,809 - INFO - Rango: 2025-05-06 15:00:00 - 2025-05-06 23:00:00
2025-05-07 11:14:27,822 - INFO - No se detectaron conflictos
2025-05-07 11:14:27,823 - INFO - 
Verificando conflictos para máquina 4002
2025-05-07 11:14:27,823 - INFO - Intervalo a verificar: 2025-05-07 09:00:00 - 2025-05-07 17:00:00
2025-05-07 11:14:27,823 - INFO - Prioridad actual: 0
2025-05-07 11:14:27,823 - INFO - 
Obteniendo intervalos para máquina 4002
2025-05-07 11:14:27,823 - INFO - Rango: 2025-05-07 09:00:00 - 2025-05-07 17:00:00
2025-05-07 11:14:27,829 - INFO - No se detectaron conflictos
2025-05-07 11:14:27,829 - INFO - 
Verificando conflictos para máquina 1001
2025-05-07 11:14:27,829 - INFO - Intervalo a verificar: 2025-05-07 13:00:00 - 2025-05-07 21:00:00
2025-05-07 11:14:27,830 - INFO - Prioridad actual: 0
2025-05-07 11:14:27,830 - INFO - 
Obteniendo intervalos para máquina 1001
2025-05-07 11:14:27,830 - INFO - Rango: 2025-05-07 13:00:00 - 2025-05-07 21:00:00
2025-05-07 11:14:27,840 - INFO - No se detectaron conflictos
2025-05-07 11:14:27,840 - INFO - 
Verificando conflictos para máquina 4002
2025-05-07 11:14:27,841 - INFO - Intervalo a verificar: 2025-05-07 17:45:00 - 2025-05-08 01:45:00
2025-05-07 11:14:27,841 - INFO - Prioridad actual: 0
2025-05-07 11:14:27,841 - INFO - 
Obteniendo intervalos para máquina 4002
2025-05-07 11:14:27,841 - INFO - Rango: 2025-05-07 17:45:00 - 2025-05-08 01:45:00
2025-05-07 11:14:27,846 - INFO - No se detectaron conflictos
2025-05-07 11:14:27,847 - INFO - 
Verificando conflictos para máquina 1205
2025-05-07 11:14:27,847 - INFO - Intervalo a verificar: 2025-05-08 12:00:00 - 2025-05-08 20:00:00
2025-05-07 11:14:27,847 - INFO - Prioridad actual: 0
2025-05-07 11:14:27,847 - INFO - 
Obteniendo intervalos para máquina 1205
2025-05-07 11:14:27,847 - INFO - Rango: 2025-05-08 12:00:00 - 2025-05-08 20:00:00
2025-05-07 11:14:27,872 - INFO - No se detectaron conflictos
2025-05-07 11:14:27,873 - INFO - 
Verificando conflictos para máquina 3421
2025-05-07 11:14:27,873 - INFO - Intervalo a verificar: 2025-05-08 17:00:00 - 2025-05-09 01:00:00
2025-05-07 11:14:27,873 - INFO - Prioridad actual: 0
2025-05-07 11:14:27,873 - INFO - 
Obteniendo intervalos para máquina 3421
2025-05-07 11:14:27,873 - INFO - Rango: 2025-05-08 17:00:00 - 2025-05-09 01:00:00
2025-05-07 11:14:27,886 - INFO - No se detectaron conflictos
2025-05-07 11:14:28,087 - INFO - 
Verificando conflictos para máquina 1002
2025-05-07 11:14:28,087 - INFO - Intervalo a verificar: 2025-05-02 07:45:00 - 2025-05-02 15:45:00
2025-05-07 11:14:28,087 - INFO - Prioridad actual: 0
2025-05-07 11:14:28,088 - INFO - 
Obteniendo intervalos para máquina 1002
2025-05-07 11:14:28,088 - INFO - Rango: 2025-05-02 07:45:00 - 2025-05-02 15:45:00
2025-05-07 11:14:28,152 - WARNING - Conflicto detectado con OT 43952
2025-05-07 11:14:28,152 - WARNING - Prioridad del conflicto: 1
2025-05-07 11:14:28,153 - INFO - 
Verificando conflictos para máquina 1201
2025-05-07 11:14:28,155 - INFO - Intervalo a verificar: 2025-05-02 12:00:00 - 2025-05-02 20:00:00
2025-05-07 11:14:28,156 - INFO - Prioridad actual: 0
2025-05-07 11:14:28,156 - INFO - 
Obteniendo intervalos para máquina 1201
2025-05-07 11:14:28,156 - INFO - Rango: 2025-05-02 12:00:00 - 2025-05-02 20:00:00
2025-05-07 11:14:28,171 - INFO - No se detectaron conflictos
2025-05-07 11:14:28,172 - INFO - 
Verificando conflictos para máquina 1312
2025-05-07 11:14:28,173 - INFO - Intervalo a verificar: 2025-05-02 13:00:00 - 2025-05-02 21:00:00
2025-05-07 11:14:28,173 - INFO - Prioridad actual: 0
2025-05-07 11:14:28,173 - INFO - 
Obteniendo intervalos para máquina 1312
2025-05-07 11:14:28,173 - INFO - Rango: 2025-05-02 13:00:00 - 2025-05-02 21:00:00
2025-05-07 11:14:28,184 - INFO - No se detectaron conflictos
2025-05-07 11:14:28,185 - INFO - 
Verificando conflictos para máquina 1315
2025-05-07 11:14:28,185 - INFO - Intervalo a verificar: 2025-05-05 08:00:00 - 2025-05-05 16:00:00
2025-05-07 11:14:28,185 - INFO - Prioridad actual: 0
2025-05-07 11:14:28,186 - INFO - 
Obteniendo intervalos para máquina 1315
2025-05-07 11:14:28,186 - INFO - Rango: 2025-05-05 08:00:00 - 2025-05-05 16:00:00
2025-05-07 11:14:28,197 - INFO - No se detectaron conflictos
2025-05-07 11:14:28,198 - INFO - 
Verificando conflictos para máquina 1315
2025-05-07 11:14:28,199 - INFO - Intervalo a verificar: 2025-05-05 11:00:00 - 2025-05-05 19:00:00
2025-05-07 11:14:28,199 - INFO - Prioridad actual: 0
2025-05-07 11:14:28,199 - INFO - 
Obteniendo intervalos para máquina 1315
2025-05-07 11:14:28,199 - INFO - Rango: 2025-05-05 11:00:00 - 2025-05-05 19:00:00
2025-05-07 11:14:28,211 - INFO - No se detectaron conflictos
2025-05-07 11:14:28,212 - INFO - 
Verificando conflictos para máquina 1204
2025-05-07 11:14:28,212 - INFO - Intervalo a verificar: 2025-05-05 15:00:00 - 2025-05-05 23:00:00
2025-05-07 11:14:28,213 - INFO - Prioridad actual: 0
2025-05-07 11:14:28,213 - INFO - 
Obteniendo intervalos para máquina 1204
2025-05-07 11:14:28,213 - INFO - Rango: 2025-05-05 15:00:00 - 2025-05-05 23:00:00
2025-05-07 11:14:28,228 - INFO - No se detectaron conflictos
2025-05-07 11:14:28,229 - INFO - 
Verificando conflictos para máquina 1002
2025-05-07 11:14:28,229 - INFO - Intervalo a verificar: 2025-05-02 12:30:00 - 2025-05-02 20:30:00
2025-05-07 11:14:28,229 - INFO - Prioridad actual: 0
2025-05-07 11:14:28,229 - INFO - 
Obteniendo intervalos para máquina 1002
2025-05-07 11:14:28,229 - INFO - Rango: 2025-05-02 12:30:00 - 2025-05-02 20:30:00
2025-05-07 11:14:28,286 - WARNING - Conflicto detectado con OT 43951
2025-05-07 11:14:28,286 - WARNING - Prioridad del conflicto: 2
2025-05-07 11:14:28,288 - INFO - 
Verificando conflictos para máquina 1203
2025-05-07 11:14:28,288 - INFO - Intervalo a verificar: 2025-05-05 15:00:00 - 2025-05-05 23:00:00
2025-05-07 11:14:28,288 - INFO - Prioridad actual: 0
2025-05-07 11:14:28,288 - INFO - 
Obteniendo intervalos para máquina 1203
2025-05-07 11:14:28,288 - INFO - Rango: 2025-05-05 15:00:00 - 2025-05-05 23:00:00
2025-05-07 11:14:28,305 - INFO - No se detectaron conflictos
2025-05-07 11:14:28,306 - INFO - 
Verificando conflictos para máquina 1314
2025-05-07 11:14:28,306 - INFO - Intervalo a verificar: 2025-05-06 15:00:00 - 2025-05-06 23:00:00
2025-05-07 11:14:28,306 - INFO - Prioridad actual: 0
2025-05-07 11:14:28,306 - INFO - 
Obteniendo intervalos para máquina 1314
2025-05-07 11:14:28,306 - INFO - Rango: 2025-05-06 15:00:00 - 2025-05-06 23:00:00
2025-05-07 11:14:28,316 - INFO - No se detectaron conflictos
2025-05-07 11:14:28,317 - INFO - 
Verificando conflictos para máquina 2501
2025-05-07 11:14:28,317 - INFO - Intervalo a verificar: 2025-05-07 15:00:00 - 2025-05-07 23:00:00
2025-05-07 11:14:28,318 - INFO - Prioridad actual: 0
2025-05-07 11:14:28,318 - INFO - 
Obteniendo intervalos para máquina 2501
2025-05-07 11:14:28,318 - INFO - Rango: 2025-05-07 15:00:00 - 2025-05-07 23:00:00
2025-05-07 11:14:28,329 - INFO - No se detectaron conflictos
2025-05-07 11:14:28,330 - INFO - 
Verificando conflictos para máquina 1003
2025-05-07 11:14:28,330 - INFO - Intervalo a verificar: 2025-05-02 07:45:00 - 2025-05-02 15:45:00
2025-05-07 11:14:28,330 - INFO - Prioridad actual: 0
2025-05-07 11:14:28,330 - INFO - 
Obteniendo intervalos para máquina 1003
2025-05-07 11:14:28,330 - INFO - Rango: 2025-05-02 07:45:00 - 2025-05-02 15:45:00
2025-05-07 11:14:28,341 - WARNING - Conflicto detectado con OT 43957
2025-05-07 11:14:28,341 - WARNING - Prioridad del conflicto: 3
2025-05-07 11:14:28,342 - INFO - 
Verificando conflictos para máquina 1201
2025-05-07 11:14:28,342 - INFO - Intervalo a verificar: 2025-05-02 13:30:00 - 2025-05-02 21:30:00
2025-05-07 11:14:28,342 - INFO - Prioridad actual: 0
2025-05-07 11:14:28,343 - INFO - 
Obteniendo intervalos para máquina 1201
2025-05-07 11:14:28,343 - INFO - Rango: 2025-05-02 13:30:00 - 2025-05-02 21:30:00
2025-05-07 11:14:28,355 - INFO - No se detectaron conflictos
2025-05-07 11:14:28,356 - INFO - 
Verificando conflictos para máquina 1313
2025-05-07 11:14:28,356 - INFO - Intervalo a verificar: 2025-05-02 15:00:00 - 2025-05-02 23:00:00
2025-05-07 11:14:28,356 - INFO - Prioridad actual: 0
2025-05-07 11:14:28,356 - INFO - 
Obteniendo intervalos para máquina 1313
2025-05-07 11:14:28,356 - INFO - Rango: 2025-05-02 15:00:00 - 2025-05-02 23:00:00
2025-05-07 11:14:28,389 - INFO - No se detectaron conflictos
2025-05-07 11:14:28,390 - INFO - 
Verificando conflictos para máquina 1313
2025-05-07 11:14:28,390 - INFO - Intervalo a verificar: 2025-05-05 09:00:00 - 2025-05-05 17:00:00
2025-05-07 11:14:28,391 - INFO - Prioridad actual: 0
2025-05-07 11:14:28,391 - INFO - 
Obteniendo intervalos para máquina 1313
2025-05-07 11:14:28,391 - INFO - Rango: 2025-05-05 09:00:00 - 2025-05-05 17:00:00
2025-05-07 11:14:28,425 - INFO - No se detectaron conflictos
2025-05-07 11:14:28,426 - INFO - 
Verificando conflictos para máquina 1601
2025-05-07 11:14:28,427 - INFO - Intervalo a verificar: 2025-05-05 11:00:00 - 2025-05-05 19:00:00
2025-05-07 11:14:28,427 - INFO - Prioridad actual: 0
2025-05-07 11:14:28,427 - INFO - 
Obteniendo intervalos para máquina 1601
2025-05-07 11:14:28,427 - INFO - Rango: 2025-05-05 11:00:00 - 2025-05-05 19:00:00
2025-05-07 11:14:28,470 - INFO - No se detectaron conflictos
2025-05-07 11:14:28,471 - INFO - 
Verificando conflictos para máquina 2006
2025-05-07 11:14:28,471 - INFO - Intervalo a verificar: 2025-05-05 15:00:00 - 2025-05-05 23:00:00
2025-05-07 11:14:28,471 - INFO - Prioridad actual: 0
2025-05-07 11:14:28,471 - INFO - 
Obteniendo intervalos para máquina 2006
2025-05-07 11:14:28,471 - INFO - Rango: 2025-05-05 15:00:00 - 2025-05-05 23:00:00
2025-05-07 11:14:28,483 - INFO - No se detectaron conflictos
2025-05-07 11:14:28,484 - INFO - 
Verificando conflictos para máquina 1205
2025-05-07 11:14:28,484 - INFO - Intervalo a verificar: 2025-05-02 07:45:00 - 2025-05-02 15:45:00
2025-05-07 11:14:28,484 - INFO - Prioridad actual: 0
2025-05-07 11:14:28,484 - INFO - 
Obteniendo intervalos para máquina 1205
2025-05-07 11:14:28,484 - INFO - Rango: 2025-05-02 07:45:00 - 2025-05-02 15:45:00
2025-05-07 11:14:28,516 - WARNING - Conflicto detectado con OT 43949
2025-05-07 11:14:28,516 - WARNING - Prioridad del conflicto: 4
2025-05-07 11:14:28,518 - INFO - 
Verificando conflictos para máquina 1002
2025-05-07 11:14:28,518 - INFO - Intervalo a verificar: 2025-05-05 15:30:00 - 2025-05-05 23:30:00
2025-05-07 11:14:28,518 - INFO - Prioridad actual: 0
2025-05-07 11:14:28,518 - INFO - 
Obteniendo intervalos para máquina 1002
2025-05-07 11:14:28,519 - INFO - Rango: 2025-05-05 15:30:00 - 2025-05-05 23:30:00
2025-05-07 11:14:28,565 - INFO - No se detectaron conflictos
2025-05-07 11:14:28,565 - INFO - 
Verificando conflictos para máquina 1203
2025-05-07 11:14:28,566 - INFO - Intervalo a verificar: 2025-05-06 15:30:00 - 2025-05-06 23:30:00
2025-05-07 11:14:28,566 - INFO - Prioridad actual: 0
2025-05-07 11:14:28,566 - INFO - 
Obteniendo intervalos para máquina 1203
2025-05-07 11:14:28,566 - INFO - Rango: 2025-05-06 15:30:00 - 2025-05-06 23:30:00
2025-05-07 11:14:28,580 - INFO - No se detectaron conflictos
2025-05-07 11:14:28,581 - INFO - 
Verificando conflictos para máquina 1431
2025-05-07 11:14:28,581 - INFO - Intervalo a verificar: 2025-05-06 16:00:00 - 2025-05-07 00:00:00
2025-05-07 11:14:28,581 - INFO - Prioridad actual: 0
2025-05-07 11:14:28,581 - INFO - 
Obteniendo intervalos para máquina 1431
2025-05-07 11:14:28,581 - INFO - Rango: 2025-05-06 16:00:00 - 2025-05-07 00:00:00
2025-05-07 11:14:28,595 - INFO - No se detectaron conflictos
2025-05-07 11:14:28,596 - INFO - 
Verificando conflictos para máquina 1601
2025-05-07 11:14:28,596 - INFO - Intervalo a verificar: 2025-05-06 17:00:00 - 2025-05-07 01:00:00
2025-05-07 11:14:28,597 - INFO - Prioridad actual: 0
2025-05-07 11:14:28,597 - INFO - 
Obteniendo intervalos para máquina 1601
2025-05-07 11:14:28,597 - INFO - Rango: 2025-05-06 17:00:00 - 2025-05-07 01:00:00
2025-05-07 11:14:28,633 - INFO - No se detectaron conflictos
2025-05-07 11:14:28,634 - INFO - 
Verificando conflictos para máquina 2002
2025-05-07 11:14:28,634 - INFO - Intervalo a verificar: 2025-05-06 17:45:00 - 2025-05-07 01:45:00
2025-05-07 11:14:28,634 - INFO - Prioridad actual: 0
2025-05-07 11:14:28,634 - INFO - 
Obteniendo intervalos para máquina 2002
2025-05-07 11:14:28,635 - INFO - Rango: 2025-05-06 17:45:00 - 2025-05-07 01:45:00
2025-05-07 11:14:28,648 - INFO - No se detectaron conflictos
2025-05-07 11:14:28,649 - INFO - 
Verificando conflictos para máquina 1002
2025-05-07 11:14:28,649 - INFO - Intervalo a verificar: 2025-05-05 16:30:00 - 2025-05-06 00:30:00
2025-05-07 11:14:28,649 - INFO - Prioridad actual: 0
2025-05-07 11:14:28,649 - INFO - 
Obteniendo intervalos para máquina 1002
2025-05-07 11:14:28,649 - INFO - Rango: 2025-05-05 16:30:00 - 2025-05-06 00:30:00
2025-05-07 11:14:28,697 - INFO - No se detectaron conflictos
2025-05-07 11:14:28,698 - INFO - 
Verificando conflictos para máquina 1203
2025-05-07 11:14:28,699 - INFO - Intervalo a verificar: 2025-05-06 16:30:00 - 2025-05-07 00:30:00
2025-05-07 11:14:28,699 - INFO - Prioridad actual: 0
2025-05-07 11:14:28,699 - INFO - 
Obteniendo intervalos para máquina 1203
2025-05-07 11:14:28,699 - INFO - Rango: 2025-05-06 16:30:00 - 2025-05-07 00:30:00
2025-05-07 11:14:28,713 - INFO - No se detectaron conflictos
2025-05-07 11:14:28,714 - INFO - 
Verificando conflictos para máquina 1431
2025-05-07 11:14:28,715 - INFO - Intervalo a verificar: 2025-05-06 17:00:00 - 2025-05-07 01:00:00
2025-05-07 11:14:28,715 - INFO - Prioridad actual: 0
2025-05-07 11:14:28,715 - INFO - 
Obteniendo intervalos para máquina 1431
2025-05-07 11:14:28,715 - INFO - Rango: 2025-05-06 17:00:00 - 2025-05-07 01:00:00
2025-05-07 11:14:28,729 - INFO - No se detectaron conflictos
2025-05-07 11:14:28,730 - INFO - 
Verificando conflictos para máquina 1601
2025-05-07 11:14:28,730 - INFO - Intervalo a verificar: 2025-05-06 17:45:00 - 2025-05-07 01:45:00
2025-05-07 11:14:28,731 - INFO - Prioridad actual: 0
2025-05-07 11:14:28,731 - INFO - 
Obteniendo intervalos para máquina 1601
2025-05-07 11:14:28,731 - INFO - Rango: 2025-05-06 17:45:00 - 2025-05-07 01:45:00
2025-05-07 11:14:28,828 - INFO - No se detectaron conflictos
2025-05-07 11:14:28,835 - INFO - 
Verificando conflictos para máquina 2002
2025-05-07 11:14:28,836 - INFO - Intervalo a verificar: 2025-05-07 08:00:00 - 2025-05-07 16:00:00
2025-05-07 11:14:28,839 - INFO - Prioridad actual: 0
2025-05-07 11:14:28,842 - INFO - 
Obteniendo intervalos para máquina 2002
2025-05-07 11:14:28,844 - INFO - Rango: 2025-05-07 08:00:00 - 2025-05-07 16:00:00
2025-05-07 11:14:28,873 - INFO - No se detectaron conflictos
2025-05-07 11:14:28,877 - INFO - 
Verificando conflictos para máquina 1002
2025-05-07 11:14:28,877 - INFO - Intervalo a verificar: 2025-05-05 17:30:00 - 2025-05-06 01:30:00
2025-05-07 11:14:28,878 - INFO - Prioridad actual: 0
2025-05-07 11:14:28,878 - INFO - 
Obteniendo intervalos para máquina 1002
2025-05-07 11:14:28,878 - INFO - Rango: 2025-05-05 17:30:00 - 2025-05-06 01:30:00
2025-05-07 11:14:29,009 - INFO - No se detectaron conflictos
2025-05-07 11:14:29,011 - INFO - 
Verificando conflictos para máquina 1203
2025-05-07 11:14:29,014 - INFO - Intervalo a verificar: 2025-05-06 17:30:00 - 2025-05-07 01:30:00
2025-05-07 11:14:29,014 - INFO - Prioridad actual: 0
2025-05-07 11:14:29,014 - INFO - 
Obteniendo intervalos para máquina 1203
2025-05-07 11:14:29,015 - INFO - Rango: 2025-05-06 17:30:00 - 2025-05-07 01:30:00
2025-05-07 11:14:29,046 - INFO - No se detectaron conflictos
2025-05-07 11:14:29,047 - INFO - 
Verificando conflictos para máquina 1431
2025-05-07 11:14:29,048 - INFO - Intervalo a verificar: 2025-05-06 17:45:00 - 2025-05-07 01:45:00
2025-05-07 11:14:29,051 - INFO - Prioridad actual: 0
2025-05-07 11:14:29,052 - INFO - 
Obteniendo intervalos para máquina 1431
2025-05-07 11:14:29,052 - INFO - Rango: 2025-05-06 17:45:00 - 2025-05-07 01:45:00
2025-05-07 11:14:29,092 - INFO - No se detectaron conflictos
2025-05-07 11:14:29,093 - INFO - 
Verificando conflictos para máquina 1601
2025-05-07 11:14:29,094 - INFO - Intervalo a verificar: 2025-05-07 08:00:00 - 2025-05-07 16:00:00
2025-05-07 11:14:29,095 - INFO - Prioridad actual: 0
2025-05-07 11:14:29,096 - INFO - 
Obteniendo intervalos para máquina 1601
2025-05-07 11:14:29,096 - INFO - Rango: 2025-05-07 08:00:00 - 2025-05-07 16:00:00
2025-05-07 11:14:29,180 - INFO - No se detectaron conflictos
2025-05-07 11:14:29,181 - INFO - 
Verificando conflictos para máquina 2002
2025-05-07 11:14:29,181 - INFO - Intervalo a verificar: 2025-05-07 09:00:00 - 2025-05-07 17:00:00
2025-05-07 11:14:29,182 - INFO - Prioridad actual: 0
2025-05-07 11:14:29,183 - INFO - 
Obteniendo intervalos para máquina 2002
2025-05-07 11:14:29,184 - INFO - Rango: 2025-05-07 09:00:00 - 2025-05-07 17:00:00
2025-05-07 11:14:29,205 - INFO - No se detectaron conflictos
2025-05-07 11:14:29,206 - INFO - 
Verificando conflictos para máquina 1002
2025-05-07 11:14:29,206 - INFO - Intervalo a verificar: 2025-05-06 07:45:00 - 2025-05-06 15:45:00
2025-05-07 11:14:29,206 - INFO - Prioridad actual: 0
2025-05-07 11:14:29,206 - INFO - 
Obteniendo intervalos para máquina 1002
2025-05-07 11:14:29,206 - INFO - Rango: 2025-05-06 07:45:00 - 2025-05-06 15:45:00
2025-05-07 11:14:29,248 - INFO - No se detectaron conflictos
2025-05-07 11:14:29,250 - INFO - 
Verificando conflictos para máquina 1203
2025-05-07 11:14:29,250 - INFO - Intervalo a verificar: 2025-05-07 07:45:00 - 2025-05-07 15:45:00
2025-05-07 11:14:29,251 - INFO - Prioridad actual: 0
2025-05-07 11:14:29,251 - INFO - 
Obteniendo intervalos para máquina 1203
2025-05-07 11:14:29,251 - INFO - Rango: 2025-05-07 07:45:00 - 2025-05-07 15:45:00
2025-05-07 11:14:29,264 - INFO - No se detectaron conflictos
2025-05-07 11:14:29,266 - INFO - 
Verificando conflictos para máquina 1431
2025-05-07 11:14:29,266 - INFO - Intervalo a verificar: 2025-05-07 11:00:00 - 2025-05-07 19:00:00
2025-05-07 11:14:29,266 - INFO - Prioridad actual: 0
2025-05-07 11:14:29,266 - INFO - 
Obteniendo intervalos para máquina 1431
2025-05-07 11:14:29,266 - INFO - Rango: 2025-05-07 11:00:00 - 2025-05-07 19:00:00
2025-05-07 11:14:29,278 - INFO - No se detectaron conflictos
2025-05-07 11:14:29,278 - INFO - 
Verificando conflictos para máquina 1601
2025-05-07 11:14:29,278 - INFO - Intervalo a verificar: 2025-05-07 15:00:00 - 2025-05-07 23:00:00
2025-05-07 11:14:29,279 - INFO - Prioridad actual: 0
2025-05-07 11:14:29,279 - INFO - 
Obteniendo intervalos para máquina 1601
2025-05-07 11:14:29,279 - INFO - Rango: 2025-05-07 15:00:00 - 2025-05-07 23:00:00
2025-05-07 11:14:29,308 - INFO - No se detectaron conflictos
2025-05-07 11:14:29,308 - INFO - 
Verificando conflictos para máquina 2002
2025-05-07 11:14:29,309 - INFO - Intervalo a verificar: 2025-05-08 08:00:00 - 2025-05-08 16:00:00
2025-05-07 11:14:29,309 - INFO - Prioridad actual: 0
2025-05-07 11:14:29,309 - INFO - 
Obteniendo intervalos para máquina 2002
2025-05-07 11:14:29,309 - INFO - Rango: 2025-05-08 08:00:00 - 2025-05-08 16:00:00
2025-05-07 11:14:29,320 - INFO - No se detectaron conflictos
2025-05-07 11:14:29,321 - INFO - 
Verificando conflictos para máquina 1004
2025-05-07 11:14:29,321 - INFO - Intervalo a verificar: 2025-05-02 07:45:00 - 2025-05-02 15:45:00
2025-05-07 11:14:29,321 - INFO - Prioridad actual: 0
2025-05-07 11:14:29,322 - INFO - 
Obteniendo intervalos para máquina 1004
2025-05-07 11:14:29,322 - INFO - Rango: 2025-05-02 07:45:00 - 2025-05-02 15:45:00
2025-05-07 11:14:29,329 - WARNING - Conflicto detectado con OT 43970
2025-05-07 11:14:29,329 - WARNING - Prioridad del conflicto: 9
2025-05-07 11:14:29,330 - INFO - 
Verificando conflictos para máquina 1004
2025-05-07 11:14:29,330 - INFO - Intervalo a verificar: 2025-05-02 13:00:00 - 2025-05-02 21:00:00
2025-05-07 11:14:29,330 - INFO - Prioridad actual: 0
2025-05-07 11:14:29,330 - INFO - 
Obteniendo intervalos para máquina 1004
2025-05-07 11:14:29,331 - INFO - Rango: 2025-05-02 13:00:00 - 2025-05-02 21:00:00
2025-05-07 11:14:29,341 - INFO - No se detectaron conflictos
2025-05-07 11:14:29,341 - INFO - 
Verificando conflictos para máquina 1315
2025-05-07 11:14:29,342 - INFO - Intervalo a verificar: 2025-05-05 15:30:00 - 2025-05-05 23:30:00
2025-05-07 11:14:29,342 - INFO - Prioridad actual: 0
2025-05-07 11:14:29,342 - INFO - 
Obteniendo intervalos para máquina 1315
2025-05-07 11:14:29,342 - INFO - Rango: 2025-05-05 15:30:00 - 2025-05-05 23:30:00
2025-05-07 11:14:29,350 - INFO - No se detectaron conflictos
2025-05-07 11:14:29,351 - INFO - 
Verificando conflictos para máquina 1315
2025-05-07 11:14:29,352 - INFO - Intervalo a verificar: 2025-05-06 10:00:00 - 2025-05-06 18:00:00
2025-05-07 11:14:29,352 - INFO - Prioridad actual: 0
2025-05-07 11:14:29,352 - INFO - 
Obteniendo intervalos para máquina 1315
2025-05-07 11:14:29,352 - INFO - Rango: 2025-05-06 10:00:00 - 2025-05-06 18:00:00
2025-05-07 11:14:29,360 - INFO - No se detectaron conflictos
2025-05-07 11:14:29,361 - INFO - 
Verificando conflictos para máquina 1001
2025-05-07 11:14:29,361 - INFO - Intervalo a verificar: 2025-05-06 15:00:00 - 2025-05-06 23:00:00
2025-05-07 11:14:29,361 - INFO - Prioridad actual: 0
2025-05-07 11:14:29,361 - INFO - 
Obteniendo intervalos para máquina 1001
2025-05-07 11:14:29,361 - INFO - Rango: 2025-05-06 15:00:00 - 2025-05-06 23:00:00
2025-05-07 11:14:29,371 - INFO - No se detectaron conflictos
2025-05-07 11:14:29,371 - INFO - 
Verificando conflictos para máquina 4002
2025-05-07 11:14:29,372 - INFO - Intervalo a verificar: 2025-05-07 09:00:00 - 2025-05-07 17:00:00
2025-05-07 11:14:29,372 - INFO - Prioridad actual: 0
2025-05-07 11:14:29,372 - INFO - 
Obteniendo intervalos para máquina 4002
2025-05-07 11:14:29,372 - INFO - Rango: 2025-05-07 09:00:00 - 2025-05-07 17:00:00
2025-05-07 11:14:29,376 - INFO - No se detectaron conflictos
2025-05-07 11:14:29,377 - INFO - 
Verificando conflictos para máquina 1001
2025-05-07 11:14:29,377 - INFO - Intervalo a verificar: 2025-05-07 13:00:00 - 2025-05-07 21:00:00
2025-05-07 11:14:29,377 - INFO - Prioridad actual: 0
2025-05-07 11:14:29,377 - INFO - 
Obteniendo intervalos para máquina 1001
2025-05-07 11:14:29,377 - INFO - Rango: 2025-05-07 13:00:00 - 2025-05-07 21:00:00
2025-05-07 11:14:29,385 - INFO - No se detectaron conflictos
2025-05-07 11:14:29,386 - INFO - 
Verificando conflictos para máquina 4002
2025-05-07 11:14:29,386 - INFO - Intervalo a verificar: 2025-05-07 17:45:00 - 2025-05-08 01:45:00
2025-05-07 11:14:29,386 - INFO - Prioridad actual: 0
2025-05-07 11:14:29,386 - INFO - 
Obteniendo intervalos para máquina 4002
2025-05-07 11:14:29,386 - INFO - Rango: 2025-05-07 17:45:00 - 2025-05-08 01:45:00
2025-05-07 11:14:29,390 - INFO - No se detectaron conflictos
2025-05-07 11:14:29,391 - INFO - 
Verificando conflictos para máquina 1205
2025-05-07 11:14:29,391 - INFO - Intervalo a verificar: 2025-05-08 12:00:00 - 2025-05-08 20:00:00
2025-05-07 11:14:29,391 - INFO - Prioridad actual: 0
2025-05-07 11:14:29,391 - INFO - 
Obteniendo intervalos para máquina 1205
2025-05-07 11:14:29,392 - INFO - Rango: 2025-05-08 12:00:00 - 2025-05-08 20:00:00
2025-05-07 11:14:29,409 - INFO - No se detectaron conflictos
2025-05-07 11:14:29,410 - INFO - 
Verificando conflictos para máquina 3421
2025-05-07 11:14:29,410 - INFO - Intervalo a verificar: 2025-05-08 17:00:00 - 2025-05-09 01:00:00
2025-05-07 11:14:29,410 - INFO - Prioridad actual: 0
2025-05-07 11:14:29,410 - INFO - 
Obteniendo intervalos para máquina 3421
2025-05-07 11:14:29,410 - INFO - Rango: 2025-05-08 17:00:00 - 2025-05-09 01:00:00
2025-05-07 11:14:29,420 - INFO - No se detectaron conflictos
2025-05-07 11:58:12,231 - INFO - 
Verificando conflictos para máquina 1002
2025-05-07 11:58:12,232 - INFO - Intervalo a verificar: 2025-05-02 07:45:00 - 2025-05-02 15:45:00
2025-05-07 11:58:12,233 - INFO - Prioridad actual: 0
2025-05-07 11:58:12,233 - INFO - 
Obteniendo intervalos para máquina 1002
2025-05-07 11:58:12,233 - INFO - Rango: 2025-05-02 07:45:00 - 2025-05-02 15:45:00
2025-05-07 11:58:12,317 - WARNING - Conflicto detectado con OT 43952
2025-05-07 11:58:12,318 - WARNING - Prioridad del conflicto: 1
2025-05-07 11:58:12,321 - INFO - 
Verificando conflictos para máquina 1201
2025-05-07 11:58:12,325 - INFO - Intervalo a verificar: 2025-05-02 12:00:00 - 2025-05-02 20:00:00
2025-05-07 11:58:12,327 - INFO - Prioridad actual: 0
2025-05-07 11:58:12,328 - INFO - 
Obteniendo intervalos para máquina 1201
2025-05-07 11:58:12,329 - INFO - Rango: 2025-05-02 12:00:00 - 2025-05-02 20:00:00
2025-05-07 11:58:12,347 - INFO - No se detectaron conflictos
2025-05-07 11:58:12,349 - INFO - 
Verificando conflictos para máquina 1312
2025-05-07 11:58:12,350 - INFO - Intervalo a verificar: 2025-05-02 13:00:00 - 2025-05-02 21:00:00
2025-05-07 11:58:12,351 - INFO - Prioridad actual: 0
2025-05-07 11:58:12,352 - INFO - 
Obteniendo intervalos para máquina 1312
2025-05-07 11:58:12,353 - INFO - Rango: 2025-05-02 13:00:00 - 2025-05-02 21:00:00
2025-05-07 11:58:12,384 - INFO - No se detectaron conflictos
2025-05-07 11:58:12,386 - INFO - 
Verificando conflictos para máquina 1315
2025-05-07 11:58:12,388 - INFO - Intervalo a verificar: 2025-05-05 08:00:00 - 2025-05-05 16:00:00
2025-05-07 11:58:12,389 - INFO - Prioridad actual: 0
2025-05-07 11:58:12,391 - INFO - 
Obteniendo intervalos para máquina 1315
2025-05-07 11:58:12,391 - INFO - Rango: 2025-05-05 08:00:00 - 2025-05-05 16:00:00
2025-05-07 11:58:12,415 - INFO - No se detectaron conflictos
2025-05-07 11:58:12,417 - INFO - 
Verificando conflictos para máquina 1315
2025-05-07 11:58:12,420 - INFO - Intervalo a verificar: 2025-05-05 11:00:00 - 2025-05-05 19:00:00
2025-05-07 11:58:12,421 - INFO - Prioridad actual: 0
2025-05-07 11:58:12,421 - INFO - 
Obteniendo intervalos para máquina 1315
2025-05-07 11:58:12,422 - INFO - Rango: 2025-05-05 11:00:00 - 2025-05-05 19:00:00
2025-05-07 11:58:12,446 - INFO - No se detectaron conflictos
2025-05-07 11:58:12,447 - INFO - 
Verificando conflictos para máquina 1204
2025-05-07 11:58:12,447 - INFO - Intervalo a verificar: 2025-05-05 15:00:00 - 2025-05-05 23:00:00
2025-05-07 11:58:12,448 - INFO - Prioridad actual: 0
2025-05-07 11:58:12,448 - INFO - 
Obteniendo intervalos para máquina 1204
2025-05-07 11:58:12,448 - INFO - Rango: 2025-05-05 15:00:00 - 2025-05-05 23:00:00
2025-05-07 11:58:12,463 - INFO - No se detectaron conflictos
2025-05-07 11:58:12,464 - INFO - 
Verificando conflictos para máquina 1002
2025-05-07 11:58:12,464 - INFO - Intervalo a verificar: 2025-05-02 12:30:00 - 2025-05-02 20:30:00
2025-05-07 11:58:12,465 - INFO - Prioridad actual: 0
2025-05-07 11:58:12,465 - INFO - 
Obteniendo intervalos para máquina 1002
2025-05-07 11:58:12,465 - INFO - Rango: 2025-05-02 12:30:00 - 2025-05-02 20:30:00
2025-05-07 11:58:12,513 - WARNING - Conflicto detectado con OT 43951
2025-05-07 11:58:12,514 - WARNING - Prioridad del conflicto: 2
2025-05-07 11:58:12,515 - INFO - 
Verificando conflictos para máquina 1203
2025-05-07 11:58:12,515 - INFO - Intervalo a verificar: 2025-05-05 15:00:00 - 2025-05-05 23:00:00
2025-05-07 11:58:12,515 - INFO - Prioridad actual: 0
2025-05-07 11:58:12,516 - INFO - 
Obteniendo intervalos para máquina 1203
2025-05-07 11:58:12,516 - INFO - Rango: 2025-05-05 15:00:00 - 2025-05-05 23:00:00
2025-05-07 11:58:12,538 - INFO - No se detectaron conflictos
2025-05-07 11:58:12,540 - INFO - 
Verificando conflictos para máquina 1314
2025-05-07 11:58:12,542 - INFO - Intervalo a verificar: 2025-05-06 15:00:00 - 2025-05-06 23:00:00
2025-05-07 11:58:12,544 - INFO - Prioridad actual: 0
2025-05-07 11:58:12,545 - INFO - 
Obteniendo intervalos para máquina 1314
2025-05-07 11:58:12,545 - INFO - Rango: 2025-05-06 15:00:00 - 2025-05-06 23:00:00
2025-05-07 11:58:12,579 - INFO - No se detectaron conflictos
2025-05-07 11:58:12,581 - INFO - 
Verificando conflictos para máquina 2501
2025-05-07 11:58:12,581 - INFO - Intervalo a verificar: 2025-05-07 15:00:00 - 2025-05-07 23:00:00
2025-05-07 11:58:12,581 - INFO - Prioridad actual: 0
2025-05-07 11:58:12,582 - INFO - 
Obteniendo intervalos para máquina 2501
2025-05-07 11:58:12,582 - INFO - Rango: 2025-05-07 15:00:00 - 2025-05-07 23:00:00
2025-05-07 11:58:12,601 - INFO - No se detectaron conflictos
2025-05-07 11:58:12,603 - INFO - 
Verificando conflictos para máquina 1003
2025-05-07 11:58:12,603 - INFO - Intervalo a verificar: 2025-05-02 07:45:00 - 2025-05-02 15:45:00
2025-05-07 11:58:12,603 - INFO - Prioridad actual: 0
2025-05-07 11:58:12,604 - INFO - 
Obteniendo intervalos para máquina 1003
2025-05-07 11:58:12,604 - INFO - Rango: 2025-05-02 07:45:00 - 2025-05-02 15:45:00
2025-05-07 11:58:12,618 - WARNING - Conflicto detectado con OT 43957
2025-05-07 11:58:12,618 - WARNING - Prioridad del conflicto: 3
2025-05-07 11:58:12,619 - INFO - 
Verificando conflictos para máquina 1201
2025-05-07 11:58:12,619 - INFO - Intervalo a verificar: 2025-05-02 13:30:00 - 2025-05-02 21:30:00
2025-05-07 11:58:12,620 - INFO - Prioridad actual: 0
2025-05-07 11:58:12,620 - INFO - 
Obteniendo intervalos para máquina 1201
2025-05-07 11:58:12,620 - INFO - Rango: 2025-05-02 13:30:00 - 2025-05-02 21:30:00
2025-05-07 11:58:12,653 - INFO - No se detectaron conflictos
2025-05-07 11:58:12,654 - INFO - 
Verificando conflictos para máquina 1313
2025-05-07 11:58:12,654 - INFO - Intervalo a verificar: 2025-05-02 15:00:00 - 2025-05-02 23:00:00
2025-05-07 11:58:12,655 - INFO - Prioridad actual: 0
2025-05-07 11:58:12,655 - INFO - 
Obteniendo intervalos para máquina 1313
2025-05-07 11:58:12,655 - INFO - Rango: 2025-05-02 15:00:00 - 2025-05-02 23:00:00
2025-05-07 11:58:12,702 - INFO - No se detectaron conflictos
2025-05-07 11:58:12,703 - INFO - 
Verificando conflictos para máquina 1313
2025-05-07 11:58:12,703 - INFO - Intervalo a verificar: 2025-05-05 09:00:00 - 2025-05-05 17:00:00
2025-05-07 11:58:12,704 - INFO - Prioridad actual: 0
2025-05-07 11:58:12,704 - INFO - 
Obteniendo intervalos para máquina 1313
2025-05-07 11:58:12,704 - INFO - Rango: 2025-05-05 09:00:00 - 2025-05-05 17:00:00
2025-05-07 11:58:12,748 - INFO - No se detectaron conflictos
2025-05-07 11:58:12,749 - INFO - 
Verificando conflictos para máquina 1601
2025-05-07 11:58:12,750 - INFO - Intervalo a verificar: 2025-05-05 11:00:00 - 2025-05-05 19:00:00
2025-05-07 11:58:12,750 - INFO - Prioridad actual: 0
2025-05-07 11:58:12,750 - INFO - 
Obteniendo intervalos para máquina 1601
2025-05-07 11:58:12,750 - INFO - Rango: 2025-05-05 11:00:00 - 2025-05-05 19:00:00
2025-05-07 11:58:12,798 - INFO - No se detectaron conflictos
2025-05-07 11:58:12,799 - INFO - 
Verificando conflictos para máquina 2006
2025-05-07 11:58:12,799 - INFO - Intervalo a verificar: 2025-05-05 15:00:00 - 2025-05-05 23:00:00
2025-05-07 11:58:12,799 - INFO - Prioridad actual: 0
2025-05-07 11:58:12,799 - INFO - 
Obteniendo intervalos para máquina 2006
2025-05-07 11:58:12,799 - INFO - Rango: 2025-05-05 15:00:00 - 2025-05-05 23:00:00
2025-05-07 11:58:12,810 - INFO - No se detectaron conflictos
2025-05-07 11:58:12,814 - INFO - 
Verificando conflictos para máquina 1205
2025-05-07 11:58:12,814 - INFO - Intervalo a verificar: 2025-05-02 07:45:00 - 2025-05-02 15:45:00
2025-05-07 11:58:12,814 - INFO - Prioridad actual: 0
2025-05-07 11:58:12,814 - INFO - 
Obteniendo intervalos para máquina 1205
2025-05-07 11:58:12,815 - INFO - Rango: 2025-05-02 07:45:00 - 2025-05-02 15:45:00
2025-05-07 11:58:12,837 - WARNING - Conflicto detectado con OT 43949
2025-05-07 11:58:12,838 - WARNING - Prioridad del conflicto: 4
2025-05-07 11:58:12,838 - INFO - 
Verificando conflictos para máquina 1002
2025-05-07 11:58:12,839 - INFO - Intervalo a verificar: 2025-05-05 15:30:00 - 2025-05-05 23:30:00
2025-05-07 11:58:12,839 - INFO - Prioridad actual: 0
2025-05-07 11:58:12,839 - INFO - 
Obteniendo intervalos para máquina 1002
2025-05-07 11:58:12,839 - INFO - Rango: 2025-05-05 15:30:00 - 2025-05-05 23:30:00
2025-05-07 11:58:12,884 - INFO - No se detectaron conflictos
2025-05-07 11:58:12,885 - INFO - 
Verificando conflictos para máquina 1203
2025-05-07 11:58:12,885 - INFO - Intervalo a verificar: 2025-05-06 15:30:00 - 2025-05-06 23:30:00
2025-05-07 11:58:12,885 - INFO - Prioridad actual: 0
2025-05-07 11:58:12,885 - INFO - 
Obteniendo intervalos para máquina 1203
2025-05-07 11:58:12,885 - INFO - Rango: 2025-05-06 15:30:00 - 2025-05-06 23:30:00
2025-05-07 11:58:12,900 - INFO - No se detectaron conflictos
2025-05-07 11:58:12,901 - INFO - 
Verificando conflictos para máquina 1431
2025-05-07 11:58:12,901 - INFO - Intervalo a verificar: 2025-05-06 16:00:00 - 2025-05-07 00:00:00
2025-05-07 11:58:12,902 - INFO - Prioridad actual: 0
2025-05-07 11:58:12,902 - INFO - 
Obteniendo intervalos para máquina 1431
2025-05-07 11:58:12,902 - INFO - Rango: 2025-05-06 16:00:00 - 2025-05-07 00:00:00
2025-05-07 11:58:12,917 - INFO - No se detectaron conflictos
2025-05-07 11:58:12,918 - INFO - 
Verificando conflictos para máquina 1601
2025-05-07 11:58:12,918 - INFO - Intervalo a verificar: 2025-05-06 17:00:00 - 2025-05-07 01:00:00
2025-05-07 11:58:12,918 - INFO - Prioridad actual: 0
2025-05-07 11:58:12,919 - INFO - 
Obteniendo intervalos para máquina 1601
2025-05-07 11:58:12,919 - INFO - Rango: 2025-05-06 17:00:00 - 2025-05-07 01:00:00
2025-05-07 11:58:12,967 - INFO - No se detectaron conflictos
2025-05-07 11:58:12,968 - INFO - 
Verificando conflictos para máquina 2002
2025-05-07 11:58:12,968 - INFO - Intervalo a verificar: 2025-05-06 17:45:00 - 2025-05-07 01:45:00
2025-05-07 11:58:12,968 - INFO - Prioridad actual: 0
2025-05-07 11:58:12,969 - INFO - 
Obteniendo intervalos para máquina 2002
2025-05-07 11:58:12,969 - INFO - Rango: 2025-05-06 17:45:00 - 2025-05-07 01:45:00
2025-05-07 11:58:12,983 - INFO - No se detectaron conflictos
2025-05-07 11:58:12,984 - INFO - 
Verificando conflictos para máquina 1002
2025-05-07 11:58:12,984 - INFO - Intervalo a verificar: 2025-05-05 16:30:00 - 2025-05-06 00:30:00
2025-05-07 11:58:12,984 - INFO - Prioridad actual: 0
2025-05-07 11:58:12,984 - INFO - 
Obteniendo intervalos para máquina 1002
2025-05-07 11:58:12,984 - INFO - Rango: 2025-05-05 16:30:00 - 2025-05-06 00:30:00
2025-05-07 11:58:13,034 - INFO - No se detectaron conflictos
2025-05-07 11:58:13,035 - INFO - 
Verificando conflictos para máquina 1203
2025-05-07 11:58:13,035 - INFO - Intervalo a verificar: 2025-05-06 16:30:00 - 2025-05-07 00:30:00
2025-05-07 11:58:13,036 - INFO - Prioridad actual: 0
2025-05-07 11:58:13,036 - INFO - 
Obteniendo intervalos para máquina 1203
2025-05-07 11:58:13,036 - INFO - Rango: 2025-05-06 16:30:00 - 2025-05-07 00:30:00
2025-05-07 11:58:13,052 - INFO - No se detectaron conflictos
2025-05-07 11:58:13,053 - INFO - 
Verificando conflictos para máquina 1431
2025-05-07 11:58:13,053 - INFO - Intervalo a verificar: 2025-05-06 17:00:00 - 2025-05-07 01:00:00
2025-05-07 11:58:13,053 - INFO - Prioridad actual: 0
2025-05-07 11:58:13,053 - INFO - 
Obteniendo intervalos para máquina 1431
2025-05-07 11:58:13,054 - INFO - Rango: 2025-05-06 17:00:00 - 2025-05-07 01:00:00
2025-05-07 11:58:13,070 - INFO - No se detectaron conflictos
2025-05-07 11:58:13,071 - INFO - 
Verificando conflictos para máquina 1601
2025-05-07 11:58:13,071 - INFO - Intervalo a verificar: 2025-05-06 17:45:00 - 2025-05-07 01:45:00
2025-05-07 11:58:13,071 - INFO - Prioridad actual: 0
2025-05-07 11:58:13,071 - INFO - 
Obteniendo intervalos para máquina 1601
2025-05-07 11:58:13,071 - INFO - Rango: 2025-05-06 17:45:00 - 2025-05-07 01:45:00
2025-05-07 11:58:13,118 - INFO - No se detectaron conflictos
2025-05-07 11:58:13,119 - INFO - 
Verificando conflictos para máquina 2002
2025-05-07 11:58:13,119 - INFO - Intervalo a verificar: 2025-05-07 08:00:00 - 2025-05-07 16:00:00
2025-05-07 11:58:13,119 - INFO - Prioridad actual: 0
2025-05-07 11:58:13,120 - INFO - 
Obteniendo intervalos para máquina 2002
2025-05-07 11:58:13,120 - INFO - Rango: 2025-05-07 08:00:00 - 2025-05-07 16:00:00
2025-05-07 11:58:13,135 - INFO - No se detectaron conflictos
2025-05-07 11:58:13,136 - INFO - 
Verificando conflictos para máquina 1002
2025-05-07 11:58:13,137 - INFO - Intervalo a verificar: 2025-05-05 17:30:00 - 2025-05-06 01:30:00
2025-05-07 11:58:13,137 - INFO - Prioridad actual: 0
2025-05-07 11:58:13,137 - INFO - 
Obteniendo intervalos para máquina 1002
2025-05-07 11:58:13,137 - INFO - Rango: 2025-05-05 17:30:00 - 2025-05-06 01:30:00
2025-05-07 11:58:13,196 - INFO - No se detectaron conflictos
2025-05-07 11:58:13,198 - INFO - 
Verificando conflictos para máquina 1203
2025-05-07 11:58:13,198 - INFO - Intervalo a verificar: 2025-05-06 17:30:00 - 2025-05-07 01:30:00
2025-05-07 11:58:13,198 - INFO - Prioridad actual: 0
2025-05-07 11:58:13,198 - INFO - 
Obteniendo intervalos para máquina 1203
2025-05-07 11:58:13,198 - INFO - Rango: 2025-05-06 17:30:00 - 2025-05-07 01:30:00
2025-05-07 11:58:13,215 - INFO - No se detectaron conflictos
2025-05-07 11:58:13,216 - INFO - 
Verificando conflictos para máquina 1431
2025-05-07 11:58:13,216 - INFO - Intervalo a verificar: 2025-05-06 17:45:00 - 2025-05-07 01:45:00
2025-05-07 11:58:13,217 - INFO - Prioridad actual: 0
2025-05-07 11:58:13,217 - INFO - 
Obteniendo intervalos para máquina 1431
2025-05-07 11:58:13,217 - INFO - Rango: 2025-05-06 17:45:00 - 2025-05-07 01:45:00
2025-05-07 11:58:13,235 - INFO - No se detectaron conflictos
2025-05-07 11:58:13,236 - INFO - 
Verificando conflictos para máquina 1601
2025-05-07 11:58:13,236 - INFO - Intervalo a verificar: 2025-05-07 08:00:00 - 2025-05-07 16:00:00
2025-05-07 11:58:13,236 - INFO - Prioridad actual: 0
2025-05-07 11:58:13,236 - INFO - 
Obteniendo intervalos para máquina 1601
2025-05-07 11:58:13,236 - INFO - Rango: 2025-05-07 08:00:00 - 2025-05-07 16:00:00
2025-05-07 11:58:13,280 - INFO - No se detectaron conflictos
2025-05-07 11:58:13,281 - INFO - 
Verificando conflictos para máquina 2002
2025-05-07 11:58:13,281 - INFO - Intervalo a verificar: 2025-05-07 09:00:00 - 2025-05-07 17:00:00
2025-05-07 11:58:13,281 - INFO - Prioridad actual: 0
2025-05-07 11:58:13,281 - INFO - 
Obteniendo intervalos para máquina 2002
2025-05-07 11:58:13,282 - INFO - Rango: 2025-05-07 09:00:00 - 2025-05-07 17:00:00
2025-05-07 11:58:13,298 - INFO - No se detectaron conflictos
2025-05-07 11:58:13,299 - INFO - 
Verificando conflictos para máquina 1002
2025-05-07 11:58:13,300 - INFO - Intervalo a verificar: 2025-05-06 07:45:00 - 2025-05-06 15:45:00
2025-05-07 11:58:13,300 - INFO - Prioridad actual: 0
2025-05-07 11:58:13,300 - INFO - 
Obteniendo intervalos para máquina 1002
2025-05-07 11:58:13,300 - INFO - Rango: 2025-05-06 07:45:00 - 2025-05-06 15:45:00
2025-05-07 11:58:13,351 - INFO - No se detectaron conflictos
2025-05-07 11:58:13,352 - INFO - 
Verificando conflictos para máquina 1203
2025-05-07 11:58:13,352 - INFO - Intervalo a verificar: 2025-05-07 07:45:00 - 2025-05-07 15:45:00
2025-05-07 11:58:13,353 - INFO - Prioridad actual: 0
2025-05-07 11:58:13,353 - INFO - 
Obteniendo intervalos para máquina 1203
2025-05-07 11:58:13,353 - INFO - Rango: 2025-05-07 07:45:00 - 2025-05-07 15:45:00
2025-05-07 11:58:13,369 - INFO - No se detectaron conflictos
2025-05-07 11:58:13,370 - INFO - 
Verificando conflictos para máquina 1431
2025-05-07 11:58:13,370 - INFO - Intervalo a verificar: 2025-05-07 11:00:00 - 2025-05-07 19:00:00
2025-05-07 11:58:13,370 - INFO - Prioridad actual: 0
2025-05-07 11:58:13,370 - INFO - 
Obteniendo intervalos para máquina 1431
2025-05-07 11:58:13,370 - INFO - Rango: 2025-05-07 11:00:00 - 2025-05-07 19:00:00
2025-05-07 11:58:13,385 - INFO - No se detectaron conflictos
2025-05-07 11:58:13,387 - INFO - 
Verificando conflictos para máquina 1601
2025-05-07 11:58:13,387 - INFO - Intervalo a verificar: 2025-05-07 15:00:00 - 2025-05-07 23:00:00
2025-05-07 11:58:13,387 - INFO - Prioridad actual: 0
2025-05-07 11:58:13,387 - INFO - 
Obteniendo intervalos para máquina 1601
2025-05-07 11:58:13,387 - INFO - Rango: 2025-05-07 15:00:00 - 2025-05-07 23:00:00
2025-05-07 11:58:13,650 - INFO - No se detectaron conflictos
2025-05-07 11:58:13,651 - INFO - 
Verificando conflictos para máquina 2002
2025-05-07 11:58:13,651 - INFO - Intervalo a verificar: 2025-05-08 08:00:00 - 2025-05-08 16:00:00
2025-05-07 11:58:13,652 - INFO - Prioridad actual: 0
2025-05-07 11:58:13,652 - INFO - 
Obteniendo intervalos para máquina 2002
2025-05-07 11:58:13,652 - INFO - Rango: 2025-05-08 08:00:00 - 2025-05-08 16:00:00
2025-05-07 11:58:13,666 - INFO - No se detectaron conflictos
2025-05-07 11:58:13,667 - INFO - 
Verificando conflictos para máquina 1004
2025-05-07 11:58:13,667 - INFO - Intervalo a verificar: 2025-05-02 07:45:00 - 2025-05-02 15:45:00
2025-05-07 11:58:13,667 - INFO - Prioridad actual: 0
2025-05-07 11:58:13,667 - INFO - 
Obteniendo intervalos para máquina 1004
2025-05-07 11:58:13,667 - INFO - Rango: 2025-05-02 07:45:00 - 2025-05-02 15:45:00
2025-05-07 11:58:13,680 - WARNING - Conflicto detectado con OT 43970
2025-05-07 11:58:13,680 - WARNING - Prioridad del conflicto: 9
2025-05-07 11:58:13,682 - INFO - 
Verificando conflictos para máquina 1004
2025-05-07 11:58:13,682 - INFO - Intervalo a verificar: 2025-05-02 13:00:00 - 2025-05-02 21:00:00
2025-05-07 11:58:13,682 - INFO - Prioridad actual: 0
2025-05-07 11:58:13,682 - INFO - 
Obteniendo intervalos para máquina 1004
2025-05-07 11:58:13,682 - INFO - Rango: 2025-05-02 13:00:00 - 2025-05-02 21:00:00
2025-05-07 11:58:13,690 - INFO - No se detectaron conflictos
2025-05-07 11:58:13,696 - INFO - 
Verificando conflictos para máquina 1315
2025-05-07 11:58:13,697 - INFO - Intervalo a verificar: 2025-05-05 15:30:00 - 2025-05-05 23:30:00
2025-05-07 11:58:13,697 - INFO - Prioridad actual: 0
2025-05-07 11:58:13,697 - INFO - 
Obteniendo intervalos para máquina 1315
2025-05-07 11:58:13,697 - INFO - Rango: 2025-05-05 15:30:00 - 2025-05-05 23:30:00
2025-05-07 11:58:13,705 - INFO - No se detectaron conflictos
2025-05-07 11:58:13,706 - INFO - 
Verificando conflictos para máquina 1315
2025-05-07 11:58:13,706 - INFO - Intervalo a verificar: 2025-05-06 10:00:00 - 2025-05-06 18:00:00
2025-05-07 11:58:13,707 - INFO - Prioridad actual: 0
2025-05-07 11:58:13,707 - INFO - 
Obteniendo intervalos para máquina 1315
2025-05-07 11:58:13,707 - INFO - Rango: 2025-05-06 10:00:00 - 2025-05-06 18:00:00
2025-05-07 11:58:13,720 - INFO - No se detectaron conflictos
2025-05-07 11:58:13,721 - INFO - 
Verificando conflictos para máquina 1001
2025-05-07 11:58:13,721 - INFO - Intervalo a verificar: 2025-05-06 15:00:00 - 2025-05-06 23:00:00
2025-05-07 11:58:13,721 - INFO - Prioridad actual: 0
2025-05-07 11:58:13,721 - INFO - 
Obteniendo intervalos para máquina 1001
2025-05-07 11:58:13,721 - INFO - Rango: 2025-05-06 15:00:00 - 2025-05-06 23:00:00
2025-05-07 11:58:13,735 - INFO - No se detectaron conflictos
2025-05-07 11:58:13,736 - INFO - 
Verificando conflictos para máquina 4002
2025-05-07 11:58:13,736 - INFO - Intervalo a verificar: 2025-05-07 09:00:00 - 2025-05-07 17:00:00
2025-05-07 11:58:13,736 - INFO - Prioridad actual: 0
2025-05-07 11:58:13,736 - INFO - 
Obteniendo intervalos para máquina 4002
2025-05-07 11:58:13,736 - INFO - Rango: 2025-05-07 09:00:00 - 2025-05-07 17:00:00
2025-05-07 11:58:13,741 - INFO - No se detectaron conflictos
2025-05-07 11:58:13,744 - INFO - 
Verificando conflictos para máquina 1001
2025-05-07 11:58:13,744 - INFO - Intervalo a verificar: 2025-05-07 13:00:00 - 2025-05-07 21:00:00
2025-05-07 11:58:13,746 - INFO - Prioridad actual: 0
2025-05-07 11:58:13,746 - INFO - 
Obteniendo intervalos para máquina 1001
2025-05-07 11:58:13,747 - INFO - Rango: 2025-05-07 13:00:00 - 2025-05-07 21:00:00
2025-05-07 11:58:13,756 - INFO - No se detectaron conflictos
2025-05-07 11:58:13,757 - INFO - 
Verificando conflictos para máquina 4002
2025-05-07 11:58:13,757 - INFO - Intervalo a verificar: 2025-05-07 17:45:00 - 2025-05-08 01:45:00
2025-05-07 11:58:13,757 - INFO - Prioridad actual: 0
2025-05-07 11:58:13,757 - INFO - 
Obteniendo intervalos para máquina 4002
2025-05-07 11:58:13,758 - INFO - Rango: 2025-05-07 17:45:00 - 2025-05-08 01:45:00
2025-05-07 11:58:13,766 - INFO - No se detectaron conflictos
2025-05-07 11:58:13,767 - INFO - 
Verificando conflictos para máquina 1205
2025-05-07 11:58:13,767 - INFO - Intervalo a verificar: 2025-05-08 12:00:00 - 2025-05-08 20:00:00
2025-05-07 11:58:13,768 - INFO - Prioridad actual: 0
2025-05-07 11:58:13,768 - INFO - 
Obteniendo intervalos para máquina 1205
2025-05-07 11:58:13,768 - INFO - Rango: 2025-05-08 12:00:00 - 2025-05-08 20:00:00
2025-05-07 11:58:13,790 - INFO - No se detectaron conflictos
2025-05-07 11:58:13,791 - INFO - 
Verificando conflictos para máquina 3421
2025-05-07 11:58:13,791 - INFO - Intervalo a verificar: 2025-05-08 17:00:00 - 2025-05-09 01:00:00
2025-05-07 11:58:13,792 - INFO - Prioridad actual: 0
2025-05-07 11:58:13,793 - INFO - 
Obteniendo intervalos para máquina 3421
2025-05-07 11:58:13,795 - INFO - Rango: 2025-05-08 17:00:00 - 2025-05-09 01:00:00
2025-05-07 11:58:13,809 - INFO - No se detectaron conflictos
2025-05-07 11:58:14,019 - INFO - 
Verificando conflictos para máquina 1002
2025-05-07 11:58:14,020 - INFO - Intervalo a verificar: 2025-05-02 07:45:00 - 2025-05-02 15:45:00
2025-05-07 11:58:14,020 - INFO - Prioridad actual: 0
2025-05-07 11:58:14,021 - INFO - 
Obteniendo intervalos para máquina 1002
2025-05-07 11:58:14,021 - INFO - Rango: 2025-05-02 07:45:00 - 2025-05-02 15:45:00
2025-05-07 11:58:14,076 - WARNING - Conflicto detectado con OT 43952
2025-05-07 11:58:14,077 - WARNING - Prioridad del conflicto: 1
2025-05-07 11:58:14,079 - INFO - 
Verificando conflictos para máquina 1201
2025-05-07 11:58:14,079 - INFO - Intervalo a verificar: 2025-05-02 12:00:00 - 2025-05-02 20:00:00
2025-05-07 11:58:14,080 - INFO - Prioridad actual: 0
2025-05-07 11:58:14,081 - INFO - 
Obteniendo intervalos para máquina 1201
2025-05-07 11:58:14,081 - INFO - Rango: 2025-05-02 12:00:00 - 2025-05-02 20:00:00
2025-05-07 11:58:14,109 - INFO - No se detectaron conflictos
2025-05-07 11:58:14,110 - INFO - 
Verificando conflictos para máquina 1312
2025-05-07 11:58:14,111 - INFO - Intervalo a verificar: 2025-05-02 13:00:00 - 2025-05-02 21:00:00
2025-05-07 11:58:14,111 - INFO - Prioridad actual: 0
2025-05-07 11:58:14,112 - INFO - 
Obteniendo intervalos para máquina 1312
2025-05-07 11:58:14,112 - INFO - Rango: 2025-05-02 13:00:00 - 2025-05-02 21:00:00
2025-05-07 11:58:14,123 - INFO - No se detectaron conflictos
2025-05-07 11:58:14,124 - INFO - 
Verificando conflictos para máquina 1315
2025-05-07 11:58:14,124 - INFO - Intervalo a verificar: 2025-05-05 08:00:00 - 2025-05-05 16:00:00
2025-05-07 11:58:14,125 - INFO - Prioridad actual: 0
2025-05-07 11:58:14,126 - INFO - 
Obteniendo intervalos para máquina 1315
2025-05-07 11:58:14,126 - INFO - Rango: 2025-05-05 08:00:00 - 2025-05-05 16:00:00
2025-05-07 11:58:14,136 - INFO - No se detectaron conflictos
2025-05-07 11:58:14,137 - INFO - 
Verificando conflictos para máquina 1315
2025-05-07 11:58:14,138 - INFO - Intervalo a verificar: 2025-05-05 11:00:00 - 2025-05-05 19:00:00
2025-05-07 11:58:14,138 - INFO - Prioridad actual: 0
2025-05-07 11:58:14,138 - INFO - 
Obteniendo intervalos para máquina 1315
2025-05-07 11:58:14,138 - INFO - Rango: 2025-05-05 11:00:00 - 2025-05-05 19:00:00
2025-05-07 11:58:14,148 - INFO - No se detectaron conflictos
2025-05-07 11:58:14,149 - INFO - 
Verificando conflictos para máquina 1204
2025-05-07 11:58:14,149 - INFO - Intervalo a verificar: 2025-05-05 15:00:00 - 2025-05-05 23:00:00
2025-05-07 11:58:14,149 - INFO - Prioridad actual: 0
2025-05-07 11:58:14,149 - INFO - 
Obteniendo intervalos para máquina 1204
2025-05-07 11:58:14,149 - INFO - Rango: 2025-05-05 15:00:00 - 2025-05-05 23:00:00
2025-05-07 11:58:14,161 - INFO - No se detectaron conflictos
2025-05-07 11:58:14,163 - INFO - 
Verificando conflictos para máquina 1002
2025-05-07 11:58:14,163 - INFO - Intervalo a verificar: 2025-05-02 12:30:00 - 2025-05-02 20:30:00
2025-05-07 11:58:14,163 - INFO - Prioridad actual: 0
2025-05-07 11:58:14,164 - INFO - 
Obteniendo intervalos para máquina 1002
2025-05-07 11:58:14,164 - INFO - Rango: 2025-05-02 12:30:00 - 2025-05-02 20:30:00
2025-05-07 11:58:14,206 - WARNING - Conflicto detectado con OT 43951
2025-05-07 11:58:14,206 - WARNING - Prioridad del conflicto: 2
2025-05-07 11:58:14,208 - INFO - 
Verificando conflictos para máquina 1203
2025-05-07 11:58:14,208 - INFO - Intervalo a verificar: 2025-05-05 15:00:00 - 2025-05-05 23:00:00
2025-05-07 11:58:14,208 - INFO - Prioridad actual: 0
2025-05-07 11:58:14,208 - INFO - 
Obteniendo intervalos para máquina 1203
2025-05-07 11:58:14,209 - INFO - Rango: 2025-05-05 15:00:00 - 2025-05-05 23:00:00
2025-05-07 11:58:14,264 - INFO - No se detectaron conflictos
2025-05-07 11:58:14,266 - INFO - 
Verificando conflictos para máquina 1314
2025-05-07 11:58:14,267 - INFO - Intervalo a verificar: 2025-05-06 15:00:00 - 2025-05-06 23:00:00
2025-05-07 11:58:14,267 - INFO - Prioridad actual: 0
2025-05-07 11:58:14,268 - INFO - 
Obteniendo intervalos para máquina 1314
2025-05-07 11:58:14,268 - INFO - Rango: 2025-05-06 15:00:00 - 2025-05-06 23:00:00
2025-05-07 11:58:14,318 - INFO - No se detectaron conflictos
2025-05-07 11:58:14,320 - INFO - 
Verificando conflictos para máquina 2501
2025-05-07 11:58:14,320 - INFO - Intervalo a verificar: 2025-05-07 15:00:00 - 2025-05-07 23:00:00
2025-05-07 11:58:14,320 - INFO - Prioridad actual: 0
2025-05-07 11:58:14,320 - INFO - 
Obteniendo intervalos para máquina 2501
2025-05-07 11:58:14,321 - INFO - Rango: 2025-05-07 15:00:00 - 2025-05-07 23:00:00
2025-05-07 11:58:14,346 - INFO - No se detectaron conflictos
2025-05-07 11:58:14,347 - INFO - 
Verificando conflictos para máquina 1003
2025-05-07 11:58:14,347 - INFO - Intervalo a verificar: 2025-05-02 07:45:00 - 2025-05-02 15:45:00
2025-05-07 11:58:14,348 - INFO - Prioridad actual: 0
2025-05-07 11:58:14,348 - INFO - 
Obteniendo intervalos para máquina 1003
2025-05-07 11:58:14,348 - INFO - Rango: 2025-05-02 07:45:00 - 2025-05-02 15:45:00
2025-05-07 11:58:14,417 - WARNING - Conflicto detectado con OT 43957
2025-05-07 11:58:14,417 - WARNING - Prioridad del conflicto: 3
2025-05-07 11:58:14,418 - INFO - 
Verificando conflictos para máquina 1201
2025-05-07 11:58:14,419 - INFO - Intervalo a verificar: 2025-05-02 13:30:00 - 2025-05-02 21:30:00
2025-05-07 11:58:14,419 - INFO - Prioridad actual: 0
2025-05-07 11:58:14,419 - INFO - 
Obteniendo intervalos para máquina 1201
2025-05-07 11:58:14,419 - INFO - Rango: 2025-05-02 13:30:00 - 2025-05-02 21:30:00
2025-05-07 11:58:14,452 - INFO - No se detectaron conflictos
2025-05-07 11:58:14,454 - INFO - 
Verificando conflictos para máquina 1313
2025-05-07 11:58:14,454 - INFO - Intervalo a verificar: 2025-05-02 15:00:00 - 2025-05-02 23:00:00
2025-05-07 11:58:14,455 - INFO - Prioridad actual: 0
2025-05-07 11:58:14,455 - INFO - 
Obteniendo intervalos para máquina 1313
2025-05-07 11:58:14,455 - INFO - Rango: 2025-05-02 15:00:00 - 2025-05-02 23:00:00
2025-05-07 11:58:14,516 - INFO - No se detectaron conflictos
2025-05-07 11:58:14,517 - INFO - 
Verificando conflictos para máquina 1313
2025-05-07 11:58:14,517 - INFO - Intervalo a verificar: 2025-05-05 09:00:00 - 2025-05-05 17:00:00
2025-05-07 11:58:14,517 - INFO - Prioridad actual: 0
2025-05-07 11:58:14,517 - INFO - 
Obteniendo intervalos para máquina 1313
2025-05-07 11:58:14,517 - INFO - Rango: 2025-05-05 09:00:00 - 2025-05-05 17:00:00
2025-05-07 11:58:14,544 - INFO - No se detectaron conflictos
2025-05-07 11:58:14,545 - INFO - 
Verificando conflictos para máquina 1601
2025-05-07 11:58:14,546 - INFO - Intervalo a verificar: 2025-05-05 11:00:00 - 2025-05-05 19:00:00
2025-05-07 11:58:14,546 - INFO - Prioridad actual: 0
2025-05-07 11:58:14,546 - INFO - 
Obteniendo intervalos para máquina 1601
2025-05-07 11:58:14,546 - INFO - Rango: 2025-05-05 11:00:00 - 2025-05-05 19:00:00
2025-05-07 11:58:14,583 - INFO - No se detectaron conflictos
2025-05-07 11:58:14,584 - INFO - 
Verificando conflictos para máquina 2006
2025-05-07 11:58:14,585 - INFO - Intervalo a verificar: 2025-05-05 15:00:00 - 2025-05-05 23:00:00
2025-05-07 11:58:14,585 - INFO - Prioridad actual: 0
2025-05-07 11:58:14,585 - INFO - 
Obteniendo intervalos para máquina 2006
2025-05-07 11:58:14,585 - INFO - Rango: 2025-05-05 15:00:00 - 2025-05-05 23:00:00
2025-05-07 11:58:14,595 - INFO - No se detectaron conflictos
2025-05-07 11:58:14,596 - INFO - 
Verificando conflictos para máquina 1205
2025-05-07 11:58:14,597 - INFO - Intervalo a verificar: 2025-05-02 07:45:00 - 2025-05-02 15:45:00
2025-05-07 11:58:14,597 - INFO - Prioridad actual: 0
2025-05-07 11:58:14,597 - INFO - 
Obteniendo intervalos para máquina 1205
2025-05-07 11:58:14,597 - INFO - Rango: 2025-05-02 07:45:00 - 2025-05-02 15:45:00
2025-05-07 11:58:14,637 - WARNING - Conflicto detectado con OT 43949
2025-05-07 11:58:14,637 - WARNING - Prioridad del conflicto: 4
2025-05-07 11:58:14,643 - INFO - 
Verificando conflictos para máquina 1002
2025-05-07 11:58:14,644 - INFO - Intervalo a verificar: 2025-05-05 15:30:00 - 2025-05-05 23:30:00
2025-05-07 11:58:14,644 - INFO - Prioridad actual: 0
2025-05-07 11:58:14,644 - INFO - 
Obteniendo intervalos para máquina 1002
2025-05-07 11:58:14,645 - INFO - Rango: 2025-05-05 15:30:00 - 2025-05-05 23:30:00
2025-05-07 11:58:14,696 - INFO - No se detectaron conflictos
2025-05-07 11:58:14,697 - INFO - 
Verificando conflictos para máquina 1203
2025-05-07 11:58:14,697 - INFO - Intervalo a verificar: 2025-05-06 15:30:00 - 2025-05-06 23:30:00
2025-05-07 11:58:14,698 - INFO - Prioridad actual: 0
2025-05-07 11:58:14,698 - INFO - 
Obteniendo intervalos para máquina 1203
2025-05-07 11:58:14,698 - INFO - Rango: 2025-05-06 15:30:00 - 2025-05-06 23:30:00
2025-05-07 11:58:14,713 - INFO - No se detectaron conflictos
2025-05-07 11:58:14,720 - INFO - 
Verificando conflictos para máquina 1431
2025-05-07 11:58:14,720 - INFO - Intervalo a verificar: 2025-05-06 16:00:00 - 2025-05-07 00:00:00
2025-05-07 11:58:14,721 - INFO - Prioridad actual: 0
2025-05-07 11:58:14,721 - INFO - 
Obteniendo intervalos para máquina 1431
2025-05-07 11:58:14,721 - INFO - Rango: 2025-05-06 16:00:00 - 2025-05-07 00:00:00
2025-05-07 11:58:14,738 - INFO - No se detectaron conflictos
2025-05-07 11:58:14,739 - INFO - 
Verificando conflictos para máquina 1601
2025-05-07 11:58:14,739 - INFO - Intervalo a verificar: 2025-05-06 17:00:00 - 2025-05-07 01:00:00
2025-05-07 11:58:14,740 - INFO - Prioridad actual: 0
2025-05-07 11:58:14,740 - INFO - 
Obteniendo intervalos para máquina 1601
2025-05-07 11:58:14,740 - INFO - Rango: 2025-05-06 17:00:00 - 2025-05-07 01:00:00
2025-05-07 11:58:14,807 - INFO - No se detectaron conflictos
2025-05-07 11:58:14,812 - INFO - 
Verificando conflictos para máquina 2002
2025-05-07 11:58:14,814 - INFO - Intervalo a verificar: 2025-05-06 17:45:00 - 2025-05-07 01:45:00
2025-05-07 11:58:14,814 - INFO - Prioridad actual: 0
2025-05-07 11:58:14,818 - INFO - 
Obteniendo intervalos para máquina 2002
2025-05-07 11:58:14,819 - INFO - Rango: 2025-05-06 17:45:00 - 2025-05-07 01:45:00
2025-05-07 11:58:14,877 - INFO - No se detectaron conflictos
2025-05-07 11:58:14,880 - INFO - 
Verificando conflictos para máquina 1002
2025-05-07 11:58:14,884 - INFO - Intervalo a verificar: 2025-05-05 16:30:00 - 2025-05-06 00:30:00
2025-05-07 11:58:14,887 - INFO - Prioridad actual: 0
2025-05-07 11:58:14,888 - INFO - 
Obteniendo intervalos para máquina 1002
2025-05-07 11:58:14,889 - INFO - Rango: 2025-05-05 16:30:00 - 2025-05-06 00:30:00
2025-05-07 11:58:14,986 - INFO - No se detectaron conflictos
2025-05-07 11:58:14,988 - INFO - 
Verificando conflictos para máquina 1203
2025-05-07 11:58:14,989 - INFO - Intervalo a verificar: 2025-05-06 16:30:00 - 2025-05-07 00:30:00
2025-05-07 11:58:14,990 - INFO - Prioridad actual: 0
2025-05-07 11:58:14,991 - INFO - 
Obteniendo intervalos para máquina 1203
2025-05-07 11:58:14,993 - INFO - Rango: 2025-05-06 16:30:00 - 2025-05-07 00:30:00
2025-05-07 11:58:15,014 - INFO - No se detectaron conflictos
2025-05-07 11:58:15,017 - INFO - 
Verificando conflictos para máquina 1431
2025-05-07 11:58:15,018 - INFO - Intervalo a verificar: 2025-05-06 17:00:00 - 2025-05-07 01:00:00
2025-05-07 11:58:15,020 - INFO - Prioridad actual: 0
2025-05-07 11:58:15,022 - INFO - 
Obteniendo intervalos para máquina 1431
2025-05-07 11:58:15,023 - INFO - Rango: 2025-05-06 17:00:00 - 2025-05-07 01:00:00
2025-05-07 11:58:15,046 - INFO - No se detectaron conflictos
2025-05-07 11:58:15,048 - INFO - 
Verificando conflictos para máquina 1601
2025-05-07 11:58:15,049 - INFO - Intervalo a verificar: 2025-05-06 17:45:00 - 2025-05-07 01:45:00
2025-05-07 11:58:15,051 - INFO - Prioridad actual: 0
2025-05-07 11:58:15,052 - INFO - 
Obteniendo intervalos para máquina 1601
2025-05-07 11:58:15,053 - INFO - Rango: 2025-05-06 17:45:00 - 2025-05-07 01:45:00
2025-05-07 11:58:15,188 - INFO - No se detectaron conflictos
2025-05-07 11:58:15,190 - INFO - 
Verificando conflictos para máquina 2002
2025-05-07 11:58:15,194 - INFO - Intervalo a verificar: 2025-05-07 08:00:00 - 2025-05-07 16:00:00
2025-05-07 11:58:15,197 - INFO - Prioridad actual: 0
2025-05-07 11:58:15,198 - INFO - 
Obteniendo intervalos para máquina 2002
2025-05-07 11:58:15,201 - INFO - Rango: 2025-05-07 08:00:00 - 2025-05-07 16:00:00
2025-05-07 11:58:15,221 - INFO - No se detectaron conflictos
2025-05-07 11:58:15,222 - INFO - 
Verificando conflictos para máquina 1002
2025-05-07 11:58:15,224 - INFO - Intervalo a verificar: 2025-05-05 17:30:00 - 2025-05-06 01:30:00
2025-05-07 11:58:15,224 - INFO - Prioridad actual: 0
2025-05-07 11:58:15,225 - INFO - 
Obteniendo intervalos para máquina 1002
2025-05-07 11:58:15,225 - INFO - Rango: 2025-05-05 17:30:00 - 2025-05-06 01:30:00
2025-05-07 11:58:15,315 - INFO - No se detectaron conflictos
2025-05-07 11:58:15,318 - INFO - 
Verificando conflictos para máquina 1203
2025-05-07 11:58:15,319 - INFO - Intervalo a verificar: 2025-05-06 17:30:00 - 2025-05-07 01:30:00
2025-05-07 11:58:15,321 - INFO - Prioridad actual: 0
2025-05-07 11:58:15,322 - INFO - 
Obteniendo intervalos para máquina 1203
2025-05-07 11:58:15,324 - INFO - Rango: 2025-05-06 17:30:00 - 2025-05-07 01:30:00
2025-05-07 11:58:15,347 - INFO - No se detectaron conflictos
2025-05-07 11:58:15,350 - INFO - 
Verificando conflictos para máquina 1431
2025-05-07 11:58:15,351 - INFO - Intervalo a verificar: 2025-05-06 17:45:00 - 2025-05-07 01:45:00
2025-05-07 11:58:15,352 - INFO - Prioridad actual: 0
2025-05-07 11:58:15,352 - INFO - 
Obteniendo intervalos para máquina 1431
2025-05-07 11:58:15,353 - INFO - Rango: 2025-05-06 17:45:00 - 2025-05-07 01:45:00
2025-05-07 11:58:15,367 - INFO - No se detectaron conflictos
2025-05-07 11:58:15,368 - INFO - 
Verificando conflictos para máquina 1601
2025-05-07 11:58:15,368 - INFO - Intervalo a verificar: 2025-05-07 08:00:00 - 2025-05-07 16:00:00
2025-05-07 11:58:15,369 - INFO - Prioridad actual: 0
2025-05-07 11:58:15,369 - INFO - 
Obteniendo intervalos para máquina 1601
2025-05-07 11:58:15,369 - INFO - Rango: 2025-05-07 08:00:00 - 2025-05-07 16:00:00
2025-05-07 11:58:15,404 - INFO - No se detectaron conflictos
2025-05-07 11:58:15,405 - INFO - 
Verificando conflictos para máquina 2002
2025-05-07 11:58:15,405 - INFO - Intervalo a verificar: 2025-05-07 09:00:00 - 2025-05-07 17:00:00
2025-05-07 11:58:15,405 - INFO - Prioridad actual: 0
2025-05-07 11:58:15,406 - INFO - 
Obteniendo intervalos para máquina 2002
2025-05-07 11:58:15,406 - INFO - Rango: 2025-05-07 09:00:00 - 2025-05-07 17:00:00
2025-05-07 11:58:15,417 - INFO - No se detectaron conflictos
2025-05-07 11:58:15,419 - INFO - 
Verificando conflictos para máquina 1002
2025-05-07 11:58:15,419 - INFO - Intervalo a verificar: 2025-05-06 07:45:00 - 2025-05-06 15:45:00
2025-05-07 11:58:15,419 - INFO - Prioridad actual: 0
2025-05-07 11:58:15,420 - INFO - 
Obteniendo intervalos para máquina 1002
2025-05-07 11:58:15,420 - INFO - Rango: 2025-05-06 07:45:00 - 2025-05-06 15:45:00
2025-05-07 11:58:15,468 - INFO - No se detectaron conflictos
2025-05-07 11:58:15,470 - INFO - 
Verificando conflictos para máquina 1203
2025-05-07 11:58:15,471 - INFO - Intervalo a verificar: 2025-05-07 07:45:00 - 2025-05-07 15:45:00
2025-05-07 11:58:15,471 - INFO - Prioridad actual: 0
2025-05-07 11:58:15,472 - INFO - 
Obteniendo intervalos para máquina 1203
2025-05-07 11:58:15,472 - INFO - Rango: 2025-05-07 07:45:00 - 2025-05-07 15:45:00
2025-05-07 11:58:15,491 - INFO - No se detectaron conflictos
2025-05-07 11:58:15,492 - INFO - 
Verificando conflictos para máquina 1431
2025-05-07 11:58:15,493 - INFO - Intervalo a verificar: 2025-05-07 11:00:00 - 2025-05-07 19:00:00
2025-05-07 11:58:15,493 - INFO - Prioridad actual: 0
2025-05-07 11:58:15,493 - INFO - 
Obteniendo intervalos para máquina 1431
2025-05-07 11:58:15,494 - INFO - Rango: 2025-05-07 11:00:00 - 2025-05-07 19:00:00
2025-05-07 11:58:15,510 - INFO - No se detectaron conflictos
2025-05-07 11:58:15,511 - INFO - 
Verificando conflictos para máquina 1601
2025-05-07 11:58:15,512 - INFO - Intervalo a verificar: 2025-05-07 15:00:00 - 2025-05-07 23:00:00
2025-05-07 11:58:15,512 - INFO - Prioridad actual: 0
2025-05-07 11:58:15,513 - INFO - 
Obteniendo intervalos para máquina 1601
2025-05-07 11:58:15,513 - INFO - Rango: 2025-05-07 15:00:00 - 2025-05-07 23:00:00
2025-05-07 11:58:15,558 - INFO - No se detectaron conflictos
2025-05-07 11:58:15,559 - INFO - 
Verificando conflictos para máquina 2002
2025-05-07 11:58:15,559 - INFO - Intervalo a verificar: 2025-05-08 08:00:00 - 2025-05-08 16:00:00
2025-05-07 11:58:15,560 - INFO - Prioridad actual: 0
2025-05-07 11:58:15,562 - INFO - 
Obteniendo intervalos para máquina 2002
2025-05-07 11:58:15,562 - INFO - Rango: 2025-05-08 08:00:00 - 2025-05-08 16:00:00
2025-05-07 11:58:15,574 - INFO - No se detectaron conflictos
2025-05-07 11:58:15,575 - INFO - 
Verificando conflictos para máquina 1004
2025-05-07 11:58:15,575 - INFO - Intervalo a verificar: 2025-05-02 07:45:00 - 2025-05-02 15:45:00
2025-05-07 11:58:15,575 - INFO - Prioridad actual: 0
2025-05-07 11:58:15,575 - INFO - 
Obteniendo intervalos para máquina 1004
2025-05-07 11:58:15,576 - INFO - Rango: 2025-05-02 07:45:00 - 2025-05-02 15:45:00
2025-05-07 11:58:15,587 - WARNING - Conflicto detectado con OT 43970
2025-05-07 11:58:15,587 - WARNING - Prioridad del conflicto: 9
2025-05-07 11:58:15,588 - INFO - 
Verificando conflictos para máquina 1004
2025-05-07 11:58:15,588 - INFO - Intervalo a verificar: 2025-05-02 13:00:00 - 2025-05-02 21:00:00
2025-05-07 11:58:15,588 - INFO - Prioridad actual: 0
2025-05-07 11:58:15,588 - INFO - 
Obteniendo intervalos para máquina 1004
2025-05-07 11:58:15,589 - INFO - Rango: 2025-05-02 13:00:00 - 2025-05-02 21:00:00
2025-05-07 11:58:15,600 - INFO - No se detectaron conflictos
2025-05-07 11:58:15,602 - INFO - 
Verificando conflictos para máquina 1315
2025-05-07 11:58:15,602 - INFO - Intervalo a verificar: 2025-05-05 15:30:00 - 2025-05-05 23:30:00
2025-05-07 11:58:15,602 - INFO - Prioridad actual: 0
2025-05-07 11:58:15,602 - INFO - 
Obteniendo intervalos para máquina 1315
2025-05-07 11:58:15,603 - INFO - Rango: 2025-05-05 15:30:00 - 2025-05-05 23:30:00
2025-05-07 11:58:15,613 - INFO - No se detectaron conflictos
2025-05-07 11:58:15,615 - INFO - 
Verificando conflictos para máquina 1315
2025-05-07 11:58:15,615 - INFO - Intervalo a verificar: 2025-05-06 10:00:00 - 2025-05-06 18:00:00
2025-05-07 11:58:15,615 - INFO - Prioridad actual: 0
2025-05-07 11:58:15,616 - INFO - 
Obteniendo intervalos para máquina 1315
2025-05-07 11:58:15,616 - INFO - Rango: 2025-05-06 10:00:00 - 2025-05-06 18:00:00
2025-05-07 11:58:15,624 - INFO - No se detectaron conflictos
2025-05-07 11:58:15,625 - INFO - 
Verificando conflictos para máquina 1001
2025-05-07 11:58:15,625 - INFO - Intervalo a verificar: 2025-05-06 15:00:00 - 2025-05-06 23:00:00
2025-05-07 11:58:15,626 - INFO - Prioridad actual: 0
2025-05-07 11:58:15,626 - INFO - 
Obteniendo intervalos para máquina 1001
2025-05-07 11:58:15,626 - INFO - Rango: 2025-05-06 15:00:00 - 2025-05-06 23:00:00
2025-05-07 11:58:15,642 - INFO - No se detectaron conflictos
2025-05-07 11:58:15,643 - INFO - 
Verificando conflictos para máquina 4002
2025-05-07 11:58:15,644 - INFO - Intervalo a verificar: 2025-05-07 09:00:00 - 2025-05-07 17:00:00
2025-05-07 11:58:15,645 - INFO - Prioridad actual: 0
2025-05-07 11:58:15,645 - INFO - 
Obteniendo intervalos para máquina 4002
2025-05-07 11:58:15,645 - INFO - Rango: 2025-05-07 09:00:00 - 2025-05-07 17:00:00
2025-05-07 11:58:15,650 - INFO - No se detectaron conflictos
2025-05-07 11:58:15,651 - INFO - 
Verificando conflictos para máquina 1001
2025-05-07 11:58:15,652 - INFO - Intervalo a verificar: 2025-05-07 13:00:00 - 2025-05-07 21:00:00
2025-05-07 11:58:15,652 - INFO - Prioridad actual: 0
2025-05-07 11:58:15,652 - INFO - 
Obteniendo intervalos para máquina 1001
2025-05-07 11:58:15,652 - INFO - Rango: 2025-05-07 13:00:00 - 2025-05-07 21:00:00
2025-05-07 11:58:15,661 - INFO - No se detectaron conflictos
2025-05-07 11:58:15,663 - INFO - 
Verificando conflictos para máquina 4002
2025-05-07 11:58:15,663 - INFO - Intervalo a verificar: 2025-05-07 17:45:00 - 2025-05-08 01:45:00
2025-05-07 11:58:15,663 - INFO - Prioridad actual: 0
2025-05-07 11:58:15,664 - INFO - 
Obteniendo intervalos para máquina 4002
2025-05-07 11:58:15,664 - INFO - Rango: 2025-05-07 17:45:00 - 2025-05-08 01:45:00
2025-05-07 11:58:15,669 - INFO - No se detectaron conflictos
2025-05-07 11:58:15,670 - INFO - 
Verificando conflictos para máquina 1205
2025-05-07 11:58:15,670 - INFO - Intervalo a verificar: 2025-05-08 12:00:00 - 2025-05-08 20:00:00
2025-05-07 11:58:15,670 - INFO - Prioridad actual: 0
2025-05-07 11:58:15,670 - INFO - 
Obteniendo intervalos para máquina 1205
2025-05-07 11:58:15,671 - INFO - Rango: 2025-05-08 12:00:00 - 2025-05-08 20:00:00
2025-05-07 11:58:15,689 - INFO - No se detectaron conflictos
2025-05-07 11:58:15,690 - INFO - 
Verificando conflictos para máquina 3421
2025-05-07 11:58:15,690 - INFO - Intervalo a verificar: 2025-05-08 17:00:00 - 2025-05-09 01:00:00
2025-05-07 11:58:15,690 - INFO - Prioridad actual: 0
2025-05-07 11:58:15,691 - INFO - 
Obteniendo intervalos para máquina 3421
2025-05-07 11:58:15,691 - INFO - Rango: 2025-05-08 17:00:00 - 2025-05-09 01:00:00
2025-05-07 11:58:15,706 - INFO - No se detectaron conflictos
