2025-05-07 15:40:18,804 - INFO - Rango: 2025-05-02 16:00:00 - 2025-05-03 00:00:00
2025-05-07 15:40:18,994 - INFO - No se detectaron conflictos
2025-05-07 15:40:19,037 - INFO - 
Verificando conflictos para máquina 1601
2025-05-07 15:40:19,062 - INFO - Intervalo a verificar: 2025-05-05 09:00:00 - 2025-05-05 17:00:00
2025-05-07 15:40:19,085 - INFO - Prioridad actual: 0
2025-05-07 15:40:19,112 - INFO - 
Obteniendo intervalos para máquina 1601
2025-05-07 15:40:19,143 - INFO - Rango: 2025-05-05 09:00:00 - 2025-05-05 17:00:00
2025-05-07 15:40:19,188 - INFO - No se detectaron conflictos
2025-05-07 15:40:19,192 - INFO - 
Verificando conflictos para máquina 2006
2025-05-07 15:40:19,195 - INFO - Intervalo a verificar: 2025-05-05 12:00:00 - 2025-05-05 20:00:00
2025-05-07 15:40:19,197 - INFO - Prioridad actual: 0
2025-05-07 15:40:19,202 - INFO - 
Obteniendo intervalos para máquina 2006
2025-05-07 15:40:19,206 - INFO - Rango: 2025-05-05 12:00:00 - 2025-05-05 20:00:00
2025-05-07 15:40:19,218 - INFO - No se detectaron conflictos
2025-05-07 15:40:19,222 - INFO - 
Verificando conflictos para máquina 1002
2025-05-07 15:40:19,226 - INFO - Intervalo a verificar: 2025-05-02 07:45:00 - 2025-05-02 15:45:00
2025-05-07 15:40:19,228 - INFO - Prioridad actual: 0
2025-05-07 15:40:19,231 - INFO - 
Obteniendo intervalos para máquina 1002
2025-05-07 15:40:19,234 - INFO - Rango: 2025-05-02 07:45:00 - 2025-05-02 15:45:00
2025-05-07 15:40:19,280 - WARNING - Conflicto detectado con OT 43970
2025-05-07 15:40:19,284 - WARNING - Prioridad del conflicto: 2
2025-05-07 15:40:19,288 - INFO - 
Verificando conflictos para máquina 1004
2025-05-07 15:40:19,291 - INFO - Intervalo a verificar: 2025-05-02 13:00:00 - 2025-05-02 21:00:00
2025-05-07 15:40:19,294 - INFO - Prioridad actual: 0
2025-05-07 15:40:19,297 - INFO - 
Obteniendo intervalos para máquina 1004
2025-05-07 15:40:19,300 - INFO - Rango: 2025-05-02 13:00:00 - 2025-05-02 21:00:00
2025-05-07 15:40:19,312 - INFO - No se detectaron conflictos
2025-05-07 15:40:19,316 - INFO - 
Verificando conflictos para máquina 1315
2025-05-07 15:40:19,320 - INFO - Intervalo a verificar: 2025-05-05 09:00:00 - 2025-05-05 17:00:00
2025-05-07 15:40:19,323 - INFO - Prioridad actual: 0
2025-05-07 15:40:19,326 - INFO - 
Obteniendo intervalos para máquina 1315
2025-05-07 15:40:19,329 - INFO - Rango: 2025-05-05 09:00:00 - 2025-05-05 17:00:00
2025-05-07 15:40:19,343 - INFO - No se detectaron conflictos
2025-05-07 15:40:19,347 - INFO - 
Verificando conflictos para máquina 1315
2025-05-07 15:40:19,351 - INFO - Intervalo a verificar: 2025-05-05 13:00:00 - 2025-05-05 21:00:00
2025-05-07 15:40:19,354 - INFO - Prioridad actual: 0
2025-05-07 15:40:19,356 - INFO - 
Obteniendo intervalos para máquina 1315
2025-05-07 15:40:19,360 - INFO - Rango: 2025-05-05 13:00:00 - 2025-05-05 21:00:00
2025-05-07 15:40:19,375 - INFO - No se detectaron conflictos
2025-05-07 15:40:19,379 - INFO - 
Verificando conflictos para máquina 1001
2025-05-07 15:40:19,382 - INFO - Intervalo a verificar: 2025-05-05 17:45:00 - 2025-05-06 01:45:00
2025-05-07 15:40:19,385 - INFO - Prioridad actual: 0
2025-05-07 15:40:19,388 - INFO - 
Obteniendo intervalos para máquina 1001
2025-05-07 15:40:19,391 - INFO - Rango: 2025-05-05 17:45:00 - 2025-05-06 01:45:00
2025-05-07 15:40:19,403 - INFO - No se detectaron conflictos
2025-05-07 15:40:19,408 - INFO - 
Verificando conflictos para máquina 4002
2025-05-07 15:40:19,411 - INFO - Intervalo a verificar: 2025-05-06 12:00:00 - 2025-05-06 20:00:00
2025-05-07 15:40:19,414 - INFO - Prioridad actual: 0
2025-05-07 15:40:19,416 - INFO - 
Obteniendo intervalos para máquina 4002
2025-05-07 15:40:19,420 - INFO - Rango: 2025-05-06 12:00:00 - 2025-05-06 20:00:00
2025-05-07 15:40:19,428 - INFO - No se detectaron conflictos
2025-05-07 15:40:19,432 - INFO - 
Verificando conflictos para máquina 1001
2025-05-07 15:40:19,436 - INFO - Intervalo a verificar: 2025-05-06 17:00:00 - 2025-05-07 01:00:00
2025-05-07 15:40:19,439 - INFO - Prioridad actual: 0
2025-05-07 15:40:19,442 - INFO - 
Obteniendo intervalos para máquina 1001
2025-05-07 15:40:19,445 - INFO - Rango: 2025-05-06 17:00:00 - 2025-05-07 01:00:00
2025-05-07 15:40:19,458 - INFO - No se detectaron conflictos
2025-05-07 15:40:19,463 - INFO - 
Verificando conflictos para máquina 4002
2025-05-07 15:40:19,466 - INFO - Intervalo a verificar: 2025-05-07 11:00:00 - 2025-05-07 19:00:00
2025-05-07 15:40:19,470 - INFO - Prioridad actual: 0
2025-05-07 15:40:19,473 - INFO - 
Obteniendo intervalos para máquina 4002
2025-05-07 15:40:19,476 - INFO - Rango: 2025-05-07 11:00:00 - 2025-05-07 19:00:00
2025-05-07 15:40:19,484 - INFO - No se detectaron conflictos
2025-05-07 15:40:19,489 - INFO - 
Verificando conflictos para máquina 1205
2025-05-07 15:40:19,493 - INFO - Intervalo a verificar: 2025-05-07 16:00:00 - 2025-05-08 00:00:00
2025-05-07 15:40:19,495 - INFO - Prioridad actual: 0
2025-05-07 15:40:19,498 - INFO - 
Obteniendo intervalos para máquina 1205
2025-05-07 15:40:19,502 - INFO - Rango: 2025-05-07 16:00:00 - 2025-05-08 00:00:00
2025-05-07 15:40:19,528 - INFO - No se detectaron conflictos
2025-05-07 15:40:19,531 - INFO - 
Verificando conflictos para máquina 3421
2025-05-07 15:40:19,535 - INFO - Intervalo a verificar: 2025-05-08 10:00:00 - 2025-05-08 18:00:00
2025-05-07 15:40:19,539 - INFO - Prioridad actual: 0
2025-05-07 15:40:19,542 - INFO - 
Obteniendo intervalos para máquina 3421
2025-05-07 15:40:19,545 - INFO - Rango: 2025-05-08 10:00:00 - 2025-05-08 18:00:00
2025-05-07 15:40:19,560 - INFO - No se detectaron conflictos
2025-05-07 15:40:19,563 - INFO - 
Verificando conflictos para máquina 1002
2025-05-07 15:40:19,567 - INFO - Intervalo a verificar: 2025-05-02 13:30:00 - 2025-05-02 21:30:00
2025-05-07 15:40:19,571 - INFO - Prioridad actual: 0
2025-05-07 15:40:19,573 - INFO - 
Obteniendo intervalos para máquina 1002
2025-05-07 15:40:19,576 - INFO - Rango: 2025-05-02 13:30:00 - 2025-05-02 21:30:00
2025-05-07 15:40:19,627 - WARNING - Conflicto detectado con OT 43951
2025-05-07 15:40:19,632 - WARNING - Prioridad del conflicto: 4
2025-05-07 15:40:19,638 - INFO - 
Verificando conflictos para máquina 1201
2025-05-07 15:40:19,643 - INFO - Intervalo a verificar: 2025-05-05 10:00:00 - 2025-05-05 18:00:00
2025-05-07 15:40:19,648 - INFO - Prioridad actual: 0
2025-05-07 15:40:19,653 - INFO - 
Obteniendo intervalos para máquina 1201
2025-05-07 15:40:19,658 - INFO - Rango: 2025-05-05 10:00:00 - 2025-05-05 18:00:00
2025-05-07 15:40:19,675 - INFO - No se detectaron conflictos
2025-05-07 15:40:19,680 - INFO - 
Verificando conflictos para máquina 1312
2025-05-07 15:40:19,684 - INFO - Intervalo a verificar: 2025-05-05 11:00:00 - 2025-05-05 19:00:00
2025-05-07 15:40:19,694 - INFO - Prioridad actual: 0
2025-05-07 15:40:20,452 - INFO - 
Obteniendo intervalos para máquina 1312
2025-05-07 15:40:20,455 - INFO - Rango: 2025-05-05 11:00:00 - 2025-05-05 19:00:00
2025-05-07 15:40:20,464 - INFO - No se detectaron conflictos
2025-05-07 15:40:20,468 - INFO - 
Verificando conflictos para máquina 1315
2025-05-07 15:40:20,472 - INFO - Intervalo a verificar: 2025-05-06 07:45:00 - 2025-05-06 15:45:00
2025-05-07 15:40:20,475 - INFO - Prioridad actual: 0
2025-05-07 15:40:20,478 - INFO - 
Obteniendo intervalos para máquina 1315
2025-05-07 15:40:20,480 - INFO - Rango: 2025-05-06 07:45:00 - 2025-05-06 15:45:00
2025-05-07 15:40:20,491 - INFO - No se detectaron conflictos
2025-05-07 15:40:20,494 - INFO - 
Verificando conflictos para máquina 1315
2025-05-07 15:40:20,497 - INFO - Intervalo a verificar: 2025-05-06 11:00:00 - 2025-05-06 19:00:00
2025-05-07 15:40:20,499 - INFO - Prioridad actual: 0
2025-05-07 15:40:20,503 - INFO - 
Obteniendo intervalos para máquina 1315
2025-05-07 15:40:20,507 - INFO - Rango: 2025-05-06 11:00:00 - 2025-05-06 19:00:00
2025-05-07 15:40:20,519 - INFO - No se detectaron conflictos
2025-05-07 15:40:20,524 - INFO - 
Verificando conflictos para máquina 1204
2025-05-07 15:40:20,527 - INFO - Intervalo a verificar: 2025-05-06 15:00:00 - 2025-05-06 23:00:00
2025-05-07 15:40:20,530 - INFO - Prioridad actual: 0
2025-05-07 15:40:20,532 - INFO - 
Obteniendo intervalos para máquina 1204
2025-05-07 15:40:20,535 - INFO - Rango: 2025-05-06 15:00:00 - 2025-05-06 23:00:00
2025-05-07 15:40:20,547 - INFO - No se detectaron conflictos
2025-05-07 15:40:20,551 - INFO - 
Verificando conflictos para máquina 1002
2025-05-07 15:40:20,555 - INFO - Intervalo a verificar: 2025-05-05 10:30:00 - 2025-05-05 18:30:00
2025-05-07 15:40:20,558 - INFO - Prioridad actual: 0
2025-05-07 15:40:20,561 - INFO - 
Obteniendo intervalos para máquina 1002
2025-05-07 15:40:20,706 - INFO - Rango: 2025-05-05 10:30:00 - 2025-05-05 18:30:00
2025-05-07 15:40:20,783 - INFO - No se detectaron conflictos
2025-05-07 15:40:20,800 - INFO - 
Verificando conflictos para máquina 1203
2025-05-07 15:40:20,807 - INFO - Intervalo a verificar: 2025-05-06 10:00:00 - 2025-05-06 18:00:00
2025-05-07 15:40:20,815 - INFO - Prioridad actual: 0
2025-05-07 15:40:20,821 - INFO - 
Obteniendo intervalos para máquina 1203
2025-05-07 15:40:20,828 - INFO - Rango: 2025-05-06 10:00:00 - 2025-05-06 18:00:00
2025-05-07 15:40:20,864 - INFO - No se detectaron conflictos
2025-05-07 15:40:20,873 - INFO - 
Verificando conflictos para máquina 1314
2025-05-07 15:40:20,879 - INFO - Intervalo a verificar: 2025-05-07 10:00:00 - 2025-05-07 18:00:00
2025-05-07 15:40:20,886 - INFO - Prioridad actual: 0
2025-05-07 15:40:20,893 - INFO - 
Obteniendo intervalos para máquina 1314
2025-05-07 15:40:20,901 - INFO - Rango: 2025-05-07 10:00:00 - 2025-05-07 18:00:00
2025-05-07 15:40:20,961 - INFO - No se detectaron conflictos
2025-05-07 15:40:20,974 - INFO - 
Verificando conflictos para máquina 2501
2025-05-07 15:40:20,996 - INFO - Intervalo a verificar: 2025-05-08 10:00:00 - 2025-05-08 18:00:00
2025-05-07 15:40:21,006 - INFO - Prioridad actual: 0
2025-05-07 15:40:21,012 - INFO - 
Obteniendo intervalos para máquina 2501
2025-05-07 15:40:21,028 - INFO - Rango: 2025-05-08 10:00:00 - 2025-05-08 18:00:00
2025-05-07 15:40:21,066 - INFO - No se detectaron conflictos
2025-05-07 15:40:21,079 - INFO - 
Verificando conflictos para máquina 1205
2025-05-07 15:40:21,086 - INFO - Intervalo a verificar: 2025-05-08 10:30:00 - 2025-05-08 18:30:00
2025-05-07 15:40:21,091 - INFO - Prioridad actual: 0
2025-05-07 15:40:21,098 - INFO - 
Obteniendo intervalos para máquina 1205
2025-05-07 15:40:21,105 - INFO - Rango: 2025-05-08 10:30:00 - 2025-05-08 18:30:00
2025-05-07 15:40:21,189 - INFO - No se detectaron conflictos
2025-05-07 15:40:21,195 - INFO - 
Verificando conflictos para máquina 1002
2025-05-07 15:40:21,204 - INFO - Intervalo a verificar: 2025-05-06 10:30:00 - 2025-05-06 18:30:00
2025-05-07 15:40:21,213 - INFO - Prioridad actual: 0
2025-05-07 15:40:21,221 - INFO - 
Obteniendo intervalos para máquina 1002
2025-05-07 15:40:21,228 - INFO - Rango: 2025-05-06 10:30:00 - 2025-05-06 18:30:00
2025-05-07 15:40:21,294 - INFO - No se detectaron conflictos
2025-05-07 15:40:21,298 - INFO - 
Verificando conflictos para máquina 1203
2025-05-07 15:40:21,302 - INFO - Intervalo a verificar: 2025-05-07 10:30:00 - 2025-05-07 18:30:00
2025-05-07 15:40:21,306 - INFO - Prioridad actual: 0
2025-05-07 15:40:21,309 - INFO - 
Obteniendo intervalos para máquina 1203
2025-05-07 15:40:21,311 - INFO - Rango: 2025-05-07 10:30:00 - 2025-05-07 18:30:00
2025-05-07 15:40:21,329 - INFO - No se detectaron conflictos
2025-05-07 15:40:21,353 - INFO - 
Verificando conflictos para máquina 1431
2025-05-07 15:40:21,361 - INFO - Intervalo a verificar: 2025-05-07 11:00:00 - 2025-05-07 19:00:00
2025-05-07 15:40:21,372 - INFO - Prioridad actual: 0
2025-05-07 15:40:21,384 - INFO - 
Obteniendo intervalos para máquina 1431
2025-05-07 15:40:21,390 - INFO - Rango: 2025-05-07 11:00:00 - 2025-05-07 19:00:00
2025-05-07 15:40:21,446 - INFO - No se detectaron conflictos
2025-05-07 15:40:21,460 - INFO - 
Verificando conflictos para máquina 1601
2025-05-07 15:40:21,466 - INFO - Intervalo a verificar: 2025-05-07 12:00:00 - 2025-05-07 20:00:00
2025-05-07 15:40:21,472 - INFO - Prioridad actual: 0
2025-05-07 15:40:21,478 - INFO - 
Obteniendo intervalos para máquina 1601
2025-05-07 15:40:21,490 - INFO - Rango: 2025-05-07 12:00:00 - 2025-05-07 20:00:00
2025-05-07 15:40:21,552 - INFO - No se detectaron conflictos
2025-05-07 15:40:21,557 - INFO - 
Verificando conflictos para máquina 2002
2025-05-07 15:40:21,561 - INFO - Intervalo a verificar: 2025-05-07 13:00:00 - 2025-05-07 21:00:00
2025-05-07 15:40:21,565 - INFO - Prioridad actual: 0
2025-05-07 15:40:21,568 - INFO - 
Obteniendo intervalos para máquina 2002
2025-05-07 15:40:21,576 - INFO - Rango: 2025-05-07 13:00:00 - 2025-05-07 21:00:00
2025-05-07 15:40:21,594 - INFO - No se detectaron conflictos
2025-05-07 15:40:21,597 - INFO - 
Verificando conflictos para máquina 1002
2025-05-07 15:40:21,600 - INFO - Intervalo a verificar: 2025-05-06 11:30:00 - 2025-05-06 19:30:00
2025-05-07 15:40:21,604 - INFO - Prioridad actual: 0
2025-05-07 15:40:21,607 - INFO - 
Obteniendo intervalos para máquina 1002
2025-05-07 15:40:21,611 - INFO - Rango: 2025-05-06 11:30:00 - 2025-05-06 19:30:00
2025-05-07 15:40:21,661 - INFO - No se detectaron conflictos
2025-05-07 15:40:21,665 - INFO - 
Verificando conflictos para máquina 1203
2025-05-07 15:40:21,667 - INFO - Intervalo a verificar: 2025-05-07 11:30:00 - 2025-05-07 19:30:00
2025-05-07 15:40:21,671 - INFO - Prioridad actual: 0
2025-05-07 15:40:21,674 - INFO - 
Obteniendo intervalos para máquina 1203
2025-05-07 15:40:21,677 - INFO - Rango: 2025-05-07 11:30:00 - 2025-05-07 19:30:00
2025-05-07 15:40:21,692 - INFO - No se detectaron conflictos
2025-05-07 15:40:21,696 - INFO - 
Verificando conflictos para máquina 1431
2025-05-07 15:40:21,699 - INFO - Intervalo a verificar: 2025-05-07 12:00:00 - 2025-05-07 20:00:00
2025-05-07 15:40:21,702 - INFO - Prioridad actual: 0
2025-05-07 15:40:21,706 - INFO - 
Obteniendo intervalos para máquina 1431
2025-05-07 15:40:21,710 - INFO - Rango: 2025-05-07 12:00:00 - 2025-05-07 20:00:00
2025-05-07 15:40:21,727 - INFO - No se detectaron conflictos
2025-05-07 15:40:21,730 - INFO - 
Verificando conflictos para máquina 1601
2025-05-07 15:40:21,733 - INFO - Intervalo a verificar: 2025-05-07 13:00:00 - 2025-05-07 21:00:00
2025-05-07 15:40:21,737 - INFO - Prioridad actual: 0
2025-05-07 15:40:21,739 - INFO - 
Obteniendo intervalos para máquina 1601
2025-05-07 15:40:21,742 - INFO - Rango: 2025-05-07 13:00:00 - 2025-05-07 21:00:00
2025-05-07 15:40:21,780 - INFO - No se detectaron conflictos
2025-05-07 15:40:21,784 - INFO - 
Verificando conflictos para máquina 2002
2025-05-07 15:40:21,788 - INFO - Intervalo a verificar: 2025-05-07 15:00:00 - 2025-05-07 23:00:00
2025-05-07 15:40:21,792 - INFO - Prioridad actual: 0
2025-05-07 15:40:21,794 - INFO - 
Obteniendo intervalos para máquina 2002
2025-05-07 15:40:21,796 - INFO - Rango: 2025-05-07 15:00:00 - 2025-05-07 23:00:00
2025-05-07 15:40:21,808 - INFO - No se detectaron conflictos
2025-05-07 15:40:21,813 - INFO - 
Verificando conflictos para máquina 1002
2025-05-07 15:40:21,816 - INFO - Intervalo a verificar: 2025-05-06 12:30:00 - 2025-05-06 20:30:00
2025-05-07 15:40:21,819 - INFO - Prioridad actual: 0
2025-05-07 15:40:21,822 - INFO - 
Obteniendo intervalos para máquina 1002
2025-05-07 15:40:21,827 - INFO - Rango: 2025-05-06 12:30:00 - 2025-05-06 20:30:00
2025-05-07 15:40:21,871 - INFO - No se detectaron conflictos
2025-05-07 15:40:21,876 - INFO - 
Verificando conflictos para máquina 1203
2025-05-07 15:40:21,878 - INFO - Intervalo a verificar: 2025-05-07 12:30:00 - 2025-05-07 20:30:00
2025-05-07 15:40:21,881 - INFO - Prioridad actual: 0
2025-05-07 15:40:21,883 - INFO - 
Obteniendo intervalos para máquina 1203
2025-05-07 15:40:21,888 - INFO - Rango: 2025-05-07 12:30:00 - 2025-05-07 20:30:00
2025-05-07 15:40:21,903 - INFO - No se detectaron conflictos
2025-05-07 15:40:21,907 - INFO - 
Verificando conflictos para máquina 1431
2025-05-07 15:40:21,910 - INFO - Intervalo a verificar: 2025-05-07 13:00:00 - 2025-05-07 21:00:00
2025-05-07 15:40:21,912 - INFO - Prioridad actual: 0
2025-05-07 15:40:21,914 - INFO - 
Obteniendo intervalos para máquina 1431
2025-05-07 15:40:21,917 - INFO - Rango: 2025-05-07 13:00:00 - 2025-05-07 21:00:00
2025-05-07 15:40:21,931 - INFO - No se detectaron conflictos
2025-05-07 15:40:21,936 - INFO - 
Verificando conflictos para máquina 1601
2025-05-07 15:40:21,940 - INFO - Intervalo a verificar: 2025-05-07 15:00:00 - 2025-05-07 23:00:00
2025-05-07 15:40:21,942 - INFO - Prioridad actual: 0
2025-05-07 15:40:21,945 - INFO - 
Obteniendo intervalos para máquina 1601
2025-05-07 15:40:21,947 - INFO - Rango: 2025-05-07 15:00:00 - 2025-05-07 23:00:00
2025-05-07 15:40:21,978 - INFO - No se detectaron conflictos
2025-05-07 15:40:21,983 - INFO - 
Verificando conflictos para máquina 2002
2025-05-07 15:40:21,987 - INFO - Intervalo a verificar: 2025-05-07 16:00:00 - 2025-05-08 00:00:00
2025-05-07 15:40:21,989 - INFO - Prioridad actual: 0
2025-05-07 15:40:21,992 - INFO - 
Obteniendo intervalos para máquina 2002
2025-05-07 15:40:21,994 - INFO - Rango: 2025-05-07 16:00:00 - 2025-05-08 00:00:00
2025-05-07 15:40:22,007 - INFO - No se detectaron conflictos
2025-05-07 15:40:22,011 - INFO - 
Verificando conflictos para máquina 1002
2025-05-07 15:40:22,014 - INFO - Intervalo a verificar: 2025-05-06 13:30:00 - 2025-05-06 21:30:00
2025-05-07 15:40:22,016 - INFO - Prioridad actual: 0
2025-05-07 15:40:22,019 - INFO - 
Obteniendo intervalos para máquina 1002
2025-05-07 15:40:22,021 - INFO - Rango: 2025-05-06 13:30:00 - 2025-05-06 21:30:00
2025-05-07 15:40:22,067 - INFO - No se detectaron conflictos
2025-05-07 15:40:22,070 - INFO - 
Verificando conflictos para máquina 1203
2025-05-07 15:40:22,073 - INFO - Intervalo a verificar: 2025-05-07 13:30:00 - 2025-05-07 21:30:00
2025-05-07 15:40:22,077 - INFO - Prioridad actual: 0
2025-05-07 15:40:22,080 - INFO - 
Obteniendo intervalos para máquina 1203
2025-05-07 15:40:22,083 - INFO - Rango: 2025-05-07 13:30:00 - 2025-05-07 21:30:00
2025-05-07 15:40:22,105 - INFO - No se detectaron conflictos
2025-05-07 15:40:22,111 - INFO - 
Verificando conflictos para máquina 1431
2025-05-07 15:40:22,117 - INFO - Intervalo a verificar: 2025-05-07 17:00:00 - 2025-05-08 01:00:00
2025-05-07 15:40:22,121 - INFO - Prioridad actual: 0
2025-05-07 15:40:22,125 - INFO - 
Obteniendo intervalos para máquina 1431
2025-05-07 15:40:22,130 - INFO - Rango: 2025-05-07 17:00:00 - 2025-05-08 01:00:00
2025-05-07 15:40:22,149 - INFO - No se detectaron conflictos
2025-05-07 15:40:22,155 - INFO - 
Verificando conflictos para máquina 1601
2025-05-07 15:40:22,162 - INFO - Intervalo a verificar: 2025-05-08 10:00:00 - 2025-05-08 18:00:00
2025-05-07 15:40:22,170 - INFO - Prioridad actual: 0
2025-05-07 15:40:22,175 - INFO - 
Obteniendo intervalos para máquina 1601
2025-05-07 15:40:22,180 - INFO - Rango: 2025-05-08 10:00:00 - 2025-05-08 18:00:00
2025-05-07 15:40:22,236 - INFO - No se detectaron conflictos
2025-05-07 15:40:22,242 - INFO - 
Verificando conflictos para máquina 2002
2025-05-07 15:40:22,246 - INFO - Intervalo a verificar: 2025-05-08 13:00:00 - 2025-05-08 21:00:00
2025-05-07 15:40:22,251 - INFO - Prioridad actual: 0
2025-05-07 15:40:22,256 - INFO - 
Obteniendo intervalos para máquina 2002
2025-05-07 15:40:22,260 - INFO - Rango: 2025-05-08 13:00:00 - 2025-05-08 21:00:00
2025-05-07 15:40:22,277 - INFO - No se detectaron conflictos
2025-05-07 15:40:22,445 - INFO - 
Verificando conflictos para máquina 1003
2025-05-07 15:40:22,448 - INFO - Intervalo a verificar: 2025-05-02 07:45:00 - 2025-05-02 15:45:00
2025-05-07 15:40:22,452 - INFO - Prioridad actual: 0
2025-05-07 15:40:22,455 - INFO - 
Obteniendo intervalos para máquina 1003
2025-05-07 15:40:22,458 - INFO - Rango: 2025-05-02 07:45:00 - 2025-05-02 15:45:00
2025-05-07 15:40:22,469 - WARNING - Conflicto detectado con OT 43957
2025-05-07 15:40:22,473 - WARNING - Prioridad del conflicto: 1
2025-05-07 15:40:22,476 - INFO - 
Verificando conflictos para máquina 1201
2025-05-07 15:40:22,479 - INFO - Intervalo a verificar: 2025-05-02 11:00:00 - 2025-05-02 19:00:00
2025-05-07 15:40:22,482 - INFO - Prioridad actual: 0
2025-05-07 15:40:22,484 - INFO - 
Obteniendo intervalos para máquina 1201
2025-05-07 15:40:22,488 - INFO - Rango: 2025-05-02 11:00:00 - 2025-05-02 19:00:00
2025-05-07 15:40:22,501 - INFO - No se detectaron conflictos
2025-05-07 15:40:22,506 - INFO - 
Verificando conflictos para máquina 1313
2025-05-07 15:40:22,509 - INFO - Intervalo a verificar: 2025-05-02 12:00:00 - 2025-05-02 20:00:00
2025-05-07 15:40:22,512 - INFO - Prioridad actual: 0
2025-05-07 15:40:22,514 - INFO - 
Obteniendo intervalos para máquina 1313
2025-05-07 15:40:22,517 - INFO - Rango: 2025-05-02 12:00:00 - 2025-05-02 20:00:00
2025-05-07 15:40:22,546 - INFO - No se detectaron conflictos
2025-05-07 15:40:22,549 - INFO - 
Verificando conflictos para máquina 1313
2025-05-07 15:40:22,553 - INFO - Intervalo a verificar: 2025-05-02 16:00:00 - 2025-05-03 00:00:00
2025-05-07 15:40:22,557 - INFO - Prioridad actual: 0
2025-05-07 15:40:22,560 - INFO - 
Obteniendo intervalos para máquina 1313
2025-05-07 15:40:22,706 - INFO - Rango: 2025-05-02 16:00:00 - 2025-05-03 00:00:00
2025-05-07 15:40:22,737 - INFO - No se detectaron conflictos
2025-05-07 15:40:22,742 - INFO - 
Verificando conflictos para máquina 1601
2025-05-07 15:40:22,745 - INFO - Intervalo a verificar: 2025-05-05 09:00:00 - 2025-05-05 17:00:00
2025-05-07 15:40:22,748 - INFO - Prioridad actual: 0
2025-05-07 15:40:22,750 - INFO - 
Obteniendo intervalos para máquina 1601
2025-05-07 15:40:22,753 - INFO - Rango: 2025-05-05 09:00:00 - 2025-05-05 17:00:00
2025-05-07 15:40:22,793 - INFO - No se detectaron conflictos
2025-05-07 15:40:22,797 - INFO - 
Verificando conflictos para máquina 2006
2025-05-07 15:40:22,799 - INFO - Intervalo a verificar: 2025-05-05 12:00:00 - 2025-05-05 20:00:00
2025-05-07 15:40:22,802 - INFO - Prioridad actual: 0
2025-05-07 15:40:22,806 - INFO - 
Obteniendo intervalos para máquina 2006
2025-05-07 15:40:22,810 - INFO - Rango: 2025-05-05 12:00:00 - 2025-05-05 20:00:00
2025-05-07 15:40:22,824 - INFO - No se detectaron conflictos
2025-05-07 15:40:22,827 - INFO - 
Verificando conflictos para máquina 1002
2025-05-07 15:40:22,830 - INFO - Intervalo a verificar: 2025-05-02 07:45:00 - 2025-05-02 15:45:00
2025-05-07 15:40:22,833 - INFO - Prioridad actual: 0
2025-05-07 15:40:22,835 - INFO - 
Obteniendo intervalos para máquina 1002
2025-05-07 15:40:22,839 - INFO - Rango: 2025-05-02 07:45:00 - 2025-05-02 15:45:00
2025-05-07 15:40:22,881 - WARNING - Conflicto detectado con OT 43970
2025-05-07 15:40:22,884 - WARNING - Prioridad del conflicto: 2
2025-05-07 15:40:22,888 - INFO - 
Verificando conflictos para máquina 1004
2025-05-07 15:40:22,891 - INFO - Intervalo a verificar: 2025-05-02 13:00:00 - 2025-05-02 21:00:00
2025-05-07 15:40:22,893 - INFO - Prioridad actual: 0
2025-05-07 15:40:22,896 - INFO - 
Obteniendo intervalos para máquina 1004
2025-05-07 15:40:22,898 - INFO - Rango: 2025-05-02 13:00:00 - 2025-05-02 21:00:00
2025-05-07 15:40:22,909 - INFO - No se detectaron conflictos
2025-05-07 15:40:22,913 - INFO - 
Verificando conflictos para máquina 1315
2025-05-07 15:40:22,915 - INFO - Intervalo a verificar: 2025-05-05 09:00:00 - 2025-05-05 17:00:00
2025-05-07 15:40:22,918 - INFO - Prioridad actual: 0
2025-05-07 15:40:22,922 - INFO - 
Obteniendo intervalos para máquina 1315
2025-05-07 15:40:22,925 - INFO - Rango: 2025-05-05 09:00:00 - 2025-05-05 17:00:00
2025-05-07 15:40:22,936 - INFO - No se detectaron conflictos
2025-05-07 15:40:22,939 - INFO - 
Verificando conflictos para máquina 1315
2025-05-07 15:40:22,942 - INFO - Intervalo a verificar: 2025-05-05 13:00:00 - 2025-05-05 21:00:00
2025-05-07 15:40:22,945 - INFO - Prioridad actual: 0
2025-05-07 15:40:22,947 - INFO - 
Obteniendo intervalos para máquina 1315
2025-05-07 15:40:22,950 - INFO - Rango: 2025-05-05 13:00:00 - 2025-05-05 21:00:00
2025-05-07 15:40:22,962 - INFO - No se detectaron conflictos
2025-05-07 15:40:22,965 - INFO - 
Verificando conflictos para máquina 1001
2025-05-07 15:40:22,969 - INFO - Intervalo a verificar: 2025-05-05 17:45:00 - 2025-05-06 01:45:00
2025-05-07 15:40:22,973 - INFO - Prioridad actual: 0
2025-05-07 15:40:22,975 - INFO - 
Obteniendo intervalos para máquina 1001
2025-05-07 15:40:22,977 - INFO - Rango: 2025-05-05 17:45:00 - 2025-05-06 01:45:00
2025-05-07 15:40:22,988 - INFO - No se detectaron conflictos
2025-05-07 15:40:22,991 - INFO - 
Verificando conflictos para máquina 4002
2025-05-07 15:40:22,994 - INFO - Intervalo a verificar: 2025-05-06 12:00:00 - 2025-05-06 20:00:00
2025-05-07 15:40:22,997 - INFO - Prioridad actual: 0
2025-05-07 15:40:23,000 - INFO - 
Obteniendo intervalos para máquina 4002
2025-05-07 15:40:23,004 - INFO - Rango: 2025-05-06 12:00:00 - 2025-05-06 20:00:00
2025-05-07 15:40:23,011 - INFO - No se detectaron conflictos
2025-05-07 15:40:23,015 - INFO - 
Verificando conflictos para máquina 1001
2025-05-07 15:40:23,017 - INFO - Intervalo a verificar: 2025-05-06 17:00:00 - 2025-05-07 01:00:00
2025-05-07 15:40:23,020 - INFO - Prioridad actual: 0
2025-05-07 15:40:23,022 - INFO - 
Obteniendo intervalos para máquina 1001
2025-05-07 15:40:23,025 - INFO - Rango: 2025-05-06 17:00:00 - 2025-05-07 01:00:00
2025-05-07 15:40:23,037 - INFO - No se detectaron conflictos
2025-05-07 15:40:23,040 - INFO - 
Verificando conflictos para máquina 4002
2025-05-07 15:40:23,043 - INFO - Intervalo a verificar: 2025-05-07 11:00:00 - 2025-05-07 19:00:00
2025-05-07 15:40:23,047 - INFO - Prioridad actual: 0
2025-05-07 15:40:23,051 - INFO - 
Obteniendo intervalos para máquina 4002
2025-05-07 15:40:23,055 - INFO - Rango: 2025-05-07 11:00:00 - 2025-05-07 19:00:00
2025-05-07 15:40:23,062 - INFO - No se detectaron conflictos
2025-05-07 15:40:23,066 - INFO - 
Verificando conflictos para máquina 1205
2025-05-07 15:40:23,069 - INFO - Intervalo a verificar: 2025-05-07 16:00:00 - 2025-05-08 00:00:00
2025-05-07 15:40:23,072 - INFO - Prioridad actual: 0
2025-05-07 15:40:23,076 - INFO - 
Obteniendo intervalos para máquina 1205
2025-05-07 15:40:23,079 - INFO - Rango: 2025-05-07 16:00:00 - 2025-05-08 00:00:00
2025-05-07 15:40:23,107 - INFO - No se detectaron conflictos
2025-05-07 15:40:23,112 - INFO - 
Verificando conflictos para máquina 3421
2025-05-07 15:40:23,115 - INFO - Intervalo a verificar: 2025-05-08 10:00:00 - 2025-05-08 18:00:00
2025-05-07 15:40:23,117 - INFO - Prioridad actual: 0
2025-05-07 15:40:23,121 - INFO - 
Obteniendo intervalos para máquina 3421
2025-05-07 15:40:23,124 - INFO - Rango: 2025-05-08 10:00:00 - 2025-05-08 18:00:00
2025-05-07 15:40:23,137 - INFO - No se detectaron conflictos
2025-05-07 15:40:23,141 - INFO - 
Verificando conflictos para máquina 1002
2025-05-07 15:40:23,143 - INFO - Intervalo a verificar: 2025-05-02 13:30:00 - 2025-05-02 21:30:00
2025-05-07 15:40:23,146 - INFO - Prioridad actual: 0
2025-05-07 15:40:23,148 - INFO - 
Obteniendo intervalos para máquina 1002
2025-05-07 15:40:23,151 - INFO - Rango: 2025-05-02 13:30:00 - 2025-05-02 21:30:00
2025-05-07 15:40:23,193 - WARNING - Conflicto detectado con OT 43951
2025-05-07 15:40:23,195 - WARNING - Prioridad del conflicto: 4
2025-05-07 15:40:23,199 - INFO - 
Verificando conflictos para máquina 1201
2025-05-07 15:40:23,202 - INFO - Intervalo a verificar: 2025-05-05 10:00:00 - 2025-05-05 18:00:00
2025-05-07 15:40:23,206 - INFO - Prioridad actual: 0
2025-05-07 15:40:23,208 - INFO - 
Obteniendo intervalos para máquina 1201
2025-05-07 15:40:23,211 - INFO - Rango: 2025-05-05 10:00:00 - 2025-05-05 18:00:00
2025-05-07 15:40:23,224 - INFO - No se detectaron conflictos
2025-05-07 15:40:23,228 - INFO - 
Verificando conflictos para máquina 1312
2025-05-07 15:40:23,230 - INFO - Intervalo a verificar: 2025-05-05 11:00:00 - 2025-05-05 19:00:00
2025-05-07 15:40:23,233 - INFO - Prioridad actual: 0
2025-05-07 15:40:23,236 - INFO - 
Obteniendo intervalos para máquina 1312
2025-05-07 15:40:23,238 - INFO - Rango: 2025-05-05 11:00:00 - 2025-05-05 19:00:00
2025-05-07 15:40:23,246 - INFO - No se detectaron conflictos
2025-05-07 15:40:23,250 - INFO - 
Verificando conflictos para máquina 1315
2025-05-07 15:40:23,255 - INFO - Intervalo a verificar: 2025-05-06 07:45:00 - 2025-05-06 15:45:00
2025-05-07 15:40:23,257 - INFO - Prioridad actual: 0
2025-05-07 15:40:23,260 - INFO - 
Obteniendo intervalos para máquina 1315
2025-05-07 15:40:23,262 - INFO - Rango: 2025-05-06 07:45:00 - 2025-05-06 15:45:00
2025-05-07 15:40:23,272 - INFO - No se detectaron conflictos
2025-05-07 15:40:23,276 - INFO - 
Verificando conflictos para máquina 1315
2025-05-07 15:40:23,279 - INFO - Intervalo a verificar: 2025-05-06 11:00:00 - 2025-05-06 19:00:00
2025-05-07 15:40:23,282 - INFO - Prioridad actual: 0
2025-05-07 15:40:23,286 - INFO - 
Obteniendo intervalos para máquina 1315
2025-05-07 15:40:23,289 - INFO - Rango: 2025-05-06 11:00:00 - 2025-05-06 19:00:00
2025-05-07 15:40:23,300 - INFO - No se detectaron conflictos
2025-05-07 15:40:23,304 - INFO - 
Verificando conflictos para máquina 1204
2025-05-07 15:40:23,307 - INFO - Intervalo a verificar: 2025-05-06 15:00:00 - 2025-05-06 23:00:00
2025-05-07 15:40:23,309 - INFO - Prioridad actual: 0
2025-05-07 15:40:23,314 - INFO - 
Obteniendo intervalos para máquina 1204
2025-05-07 15:40:23,319 - INFO - Rango: 2025-05-06 15:00:00 - 2025-05-06 23:00:00
2025-05-07 15:40:23,334 - INFO - No se detectaron conflictos
2025-05-07 15:40:23,339 - INFO - 
Verificando conflictos para máquina 1002
2025-05-07 15:40:23,344 - INFO - Intervalo a verificar: 2025-05-05 10:30:00 - 2025-05-05 18:30:00
2025-05-07 15:40:23,349 - INFO - Prioridad actual: 0
2025-05-07 15:40:23,353 - INFO - 
Obteniendo intervalos para máquina 1002
2025-05-07 15:40:23,359 - INFO - Rango: 2025-05-05 10:30:00 - 2025-05-05 18:30:00
2025-05-07 15:40:23,405 - INFO - No se detectaron conflictos
2025-05-07 15:40:23,410 - INFO - 
Verificando conflictos para máquina 1203
2025-05-07 15:40:23,414 - INFO - Intervalo a verificar: 2025-05-06 10:00:00 - 2025-05-06 18:00:00
2025-05-07 15:40:23,417 - INFO - Prioridad actual: 0
2025-05-07 15:40:23,421 - INFO - 
Obteniendo intervalos para máquina 1203
2025-05-07 15:40:23,425 - INFO - Rango: 2025-05-06 10:00:00 - 2025-05-06 18:00:00
2025-05-07 15:40:23,441 - INFO - No se detectaron conflictos
2025-05-07 15:40:23,446 - INFO - 
Verificando conflictos para máquina 1314
2025-05-07 15:40:23,450 - INFO - Intervalo a verificar: 2025-05-07 10:00:00 - 2025-05-07 18:00:00
2025-05-07 15:40:23,454 - INFO - Prioridad actual: 0
2025-05-07 15:40:23,457 - INFO - 
Obteniendo intervalos para máquina 1314
2025-05-07 15:40:23,461 - INFO - Rango: 2025-05-07 10:00:00 - 2025-05-07 18:00:00
2025-05-07 15:40:23,470 - INFO - No se detectaron conflictos
2025-05-07 15:40:23,475 - INFO - 
Verificando conflictos para máquina 2501
2025-05-07 15:40:23,477 - INFO - Intervalo a verificar: 2025-05-08 10:00:00 - 2025-05-08 18:00:00
2025-05-07 15:40:23,480 - INFO - Prioridad actual: 0
2025-05-07 15:40:23,482 - INFO - 
Obteniendo intervalos para máquina 2501
2025-05-07 15:40:23,485 - INFO - Rango: 2025-05-08 10:00:00 - 2025-05-08 18:00:00
2025-05-07 15:40:23,497 - INFO - No se detectaron conflictos
2025-05-07 15:40:23,501 - INFO - 
Verificando conflictos para máquina 1205
2025-05-07 15:40:23,504 - INFO - Intervalo a verificar: 2025-05-08 10:30:00 - 2025-05-08 18:30:00
2025-05-07 15:40:23,508 - INFO - Prioridad actual: 0
2025-05-07 15:40:23,511 - INFO - 
Obteniendo intervalos para máquina 1205
2025-05-07 15:40:23,513 - INFO - Rango: 2025-05-08 10:30:00 - 2025-05-08 18:30:00
2025-05-07 15:40:23,534 - INFO - No se detectaron conflictos
2025-05-07 15:40:23,539 - INFO - 
Verificando conflictos para máquina 1002
2025-05-07 15:40:23,542 - INFO - Intervalo a verificar: 2025-05-06 10:30:00 - 2025-05-06 18:30:00
2025-05-07 15:40:23,545 - INFO - Prioridad actual: 0
2025-05-07 15:40:23,547 - INFO - 
Obteniendo intervalos para máquina 1002
2025-05-07 15:40:23,550 - INFO - Rango: 2025-05-06 10:30:00 - 2025-05-06 18:30:00
2025-05-07 15:40:23,594 - INFO - No se detectaron conflictos
2025-05-07 15:40:23,598 - INFO - 
Verificando conflictos para máquina 1203
2025-05-07 15:40:23,601 - INFO - Intervalo a verificar: 2025-05-07 10:30:00 - 2025-05-07 18:30:00
2025-05-07 15:40:23,605 - INFO - Prioridad actual: 0
2025-05-07 15:40:23,609 - INFO - 
Obteniendo intervalos para máquina 1203
2025-05-07 15:40:23,612 - INFO - Rango: 2025-05-07 10:30:00 - 2025-05-07 18:30:00
2025-05-07 15:40:23,631 - INFO - No se detectaron conflictos
2025-05-07 15:40:23,635 - INFO - 
Verificando conflictos para máquina 1431
2025-05-07 15:40:23,638 - INFO - Intervalo a verificar: 2025-05-07 11:00:00 - 2025-05-07 19:00:00
2025-05-07 15:40:23,642 - INFO - Prioridad actual: 0
2025-05-07 15:40:23,645 - INFO - 
Obteniendo intervalos para máquina 1431
2025-05-07 15:40:23,648 - INFO - Rango: 2025-05-07 11:00:00 - 2025-05-07 19:00:00
2025-05-07 15:40:23,661 - INFO - No se detectaron conflictos
2025-05-07 15:40:23,664 - INFO - 
Verificando conflictos para máquina 1601
2025-05-07 15:40:23,667 - INFO - Intervalo a verificar: 2025-05-07 12:00:00 - 2025-05-07 20:00:00
2025-05-07 15:40:23,669 - INFO - Prioridad actual: 0
2025-05-07 15:40:23,672 - INFO - 
Obteniendo intervalos para máquina 1601
2025-05-07 15:40:23,675 - INFO - Rango: 2025-05-07 12:00:00 - 2025-05-07 20:00:00
2025-05-07 15:40:23,708 - INFO - No se detectaron conflictos
2025-05-07 15:40:23,711 - INFO - 
Verificando conflictos para máquina 2002
2025-05-07 15:40:23,714 - INFO - Intervalo a verificar: 2025-05-07 13:00:00 - 2025-05-07 21:00:00
2025-05-07 15:40:23,716 - INFO - Prioridad actual: 0
2025-05-07 15:40:23,719 - INFO - 
Obteniendo intervalos para máquina 2002
2025-05-07 15:40:23,722 - INFO - Rango: 2025-05-07 13:00:00 - 2025-05-07 21:00:00
2025-05-07 15:40:23,733 - INFO - No se detectaron conflictos
2025-05-07 15:40:23,738 - INFO - 
Verificando conflictos para máquina 1002
2025-05-07 15:40:23,741 - INFO - Intervalo a verificar: 2025-05-06 11:30:00 - 2025-05-06 19:30:00
2025-05-07 15:40:23,744 - INFO - Prioridad actual: 0
2025-05-07 15:40:23,746 - INFO - 
Obteniendo intervalos para máquina 1002
2025-05-07 15:40:23,749 - INFO - Rango: 2025-05-06 11:30:00 - 2025-05-06 19:30:00
2025-05-07 15:40:23,785 - INFO - No se detectaron conflictos
2025-05-07 15:40:23,788 - INFO - 
Verificando conflictos para máquina 1203
2025-05-07 15:40:23,791 - INFO - Intervalo a verificar: 2025-05-07 11:30:00 - 2025-05-07 19:30:00
2025-05-07 15:40:23,794 - INFO - Prioridad actual: 0
2025-05-07 15:40:23,796 - INFO - 
Obteniendo intervalos para máquina 1203
2025-05-07 15:40:23,800 - INFO - Rango: 2025-05-07 11:30:00 - 2025-05-07 19:30:00
2025-05-07 15:40:23,818 - INFO - No se detectaron conflictos
2025-05-07 15:40:23,821 - INFO - 
Verificando conflictos para máquina 1431
2025-05-07 15:40:23,824 - INFO - Intervalo a verificar: 2025-05-07 12:00:00 - 2025-05-07 20:00:00
2025-05-07 15:40:23,827 - INFO - Prioridad actual: 0
2025-05-07 15:40:23,830 - INFO - 
Obteniendo intervalos para máquina 1431
2025-05-07 15:40:23,834 - INFO - Rango: 2025-05-07 12:00:00 - 2025-05-07 20:00:00
2025-05-07 15:40:23,848 - INFO - No se detectaron conflictos
2025-05-07 15:40:23,852 - INFO - 
Verificando conflictos para máquina 1601
2025-05-07 15:40:23,855 - INFO - Intervalo a verificar: 2025-05-07 13:00:00 - 2025-05-07 21:00:00
2025-05-07 15:40:23,857 - INFO - Prioridad actual: 0
2025-05-07 15:40:23,860 - INFO - 
Obteniendo intervalos para máquina 1601
2025-05-07 15:40:23,863 - INFO - Rango: 2025-05-07 13:00:00 - 2025-05-07 21:00:00
2025-05-07 15:40:23,893 - INFO - No se detectaron conflictos
2025-05-07 15:40:23,898 - INFO - 
Verificando conflictos para máquina 2002
2025-05-07 15:40:23,901 - INFO - Intervalo a verificar: 2025-05-07 15:00:00 - 2025-05-07 23:00:00
2025-05-07 15:40:23,903 - INFO - Prioridad actual: 0
2025-05-07 15:40:23,905 - INFO - 
Obteniendo intervalos para máquina 2002
2025-05-07 15:40:23,909 - INFO - Rango: 2025-05-07 15:00:00 - 2025-05-07 23:00:00
2025-05-07 15:40:23,921 - INFO - No se detectaron conflictos
2025-05-07 15:40:23,926 - INFO - 
Verificando conflictos para máquina 1002
2025-05-07 15:40:23,930 - INFO - Intervalo a verificar: 2025-05-06 12:30:00 - 2025-05-06 20:30:00
2025-05-07 15:40:23,932 - INFO - Prioridad actual: 0
2025-05-07 15:40:23,934 - INFO - 
Obteniendo intervalos para máquina 1002
2025-05-07 15:40:23,937 - INFO - Rango: 2025-05-06 12:30:00 - 2025-05-06 20:30:00
2025-05-07 15:40:23,978 - INFO - No se detectaron conflictos
2025-05-07 15:40:23,982 - INFO - 
Verificando conflictos para máquina 1203
2025-05-07 15:40:23,985 - INFO - Intervalo a verificar: 2025-05-07 12:30:00 - 2025-05-07 20:30:00
2025-05-07 15:40:23,987 - INFO - Prioridad actual: 0
2025-05-07 15:40:23,990 - INFO - 
Obteniendo intervalos para máquina 1203
2025-05-07 15:40:23,992 - INFO - Rango: 2025-05-07 12:30:00 - 2025-05-07 20:30:00
2025-05-07 15:40:24,005 - INFO - No se detectaron conflictos
2025-05-07 15:40:24,009 - INFO - 
Verificando conflictos para máquina 1431
2025-05-07 15:40:24,012 - INFO - Intervalo a verificar: 2025-05-07 13:00:00 - 2025-05-07 21:00:00
2025-05-07 15:40:24,014 - INFO - Prioridad actual: 0
2025-05-07 15:40:24,017 - INFO - 
Obteniendo intervalos para máquina 1431
2025-05-07 15:40:24,019 - INFO - Rango: 2025-05-07 13:00:00 - 2025-05-07 21:00:00
2025-05-07 15:40:24,031 - INFO - No se detectaron conflictos
2025-05-07 15:40:24,036 - INFO - 
Verificando conflictos para máquina 1601
2025-05-07 15:40:24,040 - INFO - Intervalo a verificar: 2025-05-07 15:00:00 - 2025-05-07 23:00:00
2025-05-07 15:40:24,043 - INFO - Prioridad actual: 0
2025-05-07 15:40:24,045 - INFO - 
Obteniendo intervalos para máquina 1601
2025-05-07 15:40:24,047 - INFO - Rango: 2025-05-07 15:00:00 - 2025-05-07 23:00:00
2025-05-07 15:40:24,079 - INFO - No se detectaron conflictos
2025-05-07 15:40:24,083 - INFO - 
Verificando conflictos para máquina 2002
2025-05-07 15:40:24,086 - INFO - Intervalo a verificar: 2025-05-07 16:00:00 - 2025-05-08 00:00:00
2025-05-07 15:40:24,088 - INFO - Prioridad actual: 0
2025-05-07 15:40:24,091 - INFO - 
Obteniendo intervalos para máquina 2002
2025-05-07 15:40:24,093 - INFO - Rango: 2025-05-07 16:00:00 - 2025-05-08 00:00:00
2025-05-07 15:40:24,107 - INFO - No se detectaron conflictos
2025-05-07 15:40:24,111 - INFO - 
Verificando conflictos para máquina 1002
2025-05-07 15:40:24,113 - INFO - Intervalo a verificar: 2025-05-06 13:30:00 - 2025-05-06 21:30:00
2025-05-07 15:40:24,118 - INFO - Prioridad actual: 0
2025-05-07 15:40:24,121 - INFO - 
Obteniendo intervalos para máquina 1002
2025-05-07 15:40:24,125 - INFO - Rango: 2025-05-06 13:30:00 - 2025-05-06 21:30:00
2025-05-07 15:40:24,167 - INFO - No se detectaron conflictos
2025-05-07 15:40:24,171 - INFO - 
Verificando conflictos para máquina 1203
2025-05-07 15:40:24,175 - INFO - Intervalo a verificar: 2025-05-07 13:30:00 - 2025-05-07 21:30:00
2025-05-07 15:40:24,178 - INFO - Prioridad actual: 0
2025-05-07 15:40:24,181 - INFO - 
Obteniendo intervalos para máquina 1203
2025-05-07 15:40:24,183 - INFO - Rango: 2025-05-07 13:30:00 - 2025-05-07 21:30:00
2025-05-07 15:40:24,198 - INFO - No se detectaron conflictos
2025-05-07 15:40:24,202 - INFO - 
Verificando conflictos para máquina 1431
2025-05-07 15:40:24,205 - INFO - Intervalo a verificar: 2025-05-07 17:00:00 - 2025-05-08 01:00:00
2025-05-07 15:40:24,209 - INFO - Prioridad actual: 0
2025-05-07 15:40:24,212 - INFO - 
Obteniendo intervalos para máquina 1431
2025-05-07 15:40:24,215 - INFO - Rango: 2025-05-07 17:00:00 - 2025-05-08 01:00:00
2025-05-07 15:40:24,230 - INFO - No se detectaron conflictos
2025-05-07 15:40:24,234 - INFO - 
Verificando conflictos para máquina 1601
2025-05-07 15:40:24,237 - INFO - Intervalo a verificar: 2025-05-08 10:00:00 - 2025-05-08 18:00:00
2025-05-07 15:40:24,239 - INFO - Prioridad actual: 0
2025-05-07 15:40:24,242 - INFO - 
Obteniendo intervalos para máquina 1601
2025-05-07 15:40:24,244 - INFO - Rango: 2025-05-08 10:00:00 - 2025-05-08 18:00:00
2025-05-07 15:40:24,274 - INFO - No se detectaron conflictos
2025-05-07 15:40:24,278 - INFO - 
Verificando conflictos para máquina 2002
2025-05-07 15:40:24,280 - INFO - Intervalo a verificar: 2025-05-08 13:00:00 - 2025-05-08 21:00:00
2025-05-07 15:40:24,283 - INFO - Prioridad actual: 0
2025-05-07 15:40:24,286 - INFO - 
Obteniendo intervalos para máquina 2002
2025-05-07 15:40:24,289 - INFO - Rango: 2025-05-08 13:00:00 - 2025-05-08 21:00:00
2025-05-07 15:40:24,301 - INFO - No se detectaron conflictos
03
2025-05-07 15:40:24,175 - INFO - Intervalo a verificar: 2025-05-07 13:30:00 - 2025-05-07 21:30:00
2025-05-07 15:40:24,178 - INFO - Prioridad actual: 0
2025-05-07 15:40:24,181 - INFO - 
Obteniendo intervalos para máquina 1203
2025-05-07 15:40:24,183 - INFO - Rango: 2025-05-07 13:30:00 - 2025-05-07 21:30:00
2025-05-07 15:40:24,198 - INFO - No se detectaron conflictos
2025-05-07 15:40:24,202 - INFO - 
Verificando conflictos para máquina 1431
2025-05-07 15:40:24,205 - INFO - Intervalo a verificar: 2025-05-07 17:00:00 - 2025-05-08 01:00:00
2025-05-07 15:40:24,209 - INFO - Prioridad actual: 0
2025-05-07 15:40:24,212 - INFO - 
Obteniendo intervalos para máquina 1431
2025-05-07 15:40:24,215 - INFO - Rango: 2025-05-07 17:00:00 - 2025-05-08 01:00:00
2025-05-07 15:40:24,230 - INFO - No se detectaron conflictos
2025-05-07 15:40:24,234 - INFO - 
Verificando conflictos para máquina 1601
2025-05-07 15:40:24,237 - INFO - Intervalo a verificar: 2025-05-08 10:00:00 - 2025-05-08 18:00:00
2025-05-07 15:40:24,239 - INFO - Prioridad actual: 0
2025-05-07 15:40:24,242 - INFO - 
Obteniendo intervalos para máquina 1601
2025-05-07 15:40:24,244 - INFO - Rango: 2025-05-08 10:00:00 - 2025-05-08 18:00:00
2025-05-07 15:40:24,274 - INFO - No se detectaron conflictos
2025-05-07 15:40:24,278 - INFO - 
Verificando conflictos para máquina 2002
2025-05-07 15:40:24,280 - INFO - Intervalo a verificar: 2025-05-08 13:00:00 - 2025-05-08 21:00:00
2025-05-07 15:40:24,283 - INFO - Prioridad actual: 0
2025-05-07 15:40:24,286 - INFO - 
Obteniendo intervalos para máquina 2002
2025-05-07 15:40:24,289 - INFO - Rango: 2025-05-08 13:00:00 - 2025-05-08 21:00:00
2025-05-07 15:40:24,301 - INFO - No se detectaron conflictos
