2025-05-07 12:45:46,959 - INFO - 
Verificando conflictos para máquina 1002
2025-05-07 12:45:46,959 - INFO - Intervalo a verificar: 2025-05-02 07:45:00 - 2025-05-02 15:45:00
2025-05-07 12:45:46,960 - INFO - Prioridad actual: 0
2025-05-07 12:45:46,960 - INFO - 
Obteniendo intervalos para máquina 1002
2025-05-07 12:45:46,960 - INFO - Rango: 2025-05-02 07:45:00 - 2025-05-02 15:45:00
2025-05-07 12:45:47,049 - WARNING - Conflicto detectado con OT 43952
2025-05-07 12:45:47,050 - WARNING - Prioridad del conflicto: 1
2025-05-07 12:45:47,051 - INFO - 
Verificando conflictos para máquina 1201
2025-05-07 12:45:47,054 - INFO - Intervalo a verificar: 2025-05-02 12:00:00 - 2025-05-02 20:00:00
2025-05-07 12:45:47,054 - INFO - Prioridad actual: 0
2025-05-07 12:45:47,054 - INFO - 
Obteniendo intervalos para máquina 1201
2025-05-07 12:45:47,054 - INFO - Rango: 2025-05-02 12:00:00 - 2025-05-02 20:00:00
2025-05-07 12:45:47,085 - INFO - No se detectaron conflictos
2025-05-07 12:45:47,086 - INFO - 
Verificando conflictos para máquina 1312
2025-05-07 12:45:47,086 - INFO - Intervalo a verificar: 2025-05-02 13:00:00 - 2025-05-02 21:00:00
2025-05-07 12:45:47,090 - INFO - Prioridad actual: 0
2025-05-07 12:45:47,091 - INFO - 
Obteniendo intervalos para máquina 1312
2025-05-07 12:45:47,092 - INFO - Rango: 2025-05-02 13:00:00 - 2025-05-02 21:00:00
2025-05-07 12:45:47,113 - INFO - No se detectaron conflictos
2025-05-07 12:45:47,114 - INFO - 
Verificando conflictos para máquina 1315
2025-05-07 12:45:47,114 - INFO - Intervalo a verificar: 2025-05-05 08:00:00 - 2025-05-05 16:00:00
2025-05-07 12:45:47,115 - INFO - Prioridad actual: 0
2025-05-07 12:45:47,115 - INFO - 
Obteniendo intervalos para máquina 1315
2025-05-07 12:45:47,115 - INFO - Rango: 2025-05-05 08:00:00 - 2025-05-05 16:00:00
2025-05-07 12:45:47,133 - INFO - No se detectaron conflictos
2025-05-07 12:45:47,134 - INFO - 
Verificando conflictos para máquina 1315
2025-05-07 12:45:47,134 - INFO - Intervalo a verificar: 2025-05-05 11:00:00 - 2025-05-05 19:00:00
2025-05-07 12:45:47,135 - INFO - Prioridad actual: 0
2025-05-07 12:45:47,135 - INFO - 
Obteniendo intervalos para máquina 1315
2025-05-07 12:45:47,135 - INFO - Rango: 2025-05-05 11:00:00 - 2025-05-05 19:00:00
2025-05-07 12:45:47,152 - INFO - No se detectaron conflictos
2025-05-07 12:45:47,154 - INFO - 
Verificando conflictos para máquina 1204
2025-05-07 12:45:47,154 - INFO - Intervalo a verificar: 2025-05-05 15:00:00 - 2025-05-05 23:00:00
2025-05-07 12:45:47,154 - INFO - Prioridad actual: 0
2025-05-07 12:45:47,155 - INFO - 
Obteniendo intervalos para máquina 1204
2025-05-07 12:45:47,156 - INFO - Rango: 2025-05-05 15:00:00 - 2025-05-05 23:00:00
2025-05-07 12:45:47,186 - INFO - No se detectaron conflictos
2025-05-07 12:45:47,189 - INFO - 
Verificando conflictos para máquina 1002
2025-05-07 12:45:47,190 - INFO - Intervalo a verificar: 2025-05-02 12:30:00 - 2025-05-02 20:30:00
2025-05-07 12:45:47,190 - INFO - Prioridad actual: 0
2025-05-07 12:45:47,190 - INFO - 
Obteniendo intervalos para máquina 1002
2025-05-07 12:45:47,191 - INFO - Rango: 2025-05-02 12:30:00 - 2025-05-02 20:30:00
2025-05-07 12:45:47,293 - WARNING - Conflicto detectado con OT 43951
2025-05-07 12:45:47,294 - WARNING - Prioridad del conflicto: 2
2025-05-07 12:45:47,297 - INFO - 
Verificando conflictos para máquina 1203
2025-05-07 12:45:47,297 - INFO - Intervalo a verificar: 2025-05-05 15:00:00 - 2025-05-05 23:00:00
2025-05-07 12:45:47,297 - INFO - Prioridad actual: 0
2025-05-07 12:45:47,297 - INFO - 
Obteniendo intervalos para máquina 1203
2025-05-07 12:45:47,298 - INFO - Rango: 2025-05-05 15:00:00 - 2025-05-05 23:00:00
2025-05-07 12:45:47,322 - INFO - No se detectaron conflictos
2025-05-07 12:45:47,323 - INFO - 
Verificando conflictos para máquina 1314
2025-05-07 12:45:47,324 - INFO - Intervalo a verificar: 2025-05-06 15:00:00 - 2025-05-06 23:00:00
2025-05-07 12:45:47,324 - INFO - Prioridad actual: 0
2025-05-07 12:45:47,324 - INFO - 
Obteniendo intervalos para máquina 1314
2025-05-07 12:45:47,324 - INFO - Rango: 2025-05-06 15:00:00 - 2025-05-06 23:00:00
2025-05-07 12:45:47,333 - INFO - No se detectaron conflictos
2025-05-07 12:45:47,334 - INFO - 
Verificando conflictos para máquina 2501
2025-05-07 12:45:47,334 - INFO - Intervalo a verificar: 2025-05-07 15:00:00 - 2025-05-07 23:00:00
2025-05-07 12:45:47,335 - INFO - Prioridad actual: 0
2025-05-07 12:45:47,335 - INFO - 
Obteniendo intervalos para máquina 2501
2025-05-07 12:45:47,335 - INFO - Rango: 2025-05-07 15:00:00 - 2025-05-07 23:00:00
2025-05-07 12:45:47,346 - INFO - No se detectaron conflictos
2025-05-07 12:45:47,347 - INFO - 
Verificando conflictos para máquina 1003
2025-05-07 12:45:47,347 - INFO - Intervalo a verificar: 2025-05-02 07:45:00 - 2025-05-02 15:45:00
2025-05-07 12:45:47,347 - INFO - Prioridad actual: 0
2025-05-07 12:45:47,347 - INFO - 
Obteniendo intervalos para máquina 1003
2025-05-07 12:45:47,348 - INFO - Rango: 2025-05-02 07:45:00 - 2025-05-02 15:45:00
2025-05-07 12:45:47,360 - WARNING - Conflicto detectado con OT 43957
2025-05-07 12:45:47,360 - WARNING - Prioridad del conflicto: 3
2025-05-07 12:45:47,361 - INFO - 
Verificando conflictos para máquina 1201
2025-05-07 12:45:47,361 - INFO - Intervalo a verificar: 2025-05-02 13:30:00 - 2025-05-02 21:30:00
2025-05-07 12:45:47,361 - INFO - Prioridad actual: 0
2025-05-07 12:45:47,361 - INFO - 
Obteniendo intervalos para máquina 1201
2025-05-07 12:45:47,361 - INFO - Rango: 2025-05-02 13:30:00 - 2025-05-02 21:30:00
2025-05-07 12:45:47,375 - INFO - No se detectaron conflictos
2025-05-07 12:45:47,376 - INFO - 
Verificando conflictos para máquina 1313
2025-05-07 12:45:47,376 - INFO - Intervalo a verificar: 2025-05-02 15:00:00 - 2025-05-02 23:00:00
2025-05-07 12:45:47,376 - INFO - Prioridad actual: 0
2025-05-07 12:45:47,377 - INFO - 
Obteniendo intervalos para máquina 1313
2025-05-07 12:45:47,377 - INFO - Rango: 2025-05-02 15:00:00 - 2025-05-02 23:00:00
2025-05-07 12:45:47,412 - INFO - No se detectaron conflictos
2025-05-07 12:45:47,413 - INFO - 
Verificando conflictos para máquina 1313
2025-05-07 12:45:47,413 - INFO - Intervalo a verificar: 2025-05-05 09:00:00 - 2025-05-05 17:00:00
2025-05-07 12:45:47,414 - INFO - Prioridad actual: 0
2025-05-07 12:45:47,414 - INFO - 
Obteniendo intervalos para máquina 1313
2025-05-07 12:45:47,414 - INFO - Rango: 2025-05-05 09:00:00 - 2025-05-05 17:00:00
2025-05-07 12:45:47,447 - INFO - No se detectaron conflictos
2025-05-07 12:45:47,448 - INFO - 
Verificando conflictos para máquina 1601
2025-05-07 12:45:47,448 - INFO - Intervalo a verificar: 2025-05-05 11:00:00 - 2025-05-05 19:00:00
2025-05-07 12:45:47,448 - INFO - Prioridad actual: 0
2025-05-07 12:45:47,448 - INFO - 
Obteniendo intervalos para máquina 1601
2025-05-07 12:45:47,449 - INFO - Rango: 2025-05-05 11:00:00 - 2025-05-05 19:00:00
2025-05-07 12:45:47,491 - INFO - No se detectaron conflictos
2025-05-07 12:45:47,492 - INFO - 
Verificando conflictos para máquina 2006
2025-05-07 12:45:47,492 - INFO - Intervalo a verificar: 2025-05-05 15:00:00 - 2025-05-05 23:00:00
2025-05-07 12:45:47,493 - INFO - Prioridad actual: 0
2025-05-07 12:45:47,493 - INFO - 
Obteniendo intervalos para máquina 2006
2025-05-07 12:45:47,493 - INFO - Rango: 2025-05-05 15:00:00 - 2025-05-05 23:00:00
2025-05-07 12:45:47,505 - INFO - No se detectaron conflictos
2025-05-07 12:45:47,507 - INFO - 
Verificando conflictos para máquina 1205
2025-05-07 12:45:47,507 - INFO - Intervalo a verificar: 2025-05-02 07:45:00 - 2025-05-02 15:45:00
2025-05-07 12:45:47,507 - INFO - Prioridad actual: 0
2025-05-07 12:45:47,507 - INFO - 
Obteniendo intervalos para máquina 1205
2025-05-07 12:45:47,507 - INFO - Rango: 2025-05-02 07:45:00 - 2025-05-02 15:45:00
2025-05-07 12:45:47,533 - WARNING - Conflicto detectado con OT 43949
2025-05-07 12:45:47,535 - WARNING - Prioridad del conflicto: 4
2025-05-07 12:45:47,536 - INFO - 
Verificando conflictos para máquina 1002
2025-05-07 12:45:47,536 - INFO - Intervalo a verificar: 2025-05-05 15:30:00 - 2025-05-05 23:30:00
2025-05-07 12:45:47,536 - INFO - Prioridad actual: 0
2025-05-07 12:45:47,536 - INFO - 
Obteniendo intervalos para máquina 1002
2025-05-07 12:45:47,536 - INFO - Rango: 2025-05-05 15:30:00 - 2025-05-05 23:30:00
2025-05-07 12:45:47,588 - INFO - No se detectaron conflictos
2025-05-07 12:45:47,590 - INFO - 
Verificando conflictos para máquina 1203
2025-05-07 12:45:47,590 - INFO - Intervalo a verificar: 2025-05-06 15:30:00 - 2025-05-06 23:30:00
2025-05-07 12:45:47,590 - INFO - Prioridad actual: 0
2025-05-07 12:45:47,590 - INFO - 
Obteniendo intervalos para máquina 1203
2025-05-07 12:45:47,590 - INFO - Rango: 2025-05-06 15:30:00 - 2025-05-06 23:30:00
2025-05-07 12:45:47,606 - INFO - No se detectaron conflictos
2025-05-07 12:45:47,608 - INFO - 
Verificando conflictos para máquina 1431
2025-05-07 12:45:47,608 - INFO - Intervalo a verificar: 2025-05-06 16:00:00 - 2025-05-07 00:00:00
2025-05-07 12:45:47,608 - INFO - Prioridad actual: 0
2025-05-07 12:45:47,608 - INFO - 
Obteniendo intervalos para máquina 1431
2025-05-07 12:45:47,608 - INFO - Rango: 2025-05-06 16:00:00 - 2025-05-07 00:00:00
2025-05-07 12:45:47,624 - INFO - No se detectaron conflictos
2025-05-07 12:45:47,625 - INFO - 
Verificando conflictos para máquina 1601
2025-05-07 12:45:47,625 - INFO - Intervalo a verificar: 2025-05-06 17:00:00 - 2025-05-07 01:00:00
2025-05-07 12:45:47,625 - INFO - Prioridad actual: 0
2025-05-07 12:45:47,625 - INFO - 
Obteniendo intervalos para máquina 1601
2025-05-07 12:45:47,625 - INFO - Rango: 2025-05-06 17:00:00 - 2025-05-07 01:00:00
2025-05-07 12:45:47,665 - INFO - No se detectaron conflictos
2025-05-07 12:45:47,666 - INFO - 
Verificando conflictos para máquina 2002
2025-05-07 12:45:47,666 - INFO - Intervalo a verificar: 2025-05-06 17:45:00 - 2025-05-07 01:45:00
2025-05-07 12:45:47,666 - INFO - Prioridad actual: 0
2025-05-07 12:45:47,666 - INFO - 
Obteniendo intervalos para máquina 2002
2025-05-07 12:45:47,667 - INFO - Rango: 2025-05-06 17:45:00 - 2025-05-07 01:45:00
2025-05-07 12:45:47,680 - INFO - No se detectaron conflictos
2025-05-07 12:45:47,681 - INFO - 
Verificando conflictos para máquina 1002
2025-05-07 12:45:47,681 - INFO - Intervalo a verificar: 2025-05-05 16:30:00 - 2025-05-06 00:30:00
2025-05-07 12:45:47,681 - INFO - Prioridad actual: 0
2025-05-07 12:45:47,681 - INFO - 
Obteniendo intervalos para máquina 1002
2025-05-07 12:45:47,681 - INFO - Rango: 2025-05-05 16:30:00 - 2025-05-06 00:30:00
2025-05-07 12:45:47,732 - INFO - No se detectaron conflictos
2025-05-07 12:45:47,732 - INFO - 
Verificando conflictos para máquina 1203
2025-05-07 12:45:47,733 - INFO - Intervalo a verificar: 2025-05-06 16:30:00 - 2025-05-07 00:30:00
2025-05-07 12:45:47,733 - INFO - Prioridad actual: 0
2025-05-07 12:45:47,733 - INFO - 
Obteniendo intervalos para máquina 1203
2025-05-07 12:45:47,733 - INFO - Rango: 2025-05-06 16:30:00 - 2025-05-07 00:30:00
2025-05-07 12:45:47,749 - INFO - No se detectaron conflictos
2025-05-07 12:45:47,750 - INFO - 
Verificando conflictos para máquina 1431
2025-05-07 12:45:47,750 - INFO - Intervalo a verificar: 2025-05-06 17:00:00 - 2025-05-07 01:00:00
2025-05-07 12:45:47,750 - INFO - Prioridad actual: 0
2025-05-07 12:45:47,750 - INFO - 
Obteniendo intervalos para máquina 1431
2025-05-07 12:45:47,750 - INFO - Rango: 2025-05-06 17:00:00 - 2025-05-07 01:00:00
2025-05-07 12:45:47,765 - INFO - No se detectaron conflictos
2025-05-07 12:45:47,766 - INFO - 
Verificando conflictos para máquina 1601
2025-05-07 12:45:47,766 - INFO - Intervalo a verificar: 2025-05-06 17:45:00 - 2025-05-07 01:45:00
2025-05-07 12:45:47,767 - INFO - Prioridad actual: 0
2025-05-07 12:45:47,767 - INFO - 
Obteniendo intervalos para máquina 1601
2025-05-07 12:45:47,767 - INFO - Rango: 2025-05-06 17:45:00 - 2025-05-07 01:45:00
2025-05-07 12:45:47,814 - INFO - No se detectaron conflictos
2025-05-07 12:45:47,814 - INFO - 
Verificando conflictos para máquina 2002
2025-05-07 12:45:47,815 - INFO - Intervalo a verificar: 2025-05-07 08:00:00 - 2025-05-07 16:00:00
2025-05-07 12:45:47,815 - INFO - Prioridad actual: 0
2025-05-07 12:45:47,815 - INFO - 
Obteniendo intervalos para máquina 2002
2025-05-07 12:45:47,815 - INFO - Rango: 2025-05-07 08:00:00 - 2025-05-07 16:00:00
2025-05-07 12:45:47,831 - INFO - No se detectaron conflictos
2025-05-07 12:45:47,833 - INFO - 
Verificando conflictos para máquina 1002
2025-05-07 12:45:47,833 - INFO - Intervalo a verificar: 2025-05-05 17:30:00 - 2025-05-06 01:30:00
2025-05-07 12:45:47,833 - INFO - Prioridad actual: 0
2025-05-07 12:45:47,833 - INFO - 
Obteniendo intervalos para máquina 1002
2025-05-07 12:45:47,833 - INFO - Rango: 2025-05-05 17:30:00 - 2025-05-06 01:30:00
2025-05-07 12:45:47,892 - INFO - No se detectaron conflictos
2025-05-07 12:45:47,893 - INFO - 
Verificando conflictos para máquina 1203
2025-05-07 12:45:47,893 - INFO - Intervalo a verificar: 2025-05-06 17:30:00 - 2025-05-07 01:30:00
2025-05-07 12:45:47,893 - INFO - Prioridad actual: 0
2025-05-07 12:45:47,893 - INFO - 
Obteniendo intervalos para máquina 1203
2025-05-07 12:45:47,894 - INFO - Rango: 2025-05-06 17:30:00 - 2025-05-07 01:30:00
2025-05-07 12:45:47,911 - INFO - No se detectaron conflictos
2025-05-07 12:45:47,912 - INFO - 
Verificando conflictos para máquina 1431
2025-05-07 12:45:47,912 - INFO - Intervalo a verificar: 2025-05-06 17:45:00 - 2025-05-07 01:45:00
2025-05-07 12:45:47,912 - INFO - Prioridad actual: 0
2025-05-07 12:45:47,912 - INFO - 
Obteniendo intervalos para máquina 1431
2025-05-07 12:45:47,912 - INFO - Rango: 2025-05-06 17:45:00 - 2025-05-07 01:45:00
2025-05-07 12:45:47,929 - INFO - No se detectaron conflictos
2025-05-07 12:45:47,930 - INFO - 
Verificando conflictos para máquina 1601
2025-05-07 12:45:47,930 - INFO - Intervalo a verificar: 2025-05-07 08:00:00 - 2025-05-07 16:00:00
2025-05-07 12:45:47,930 - INFO - Prioridad actual: 0
2025-05-07 12:45:47,930 - INFO - 
Obteniendo intervalos para máquina 1601
2025-05-07 12:45:47,930 - INFO - Rango: 2025-05-07 08:00:00 - 2025-05-07 16:00:00
2025-05-07 12:45:47,982 - INFO - No se detectaron conflictos
2025-05-07 12:45:47,982 - INFO - 
Verificando conflictos para máquina 2002
2025-05-07 12:45:47,983 - INFO - Intervalo a verificar: 2025-05-07 09:00:00 - 2025-05-07 17:00:00
2025-05-07 12:45:47,983 - INFO - Prioridad actual: 0
2025-05-07 12:45:47,983 - INFO - 
Obteniendo intervalos para máquina 2002
2025-05-07 12:45:47,983 - INFO - Rango: 2025-05-07 09:00:00 - 2025-05-07 17:00:00
2025-05-07 12:45:47,998 - INFO - No se detectaron conflictos
2025-05-07 12:45:47,999 - INFO - 
Verificando conflictos para máquina 1002
2025-05-07 12:45:47,999 - INFO - Intervalo a verificar: 2025-05-06 07:45:00 - 2025-05-06 15:45:00
2025-05-07 12:45:47,999 - INFO - Prioridad actual: 0
2025-05-07 12:45:48,000 - INFO - 
Obteniendo intervalos para máquina 1002
2025-05-07 12:45:48,000 - INFO - Rango: 2025-05-06 07:45:00 - 2025-05-06 15:45:00
2025-05-07 12:45:48,059 - INFO - No se detectaron conflictos
2025-05-07 12:45:48,060 - INFO - 
Verificando conflictos para máquina 1203
2025-05-07 12:45:48,060 - INFO - Intervalo a verificar: 2025-05-07 07:45:00 - 2025-05-07 15:45:00
2025-05-07 12:45:48,060 - INFO - Prioridad actual: 0
2025-05-07 12:45:48,061 - INFO - 
Obteniendo intervalos para máquina 1203
2025-05-07 12:45:48,061 - INFO - Rango: 2025-05-07 07:45:00 - 2025-05-07 15:45:00
2025-05-07 12:45:48,078 - INFO - No se detectaron conflictos
2025-05-07 12:45:48,079 - INFO - 
Verificando conflictos para máquina 1431
2025-05-07 12:45:48,079 - INFO - Intervalo a verificar: 2025-05-07 11:00:00 - 2025-05-07 19:00:00
2025-05-07 12:45:48,079 - INFO - Prioridad actual: 0
2025-05-07 12:45:48,079 - INFO - 
Obteniendo intervalos para máquina 1431
2025-05-07 12:45:48,079 - INFO - Rango: 2025-05-07 11:00:00 - 2025-05-07 19:00:00
2025-05-07 12:45:48,098 - INFO - No se detectaron conflictos
2025-05-07 12:45:48,098 - INFO - 
Verificando conflictos para máquina 1601
2025-05-07 12:45:48,099 - INFO - Intervalo a verificar: 2025-05-07 15:00:00 - 2025-05-07 23:00:00
2025-05-07 12:45:48,099 - INFO - Prioridad actual: 0
2025-05-07 12:45:48,099 - INFO - 
Obteniendo intervalos para máquina 1601
2025-05-07 12:45:48,099 - INFO - Rango: 2025-05-07 15:00:00 - 2025-05-07 23:00:00
2025-05-07 12:45:48,148 - INFO - No se detectaron conflictos
2025-05-07 12:45:48,149 - INFO - 
Verificando conflictos para máquina 2002
2025-05-07 12:45:48,149 - INFO - Intervalo a verificar: 2025-05-08 08:00:00 - 2025-05-08 16:00:00
2025-05-07 12:45:48,149 - INFO - Prioridad actual: 0
2025-05-07 12:45:48,150 - INFO - 
Obteniendo intervalos para máquina 2002
2025-05-07 12:45:48,150 - INFO - Rango: 2025-05-08 08:00:00 - 2025-05-08 16:00:00
2025-05-07 12:45:48,165 - INFO - No se detectaron conflictos
2025-05-07 12:45:48,166 - INFO - 
Verificando conflictos para máquina 1004
2025-05-07 12:45:48,166 - INFO - Intervalo a verificar: 2025-05-02 07:45:00 - 2025-05-02 15:45:00
2025-05-07 12:45:48,166 - INFO - Prioridad actual: 0
2025-05-07 12:45:48,167 - INFO - 
Obteniendo intervalos para máquina 1004
2025-05-07 12:45:48,167 - INFO - Rango: 2025-05-02 07:45:00 - 2025-05-02 15:45:00
2025-05-07 12:45:48,181 - WARNING - Conflicto detectado con OT 43970
2025-05-07 12:45:48,181 - WARNING - Prioridad del conflicto: 9
2025-05-07 12:45:48,182 - INFO - 
Verificando conflictos para máquina 1004
2025-05-07 12:45:48,182 - INFO - Intervalo a verificar: 2025-05-02 13:00:00 - 2025-05-02 21:00:00
2025-05-07 12:45:48,182 - INFO - Prioridad actual: 0
2025-05-07 12:45:48,183 - INFO - 
Obteniendo intervalos para máquina 1004
2025-05-07 12:45:48,183 - INFO - Rango: 2025-05-02 13:00:00 - 2025-05-02 21:00:00
2025-05-07 12:45:48,197 - INFO - No se detectaron conflictos
2025-05-07 12:45:48,198 - INFO - 
Verificando conflictos para máquina 1315
2025-05-07 12:45:48,198 - INFO - Intervalo a verificar: 2025-05-05 15:30:00 - 2025-05-05 23:30:00
2025-05-07 12:45:48,198 - INFO - Prioridad actual: 0
2025-05-07 12:45:48,198 - INFO - 
Obteniendo intervalos para máquina 1315
2025-05-07 12:45:48,198 - INFO - Rango: 2025-05-05 15:30:00 - 2025-05-05 23:30:00
2025-05-07 12:45:48,213 - INFO - No se detectaron conflictos
2025-05-07 12:45:48,214 - INFO - 
Verificando conflictos para máquina 1315
2025-05-07 12:45:48,214 - INFO - Intervalo a verificar: 2025-05-06 10:00:00 - 2025-05-06 18:00:00
2025-05-07 12:45:48,214 - INFO - Prioridad actual: 0
2025-05-07 12:45:48,214 - INFO - 
Obteniendo intervalos para máquina 1315
2025-05-07 12:45:48,214 - INFO - Rango: 2025-05-06 10:00:00 - 2025-05-06 18:00:00
2025-05-07 12:45:48,229 - INFO - No se detectaron conflictos
2025-05-07 12:45:48,230 - INFO - 
Verificando conflictos para máquina 1001
2025-05-07 12:45:48,230 - INFO - Intervalo a verificar: 2025-05-06 15:00:00 - 2025-05-06 23:00:00
2025-05-07 12:45:48,230 - INFO - Prioridad actual: 0
2025-05-07 12:45:48,230 - INFO - 
Obteniendo intervalos para máquina 1001
2025-05-07 12:45:48,230 - INFO - Rango: 2025-05-06 15:00:00 - 2025-05-06 23:00:00
2025-05-07 12:45:48,243 - INFO - No se detectaron conflictos
2025-05-07 12:45:48,244 - INFO - 
Verificando conflictos para máquina 4002
2025-05-07 12:45:48,244 - INFO - Intervalo a verificar: 2025-05-07 09:00:00 - 2025-05-07 17:00:00
2025-05-07 12:45:48,245 - INFO - Prioridad actual: 0
2025-05-07 12:45:48,245 - INFO - 
Obteniendo intervalos para máquina 4002
2025-05-07 12:45:48,245 - INFO - Rango: 2025-05-07 09:00:00 - 2025-05-07 17:00:00
2025-05-07 12:45:48,250 - INFO - No se detectaron conflictos
2025-05-07 12:45:48,251 - INFO - 
Verificando conflictos para máquina 1001
2025-05-07 12:45:48,251 - INFO - Intervalo a verificar: 2025-05-07 13:00:00 - 2025-05-07 21:00:00
2025-05-07 12:45:48,251 - INFO - Prioridad actual: 0
2025-05-07 12:45:48,251 - INFO - 
Obteniendo intervalos para máquina 1001
2025-05-07 12:45:48,251 - INFO - Rango: 2025-05-07 13:00:00 - 2025-05-07 21:00:00
2025-05-07 12:45:48,265 - INFO - No se detectaron conflictos
2025-05-07 12:45:48,265 - INFO - 
Verificando conflictos para máquina 4002
2025-05-07 12:45:48,266 - INFO - Intervalo a verificar: 2025-05-07 17:45:00 - 2025-05-08 01:45:00
2025-05-07 12:45:48,266 - INFO - Prioridad actual: 0
2025-05-07 12:45:48,266 - INFO - 
Obteniendo intervalos para máquina 4002
2025-05-07 12:45:48,266 - INFO - Rango: 2025-05-07 17:45:00 - 2025-05-08 01:45:00
2025-05-07 12:45:48,276 - INFO - No se detectaron conflictos
2025-05-07 12:45:48,277 - INFO - 
Verificando conflictos para máquina 1205
2025-05-07 12:45:48,277 - INFO - Intervalo a verificar: 2025-05-08 12:00:00 - 2025-05-08 20:00:00
2025-05-07 12:45:48,278 - INFO - Prioridad actual: 0
2025-05-07 12:45:48,278 - INFO - 
Obteniendo intervalos para máquina 1205
2025-05-07 12:45:48,278 - INFO - Rango: 2025-05-08 12:00:00 - 2025-05-08 20:00:00
2025-05-07 12:45:48,312 - INFO - No se detectaron conflictos
2025-05-07 12:45:48,313 - INFO - 
Verificando conflictos para máquina 3421
2025-05-07 12:45:48,313 - INFO - Intervalo a verificar: 2025-05-08 17:00:00 - 2025-05-09 01:00:00
2025-05-07 12:45:48,314 - INFO - Prioridad actual: 0
2025-05-07 12:45:48,314 - INFO - 
Obteniendo intervalos para máquina 3421
2025-05-07 12:45:48,314 - INFO - Rango: 2025-05-08 17:00:00 - 2025-05-09 01:00:00
2025-05-07 12:45:48,330 - INFO - No se detectaron conflictos
2025-05-07 12:45:48,511 - INFO - 
Verificando conflictos para máquina 1002
2025-05-07 12:45:48,511 - INFO - Intervalo a verificar: 2025-05-02 07:45:00 - 2025-05-02 15:45:00
2025-05-07 12:45:48,511 - INFO - Prioridad actual: 0
2025-05-07 12:45:48,512 - INFO - 
Obteniendo intervalos para máquina 1002
2025-05-07 12:45:48,512 - INFO - Rango: 2025-05-02 07:45:00 - 2025-05-02 15:45:00
2025-05-07 12:45:48,569 - WARNING - Conflicto detectado con OT 43952
2025-05-07 12:45:48,569 - WARNING - Prioridad del conflicto: 1
2025-05-07 12:45:48,570 - INFO - 
Verificando conflictos para máquina 1201
2025-05-07 12:45:48,570 - INFO - Intervalo a verificar: 2025-05-02 12:00:00 - 2025-05-02 20:00:00
2025-05-07 12:45:48,570 - INFO - Prioridad actual: 0
2025-05-07 12:45:48,570 - INFO - 
Obteniendo intervalos para máquina 1201
2025-05-07 12:45:48,571 - INFO - Rango: 2025-05-02 12:00:00 - 2025-05-02 20:00:00
2025-05-07 12:45:48,585 - INFO - No se detectaron conflictos
2025-05-07 12:45:48,585 - INFO - 
Verificando conflictos para máquina 1312
2025-05-07 12:45:48,586 - INFO - Intervalo a verificar: 2025-05-02 13:00:00 - 2025-05-02 21:00:00
2025-05-07 12:45:48,586 - INFO - Prioridad actual: 0
2025-05-07 12:45:48,586 - INFO - 
Obteniendo intervalos para máquina 1312
2025-05-07 12:45:48,586 - INFO - Rango: 2025-05-02 13:00:00 - 2025-05-02 21:00:00
2025-05-07 12:45:48,596 - INFO - No se detectaron conflictos
2025-05-07 12:45:48,597 - INFO - 
Verificando conflictos para máquina 1315
2025-05-07 12:45:48,597 - INFO - Intervalo a verificar: 2025-05-05 08:00:00 - 2025-05-05 16:00:00
2025-05-07 12:45:48,597 - INFO - Prioridad actual: 0
2025-05-07 12:45:48,597 - INFO - 
Obteniendo intervalos para máquina 1315
2025-05-07 12:45:48,597 - INFO - Rango: 2025-05-05 08:00:00 - 2025-05-05 16:00:00
2025-05-07 12:45:48,611 - INFO - No se detectaron conflictos
2025-05-07 12:45:48,612 - INFO - 
Verificando conflictos para máquina 1315
2025-05-07 12:45:48,612 - INFO - Intervalo a verificar: 2025-05-05 11:00:00 - 2025-05-05 19:00:00
2025-05-07 12:45:48,612 - INFO - Prioridad actual: 0
2025-05-07 12:45:48,612 - INFO - 
Obteniendo intervalos para máquina 1315
2025-05-07 12:45:48,613 - INFO - Rango: 2025-05-05 11:00:00 - 2025-05-05 19:00:00
2025-05-07 12:45:48,625 - INFO - No se detectaron conflictos
2025-05-07 12:45:48,626 - INFO - 
Verificando conflictos para máquina 1204
2025-05-07 12:45:48,626 - INFO - Intervalo a verificar: 2025-05-05 15:00:00 - 2025-05-05 23:00:00
2025-05-07 12:45:48,626 - INFO - Prioridad actual: 0
2025-05-07 12:45:48,626 - INFO - 
Obteniendo intervalos para máquina 1204
2025-05-07 12:45:48,627 - INFO - Rango: 2025-05-05 15:00:00 - 2025-05-05 23:00:00
2025-05-07 12:45:48,639 - INFO - No se detectaron conflictos
2025-05-07 12:45:48,642 - INFO - 
Verificando conflictos para máquina 1002
2025-05-07 12:45:48,642 - INFO - Intervalo a verificar: 2025-05-02 12:30:00 - 2025-05-02 20:30:00
2025-05-07 12:45:48,642 - INFO - Prioridad actual: 0
2025-05-07 12:45:48,642 - INFO - 
Obteniendo intervalos para máquina 1002
2025-05-07 12:45:48,642 - INFO - Rango: 2025-05-02 12:30:00 - 2025-05-02 20:30:00
2025-05-07 12:45:48,694 - WARNING - Conflicto detectado con OT 43951
2025-05-07 12:45:48,694 - WARNING - Prioridad del conflicto: 2
2025-05-07 12:45:48,695 - INFO - 
Verificando conflictos para máquina 1203
2025-05-07 12:45:48,695 - INFO - Intervalo a verificar: 2025-05-05 15:00:00 - 2025-05-05 23:00:00
2025-05-07 12:45:48,696 - INFO - Prioridad actual: 0
2025-05-07 12:45:48,696 - INFO - 
Obteniendo intervalos para máquina 1203
2025-05-07 12:45:48,696 - INFO - Rango: 2025-05-05 15:00:00 - 2025-05-05 23:00:00
2025-05-07 12:45:48,712 - INFO - No se detectaron conflictos
2025-05-07 12:45:48,713 - INFO - 
Verificando conflictos para máquina 1314
2025-05-07 12:45:48,713 - INFO - Intervalo a verificar: 2025-05-06 15:00:00 - 2025-05-06 23:00:00
2025-05-07 12:45:48,713 - INFO - Prioridad actual: 0
2025-05-07 12:45:48,713 - INFO - 
Obteniendo intervalos para máquina 1314
2025-05-07 12:45:48,713 - INFO - Rango: 2025-05-06 15:00:00 - 2025-05-06 23:00:00
2025-05-07 12:45:48,723 - INFO - No se detectaron conflictos
2025-05-07 12:45:48,725 - INFO - 
Verificando conflictos para máquina 2501
2025-05-07 12:45:48,725 - INFO - Intervalo a verificar: 2025-05-07 15:00:00 - 2025-05-07 23:00:00
2025-05-07 12:45:48,725 - INFO - Prioridad actual: 0
2025-05-07 12:45:48,725 - INFO - 
Obteniendo intervalos para máquina 2501
2025-05-07 12:45:48,725 - INFO - Rango: 2025-05-07 15:00:00 - 2025-05-07 23:00:00
2025-05-07 12:45:48,734 - INFO - No se detectaron conflictos
2025-05-07 12:45:48,735 - INFO - 
Verificando conflictos para máquina 1003
2025-05-07 12:45:48,735 - INFO - Intervalo a verificar: 2025-05-02 07:45:00 - 2025-05-02 15:45:00
2025-05-07 12:45:48,735 - INFO - Prioridad actual: 0
2025-05-07 12:45:48,735 - INFO - 
Obteniendo intervalos para máquina 1003
2025-05-07 12:45:48,736 - INFO - Rango: 2025-05-02 07:45:00 - 2025-05-02 15:45:00
2025-05-07 12:45:48,748 - WARNING - Conflicto detectado con OT 43957
2025-05-07 12:45:48,749 - WARNING - Prioridad del conflicto: 3
2025-05-07 12:45:48,749 - INFO - 
Verificando conflictos para máquina 1201
2025-05-07 12:45:48,749 - INFO - Intervalo a verificar: 2025-05-02 13:30:00 - 2025-05-02 21:30:00
2025-05-07 12:45:48,750 - INFO - Prioridad actual: 0
2025-05-07 12:45:48,750 - INFO - 
Obteniendo intervalos para máquina 1201
2025-05-07 12:45:48,750 - INFO - Rango: 2025-05-02 13:30:00 - 2025-05-02 21:30:00
2025-05-07 12:45:48,763 - INFO - No se detectaron conflictos
2025-05-07 12:45:48,764 - INFO - 
Verificando conflictos para máquina 1313
2025-05-07 12:45:48,764 - INFO - Intervalo a verificar: 2025-05-02 15:00:00 - 2025-05-02 23:00:00
2025-05-07 12:45:48,764 - INFO - Prioridad actual: 0
2025-05-07 12:45:48,764 - INFO - 
Obteniendo intervalos para máquina 1313
2025-05-07 12:45:48,764 - INFO - Rango: 2025-05-02 15:00:00 - 2025-05-02 23:00:00
2025-05-07 12:45:48,798 - INFO - No se detectaron conflictos
2025-05-07 12:45:48,799 - INFO - 
Verificando conflictos para máquina 1313
2025-05-07 12:45:48,799 - INFO - Intervalo a verificar: 2025-05-05 09:00:00 - 2025-05-05 17:00:00
2025-05-07 12:45:48,799 - INFO - Prioridad actual: 0
2025-05-07 12:45:48,799 - INFO - 
Obteniendo intervalos para máquina 1313
2025-05-07 12:45:48,800 - INFO - Rango: 2025-05-05 09:00:00 - 2025-05-05 17:00:00
2025-05-07 12:45:48,834 - INFO - No se detectaron conflictos
2025-05-07 12:45:48,835 - INFO - 
Verificando conflictos para máquina 1601
2025-05-07 12:45:48,835 - INFO - Intervalo a verificar: 2025-05-05 11:00:00 - 2025-05-05 19:00:00
2025-05-07 12:45:48,836 - INFO - Prioridad actual: 0
2025-05-07 12:45:48,836 - INFO - 
Obteniendo intervalos para máquina 1601
2025-05-07 12:45:48,836 - INFO - Rango: 2025-05-05 11:00:00 - 2025-05-05 19:00:00
2025-05-07 12:45:48,877 - INFO - No se detectaron conflictos
2025-05-07 12:45:48,878 - INFO - 
Verificando conflictos para máquina 2006
2025-05-07 12:45:48,878 - INFO - Intervalo a verificar: 2025-05-05 15:00:00 - 2025-05-05 23:00:00
2025-05-07 12:45:48,878 - INFO - Prioridad actual: 0
2025-05-07 12:45:48,879 - INFO - 
Obteniendo intervalos para máquina 2006
2025-05-07 12:45:48,879 - INFO - Rango: 2025-05-05 15:00:00 - 2025-05-05 23:00:00
2025-05-07 12:45:48,888 - INFO - No se detectaron conflictos
2025-05-07 12:45:48,892 - INFO - 
Verificando conflictos para máquina 1205
2025-05-07 12:45:48,892 - INFO - Intervalo a verificar: 2025-05-02 07:45:00 - 2025-05-02 15:45:00
2025-05-07 12:45:48,892 - INFO - Prioridad actual: 0
2025-05-07 12:45:48,892 - INFO - 
Obteniendo intervalos para máquina 1205
2025-05-07 12:45:48,892 - INFO - Rango: 2025-05-02 07:45:00 - 2025-05-02 15:45:00
2025-05-07 12:45:48,917 - WARNING - Conflicto detectado con OT 43949
2025-05-07 12:45:48,917 - WARNING - Prioridad del conflicto: 4
2025-05-07 12:45:48,918 - INFO - 
Verificando conflictos para máquina 1002
2025-05-07 12:45:48,918 - INFO - Intervalo a verificar: 2025-05-05 15:30:00 - 2025-05-05 23:30:00
2025-05-07 12:45:48,918 - INFO - Prioridad actual: 0
2025-05-07 12:45:48,918 - INFO - 
Obteniendo intervalos para máquina 1002
2025-05-07 12:45:48,919 - INFO - Rango: 2025-05-05 15:30:00 - 2025-05-05 23:30:00
2025-05-07 12:45:48,966 - INFO - No se detectaron conflictos
2025-05-07 12:45:48,967 - INFO - 
Verificando conflictos para máquina 1203
2025-05-07 12:45:48,967 - INFO - Intervalo a verificar: 2025-05-06 15:30:00 - 2025-05-06 23:30:00
2025-05-07 12:45:48,967 - INFO - Prioridad actual: 0
2025-05-07 12:45:48,968 - INFO - 
Obteniendo intervalos para máquina 1203
2025-05-07 12:45:48,968 - INFO - Rango: 2025-05-06 15:30:00 - 2025-05-06 23:30:00
2025-05-07 12:45:48,983 - INFO - No se detectaron conflictos
2025-05-07 12:45:48,984 - INFO - 
Verificando conflictos para máquina 1431
2025-05-07 12:45:48,984 - INFO - Intervalo a verificar: 2025-05-06 16:00:00 - 2025-05-07 00:00:00
2025-05-07 12:45:48,984 - INFO - Prioridad actual: 0
2025-05-07 12:45:48,984 - INFO - 
Obteniendo intervalos para máquina 1431
2025-05-07 12:45:48,984 - INFO - Rango: 2025-05-06 16:00:00 - 2025-05-07 00:00:00
2025-05-07 12:45:48,999 - INFO - No se detectaron conflictos
2025-05-07 12:45:49,000 - INFO - 
Verificando conflictos para máquina 1601
2025-05-07 12:45:49,000 - INFO - Intervalo a verificar: 2025-05-06 17:00:00 - 2025-05-07 01:00:00
2025-05-07 12:45:49,000 - INFO - Prioridad actual: 0
2025-05-07 12:45:49,000 - INFO - 
Obteniendo intervalos para máquina 1601
2025-05-07 12:45:49,000 - INFO - Rango: 2025-05-06 17:00:00 - 2025-05-07 01:00:00
2025-05-07 12:45:49,044 - INFO - No se detectaron conflictos
2025-05-07 12:45:49,045 - INFO - 
Verificando conflictos para máquina 2002
2025-05-07 12:45:49,045 - INFO - Intervalo a verificar: 2025-05-06 17:45:00 - 2025-05-07 01:45:00
2025-05-07 12:45:49,045 - INFO - Prioridad actual: 0
2025-05-07 12:45:49,045 - INFO - 
Obteniendo intervalos para máquina 2002
2025-05-07 12:45:49,045 - INFO - Rango: 2025-05-06 17:45:00 - 2025-05-07 01:45:00
2025-05-07 12:45:49,062 - INFO - No se detectaron conflictos
2025-05-07 12:45:49,063 - INFO - 
Verificando conflictos para máquina 1002
2025-05-07 12:45:49,063 - INFO - Intervalo a verificar: 2025-05-05 16:30:00 - 2025-05-06 00:30:00
2025-05-07 12:45:49,063 - INFO - Prioridad actual: 0
2025-05-07 12:45:49,063 - INFO - 
Obteniendo intervalos para máquina 1002
2025-05-07 12:45:49,063 - INFO - Rango: 2025-05-05 16:30:00 - 2025-05-06 00:30:00
2025-05-07 12:45:49,116 - INFO - No se detectaron conflictos
2025-05-07 12:45:49,117 - INFO - 
Verificando conflictos para máquina 1203
2025-05-07 12:45:49,117 - INFO - Intervalo a verificar: 2025-05-06 16:30:00 - 2025-05-07 00:30:00
2025-05-07 12:45:49,117 - INFO - Prioridad actual: 0
2025-05-07 12:45:49,117 - INFO - 
Obteniendo intervalos para máquina 1203
2025-05-07 12:45:49,117 - INFO - Rango: 2025-05-06 16:30:00 - 2025-05-07 00:30:00
2025-05-07 12:45:49,133 - INFO - No se detectaron conflictos
2025-05-07 12:45:49,134 - INFO - 
Verificando conflictos para máquina 1431
2025-05-07 12:45:49,134 - INFO - Intervalo a verificar: 2025-05-06 17:00:00 - 2025-05-07 01:00:00
2025-05-07 12:45:49,134 - INFO - Prioridad actual: 0
2025-05-07 12:45:49,134 - INFO - 
Obteniendo intervalos para máquina 1431
2025-05-07 12:45:49,134 - INFO - Rango: 2025-05-06 17:00:00 - 2025-05-07 01:00:00
2025-05-07 12:45:49,150 - INFO - No se detectaron conflictos
2025-05-07 12:45:49,150 - INFO - 
Verificando conflictos para máquina 1601
2025-05-07 12:45:49,151 - INFO - Intervalo a verificar: 2025-05-06 17:45:00 - 2025-05-07 01:45:00
2025-05-07 12:45:49,151 - INFO - Prioridad actual: 0
2025-05-07 12:45:49,151 - INFO - 
Obteniendo intervalos para máquina 1601
2025-05-07 12:45:49,151 - INFO - Rango: 2025-05-06 17:45:00 - 2025-05-07 01:45:00
2025-05-07 12:45:49,194 - INFO - No se detectaron conflictos
2025-05-07 12:45:49,195 - INFO - 
Verificando conflictos para máquina 2002
2025-05-07 12:45:49,195 - INFO - Intervalo a verificar: 2025-05-07 08:00:00 - 2025-05-07 16:00:00
2025-05-07 12:45:49,195 - INFO - Prioridad actual: 0
2025-05-07 12:45:49,195 - INFO - 
Obteniendo intervalos para máquina 2002
2025-05-07 12:45:49,195 - INFO - Rango: 2025-05-07 08:00:00 - 2025-05-07 16:00:00
2025-05-07 12:45:49,204 - INFO - No se detectaron conflictos
2025-05-07 12:45:49,205 - INFO - 
Verificando conflictos para máquina 1002
2025-05-07 12:45:49,205 - INFO - Intervalo a verificar: 2025-05-05 17:30:00 - 2025-05-06 01:30:00
2025-05-07 12:45:49,209 - INFO - Prioridad actual: 0
2025-05-07 12:45:49,209 - INFO - 
Obteniendo intervalos para máquina 1002
2025-05-07 12:45:49,209 - INFO - Rango: 2025-05-05 17:30:00 - 2025-05-06 01:30:00
2025-05-07 12:45:49,254 - INFO - No se detectaron conflictos
2025-05-07 12:45:49,258 - INFO - 
Verificando conflictos para máquina 1203
2025-05-07 12:45:49,259 - INFO - Intervalo a verificar: 2025-05-06 17:30:00 - 2025-05-07 01:30:00
2025-05-07 12:45:49,259 - INFO - Prioridad actual: 0
2025-05-07 12:45:49,259 - INFO - 
Obteniendo intervalos para máquina 1203
2025-05-07 12:45:49,259 - INFO - Rango: 2025-05-06 17:30:00 - 2025-05-07 01:30:00
2025-05-07 12:45:49,270 - INFO - No se detectaron conflictos
2025-05-07 12:45:49,271 - INFO - 
Verificando conflictos para máquina 1431
2025-05-07 12:45:49,271 - INFO - Intervalo a verificar: 2025-05-06 17:45:00 - 2025-05-07 01:45:00
2025-05-07 12:45:49,271 - INFO - Prioridad actual: 0
2025-05-07 12:45:49,271 - INFO - 
Obteniendo intervalos para máquina 1431
2025-05-07 12:45:49,271 - INFO - Rango: 2025-05-06 17:45:00 - 2025-05-07 01:45:00
2025-05-07 12:45:49,287 - INFO - No se detectaron conflictos
2025-05-07 12:45:49,288 - INFO - 
Verificando conflictos para máquina 1601
2025-05-07 12:45:49,288 - INFO - Intervalo a verificar: 2025-05-07 08:00:00 - 2025-05-07 16:00:00
2025-05-07 12:45:49,288 - INFO - Prioridad actual: 0
2025-05-07 12:45:49,288 - INFO - 
Obteniendo intervalos para máquina 1601
2025-05-07 12:45:49,292 - INFO - Rango: 2025-05-07 08:00:00 - 2025-05-07 16:00:00
2025-05-07 12:45:49,333 - INFO - No se detectaron conflictos
2025-05-07 12:45:49,333 - INFO - 
Verificando conflictos para máquina 2002
2025-05-07 12:45:49,333 - INFO - Intervalo a verificar: 2025-05-07 09:00:00 - 2025-05-07 17:00:00
2025-05-07 12:45:49,334 - INFO - Prioridad actual: 0
2025-05-07 12:45:49,334 - INFO - 
Obteniendo intervalos para máquina 2002
2025-05-07 12:45:49,334 - INFO - Rango: 2025-05-07 09:00:00 - 2025-05-07 17:00:00
2025-05-07 12:45:49,348 - INFO - No se detectaron conflictos
2025-05-07 12:45:49,349 - INFO - 
Verificando conflictos para máquina 1002
2025-05-07 12:45:49,349 - INFO - Intervalo a verificar: 2025-05-06 07:45:00 - 2025-05-06 15:45:00
2025-05-07 12:45:49,349 - INFO - Prioridad actual: 0
2025-05-07 12:45:49,349 - INFO - 
Obteniendo intervalos para máquina 1002
2025-05-07 12:45:49,349 - INFO - Rango: 2025-05-06 07:45:00 - 2025-05-06 15:45:00
2025-05-07 12:45:49,402 - INFO - No se detectaron conflictos
2025-05-07 12:45:49,402 - INFO - 
Verificando conflictos para máquina 1203
2025-05-07 12:45:49,403 - INFO - Intervalo a verificar: 2025-05-07 07:45:00 - 2025-05-07 15:45:00
2025-05-07 12:45:49,403 - INFO - Prioridad actual: 0
2025-05-07 12:45:49,403 - INFO - 
Obteniendo intervalos para máquina 1203
2025-05-07 12:45:49,403 - INFO - Rango: 2025-05-07 07:45:00 - 2025-05-07 15:45:00
2025-05-07 12:45:49,419 - INFO - No se detectaron conflictos
2025-05-07 12:45:49,419 - INFO - 
Verificando conflictos para máquina 1431
2025-05-07 12:45:49,419 - INFO - Intervalo a verificar: 2025-05-07 11:00:00 - 2025-05-07 19:00:00
2025-05-07 12:45:49,420 - INFO - Prioridad actual: 0
2025-05-07 12:45:49,420 - INFO - 
Obteniendo intervalos para máquina 1431
2025-05-07 12:45:49,420 - INFO - Rango: 2025-05-07 11:00:00 - 2025-05-07 19:00:00
2025-05-07 12:45:49,434 - INFO - No se detectaron conflictos
2025-05-07 12:45:49,435 - INFO - 
Verificando conflictos para máquina 1601
2025-05-07 12:45:49,435 - INFO - Intervalo a verificar: 2025-05-07 15:00:00 - 2025-05-07 23:00:00
2025-05-07 12:45:49,435 - INFO - Prioridad actual: 0
2025-05-07 12:45:49,435 - INFO - 
Obteniendo intervalos para máquina 1601
2025-05-07 12:45:49,435 - INFO - Rango: 2025-05-07 15:00:00 - 2025-05-07 23:00:00
2025-05-07 12:45:49,479 - INFO - No se detectaron conflictos
2025-05-07 12:45:49,479 - INFO - 
Verificando conflictos para máquina 2002
2025-05-07 12:45:49,480 - INFO - Intervalo a verificar: 2025-05-08 08:00:00 - 2025-05-08 16:00:00
2025-05-07 12:45:49,480 - INFO - Prioridad actual: 0
2025-05-07 12:45:49,480 - INFO - 
Obteniendo intervalos para máquina 2002
2025-05-07 12:45:49,480 - INFO - Rango: 2025-05-08 08:00:00 - 2025-05-08 16:00:00
2025-05-07 12:45:49,488 - INFO - No se detectaron conflictos
2025-05-07 12:45:49,494 - INFO - 
Verificando conflictos para máquina 1004
2025-05-07 12:45:49,494 - INFO - Intervalo a verificar: 2025-05-02 07:45:00 - 2025-05-02 15:45:00
2025-05-07 12:45:49,494 - INFO - Prioridad actual: 0
2025-05-07 12:45:49,494 - INFO - 
Obteniendo intervalos para máquina 1004
2025-05-07 12:45:49,494 - INFO - Rango: 2025-05-02 07:45:00 - 2025-05-02 15:45:00
2025-05-07 12:45:49,502 - WARNING - Conflicto detectado con OT 43970
2025-05-07 12:45:49,502 - WARNING - Prioridad del conflicto: 9
2025-05-07 12:45:49,502 - INFO - 
Verificando conflictos para máquina 1004
2025-05-07 12:45:49,502 - INFO - Intervalo a verificar: 2025-05-02 13:00:00 - 2025-05-02 21:00:00
2025-05-07 12:45:49,502 - INFO - Prioridad actual: 0
2025-05-07 12:45:49,503 - INFO - 
Obteniendo intervalos para máquina 1004
2025-05-07 12:45:49,503 - INFO - Rango: 2025-05-02 13:00:00 - 2025-05-02 21:00:00
2025-05-07 12:45:49,516 - INFO - No se detectaron conflictos
2025-05-07 12:45:49,517 - INFO - 
Verificando conflictos para máquina 1315
2025-05-07 12:45:49,517 - INFO - Intervalo a verificar: 2025-05-05 15:30:00 - 2025-05-05 23:30:00
2025-05-07 12:45:49,517 - INFO - Prioridad actual: 0
2025-05-07 12:45:49,517 - INFO - 
Obteniendo intervalos para máquina 1315
2025-05-07 12:45:49,517 - INFO - Rango: 2025-05-05 15:30:00 - 2025-05-05 23:30:00
2025-05-07 12:45:49,531 - INFO - No se detectaron conflictos
2025-05-07 12:45:49,532 - INFO - 
Verificando conflictos para máquina 1315
2025-05-07 12:45:49,532 - INFO - Intervalo a verificar: 2025-05-06 10:00:00 - 2025-05-06 18:00:00
2025-05-07 12:45:49,532 - INFO - Prioridad actual: 0
2025-05-07 12:45:49,532 - INFO - 
Obteniendo intervalos para máquina 1315
2025-05-07 12:45:49,532 - INFO - Rango: 2025-05-06 10:00:00 - 2025-05-06 18:00:00
2025-05-07 12:45:49,546 - INFO - No se detectaron conflictos
2025-05-07 12:45:49,546 - INFO - 
Verificando conflictos para máquina 1001
2025-05-07 12:45:49,546 - INFO - Intervalo a verificar: 2025-05-06 15:00:00 - 2025-05-06 23:00:00
2025-05-07 12:45:49,546 - INFO - Prioridad actual: 0
2025-05-07 12:45:49,547 - INFO - 
Obteniendo intervalos para máquina 1001
2025-05-07 12:45:49,547 - INFO - Rango: 2025-05-06 15:00:00 - 2025-05-06 23:00:00
2025-05-07 12:45:49,554 - INFO - No se detectaron conflictos
2025-05-07 12:45:49,555 - INFO - 
Verificando conflictos para máquina 4002
2025-05-07 12:45:49,555 - INFO - Intervalo a verificar: 2025-05-07 09:00:00 - 2025-05-07 17:00:00
2025-05-07 12:45:49,560 - INFO - Prioridad actual: 0
2025-05-07 12:45:49,560 - INFO - 
Obteniendo intervalos para máquina 4002
2025-05-07 12:45:49,560 - INFO - Rango: 2025-05-07 09:00:00 - 2025-05-07 17:00:00
2025-05-07 12:45:49,565 - INFO - No se detectaron conflictos
2025-05-07 12:45:49,566 - INFO - 
Verificando conflictos para máquina 1001
2025-05-07 12:45:49,566 - INFO - Intervalo a verificar: 2025-05-07 13:00:00 - 2025-05-07 21:00:00
2025-05-07 12:45:49,566 - INFO - Prioridad actual: 0
2025-05-07 12:45:49,566 - INFO - 
Obteniendo intervalos para máquina 1001
2025-05-07 12:45:49,566 - INFO - Rango: 2025-05-07 13:00:00 - 2025-05-07 21:00:00
2025-05-07 12:45:49,581 - INFO - No se detectaron conflictos
2025-05-07 12:45:49,581 - INFO - 
Verificando conflictos para máquina 4002
2025-05-07 12:45:49,582 - INFO - Intervalo a verificar: 2025-05-07 17:45:00 - 2025-05-08 01:45:00
2025-05-07 12:45:49,582 - INFO - Prioridad actual: 0
2025-05-07 12:45:49,582 - INFO - 
Obteniendo intervalos para máquina 4002
2025-05-07 12:45:49,582 - INFO - Rango: 2025-05-07 17:45:00 - 2025-05-08 01:45:00
2025-05-07 12:45:49,586 - INFO - No se detectaron conflictos
2025-05-07 12:45:49,587 - INFO - 
Verificando conflictos para máquina 1205
2025-05-07 12:45:49,587 - INFO - Intervalo a verificar: 2025-05-08 12:00:00 - 2025-05-08 20:00:00
2025-05-07 12:45:49,587 - INFO - Prioridad actual: 0
2025-05-07 12:45:49,587 - INFO - 
Obteniendo intervalos para máquina 1205
2025-05-07 12:45:49,587 - INFO - Rango: 2025-05-08 12:00:00 - 2025-05-08 20:00:00
2025-05-07 12:45:49,618 - INFO - No se detectaron conflictos
2025-05-07 12:45:49,618 - INFO - 
Verificando conflictos para máquina 3421
2025-05-07 12:45:49,618 - INFO - Intervalo a verificar: 2025-05-08 17:00:00 - 2025-05-09 01:00:00
2025-05-07 12:45:49,618 - INFO - Prioridad actual: 0
2025-05-07 12:45:49,619 - INFO - 
Obteniendo intervalos para máquina 3421
2025-05-07 12:45:49,619 - INFO - Rango: 2025-05-08 17:00:00 - 2025-05-09 01:00:00
2025-05-07 12:45:49,634 - INFO - No se detectaron conflictos
2025-05-07 12:45:49,783 - INFO - 
Verificando conflictos para máquina 1002
2025-05-07 12:45:49,784 - INFO - Intervalo a verificar: 2025-05-02 07:45:00 - 2025-05-02 15:45:00
2025-05-07 12:45:49,784 - INFO - Prioridad actual: 0
2025-05-07 12:45:49,784 - INFO - 
Obteniendo intervalos para máquina 1002
2025-05-07 12:45:49,784 - INFO - Rango: 2025-05-02 07:45:00 - 2025-05-02 15:45:00
2025-05-07 12:45:49,844 - WARNING - Conflicto detectado con OT 43952
2025-05-07 12:45:49,845 - WARNING - Prioridad del conflicto: 1
2025-05-07 12:45:49,846 - INFO - 
Verificando conflictos para máquina 1201
2025-05-07 12:45:49,846 - INFO - Intervalo a verificar: 2025-05-02 12:00:00 - 2025-05-02 20:00:00
2025-05-07 12:45:49,846 - INFO - Prioridad actual: 0
2025-05-07 12:45:49,846 - INFO - 
Obteniendo intervalos para máquina 1201
2025-05-07 12:45:49,846 - INFO - Rango: 2025-05-02 12:00:00 - 2025-05-02 20:00:00
2025-05-07 12:45:49,858 - INFO - No se detectaron conflictos
2025-05-07 12:45:49,859 - INFO - 
Verificando conflictos para máquina 1312
2025-05-07 12:45:49,859 - INFO - Intervalo a verificar: 2025-05-02 13:00:00 - 2025-05-02 21:00:00
2025-05-07 12:45:49,859 - INFO - Prioridad actual: 0
2025-05-07 12:45:49,859 - INFO - 
Obteniendo intervalos para máquina 1312
2025-05-07 12:45:49,859 - INFO - Rango: 2025-05-02 13:00:00 - 2025-05-02 21:00:00
2025-05-07 12:45:49,867 - INFO - No se detectaron conflictos
2025-05-07 12:45:49,868 - INFO - 
Verificando conflictos para máquina 1315
2025-05-07 12:45:49,869 - INFO - Intervalo a verificar: 2025-05-05 08:00:00 - 2025-05-05 16:00:00
2025-05-07 12:45:49,869 - INFO - Prioridad actual: 0
2025-05-07 12:45:49,869 - INFO - 
Obteniendo intervalos para máquina 1315
2025-05-07 12:45:49,869 - INFO - Rango: 2025-05-05 08:00:00 - 2025-05-05 16:00:00
2025-05-07 12:45:49,880 - INFO - No se detectaron conflictos
2025-05-07 12:45:49,881 - INFO - 
Verificando conflictos para máquina 1315
2025-05-07 12:45:49,882 - INFO - Intervalo a verificar: 2025-05-05 11:00:00 - 2025-05-05 19:00:00
2025-05-07 12:45:49,882 - INFO - Prioridad actual: 0
2025-05-07 12:45:49,882 - INFO - 
Obteniendo intervalos para máquina 1315
2025-05-07 12:45:49,882 - INFO - Rango: 2025-05-05 11:00:00 - 2025-05-05 19:00:00
2025-05-07 12:45:49,892 - INFO - No se detectaron conflictos
2025-05-07 12:45:49,893 - INFO - 
Verificando conflictos para máquina 1204
2025-05-07 12:45:49,894 - INFO - Intervalo a verificar: 2025-05-05 15:00:00 - 2025-05-05 23:00:00
2025-05-07 12:45:49,894 - INFO - Prioridad actual: 0
2025-05-07 12:45:49,894 - INFO - 
Obteniendo intervalos para máquina 1204
2025-05-07 12:45:49,894 - INFO - Rango: 2025-05-05 15:00:00 - 2025-05-05 23:00:00
2025-05-07 12:45:49,906 - INFO - No se detectaron conflictos
2025-05-07 12:45:49,907 - INFO - 
Verificando conflictos para máquina 1002
2025-05-07 12:45:49,908 - INFO - Intervalo a verificar: 2025-05-02 12:30:00 - 2025-05-02 20:30:00
2025-05-07 12:45:49,908 - INFO - Prioridad actual: 0
2025-05-07 12:45:49,908 - INFO - 
Obteniendo intervalos para máquina 1002
2025-05-07 12:45:49,908 - INFO - Rango: 2025-05-02 12:30:00 - 2025-05-02 20:30:00
2025-05-07 12:45:49,958 - WARNING - Conflicto detectado con OT 43951
2025-05-07 12:45:49,958 - WARNING - Prioridad del conflicto: 2
2025-05-07 12:45:49,959 - INFO - 
Verificando conflictos para máquina 1203
2025-05-07 12:45:49,959 - INFO - Intervalo a verificar: 2025-05-05 15:00:00 - 2025-05-05 23:00:00
2025-05-07 12:45:49,959 - INFO - Prioridad actual: 0
2025-05-07 12:45:49,959 - INFO - 
Obteniendo intervalos para máquina 1203
2025-05-07 12:45:49,959 - INFO - Rango: 2025-05-05 15:00:00 - 2025-05-05 23:00:00
2025-05-07 12:45:49,977 - INFO - No se detectaron conflictos
2025-05-07 12:45:49,979 - INFO - 
Verificando conflictos para máquina 1314
2025-05-07 12:45:49,979 - INFO - Intervalo a verificar: 2025-05-06 15:00:00 - 2025-05-06 23:00:00
2025-05-07 12:45:49,979 - INFO - Prioridad actual: 0
2025-05-07 12:45:49,979 - INFO - 
Obteniendo intervalos para máquina 1314
2025-05-07 12:45:49,979 - INFO - Rango: 2025-05-06 15:00:00 - 2025-05-06 23:00:00
2025-05-07 12:45:49,988 - INFO - No se detectaron conflictos
2025-05-07 12:45:49,989 - INFO - 
Verificando conflictos para máquina 2501
2025-05-07 12:45:49,989 - INFO - Intervalo a verificar: 2025-05-07 15:00:00 - 2025-05-07 23:00:00
2025-05-07 12:45:49,989 - INFO - Prioridad actual: 0
2025-05-07 12:45:49,989 - INFO - 
Obteniendo intervalos para máquina 2501
2025-05-07 12:45:49,989 - INFO - Rango: 2025-05-07 15:00:00 - 2025-05-07 23:00:00
2025-05-07 12:45:49,999 - INFO - No se detectaron conflictos
2025-05-07 12:45:50,000 - INFO - 
Verificando conflictos para máquina 1003
2025-05-07 12:45:50,000 - INFO - Intervalo a verificar: 2025-05-02 07:45:00 - 2025-05-02 15:45:00
2025-05-07 12:45:50,000 - INFO - Prioridad actual: 0
2025-05-07 12:45:50,000 - INFO - 
Obteniendo intervalos para máquina 1003
2025-05-07 12:45:50,000 - INFO - Rango: 2025-05-02 07:45:00 - 2025-05-02 15:45:00
2025-05-07 12:45:50,012 - WARNING - Conflicto detectado con OT 43957
2025-05-07 12:45:50,012 - WARNING - Prioridad del conflicto: 3
2025-05-07 12:45:50,013 - INFO - 
Verificando conflictos para máquina 1201
2025-05-07 12:45:50,013 - INFO - Intervalo a verificar: 2025-05-02 13:30:00 - 2025-05-02 21:30:00
2025-05-07 12:45:50,013 - INFO - Prioridad actual: 0
2025-05-07 12:45:50,013 - INFO - 
Obteniendo intervalos para máquina 1201
2025-05-07 12:45:50,013 - INFO - Rango: 2025-05-02 13:30:00 - 2025-05-02 21:30:00
2025-05-07 12:45:50,028 - INFO - No se detectaron conflictos
2025-05-07 12:45:50,030 - INFO - 
Verificando conflictos para máquina 1313
2025-05-07 12:45:50,030 - INFO - Intervalo a verificar: 2025-05-02 15:00:00 - 2025-05-02 23:00:00
2025-05-07 12:45:50,030 - INFO - Prioridad actual: 0
2025-05-07 12:45:50,030 - INFO - 
Obteniendo intervalos para máquina 1313
2025-05-07 12:45:50,030 - INFO - Rango: 2025-05-02 15:00:00 - 2025-05-02 23:00:00
2025-05-07 12:45:50,067 - INFO - No se detectaron conflictos
2025-05-07 12:45:50,068 - INFO - 
Verificando conflictos para máquina 1313
2025-05-07 12:45:50,068 - INFO - Intervalo a verificar: 2025-05-05 09:00:00 - 2025-05-05 17:00:00
2025-05-07 12:45:50,068 - INFO - Prioridad actual: 0
2025-05-07 12:45:50,069 - INFO - 
Obteniendo intervalos para máquina 1313
2025-05-07 12:45:50,069 - INFO - Rango: 2025-05-05 09:00:00 - 2025-05-05 17:00:00
2025-05-07 12:45:50,110 - INFO - No se detectaron conflictos
2025-05-07 12:45:50,111 - INFO - 
Verificando conflictos para máquina 1601
2025-05-07 12:45:50,112 - INFO - Intervalo a verificar: 2025-05-05 11:00:00 - 2025-05-05 19:00:00
2025-05-07 12:45:50,112 - INFO - Prioridad actual: 0
2025-05-07 12:45:50,112 - INFO - 
Obteniendo intervalos para máquina 1601
2025-05-07 12:45:50,112 - INFO - Rango: 2025-05-05 11:00:00 - 2025-05-05 19:00:00
2025-05-07 12:45:50,158 - INFO - No se detectaron conflictos
2025-05-07 12:45:50,159 - INFO - 
Verificando conflictos para máquina 2006
2025-05-07 12:45:50,159 - INFO - Intervalo a verificar: 2025-05-05 15:00:00 - 2025-05-05 23:00:00
2025-05-07 12:45:50,159 - INFO - Prioridad actual: 0
2025-05-07 12:45:50,159 - INFO - 
Obteniendo intervalos para máquina 2006
2025-05-07 12:45:50,160 - INFO - Rango: 2025-05-05 15:00:00 - 2025-05-05 23:00:00
2025-05-07 12:45:50,172 - INFO - No se detectaron conflictos
2025-05-07 12:45:50,173 - INFO - 
Verificando conflictos para máquina 1205
2025-05-07 12:45:50,173 - INFO - Intervalo a verificar: 2025-05-02 07:45:00 - 2025-05-02 15:45:00
2025-05-07 12:45:50,173 - INFO - Prioridad actual: 0
2025-05-07 12:45:50,173 - INFO - 
Obteniendo intervalos para máquina 1205
2025-05-07 12:45:50,173 - INFO - Rango: 2025-05-02 07:45:00 - 2025-05-02 15:45:00
2025-05-07 12:45:50,296 - WARNING - Conflicto detectado con OT 43949
2025-05-07 12:45:50,297 - WARNING - Prioridad del conflicto: 4
2025-05-07 12:45:50,298 - INFO - 
Verificando conflictos para máquina 1002
2025-05-07 12:45:50,299 - INFO - Intervalo a verificar: 2025-05-05 15:30:00 - 2025-05-05 23:30:00
2025-05-07 12:45:50,299 - INFO - Prioridad actual: 0
2025-05-07 12:45:50,299 - INFO - 
Obteniendo intervalos para máquina 1002
2025-05-07 12:45:50,299 - INFO - Rango: 2025-05-05 15:30:00 - 2025-05-05 23:30:00
2025-05-07 12:45:50,449 - INFO - No se detectaron conflictos
2025-05-07 12:45:50,455 - INFO - 
Verificando conflictos para máquina 1203
2025-05-07 12:45:50,455 - INFO - Intervalo a verificar: 2025-05-06 15:30:00 - 2025-05-06 23:30:00
2025-05-07 12:45:50,458 - INFO - Prioridad actual: 0
2025-05-07 12:45:50,458 - INFO - 
Obteniendo intervalos para máquina 1203
2025-05-07 12:45:50,458 - INFO - Rango: 2025-05-06 15:30:00 - 2025-05-06 23:30:00
2025-05-07 12:45:50,490 - INFO - No se detectaron conflictos
2025-05-07 12:45:50,496 - INFO - 
Verificando conflictos para máquina 1431
2025-05-07 12:45:50,498 - INFO - Intervalo a verificar: 2025-05-06 16:00:00 - 2025-05-07 00:00:00
2025-05-07 12:45:50,498 - INFO - Prioridad actual: 0
2025-05-07 12:45:50,501 - INFO - 
Obteniendo intervalos para máquina 1431
2025-05-07 12:45:50,501 - INFO - Rango: 2025-05-06 16:00:00 - 2025-05-07 00:00:00
2025-05-07 12:45:50,581 - INFO - No se detectaron conflictos
2025-05-07 12:45:50,583 - INFO - 
Verificando conflictos para máquina 1601
2025-05-07 12:45:50,587 - INFO - Intervalo a verificar: 2025-05-06 17:00:00 - 2025-05-07 01:00:00
2025-05-07 12:45:50,587 - INFO - Prioridad actual: 0
2025-05-07 12:45:50,587 - INFO - 
Obteniendo intervalos para máquina 1601
2025-05-07 12:45:50,589 - INFO - Rango: 2025-05-06 17:00:00 - 2025-05-07 01:00:00
2025-05-07 12:45:50,649 - INFO - No se detectaron conflictos
2025-05-07 12:45:50,650 - INFO - 
Verificando conflictos para máquina 2002
2025-05-07 12:45:50,650 - INFO - Intervalo a verificar: 2025-05-06 17:45:00 - 2025-05-07 01:45:00
2025-05-07 12:45:50,650 - INFO - Prioridad actual: 0
2025-05-07 12:45:50,651 - INFO - 
Obteniendo intervalos para máquina 2002
2025-05-07 12:45:50,651 - INFO - Rango: 2025-05-06 17:45:00 - 2025-05-07 01:45:00
2025-05-07 12:45:50,662 - INFO - No se detectaron conflictos
2025-05-07 12:45:50,663 - INFO - 
Verificando conflictos para máquina 1002
2025-05-07 12:45:50,664 - INFO - Intervalo a verificar: 2025-05-05 16:30:00 - 2025-05-06 00:30:00
2025-05-07 12:45:50,664 - INFO - Prioridad actual: 0
2025-05-07 12:45:50,664 - INFO - 
Obteniendo intervalos para máquina 1002
2025-05-07 12:45:50,665 - INFO - Rango: 2025-05-05 16:30:00 - 2025-05-06 00:30:00
2025-05-07 12:45:50,711 - INFO - No se detectaron conflictos
2025-05-07 12:45:50,712 - INFO - 
Verificando conflictos para máquina 1203
2025-05-07 12:45:50,712 - INFO - Intervalo a verificar: 2025-05-06 16:30:00 - 2025-05-07 00:30:00
2025-05-07 12:45:50,713 - INFO - Prioridad actual: 0
2025-05-07 12:45:50,713 - INFO - 
Obteniendo intervalos para máquina 1203
2025-05-07 12:45:50,713 - INFO - Rango: 2025-05-06 16:30:00 - 2025-05-07 00:30:00
2025-05-07 12:45:50,726 - INFO - No se detectaron conflictos
2025-05-07 12:45:50,727 - INFO - 
Verificando conflictos para máquina 1431
2025-05-07 12:45:50,728 - INFO - Intervalo a verificar: 2025-05-06 17:00:00 - 2025-05-07 01:00:00
2025-05-07 12:45:50,728 - INFO - Prioridad actual: 0
2025-05-07 12:45:50,728 - INFO - 
Obteniendo intervalos para máquina 1431
2025-05-07 12:45:50,728 - INFO - Rango: 2025-05-06 17:00:00 - 2025-05-07 01:00:00
2025-05-07 12:45:50,741 - INFO - No se detectaron conflictos
2025-05-07 12:45:50,742 - INFO - 
Verificando conflictos para máquina 1601
2025-05-07 12:45:50,742 - INFO - Intervalo a verificar: 2025-05-06 17:45:00 - 2025-05-07 01:45:00
2025-05-07 12:45:50,743 - INFO - Prioridad actual: 0
2025-05-07 12:45:50,743 - INFO - 
Obteniendo intervalos para máquina 1601
2025-05-07 12:45:50,743 - INFO - Rango: 2025-05-06 17:45:00 - 2025-05-07 01:45:00
2025-05-07 12:45:50,782 - INFO - No se detectaron conflictos
2025-05-07 12:45:50,783 - INFO - 
Verificando conflictos para máquina 2002
2025-05-07 12:45:50,783 - INFO - Intervalo a verificar: 2025-05-07 08:00:00 - 2025-05-07 16:00:00
2025-05-07 12:45:50,783 - INFO - Prioridad actual: 0
2025-05-07 12:45:50,784 - INFO - 
Obteniendo intervalos para máquina 2002
2025-05-07 12:45:50,784 - INFO - Rango: 2025-05-07 08:00:00 - 2025-05-07 16:00:00
2025-05-07 12:45:50,796 - INFO - No se detectaron conflictos
2025-05-07 12:45:50,797 - INFO - 
Verificando conflictos para máquina 1002
2025-05-07 12:45:50,797 - INFO - Intervalo a verificar: 2025-05-05 17:30:00 - 2025-05-06 01:30:00
2025-05-07 12:45:50,798 - INFO - Prioridad actual: 0
2025-05-07 12:45:50,798 - INFO - 
Obteniendo intervalos para máquina 1002
2025-05-07 12:45:50,798 - INFO - Rango: 2025-05-05 17:30:00 - 2025-05-06 01:30:00
2025-05-07 12:45:50,843 - INFO - No se detectaron conflictos
2025-05-07 12:45:50,844 - INFO - 
Verificando conflictos para máquina 1203
2025-05-07 12:45:50,844 - INFO - Intervalo a verificar: 2025-05-06 17:30:00 - 2025-05-07 01:30:00
2025-05-07 12:45:50,845 - INFO - Prioridad actual: 0
2025-05-07 12:45:50,845 - INFO - 
Obteniendo intervalos para máquina 1203
2025-05-07 12:45:50,845 - INFO - Rango: 2025-05-06 17:30:00 - 2025-05-07 01:30:00
2025-05-07 12:45:50,859 - INFO - No se detectaron conflictos
2025-05-07 12:45:50,860 - INFO - 
Verificando conflictos para máquina 1431
2025-05-07 12:45:50,860 - INFO - Intervalo a verificar: 2025-05-06 17:45:00 - 2025-05-07 01:45:00
2025-05-07 12:45:50,860 - INFO - Prioridad actual: 0
2025-05-07 12:45:50,861 - INFO - 
Obteniendo intervalos para máquina 1431
2025-05-07 12:45:50,861 - INFO - Rango: 2025-05-06 17:45:00 - 2025-05-07 01:45:00
2025-05-07 12:45:50,874 - INFO - No se detectaron conflictos
2025-05-07 12:45:50,875 - INFO - 
Verificando conflictos para máquina 1601
2025-05-07 12:45:50,875 - INFO - Intervalo a verificar: 2025-05-07 08:00:00 - 2025-05-07 16:00:00
2025-05-07 12:45:50,876 - INFO - Prioridad actual: 0
2025-05-07 12:45:50,876 - INFO - 
Obteniendo intervalos para máquina 1601
2025-05-07 12:45:50,876 - INFO - Rango: 2025-05-07 08:00:00 - 2025-05-07 16:00:00
2025-05-07 12:45:50,913 - INFO - No se detectaron conflictos
2025-05-07 12:45:50,914 - INFO - 
Verificando conflictos para máquina 2002
2025-05-07 12:45:50,915 - INFO - Intervalo a verificar: 2025-05-07 09:00:00 - 2025-05-07 17:00:00
2025-05-07 12:45:50,915 - INFO - Prioridad actual: 0
2025-05-07 12:45:50,915 - INFO - 
Obteniendo intervalos para máquina 2002
2025-05-07 12:45:50,915 - INFO - Rango: 2025-05-07 09:00:00 - 2025-05-07 17:00:00
2025-05-07 12:45:50,927 - INFO - No se detectaron conflictos
2025-05-07 12:45:50,928 - INFO - 
Verificando conflictos para máquina 1002
2025-05-07 12:45:50,928 - INFO - Intervalo a verificar: 2025-05-06 07:45:00 - 2025-05-06 15:45:00
2025-05-07 12:45:50,929 - INFO - Prioridad actual: 0
2025-05-07 12:45:50,929 - INFO - 
Obteniendo intervalos para máquina 1002
2025-05-07 12:45:50,929 - INFO - Rango: 2025-05-06 07:45:00 - 2025-05-06 15:45:00
2025-05-07 12:45:50,974 - INFO - No se detectaron conflictos
2025-05-07 12:45:50,975 - INFO - 
Verificando conflictos para máquina 1203
2025-05-07 12:45:50,975 - INFO - Intervalo a verificar: 2025-05-07 07:45:00 - 2025-05-07 15:45:00
2025-05-07 12:45:50,976 - INFO - Prioridad actual: 0
2025-05-07 12:45:50,976 - INFO - 
Obteniendo intervalos para máquina 1203
2025-05-07 12:45:50,976 - INFO - Rango: 2025-05-07 07:45:00 - 2025-05-07 15:45:00
2025-05-07 12:45:50,990 - INFO - No se detectaron conflictos
2025-05-07 12:45:50,991 - INFO - 
Verificando conflictos para máquina 1431
2025-05-07 12:45:50,992 - INFO - Intervalo a verificar: 2025-05-07 11:00:00 - 2025-05-07 19:00:00
2025-05-07 12:45:50,992 - INFO - Prioridad actual: 0
2025-05-07 12:45:50,992 - INFO - 
Obteniendo intervalos para máquina 1431
2025-05-07 12:45:50,993 - INFO - Rango: 2025-05-07 11:00:00 - 2025-05-07 19:00:00
2025-05-07 12:45:51,005 - INFO - No se detectaron conflictos
2025-05-07 12:45:51,006 - INFO - 
Verificando conflictos para máquina 1601
2025-05-07 12:45:51,007 - INFO - Intervalo a verificar: 2025-05-07 15:00:00 - 2025-05-07 23:00:00
2025-05-07 12:45:51,007 - INFO - Prioridad actual: 0
2025-05-07 12:45:51,007 - INFO - 
Obteniendo intervalos para máquina 1601
2025-05-07 12:45:51,007 - INFO - Rango: 2025-05-07 15:00:00 - 2025-05-07 23:00:00
2025-05-07 12:45:51,042 - INFO - No se detectaron conflictos
2025-05-07 12:45:51,043 - INFO - 
Verificando conflictos para máquina 2002
2025-05-07 12:45:51,043 - INFO - Intervalo a verificar: 2025-05-08 08:00:00 - 2025-05-08 16:00:00
2025-05-07 12:45:51,043 - INFO - Prioridad actual: 0
2025-05-07 12:45:51,043 - INFO - 
Obteniendo intervalos para máquina 2002
2025-05-07 12:45:51,044 - INFO - Rango: 2025-05-08 08:00:00 - 2025-05-08 16:00:00
2025-05-07 12:45:51,055 - INFO - No se detectaron conflictos
2025-05-07 12:45:51,056 - INFO - 
Verificando conflictos para máquina 1004
2025-05-07 12:45:51,056 - INFO - Intervalo a verificar: 2025-05-02 07:45:00 - 2025-05-02 15:45:00
2025-05-07 12:45:51,057 - INFO - Prioridad actual: 0
2025-05-07 12:45:51,057 - INFO - 
Obteniendo intervalos para máquina 1004
2025-05-07 12:45:51,057 - INFO - Rango: 2025-05-02 07:45:00 - 2025-05-02 15:45:00
2025-05-07 12:45:51,067 - WARNING - Conflicto detectado con OT 43970
2025-05-07 12:45:51,068 - WARNING - Prioridad del conflicto: 9
2025-05-07 12:45:51,069 - INFO - 
Verificando conflictos para máquina 1004
2025-05-07 12:45:51,069 - INFO - Intervalo a verificar: 2025-05-02 13:00:00 - 2025-05-02 21:00:00
2025-05-07 12:45:51,069 - INFO - Prioridad actual: 0
2025-05-07 12:45:51,070 - INFO - 
Obteniendo intervalos para máquina 1004
2025-05-07 12:45:51,070 - INFO - Rango: 2025-05-02 13:00:00 - 2025-05-02 21:00:00
2025-05-07 12:45:51,080 - INFO - No se detectaron conflictos
2025-05-07 12:45:51,081 - INFO - 
Verificando conflictos para máquina 1315
2025-05-07 12:45:51,081 - INFO - Intervalo a verificar: 2025-05-05 15:30:00 - 2025-05-05 23:30:00
2025-05-07 12:45:51,081 - INFO - Prioridad actual: 0
2025-05-07 12:45:51,081 - INFO - 
Obteniendo intervalos para máquina 1315
2025-05-07 12:45:51,082 - INFO - Rango: 2025-05-05 15:30:00 - 2025-05-05 23:30:00
2025-05-07 12:45:51,092 - INFO - No se detectaron conflictos
2025-05-07 12:45:51,093 - INFO - 
Verificando conflictos para máquina 1315
2025-05-07 12:45:51,093 - INFO - Intervalo a verificar: 2025-05-06 10:00:00 - 2025-05-06 18:00:00
2025-05-07 12:45:51,094 - INFO - Prioridad actual: 0
2025-05-07 12:45:51,094 - INFO - 
Obteniendo intervalos para máquina 1315
2025-05-07 12:45:51,094 - INFO - Rango: 2025-05-06 10:00:00 - 2025-05-06 18:00:00
2025-05-07 12:45:51,105 - INFO - No se detectaron conflictos
2025-05-07 12:45:51,106 - INFO - 
Verificando conflictos para máquina 1001
2025-05-07 12:45:51,106 - INFO - Intervalo a verificar: 2025-05-06 15:00:00 - 2025-05-06 23:00:00
2025-05-07 12:45:51,107 - INFO - Prioridad actual: 0
2025-05-07 12:45:51,107 - INFO - 
Obteniendo intervalos para máquina 1001
2025-05-07 12:45:51,107 - INFO - Rango: 2025-05-06 15:00:00 - 2025-05-06 23:00:00
2025-05-07 12:45:51,118 - INFO - No se detectaron conflictos
2025-05-07 12:45:51,119 - INFO - 
Verificando conflictos para máquina 4002
2025-05-07 12:45:51,120 - INFO - Intervalo a verificar: 2025-05-07 09:00:00 - 2025-05-07 17:00:00
2025-05-07 12:45:51,120 - INFO - Prioridad actual: 0
2025-05-07 12:45:51,120 - INFO - 
Obteniendo intervalos para máquina 4002
2025-05-07 12:45:51,120 - INFO - Rango: 2025-05-07 09:00:00 - 2025-05-07 17:00:00
2025-05-07 12:45:51,129 - INFO - No se detectaron conflictos
2025-05-07 12:45:51,130 - INFO - 
Verificando conflictos para máquina 1001
2025-05-07 12:45:51,131 - INFO - Intervalo a verificar: 2025-05-07 13:00:00 - 2025-05-07 21:00:00
2025-05-07 12:45:51,131 - INFO - Prioridad actual: 0
2025-05-07 12:45:51,131 - INFO - 
Obteniendo intervalos para máquina 1001
2025-05-07 12:45:51,132 - INFO - Rango: 2025-05-07 13:00:00 - 2025-05-07 21:00:00
2025-05-07 12:45:51,142 - INFO - No se detectaron conflictos
2025-05-07 12:45:51,143 - INFO - 
Verificando conflictos para máquina 4002
2025-05-07 12:45:51,143 - INFO - Intervalo a verificar: 2025-05-07 17:45:00 - 2025-05-08 01:45:00
2025-05-07 12:45:51,144 - INFO - Prioridad actual: 0
2025-05-07 12:45:51,144 - INFO - 
Obteniendo intervalos para máquina 4002
2025-05-07 12:45:51,144 - INFO - Rango: 2025-05-07 17:45:00 - 2025-05-08 01:45:00
2025-05-07 12:45:51,150 - INFO - No se detectaron conflictos
2025-05-07 12:45:51,151 - INFO - 
Verificando conflictos para máquina 1205
2025-05-07 12:45:51,152 - INFO - Intervalo a verificar: 2025-05-08 12:00:00 - 2025-05-08 20:00:00
2025-05-07 12:45:51,152 - INFO - Prioridad actual: 0
2025-05-07 12:45:51,152 - INFO - 
Obteniendo intervalos para máquina 1205
2025-05-07 12:45:51,152 - INFO - Rango: 2025-05-08 12:00:00 - 2025-05-08 20:00:00
2025-05-07 12:45:51,178 - INFO - No se detectaron conflictos
2025-05-07 12:45:51,179 - INFO - 
Verificando conflictos para máquina 3421
2025-05-07 12:45:51,180 - INFO - Intervalo a verificar: 2025-05-08 17:00:00 - 2025-05-09 01:00:00
2025-05-07 12:45:51,180 - INFO - Prioridad actual: 0
2025-05-07 12:45:51,180 - INFO - 
Obteniendo intervalos para máquina 3421
2025-05-07 12:45:51,181 - INFO - Rango: 2025-05-08 17:00:00 - 2025-05-09 01:00:00
2025-05-07 12:45:51,195 - INFO - No se detectaron conflictos
2025-05-07 12:45:51,328 - INFO - 
Verificando conflictos para máquina 1002
2025-05-07 12:45:51,328 - INFO - Intervalo a verificar: 2025-05-02 07:45:00 - 2025-05-02 15:45:00
2025-05-07 12:45:51,328 - INFO - Prioridad actual: 0
2025-05-07 12:45:51,329 - INFO - 
Obteniendo intervalos para máquina 1002
2025-05-07 12:45:51,329 - INFO - Rango: 2025-05-02 07:45:00 - 2025-05-02 15:45:00
2025-05-07 12:45:51,381 - WARNING - Conflicto detectado con OT 43952
2025-05-07 12:45:51,381 - WARNING - Prioridad del conflicto: 1
2025-05-07 12:45:51,382 - INFO - 
Verificando conflictos para máquina 1201
2025-05-07 12:45:51,383 - INFO - Intervalo a verificar: 2025-05-02 12:00:00 - 2025-05-02 20:00:00
2025-05-07 12:45:51,383 - INFO - Prioridad actual: 0
2025-05-07 12:45:51,383 - INFO - 
Obteniendo intervalos para máquina 1201
2025-05-07 12:45:51,384 - INFO - Rango: 2025-05-02 12:00:00 - 2025-05-02 20:00:00
2025-05-07 12:45:51,396 - INFO - No se detectaron conflictos
2025-05-07 12:45:51,397 - INFO - 
Verificando conflictos para máquina 1312
2025-05-07 12:45:51,397 - INFO - Intervalo a verificar: 2025-05-02 13:00:00 - 2025-05-02 21:00:00
2025-05-07 12:45:51,397 - INFO - Prioridad actual: 0
2025-05-07 12:45:51,398 - INFO - 
Obteniendo intervalos para máquina 1312
2025-05-07 12:45:51,398 - INFO - Rango: 2025-05-02 13:00:00 - 2025-05-02 21:00:00
2025-05-07 12:45:51,406 - INFO - No se detectaron conflictos
2025-05-07 12:45:51,407 - INFO - 
Verificando conflictos para máquina 1315
2025-05-07 12:45:51,407 - INFO - Intervalo a verificar: 2025-05-05 08:00:00 - 2025-05-05 16:00:00
2025-05-07 12:45:51,408 - INFO - Prioridad actual: 0
2025-05-07 12:45:51,408 - INFO - 
Obteniendo intervalos para máquina 1315
2025-05-07 12:45:51,408 - INFO - Rango: 2025-05-05 08:00:00 - 2025-05-05 16:00:00
2025-05-07 12:45:51,419 - INFO - No se detectaron conflictos
2025-05-07 12:45:51,419 - INFO - 
Verificando conflictos para máquina 1315
2025-05-07 12:45:51,420 - INFO - Intervalo a verificar: 2025-05-05 11:00:00 - 2025-05-05 19:00:00
2025-05-07 12:45:51,420 - INFO - Prioridad actual: 0
2025-05-07 12:45:51,420 - INFO - 
Obteniendo intervalos para máquina 1315
2025-05-07 12:45:51,421 - INFO - Rango: 2025-05-05 11:00:00 - 2025-05-05 19:00:00
2025-05-07 12:45:51,431 - INFO - No se detectaron conflictos
2025-05-07 12:45:51,432 - INFO - 
Verificando conflictos para máquina 1204
2025-05-07 12:45:51,433 - INFO - Intervalo a verificar: 2025-05-05 15:00:00 - 2025-05-05 23:00:00
2025-05-07 12:45:51,433 - INFO - Prioridad actual: 0
2025-05-07 12:45:51,433 - INFO - 
Obteniendo intervalos para máquina 1204
2025-05-07 12:45:51,433 - INFO - Rango: 2025-05-05 15:00:00 - 2025-05-05 23:00:00
2025-05-07 12:45:51,445 - INFO - No se detectaron conflictos
2025-05-07 12:45:51,446 - INFO - 
Verificando conflictos para máquina 1002
2025-05-07 12:45:51,446 - INFO - Intervalo a verificar: 2025-05-02 12:30:00 - 2025-05-02 20:30:00
2025-05-07 12:45:51,446 - INFO - Prioridad actual: 0
2025-05-07 12:45:51,447 - INFO - 
Obteniendo intervalos para máquina 1002
2025-05-07 12:45:51,447 - INFO - Rango: 2025-05-02 12:30:00 - 2025-05-02 20:30:00
2025-05-07 12:45:51,493 - WARNING - Conflicto detectado con OT 43951
2025-05-07 12:45:51,493 - WARNING - Prioridad del conflicto: 2
2025-05-07 12:45:51,495 - INFO - 
Verificando conflictos para máquina 1203
2025-05-07 12:45:51,495 - INFO - Intervalo a verificar: 2025-05-05 15:00:00 - 2025-05-05 23:00:00
2025-05-07 12:45:51,495 - INFO - Prioridad actual: 0
2025-05-07 12:45:51,495 - INFO - 
Obteniendo intervalos para máquina 1203
2025-05-07 12:45:51,496 - INFO - Rango: 2025-05-05 15:00:00 - 2025-05-05 23:00:00
2025-05-07 12:45:51,508 - INFO - No se detectaron conflictos
2025-05-07 12:45:51,509 - INFO - 
Verificando conflictos para máquina 1314
2025-05-07 12:45:51,510 - INFO - Intervalo a verificar: 2025-05-06 15:00:00 - 2025-05-06 23:00:00
2025-05-07 12:45:51,510 - INFO - Prioridad actual: 0
2025-05-07 12:45:51,510 - INFO - 
Obteniendo intervalos para máquina 1314
2025-05-07 12:45:51,511 - INFO - Rango: 2025-05-06 15:00:00 - 2025-05-06 23:00:00
2025-05-07 12:45:51,519 - INFO - No se detectaron conflictos
2025-05-07 12:45:51,521 - INFO - 
Verificando conflictos para máquina 2501
2025-05-07 12:45:51,521 - INFO - Intervalo a verificar: 2025-05-07 15:00:00 - 2025-05-07 23:00:00
2025-05-07 12:45:51,521 - INFO - Prioridad actual: 0
2025-05-07 12:45:51,522 - INFO - 
Obteniendo intervalos para máquina 2501
2025-05-07 12:45:51,522 - INFO - Rango: 2025-05-07 15:00:00 - 2025-05-07 23:00:00
2025-05-07 12:45:51,531 - INFO - No se detectaron conflictos
2025-05-07 12:45:51,533 - INFO - 
Verificando conflictos para máquina 1003
2025-05-07 12:45:51,533 - INFO - Intervalo a verificar: 2025-05-02 07:45:00 - 2025-05-02 15:45:00
2025-05-07 12:45:51,533 - INFO - Prioridad actual: 0
2025-05-07 12:45:51,533 - INFO - 
Obteniendo intervalos para máquina 1003
2025-05-07 12:45:51,534 - INFO - Rango: 2025-05-02 07:45:00 - 2025-05-02 15:45:00
2025-05-07 12:45:51,543 - WARNING - Conflicto detectado con OT 43957
2025-05-07 12:45:51,543 - WARNING - Prioridad del conflicto: 3
2025-05-07 12:45:51,544 - INFO - 
Verificando conflictos para máquina 1201
2025-05-07 12:45:51,545 - INFO - Intervalo a verificar: 2025-05-02 13:30:00 - 2025-05-02 21:30:00
2025-05-07 12:45:51,545 - INFO - Prioridad actual: 0
2025-05-07 12:45:51,545 - INFO - 
Obteniendo intervalos para máquina 1201
2025-05-07 12:45:51,546 - INFO - Rango: 2025-05-02 13:30:00 - 2025-05-02 21:30:00
2025-05-07 12:45:51,557 - INFO - No se detectaron conflictos
2025-05-07 12:45:51,558 - INFO - 
Verificando conflictos para máquina 1313
2025-05-07 12:45:51,559 - INFO - Intervalo a verificar: 2025-05-02 15:00:00 - 2025-05-02 23:00:00
2025-05-07 12:45:51,559 - INFO - Prioridad actual: 0
2025-05-07 12:45:51,559 - INFO - 
Obteniendo intervalos para máquina 1313
2025-05-07 12:45:51,560 - INFO - Rango: 2025-05-02 15:00:00 - 2025-05-02 23:00:00
2025-05-07 12:45:51,588 - INFO - No se detectaron conflictos
2025-05-07 12:45:51,589 - INFO - 
Verificando conflictos para máquina 1313
2025-05-07 12:45:51,589 - INFO - Intervalo a verificar: 2025-05-05 09:00:00 - 2025-05-05 17:00:00
2025-05-07 12:45:51,590 - INFO - Prioridad actual: 0
2025-05-07 12:45:51,590 - INFO - 
Obteniendo intervalos para máquina 1313
2025-05-07 12:45:51,590 - INFO - Rango: 2025-05-05 09:00:00 - 2025-05-05 17:00:00
2025-05-07 12:45:51,617 - INFO - No se detectaron conflictos
2025-05-07 12:45:51,619 - INFO - 
Verificando conflictos para máquina 1601
2025-05-07 12:45:51,619 - INFO - Intervalo a verificar: 2025-05-05 11:00:00 - 2025-05-05 19:00:00
2025-05-07 12:45:51,619 - INFO - Prioridad actual: 0
2025-05-07 12:45:51,619 - INFO - 
Obteniendo intervalos para máquina 1601
2025-05-07 12:45:51,620 - INFO - Rango: 2025-05-05 11:00:00 - 2025-05-05 19:00:00
2025-05-07 12:45:51,656 - INFO - No se detectaron conflictos
2025-05-07 12:45:51,657 - INFO - 
Verificando conflictos para máquina 2006
2025-05-07 12:45:51,658 - INFO - Intervalo a verificar: 2025-05-05 15:00:00 - 2025-05-05 23:00:00
2025-05-07 12:45:51,660 - INFO - Prioridad actual: 0
2025-05-07 12:45:51,660 - INFO - 
Obteniendo intervalos para máquina 2006
2025-05-07 12:45:51,661 - INFO - Rango: 2025-05-05 15:00:00 - 2025-05-05 23:00:00
2025-05-07 12:45:51,670 - INFO - No se detectaron conflictos
2025-05-07 12:45:51,672 - INFO - 
Verificando conflictos para máquina 1205
2025-05-07 12:45:51,672 - INFO - Intervalo a verificar: 2025-05-02 07:45:00 - 2025-05-02 15:45:00
2025-05-07 12:45:51,672 - INFO - Prioridad actual: 0
2025-05-07 12:45:51,672 - INFO - 
Obteniendo intervalos para máquina 1205
2025-05-07 12:45:51,673 - INFO - Rango: 2025-05-02 07:45:00 - 2025-05-02 15:45:00
2025-05-07 12:45:51,695 - WARNING - Conflicto detectado con OT 43949
2025-05-07 12:45:51,695 - WARNING - Prioridad del conflicto: 4
2025-05-07 12:45:51,696 - INFO - 
Verificando conflictos para máquina 1002
2025-05-07 12:45:51,697 - INFO - Intervalo a verificar: 2025-05-05 15:30:00 - 2025-05-05 23:30:00
2025-05-07 12:45:51,697 - INFO - Prioridad actual: 0
2025-05-07 12:45:51,697 - INFO - 
Obteniendo intervalos para máquina 1002
2025-05-07 12:45:51,698 - INFO - Rango: 2025-05-05 15:30:00 - 2025-05-05 23:30:00
2025-05-07 12:45:51,777 - INFO - No se detectaron conflictos
2025-05-07 12:45:51,779 - INFO - 
Verificando conflictos para máquina 1203
2025-05-07 12:45:51,779 - INFO - Intervalo a verificar: 2025-05-06 15:30:00 - 2025-05-06 23:30:00
2025-05-07 12:45:51,779 - INFO - Prioridad actual: 0
2025-05-07 12:45:51,779 - INFO - 
Obteniendo intervalos para máquina 1203
2025-05-07 12:45:51,780 - INFO - Rango: 2025-05-06 15:30:00 - 2025-05-06 23:30:00
2025-05-07 12:45:51,791 - INFO - No se detectaron conflictos
2025-05-07 12:45:51,792 - INFO - 
Verificando conflictos para máquina 1431
2025-05-07 12:45:51,793 - INFO - Intervalo a verificar: 2025-05-06 16:00:00 - 2025-05-07 00:00:00
2025-05-07 12:45:51,793 - INFO - Prioridad actual: 0
2025-05-07 12:45:51,793 - INFO - 
Obteniendo intervalos para máquina 1431
2025-05-07 12:45:51,793 - INFO - Rango: 2025-05-06 16:00:00 - 2025-05-07 00:00:00
2025-05-07 12:45:51,805 - INFO - No se detectaron conflictos
2025-05-07 12:45:51,806 - INFO - 
Verificando conflictos para máquina 1601
2025-05-07 12:45:51,807 - INFO - Intervalo a verificar: 2025-05-06 17:00:00 - 2025-05-07 01:00:00
2025-05-07 12:45:51,807 - INFO - Prioridad actual: 0
2025-05-07 12:45:51,807 - INFO - 
Obteniendo intervalos para máquina 1601
2025-05-07 12:45:51,808 - INFO - Rango: 2025-05-06 17:00:00 - 2025-05-07 01:00:00
2025-05-07 12:45:51,838 - INFO - No se detectaron conflictos
2025-05-07 12:45:51,840 - INFO - 
Verificando conflictos para máquina 2002
2025-05-07 12:45:51,840 - INFO - Intervalo a verificar: 2025-05-06 17:45:00 - 2025-05-07 01:45:00
2025-05-07 12:45:51,840 - INFO - Prioridad actual: 0
2025-05-07 12:45:51,840 - INFO - 
Obteniendo intervalos para máquina 2002
2025-05-07 12:45:51,841 - INFO - Rango: 2025-05-06 17:45:00 - 2025-05-07 01:45:00
2025-05-07 12:45:51,851 - INFO - No se detectaron conflictos
2025-05-07 12:45:51,852 - INFO - 
Verificando conflictos para máquina 1002
2025-05-07 12:45:51,852 - INFO - Intervalo a verificar: 2025-05-05 16:30:00 - 2025-05-06 00:30:00
2025-05-07 12:45:51,852 - INFO - Prioridad actual: 0
2025-05-07 12:45:51,852 - INFO - 
Obteniendo intervalos para máquina 1002
2025-05-07 12:45:51,852 - INFO - Rango: 2025-05-05 16:30:00 - 2025-05-06 00:30:00
2025-05-07 12:45:51,896 - INFO - No se detectaron conflictos
2025-05-07 12:45:51,897 - INFO - 
Verificando conflictos para máquina 1203
2025-05-07 12:45:51,897 - INFO - Intervalo a verificar: 2025-05-06 16:30:00 - 2025-05-07 00:30:00
2025-05-07 12:45:51,898 - INFO - Prioridad actual: 0
2025-05-07 12:45:51,898 - INFO - 
Obteniendo intervalos para máquina 1203
2025-05-07 12:45:51,898 - INFO - Rango: 2025-05-06 16:30:00 - 2025-05-07 00:30:00
2025-05-07 12:45:51,913 - INFO - No se detectaron conflictos
2025-05-07 12:45:51,914 - INFO - 
Verificando conflictos para máquina 1431
2025-05-07 12:45:51,914 - INFO - Intervalo a verificar: 2025-05-06 17:00:00 - 2025-05-07 01:00:00
2025-05-07 12:45:51,914 - INFO - Prioridad actual: 0
2025-05-07 12:45:51,914 - INFO - 
Obteniendo intervalos para máquina 1431
2025-05-07 12:45:51,914 - INFO - Rango: 2025-05-06 17:00:00 - 2025-05-07 01:00:00
2025-05-07 12:45:51,927 - INFO - No se detectaron conflictos
2025-05-07 12:45:51,928 - INFO - 
Verificando conflictos para máquina 1601
2025-05-07 12:45:51,928 - INFO - Intervalo a verificar: 2025-05-06 17:45:00 - 2025-05-07 01:45:00
2025-05-07 12:45:51,928 - INFO - Prioridad actual: 0
2025-05-07 12:45:51,929 - INFO - 
Obteniendo intervalos para máquina 1601
2025-05-07 12:45:51,929 - INFO - Rango: 2025-05-06 17:45:00 - 2025-05-07 01:45:00
2025-05-07 12:45:51,964 - INFO - No se detectaron conflictos
2025-05-07 12:45:51,965 - INFO - 
Verificando conflictos para máquina 2002
2025-05-07 12:45:51,965 - INFO - Intervalo a verificar: 2025-05-07 08:00:00 - 2025-05-07 16:00:00
2025-05-07 12:45:51,966 - INFO - Prioridad actual: 0
2025-05-07 12:45:51,966 - INFO - 
Obteniendo intervalos para máquina 2002
2025-05-07 12:45:51,966 - INFO - Rango: 2025-05-07 08:00:00 - 2025-05-07 16:00:00
2025-05-07 12:45:51,976 - INFO - No se detectaron conflictos
2025-05-07 12:45:51,977 - INFO - 
Verificando conflictos para máquina 1002
2025-05-07 12:45:51,977 - INFO - Intervalo a verificar: 2025-05-05 17:30:00 - 2025-05-06 01:30:00
2025-05-07 12:45:51,978 - INFO - Prioridad actual: 0
2025-05-07 12:45:51,978 - INFO - 
Obteniendo intervalos para máquina 1002
2025-05-07 12:45:51,978 - INFO - Rango: 2025-05-05 17:30:00 - 2025-05-06 01:30:00
2025-05-07 12:45:52,018 - INFO - No se detectaron conflictos
2025-05-07 12:45:52,019 - INFO - 
Verificando conflictos para máquina 1203
2025-05-07 12:45:52,020 - INFO - Intervalo a verificar: 2025-05-06 17:30:00 - 2025-05-07 01:30:00
2025-05-07 12:45:52,020 - INFO - Prioridad actual: 0
2025-05-07 12:45:52,020 - INFO - 
Obteniendo intervalos para máquina 1203
2025-05-07 12:45:52,020 - INFO - Rango: 2025-05-06 17:30:00 - 2025-05-07 01:30:00
2025-05-07 12:45:52,033 - INFO - No se detectaron conflictos
2025-05-07 12:45:52,034 - INFO - 
Verificando conflictos para máquina 1431
2025-05-07 12:45:52,034 - INFO - Intervalo a verificar: 2025-05-06 17:45:00 - 2025-05-07 01:45:00
2025-05-07 12:45:52,034 - INFO - Prioridad actual: 0
2025-05-07 12:45:52,034 - INFO - 
Obteniendo intervalos para máquina 1431
2025-05-07 12:45:52,034 - INFO - Rango: 2025-05-06 17:45:00 - 2025-05-07 01:45:00
2025-05-07 12:45:52,047 - INFO - No se detectaron conflictos
2025-05-07 12:45:52,048 - INFO - 
Verificando conflictos para máquina 1601
2025-05-07 12:45:52,048 - INFO - Intervalo a verificar: 2025-05-07 08:00:00 - 2025-05-07 16:00:00
2025-05-07 12:45:52,048 - INFO - Prioridad actual: 0
2025-05-07 12:45:52,048 - INFO - 
Obteniendo intervalos para máquina 1601
2025-05-07 12:45:52,048 - INFO - Rango: 2025-05-07 08:00:00 - 2025-05-07 16:00:00
2025-05-07 12:45:52,082 - INFO - No se detectaron conflictos
2025-05-07 12:45:52,083 - INFO - 
Verificando conflictos para máquina 2002
2025-05-07 12:45:52,084 - INFO - Intervalo a verificar: 2025-05-07 09:00:00 - 2025-05-07 17:00:00
2025-05-07 12:45:52,084 - INFO - Prioridad actual: 0
2025-05-07 12:45:52,084 - INFO - 
Obteniendo intervalos para máquina 2002
2025-05-07 12:45:52,084 - INFO - Rango: 2025-05-07 09:00:00 - 2025-05-07 17:00:00
2025-05-07 12:45:52,095 - INFO - No se detectaron conflictos
2025-05-07 12:45:52,096 - INFO - 
Verificando conflictos para máquina 1002
2025-05-07 12:45:52,096 - INFO - Intervalo a verificar: 2025-05-06 07:45:00 - 2025-05-06 15:45:00
2025-05-07 12:45:52,097 - INFO - Prioridad actual: 0
2025-05-07 12:45:52,097 - INFO - 
Obteniendo intervalos para máquina 1002
2025-05-07 12:45:52,097 - INFO - Rango: 2025-05-06 07:45:00 - 2025-05-06 15:45:00
2025-05-07 12:45:52,137 - INFO - No se detectaron conflictos
2025-05-07 12:45:52,138 - INFO - 
Verificando conflictos para máquina 1203
2025-05-07 12:45:52,138 - INFO - Intervalo a verificar: 2025-05-07 07:45:00 - 2025-05-07 15:45:00
2025-05-07 12:45:52,138 - INFO - Prioridad actual: 0
2025-05-07 12:45:52,139 - INFO - 
Obteniendo intervalos para máquina 1203
2025-05-07 12:45:52,139 - INFO - Rango: 2025-05-07 07:45:00 - 2025-05-07 15:45:00
2025-05-07 12:45:52,152 - INFO - No se detectaron conflictos
2025-05-07 12:45:52,153 - INFO - 
Verificando conflictos para máquina 1431
2025-05-07 12:45:52,153 - INFO - Intervalo a verificar: 2025-05-07 11:00:00 - 2025-05-07 19:00:00
2025-05-07 12:45:52,153 - INFO - Prioridad actual: 0
2025-05-07 12:45:52,153 - INFO - 
Obteniendo intervalos para máquina 1431
2025-05-07 12:45:52,153 - INFO - Rango: 2025-05-07 11:00:00 - 2025-05-07 19:00:00
2025-05-07 12:45:52,167 - INFO - No se detectaron conflictos
2025-05-07 12:45:52,168 - INFO - 
Verificando conflictos para máquina 1601
2025-05-07 12:45:52,168 - INFO - Intervalo a verificar: 2025-05-07 15:00:00 - 2025-05-07 23:00:00
2025-05-07 12:45:52,169 - INFO - Prioridad actual: 0
2025-05-07 12:45:52,169 - INFO - 
Obteniendo intervalos para máquina 1601
2025-05-07 12:45:52,169 - INFO - Rango: 2025-05-07 15:00:00 - 2025-05-07 23:00:00
2025-05-07 12:45:52,202 - INFO - No se detectaron conflictos
2025-05-07 12:45:52,203 - INFO - 
Verificando conflictos para máquina 2002
2025-05-07 12:45:52,203 - INFO - Intervalo a verificar: 2025-05-08 08:00:00 - 2025-05-08 16:00:00
2025-05-07 12:45:52,203 - INFO - Prioridad actual: 0
2025-05-07 12:45:52,203 - INFO - 
Obteniendo intervalos para máquina 2002
2025-05-07 12:45:52,203 - INFO - Rango: 2025-05-08 08:00:00 - 2025-05-08 16:00:00
2025-05-07 12:45:52,214 - INFO - No se detectaron conflictos
2025-05-07 12:45:52,215 - INFO - 
Verificando conflictos para máquina 1004
2025-05-07 12:45:52,215 - INFO - Intervalo a verificar: 2025-05-02 07:45:00 - 2025-05-02 15:45:00
2025-05-07 12:45:52,215 - INFO - Prioridad actual: 0
2025-05-07 12:45:52,215 - INFO - 
Obteniendo intervalos para máquina 1004
2025-05-07 12:45:52,215 - INFO - Rango: 2025-05-02 07:45:00 - 2025-05-02 15:45:00
2025-05-07 12:45:52,224 - WARNING - Conflicto detectado con OT 43970
2025-05-07 12:45:52,224 - WARNING - Prioridad del conflicto: 9
2025-05-07 12:45:52,225 - INFO - 
Verificando conflictos para máquina 1004
2025-05-07 12:45:52,226 - INFO - Intervalo a verificar: 2025-05-02 13:00:00 - 2025-05-02 21:00:00
2025-05-07 12:45:52,226 - INFO - Prioridad actual: 0
2025-05-07 12:45:52,226 - INFO - 
Obteniendo intervalos para máquina 1004
2025-05-07 12:45:52,226 - INFO - Rango: 2025-05-02 13:00:00 - 2025-05-02 21:00:00
2025-05-07 12:45:52,236 - INFO - No se detectaron conflictos
2025-05-07 12:45:52,237 - INFO - 
Verificando conflictos para máquina 1315
2025-05-07 12:45:52,237 - INFO - Intervalo a verificar: 2025-05-05 15:30:00 - 2025-05-05 23:30:00
2025-05-07 12:45:52,238 - INFO - Prioridad actual: 0
2025-05-07 12:45:52,238 - INFO - 
Obteniendo intervalos para máquina 1315
2025-05-07 12:45:52,238 - INFO - Rango: 2025-05-05 15:30:00 - 2025-05-05 23:30:00
2025-05-07 12:45:52,247 - INFO - No se detectaron conflictos
2025-05-07 12:45:52,248 - INFO - 
Verificando conflictos para máquina 1315
2025-05-07 12:45:52,248 - INFO - Intervalo a verificar: 2025-05-06 10:00:00 - 2025-05-06 18:00:00
2025-05-07 12:45:52,248 - INFO - Prioridad actual: 0
2025-05-07 12:45:52,248 - INFO - 
Obteniendo intervalos para máquina 1315
2025-05-07 12:45:52,249 - INFO - Rango: 2025-05-06 10:00:00 - 2025-05-06 18:00:00
2025-05-07 12:45:52,257 - INFO - No se detectaron conflictos
2025-05-07 12:45:52,258 - INFO - 
Verificando conflictos para máquina 1001
2025-05-07 12:45:52,258 - INFO - Intervalo a verificar: 2025-05-06 15:00:00 - 2025-05-06 23:00:00
2025-05-07 12:45:52,258 - INFO - Prioridad actual: 0
2025-05-07 12:45:52,258 - INFO - 
Obteniendo intervalos para máquina 1001
2025-05-07 12:45:52,259 - INFO - Rango: 2025-05-06 15:00:00 - 2025-05-06 23:00:00
2025-05-07 12:45:52,269 - INFO - No se detectaron conflictos
2025-05-07 12:45:52,270 - INFO - 
Verificando conflictos para máquina 4002
2025-05-07 12:45:52,270 - INFO - Intervalo a verificar: 2025-05-07 09:00:00 - 2025-05-07 17:00:00
2025-05-07 12:45:52,271 - INFO - Prioridad actual: 0
2025-05-07 12:45:52,271 - INFO - 
Obteniendo intervalos para máquina 4002
2025-05-07 12:45:52,271 - INFO - Rango: 2025-05-07 09:00:00 - 2025-05-07 17:00:00
2025-05-07 12:45:52,278 - INFO - No se detectaron conflictos
2025-05-07 12:45:52,279 - INFO - 
Verificando conflictos para máquina 1001
2025-05-07 12:45:52,279 - INFO - Intervalo a verificar: 2025-05-07 13:00:00 - 2025-05-07 21:00:00
2025-05-07 12:45:52,279 - INFO - Prioridad actual: 0
2025-05-07 12:45:52,280 - INFO - 
Obteniendo intervalos para máquina 1001
2025-05-07 12:45:52,280 - INFO - Rango: 2025-05-07 13:00:00 - 2025-05-07 21:00:00
2025-05-07 12:45:52,289 - INFO - No se detectaron conflictos
2025-05-07 12:45:52,290 - INFO - 
Verificando conflictos para máquina 4002
2025-05-07 12:45:52,290 - INFO - Intervalo a verificar: 2025-05-07 17:45:00 - 2025-05-08 01:45:00
2025-05-07 12:45:52,290 - INFO - Prioridad actual: 0
2025-05-07 12:45:52,291 - INFO - 
Obteniendo intervalos para máquina 4002
2025-05-07 12:45:52,291 - INFO - Rango: 2025-05-07 17:45:00 - 2025-05-08 01:45:00
2025-05-07 12:45:52,296 - INFO - No se detectaron conflictos
2025-05-07 12:45:52,297 - INFO - 
Verificando conflictos para máquina 1205
2025-05-07 12:45:52,297 - INFO - Intervalo a verificar: 2025-05-08 12:00:00 - 2025-05-08 20:00:00
2025-05-07 12:45:52,297 - INFO - Prioridad actual: 0
2025-05-07 12:45:52,297 - INFO - 
Obteniendo intervalos para máquina 1205
2025-05-07 12:45:52,297 - INFO - Rango: 2025-05-08 12:00:00 - 2025-05-08 20:00:00
2025-05-07 12:45:52,320 - INFO - No se detectaron conflictos
2025-05-07 12:45:52,321 - INFO - 
Verificando conflictos para máquina 3421
2025-05-07 12:45:52,321 - INFO - Intervalo a verificar: 2025-05-08 17:00:00 - 2025-05-09 01:00:00
2025-05-07 12:45:52,321 - INFO - Prioridad actual: 0
2025-05-07 12:45:52,321 - INFO - 
Obteniendo intervalos para máquina 3421
2025-05-07 12:45:52,321 - INFO - Rango: 2025-05-08 17:00:00 - 2025-05-09 01:00:00
2025-05-07 12:45:52,336 - INFO - No se detectaron conflictos
