2025-05-07 11:58:15,188 - INFO - No se detectaron conflictos
2025-05-07 11:58:15,190 - INFO - 
Verificando conflictos para máquina 2002
2025-05-07 11:58:15,194 - INFO - Intervalo a verificar: 2025-05-07 08:00:00 - 2025-05-07 16:00:00
2025-05-07 11:58:15,197 - INFO - Prioridad actual: 0
2025-05-07 11:58:15,198 - INFO - 
Obteniendo intervalos para máquina 2002
2025-05-07 11:58:15,201 - INFO - Rango: 2025-05-07 08:00:00 - 2025-05-07 16:00:00
2025-05-07 11:58:15,221 - INFO - No se detectaron conflictos
2025-05-07 11:58:15,222 - INFO - 
Verificando conflictos para máquina 1002
2025-05-07 11:58:15,224 - INFO - Intervalo a verificar: 2025-05-05 17:30:00 - 2025-05-06 01:30:00
2025-05-07 11:58:15,224 - INFO - Prioridad actual: 0
2025-05-07 11:58:15,225 - INFO - 
Obteniendo intervalos para máquina 1002
2025-05-07 11:58:15,225 - INFO - Rango: 2025-05-05 17:30:00 - 2025-05-06 01:30:00
2025-05-07 11:58:15,315 - INFO - No se detectaron conflictos
2025-05-07 11:58:15,318 - INFO - 
Verificando conflictos para máquina 1203
2025-05-07 11:58:15,319 - INFO - Intervalo a verificar: 2025-05-06 17:30:00 - 2025-05-07 01:30:00
2025-05-07 11:58:15,321 - INFO - Prioridad actual: 0
2025-05-07 11:58:15,322 - INFO - 
Obteniendo intervalos para máquina 1203
2025-05-07 11:58:15,324 - INFO - Rango: 2025-05-06 17:30:00 - 2025-05-07 01:30:00
2025-05-07 11:58:15,347 - INFO - No se detectaron conflictos
2025-05-07 11:58:15,350 - INFO - 
Verificando conflictos para máquina 1431
2025-05-07 11:58:15,351 - INFO - Intervalo a verificar: 2025-05-06 17:45:00 - 2025-05-07 01:45:00
2025-05-07 11:58:15,352 - INFO - Prioridad actual: 0
2025-05-07 11:58:15,352 - INFO - 
Obteniendo intervalos para máquina 1431
2025-05-07 11:58:15,353 - INFO - Rango: 2025-05-06 17:45:00 - 2025-05-07 01:45:00
2025-05-07 11:58:15,367 - INFO - No se detectaron conflictos
2025-05-07 11:58:15,368 - INFO - 
Verificando conflictos para máquina 1601
2025-05-07 11:58:15,368 - INFO - Intervalo a verificar: 2025-05-07 08:00:00 - 2025-05-07 16:00:00
2025-05-07 11:58:15,369 - INFO - Prioridad actual: 0
2025-05-07 11:58:15,369 - INFO - 
Obteniendo intervalos para máquina 1601
2025-05-07 11:58:15,369 - INFO - Rango: 2025-05-07 08:00:00 - 2025-05-07 16:00:00
2025-05-07 11:58:15,404 - INFO - No se detectaron conflictos
2025-05-07 11:58:15,405 - INFO - 
Verificando conflictos para máquina 2002
2025-05-07 11:58:15,405 - INFO - Intervalo a verificar: 2025-05-07 09:00:00 - 2025-05-07 17:00:00
2025-05-07 11:58:15,405 - INFO - Prioridad actual: 0
2025-05-07 11:58:15,406 - INFO - 
Obteniendo intervalos para máquina 2002
2025-05-07 11:58:15,406 - INFO - Rango: 2025-05-07 09:00:00 - 2025-05-07 17:00:00
2025-05-07 11:58:15,417 - INFO - No se detectaron conflictos
2025-05-07 11:58:15,419 - INFO - 
Verificando conflictos para máquina 1002
2025-05-07 11:58:15,419 - INFO - Intervalo a verificar: 2025-05-06 07:45:00 - 2025-05-06 15:45:00
2025-05-07 11:58:15,419 - INFO - Prioridad actual: 0
2025-05-07 11:58:15,420 - INFO - 
Obteniendo intervalos para máquina 1002
2025-05-07 11:58:15,420 - INFO - Rango: 2025-05-06 07:45:00 - 2025-05-06 15:45:00
2025-05-07 11:58:15,468 - INFO - No se detectaron conflictos
2025-05-07 11:58:15,470 - INFO - 
Verificando conflictos para máquina 1203
2025-05-07 11:58:15,471 - INFO - Intervalo a verificar: 2025-05-07 07:45:00 - 2025-05-07 15:45:00
2025-05-07 11:58:15,471 - INFO - Prioridad actual: 0
2025-05-07 11:58:15,472 - INFO - 
Obteniendo intervalos para máquina 1203
2025-05-07 11:58:15,472 - INFO - Rango: 2025-05-07 07:45:00 - 2025-05-07 15:45:00
2025-05-07 11:58:15,491 - INFO - No se detectaron conflictos
2025-05-07 11:58:15,492 - INFO - 
Verificando conflictos para máquina 1431
2025-05-07 11:58:15,493 - INFO - Intervalo a verificar: 2025-05-07 11:00:00 - 2025-05-07 19:00:00
2025-05-07 11:58:15,493 - INFO - Prioridad actual: 0
2025-05-07 11:58:15,493 - INFO - 
Obteniendo intervalos para máquina 1431
2025-05-07 11:58:15,494 - INFO - Rango: 2025-05-07 11:00:00 - 2025-05-07 19:00:00
2025-05-07 11:58:15,510 - INFO - No se detectaron conflictos
2025-05-07 11:58:15,511 - INFO - 
Verificando conflictos para máquina 1601
2025-05-07 11:58:15,512 - INFO - Intervalo a verificar: 2025-05-07 15:00:00 - 2025-05-07 23:00:00
2025-05-07 11:58:15,512 - INFO - Prioridad actual: 0
2025-05-07 11:58:15,513 - INFO - 
Obteniendo intervalos para máquina 1601
2025-05-07 11:58:15,513 - INFO - Rango: 2025-05-07 15:00:00 - 2025-05-07 23:00:00
2025-05-07 11:58:15,558 - INFO - No se detectaron conflictos
2025-05-07 11:58:15,559 - INFO - 
Verificando conflictos para máquina 2002
2025-05-07 11:58:15,559 - INFO - Intervalo a verificar: 2025-05-08 08:00:00 - 2025-05-08 16:00:00
2025-05-07 11:58:15,560 - INFO - Prioridad actual: 0
2025-05-07 11:58:15,562 - INFO - 
Obteniendo intervalos para máquina 2002
2025-05-07 11:58:15,562 - INFO - Rango: 2025-05-08 08:00:00 - 2025-05-08 16:00:00
2025-05-07 11:58:15,574 - INFO - No se detectaron conflictos
2025-05-07 11:58:15,575 - INFO - 
Verificando conflictos para máquina 1004
2025-05-07 11:58:15,575 - INFO - Intervalo a verificar: 2025-05-02 07:45:00 - 2025-05-02 15:45:00
2025-05-07 11:58:15,575 - INFO - Prioridad actual: 0
2025-05-07 11:58:15,575 - INFO - 
Obteniendo intervalos para máquina 1004
2025-05-07 11:58:15,576 - INFO - Rango: 2025-05-02 07:45:00 - 2025-05-02 15:45:00
2025-05-07 11:58:15,587 - WARNING - Conflicto detectado con OT 43970
2025-05-07 11:58:15,587 - WARNING - Prioridad del conflicto: 9
2025-05-07 11:58:15,588 - INFO - 
Verificando conflictos para máquina 1004
2025-05-07 11:58:15,588 - INFO - Intervalo a verificar: 2025-05-02 13:00:00 - 2025-05-02 21:00:00
2025-05-07 11:58:15,588 - INFO - Prioridad actual: 0
2025-05-07 11:58:15,588 - INFO - 
Obteniendo intervalos para máquina 1004
2025-05-07 11:58:15,589 - INFO - Rango: 2025-05-02 13:00:00 - 2025-05-02 21:00:00
2025-05-07 11:58:15,600 - INFO - No se detectaron conflictos
2025-05-07 11:58:15,602 - INFO - 
Verificando conflictos para máquina 1315
2025-05-07 11:58:15,602 - INFO - Intervalo a verificar: 2025-05-05 15:30:00 - 2025-05-05 23:30:00
2025-05-07 11:58:15,602 - INFO - Prioridad actual: 0
2025-05-07 11:58:15,602 - INFO - 
Obteniendo intervalos para máquina 1315
2025-05-07 11:58:15,603 - INFO - Rango: 2025-05-05 15:30:00 - 2025-05-05 23:30:00
2025-05-07 11:58:15,613 - INFO - No se detectaron conflictos
2025-05-07 11:58:15,615 - INFO - 
Verificando conflictos para máquina 1315
2025-05-07 11:58:15,615 - INFO - Intervalo a verificar: 2025-05-06 10:00:00 - 2025-05-06 18:00:00
2025-05-07 11:58:15,615 - INFO - Prioridad actual: 0
2025-05-07 11:58:15,616 - INFO - 
Obteniendo intervalos para máquina 1315
2025-05-07 11:58:15,616 - INFO - Rango: 2025-05-06 10:00:00 - 2025-05-06 18:00:00
2025-05-07 11:58:15,624 - INFO - No se detectaron conflictos
2025-05-07 11:58:15,625 - INFO - 
Verificando conflictos para máquina 1001
2025-05-07 11:58:15,625 - INFO - Intervalo a verificar: 2025-05-06 15:00:00 - 2025-05-06 23:00:00
2025-05-07 11:58:15,626 - INFO - Prioridad actual: 0
2025-05-07 11:58:15,626 - INFO - 
Obteniendo intervalos para máquina 1001
2025-05-07 11:58:15,626 - INFO - Rango: 2025-05-06 15:00:00 - 2025-05-06 23:00:00
2025-05-07 11:58:15,642 - INFO - No se detectaron conflictos
2025-05-07 11:58:15,643 - INFO - 
Verificando conflictos para máquina 4002
2025-05-07 11:58:15,644 - INFO - Intervalo a verificar: 2025-05-07 09:00:00 - 2025-05-07 17:00:00
2025-05-07 11:58:15,645 - INFO - Prioridad actual: 0
2025-05-07 11:58:15,645 - INFO - 
Obteniendo intervalos para máquina 4002
2025-05-07 11:58:15,645 - INFO - Rango: 2025-05-07 09:00:00 - 2025-05-07 17:00:00
2025-05-07 11:58:15,650 - INFO - No se detectaron conflictos
2025-05-07 11:58:15,651 - INFO - 
Verificando conflictos para máquina 1001
2025-05-07 11:58:15,652 - INFO - Intervalo a verificar: 2025-05-07 13:00:00 - 2025-05-07 21:00:00
2025-05-07 11:58:15,652 - INFO - Prioridad actual: 0
2025-05-07 11:58:15,652 - INFO - 
Obteniendo intervalos para máquina 1001
2025-05-07 11:58:15,652 - INFO - Rango: 2025-05-07 13:00:00 - 2025-05-07 21:00:00
2025-05-07 11:58:15,661 - INFO - No se detectaron conflictos
2025-05-07 11:58:15,663 - INFO - 
Verificando conflictos para máquina 4002
2025-05-07 11:58:15,663 - INFO - Intervalo a verificar: 2025-05-07 17:45:00 - 2025-05-08 01:45:00
2025-05-07 11:58:15,663 - INFO - Prioridad actual: 0
2025-05-07 11:58:15,664 - INFO - 
Obteniendo intervalos para máquina 4002
2025-05-07 11:58:15,664 - INFO - Rango: 2025-05-07 17:45:00 - 2025-05-08 01:45:00
2025-05-07 11:58:15,669 - INFO - No se detectaron conflictos
2025-05-07 11:58:15,670 - INFO - 
Verificando conflictos para máquina 1205
2025-05-07 11:58:15,670 - INFO - Intervalo a verificar: 2025-05-08 12:00:00 - 2025-05-08 20:00:00
2025-05-07 11:58:15,670 - INFO - Prioridad actual: 0
2025-05-07 11:58:15,670 - INFO - 
Obteniendo intervalos para máquina 1205
2025-05-07 11:58:15,671 - INFO - Rango: 2025-05-08 12:00:00 - 2025-05-08 20:00:00
2025-05-07 11:58:15,689 - INFO - No se detectaron conflictos
2025-05-07 11:58:15,690 - INFO - 
Verificando conflictos para máquina 3421
2025-05-07 11:58:15,690 - INFO - Intervalo a verificar: 2025-05-08 17:00:00 - 2025-05-09 01:00:00
2025-05-07 11:58:15,690 - INFO - Prioridad actual: 0
2025-05-07 11:58:15,691 - INFO - 
Obteniendo intervalos para máquina 3421
2025-05-07 11:58:15,691 - INFO - Rango: 2025-05-08 17:00:00 - 2025-05-09 01:00:00
2025-05-07 11:58:15,706 - INFO - No se detectaron conflictos
