2025-05-07 09:44:33,822 - INFO - 
Verificando conflictos para máquina 1002
2025-05-07 09:44:33,822 - INFO - Intervalo a verificar: 2025-05-02 07:45:00 - 2025-05-02 15:45:00
2025-05-07 09:44:33,822 - INFO - Prioridad actual: None
2025-05-07 09:44:33,822 - INFO - 
Obteniendo intervalos para máquina 1002
2025-05-07 09:44:33,822 - INFO - Rango: 2025-05-02 07:45:00 - 2025-05-02 15:45:00
2025-05-07 09:44:33,908 - WARNING - Conflicto detectado con OT 43952
2025-05-07 09:44:33,909 - WARNING - Prioridad del conflicto: 1
2025-05-07 09:44:33,914 - INFO - 
Verificando conflictos para máquina 1002
2025-05-07 09:44:33,915 - INFO - Intervalo a verificar: 2025-05-02 07:45:00 - 2025-05-02 15:45:00
2025-05-07 09:44:33,915 - INFO - Prioridad actual: None
2025-05-07 09:44:33,915 - INFO - 
Obteniendo intervalos para máquina 1002
2025-05-07 09:44:33,915 - INFO - Rango: 2025-05-02 07:45:00 - 2025-05-02 15:45:00
2025-05-07 09:44:34,006 - WARNING - Conflicto detectado con OT 43952
2025-05-07 09:44:34,006 - WARNING - Prioridad del conflicto: 1
2025-05-07 09:44:34,010 - INFO - 
Verificando conflictos para máquina 1003
2025-05-07 09:44:34,010 - INFO - Intervalo a verificar: 2025-05-02 07:45:00 - 2025-05-02 15:45:00
2025-05-07 09:44:34,011 - INFO - Prioridad actual: None
2025-05-07 09:44:34,011 - INFO - 
Obteniendo intervalos para máquina 1003
2025-05-07 09:44:34,011 - INFO - Rango: 2025-05-02 07:45:00 - 2025-05-02 15:45:00
2025-05-07 09:44:34,027 - WARNING - Conflicto detectado con OT 43957
2025-05-07 09:44:34,028 - WARNING - Prioridad del conflicto: 3
2025-05-07 09:44:34,036 - INFO - 
Verificando conflictos para máquina 1205
2025-05-07 09:44:34,036 - INFO - Intervalo a verificar: 2025-05-02 07:45:00 - 2025-05-02 15:45:00
2025-05-07 09:44:34,036 - INFO - Prioridad actual: None
2025-05-07 09:44:34,036 - INFO - 
Obteniendo intervalos para máquina 1205
2025-05-07 09:44:34,036 - INFO - Rango: 2025-05-02 07:45:00 - 2025-05-02 15:45:00
2025-05-07 09:44:34,084 - WARNING - Conflicto detectado con OT 43949
2025-05-07 09:44:34,084 - WARNING - Prioridad del conflicto: 4
2025-05-07 09:44:34,087 - INFO - 
Verificando conflictos para máquina 1002
2025-05-07 09:44:34,088 - INFO - Intervalo a verificar: 2025-05-02 07:45:00 - 2025-05-02 15:45:00
2025-05-07 09:44:34,088 - INFO - Prioridad actual: None
2025-05-07 09:44:34,088 - INFO - 
Obteniendo intervalos para máquina 1002
2025-05-07 09:44:34,088 - INFO - Rango: 2025-05-02 07:45:00 - 2025-05-02 15:45:00
2025-05-07 09:44:34,167 - WARNING - Conflicto detectado con OT 43952
2025-05-07 09:44:34,167 - WARNING - Prioridad del conflicto: 1
2025-05-07 09:44:34,171 - INFO - 
Verificando conflictos para máquina 1002
2025-05-07 09:44:34,172 - INFO - Intervalo a verificar: 2025-05-02 07:45:00 - 2025-05-02 15:45:00
2025-05-07 09:44:34,172 - INFO - Prioridad actual: None
2025-05-07 09:44:34,172 - INFO - 
Obteniendo intervalos para máquina 1002
2025-05-07 09:44:34,172 - INFO - Rango: 2025-05-02 07:45:00 - 2025-05-02 15:45:00
2025-05-07 09:44:34,245 - WARNING - Conflicto detectado con OT 43952
2025-05-07 09:44:34,245 - WARNING - Prioridad del conflicto: 1
2025-05-07 09:44:34,250 - INFO - 
Verificando conflictos para máquina 1002
2025-05-07 09:44:34,250 - INFO - Intervalo a verificar: 2025-05-02 07:45:00 - 2025-05-02 15:45:00
2025-05-07 09:44:34,250 - INFO - Prioridad actual: None
2025-05-07 09:44:34,250 - INFO - 
Obteniendo intervalos para máquina 1002
2025-05-07 09:44:34,250 - INFO - Rango: 2025-05-02 07:45:00 - 2025-05-02 15:45:00
2025-05-07 09:44:34,305 - WARNING - Conflicto detectado con OT 43952
2025-05-07 09:44:34,305 - WARNING - Prioridad del conflicto: 1
2025-05-07 09:44:34,308 - INFO - 
Verificando conflictos para máquina 1002
2025-05-07 09:44:34,308 - INFO - Intervalo a verificar: 2025-05-02 07:45:00 - 2025-05-02 15:45:00
2025-05-07 09:44:34,308 - INFO - Prioridad actual: None
2025-05-07 09:44:34,308 - INFO - 
Obteniendo intervalos para máquina 1002
2025-05-07 09:44:34,308 - INFO - Rango: 2025-05-02 07:45:00 - 2025-05-02 15:45:00
2025-05-07 09:44:34,388 - WARNING - Conflicto detectado con OT 43952
2025-05-07 09:44:34,388 - WARNING - Prioridad del conflicto: 1
2025-05-07 09:44:34,392 - INFO - 
Verificando conflictos para máquina 1004
2025-05-07 09:44:34,392 - INFO - Intervalo a verificar: 2025-05-02 07:45:00 - 2025-05-02 15:45:00
2025-05-07 09:44:34,392 - INFO - Prioridad actual: None
2025-05-07 09:44:34,392 - INFO - 
Obteniendo intervalos para máquina 1004
2025-05-07 09:44:34,392 - INFO - Rango: 2025-05-02 07:45:00 - 2025-05-02 15:45:00
2025-05-07 09:44:34,409 - WARNING - Conflicto detectado con OT 43970
2025-05-07 09:44:34,409 - WARNING - Prioridad del conflicto: 9
2025-05-07 09:44:34,606 - INFO - 
Verificando conflictos para máquina 1002
2025-05-07 09:44:34,606 - INFO - Intervalo a verificar: 2025-05-02 07:45:00 - 2025-05-02 15:45:00
2025-05-07 09:44:34,606 - INFO - Prioridad actual: None
2025-05-07 09:44:34,606 - INFO - 
Obteniendo intervalos para máquina 1002
2025-05-07 09:44:34,606 - INFO - Rango: 2025-05-02 07:45:00 - 2025-05-02 15:45:00
2025-05-07 09:44:34,660 - WARNING - Conflicto detectado con OT 43952
2025-05-07 09:44:34,660 - WARNING - Prioridad del conflicto: 1
2025-05-07 09:44:34,661 - INFO - 
Verificando conflictos para máquina 1002
2025-05-07 09:44:34,662 - INFO - Intervalo a verificar: 2025-05-02 07:45:00 - 2025-05-02 15:45:00
2025-05-07 09:44:34,662 - INFO - Prioridad actual: None
2025-05-07 09:44:34,662 - INFO - 
Obteniendo intervalos para máquina 1002
2025-05-07 09:44:34,662 - INFO - Rango: 2025-05-02 07:45:00 - 2025-05-02 15:45:00
2025-05-07 09:44:34,716 - WARNING - Conflicto detectado con OT 43952
2025-05-07 09:44:34,716 - WARNING - Prioridad del conflicto: 1
2025-05-07 09:44:34,718 - INFO - 
Verificando conflictos para máquina 1003
2025-05-07 09:44:34,718 - INFO - Intervalo a verificar: 2025-05-02 07:45:00 - 2025-05-02 15:45:00
2025-05-07 09:44:34,718 - INFO - Prioridad actual: None
2025-05-07 09:44:34,718 - INFO - 
Obteniendo intervalos para máquina 1003
2025-05-07 09:44:34,718 - INFO - Rango: 2025-05-02 07:45:00 - 2025-05-02 15:45:00
2025-05-07 09:44:34,732 - WARNING - Conflicto detectado con OT 43957
2025-05-07 09:44:34,732 - WARNING - Prioridad del conflicto: 3
2025-05-07 09:44:34,734 - INFO - 
Verificando conflictos para máquina 1205
2025-05-07 09:44:34,734 - INFO - Intervalo a verificar: 2025-05-02 07:45:00 - 2025-05-02 15:45:00
2025-05-07 09:44:34,734 - INFO - Prioridad actual: None
2025-05-07 09:44:34,734 - INFO - 
Obteniendo intervalos para máquina 1205
2025-05-07 09:44:34,734 - INFO - Rango: 2025-05-02 07:45:00 - 2025-05-02 15:45:00
2025-05-07 09:44:34,770 - WARNING - Conflicto detectado con OT 43949
2025-05-07 09:44:34,770 - WARNING - Prioridad del conflicto: 4
2025-05-07 09:44:34,771 - INFO - 
Verificando conflictos para máquina 1002
2025-05-07 09:44:34,772 - INFO - Intervalo a verificar: 2025-05-02 07:45:00 - 2025-05-02 15:45:00
2025-05-07 09:44:34,772 - INFO - Prioridad actual: None
2025-05-07 09:44:34,772 - INFO - 
Obteniendo intervalos para máquina 1002
2025-05-07 09:44:34,772 - INFO - Rango: 2025-05-02 07:45:00 - 2025-05-02 15:45:00
2025-05-07 09:44:34,825 - WARNING - Conflicto detectado con OT 43952
2025-05-07 09:44:34,826 - WARNING - Prioridad del conflicto: 1
2025-05-07 09:44:34,827 - INFO - 
Verificando conflictos para máquina 1002
2025-05-07 09:44:34,827 - INFO - Intervalo a verificar: 2025-05-02 07:45:00 - 2025-05-02 15:45:00
2025-05-07 09:44:34,827 - INFO - Prioridad actual: None
2025-05-07 09:44:34,827 - INFO - 
Obteniendo intervalos para máquina 1002
2025-05-07 09:44:34,827 - INFO - Rango: 2025-05-02 07:45:00 - 2025-05-02 15:45:00
2025-05-07 09:44:34,882 - WARNING - Conflicto detectado con OT 43952
2025-05-07 09:44:34,882 - WARNING - Prioridad del conflicto: 1
2025-05-07 09:44:34,883 - INFO - 
Verificando conflictos para máquina 1002
2025-05-07 09:44:34,883 - INFO - Intervalo a verificar: 2025-05-02 07:45:00 - 2025-05-02 15:45:00
2025-05-07 09:44:34,883 - INFO - Prioridad actual: None
2025-05-07 09:44:34,883 - INFO - 
Obteniendo intervalos para máquina 1002
2025-05-07 09:44:34,884 - INFO - Rango: 2025-05-02 07:45:00 - 2025-05-02 15:45:00
2025-05-07 09:44:34,938 - WARNING - Conflicto detectado con OT 43952
2025-05-07 09:44:34,938 - WARNING - Prioridad del conflicto: 1
2025-05-07 09:44:34,939 - INFO - 
Verificando conflictos para máquina 1002
2025-05-07 09:44:34,939 - INFO - Intervalo a verificar: 2025-05-02 07:45:00 - 2025-05-02 15:45:00
2025-05-07 09:44:34,939 - INFO - Prioridad actual: None
2025-05-07 09:44:34,939 - INFO - 
Obteniendo intervalos para máquina 1002
2025-05-07 09:44:34,939 - INFO - Rango: 2025-05-02 07:45:00 - 2025-05-02 15:45:00
2025-05-07 09:44:34,999 - WARNING - Conflicto detectado con OT 43952
2025-05-07 09:44:34,999 - WARNING - Prioridad del conflicto: 1
2025-05-07 09:44:35,001 - INFO - 
Verificando conflictos para máquina 1004
2025-05-07 09:44:35,001 - INFO - Intervalo a verificar: 2025-05-02 07:45:00 - 2025-05-02 15:45:00
2025-05-07 09:44:35,001 - INFO - Prioridad actual: None
2025-05-07 09:44:35,001 - INFO - 
Obteniendo intervalos para máquina 1004
2025-05-07 09:44:35,002 - INFO - Rango: 2025-05-02 07:45:00 - 2025-05-02 15:45:00
2025-05-07 09:44:35,011 - WARNING - Conflicto detectado con OT 43970
2025-05-07 09:44:35,011 - WARNING - Prioridad del conflicto: 9
2025-05-07 09:44:35,088 - INFO - 
Verificando conflictos para máquina 1002
2025-05-07 09:44:35,089 - INFO - Intervalo a verificar: 2025-05-02 07:45:00 - 2025-05-02 15:45:00
2025-05-07 09:44:35,089 - INFO - Prioridad actual: None
2025-05-07 09:44:35,089 - INFO - 
Obteniendo intervalos para máquina 1002
2025-05-07 09:44:35,089 - INFO - Rango: 2025-05-02 07:45:00 - 2025-05-02 15:45:00
2025-05-07 09:44:35,151 - WARNING - Conflicto detectado con OT 43952
2025-05-07 09:44:35,151 - WARNING - Prioridad del conflicto: 1
2025-05-07 09:44:35,155 - INFO - 
Verificando conflictos para máquina 1002
2025-05-07 09:44:35,155 - INFO - Intervalo a verificar: 2025-05-02 07:45:00 - 2025-05-02 15:45:00
2025-05-07 09:44:35,155 - INFO - Prioridad actual: None
2025-05-07 09:44:35,155 - INFO - 
Obteniendo intervalos para máquina 1002
2025-05-07 09:44:35,155 - INFO - Rango: 2025-05-02 07:45:00 - 2025-05-02 15:45:00
2025-05-07 09:44:35,239 - WARNING - Conflicto detectado con OT 43952
2025-05-07 09:44:35,239 - WARNING - Prioridad del conflicto: 1
2025-05-07 09:44:35,243 - INFO - 
Verificando conflictos para máquina 1003
2025-05-07 09:44:35,243 - INFO - Intervalo a verificar: 2025-05-02 07:45:00 - 2025-05-02 15:45:00
2025-05-07 09:44:35,243 - INFO - Prioridad actual: None
2025-05-07 09:44:35,243 - INFO - 
Obteniendo intervalos para máquina 1003
2025-05-07 09:44:35,243 - INFO - Rango: 2025-05-02 07:45:00 - 2025-05-02 15:45:00
2025-05-07 09:44:35,255 - WARNING - Conflicto detectado con OT 43957
2025-05-07 09:44:35,255 - WARNING - Prioridad del conflicto: 3
2025-05-07 09:44:35,258 - INFO - 
Verificando conflictos para máquina 1205
2025-05-07 09:44:35,258 - INFO - Intervalo a verificar: 2025-05-02 07:45:00 - 2025-05-02 15:45:00
2025-05-07 09:44:35,258 - INFO - Prioridad actual: None
2025-05-07 09:44:35,258 - INFO - 
Obteniendo intervalos para máquina 1205
2025-05-07 09:44:35,258 - INFO - Rango: 2025-05-02 07:45:00 - 2025-05-02 15:45:00
2025-05-07 09:44:35,290 - WARNING - Conflicto detectado con OT 43949
2025-05-07 09:44:35,290 - WARNING - Prioridad del conflicto: 4
2025-05-07 09:44:35,293 - INFO - 
Verificando conflictos para máquina 1002
2025-05-07 09:44:35,293 - INFO - Intervalo a verificar: 2025-05-02 07:45:00 - 2025-05-02 15:45:00
2025-05-07 09:44:35,293 - INFO - Prioridad actual: None
2025-05-07 09:44:35,293 - INFO - 
Obteniendo intervalos para máquina 1002
2025-05-07 09:44:35,293 - INFO - Rango: 2025-05-02 07:45:00 - 2025-05-02 15:45:00
2025-05-07 09:44:35,353 - WARNING - Conflicto detectado con OT 43952
2025-05-07 09:44:35,353 - WARNING - Prioridad del conflicto: 1
2025-05-07 09:44:35,356 - INFO - 
Verificando conflictos para máquina 1002
2025-05-07 09:44:35,356 - INFO - Intervalo a verificar: 2025-05-02 07:45:00 - 2025-05-02 15:45:00
2025-05-07 09:44:35,356 - INFO - Prioridad actual: None
2025-05-07 09:44:35,356 - INFO - 
Obteniendo intervalos para máquina 1002
2025-05-07 09:44:35,356 - INFO - Rango: 2025-05-02 07:45:00 - 2025-05-02 15:45:00
2025-05-07 09:44:35,418 - WARNING - Conflicto detectado con OT 43952
2025-05-07 09:44:35,418 - WARNING - Prioridad del conflicto: 1
2025-05-07 09:44:35,421 - INFO - 
Verificando conflictos para máquina 1002
2025-05-07 09:44:35,421 - INFO - Intervalo a verificar: 2025-05-02 07:45:00 - 2025-05-02 15:45:00
2025-05-07 09:44:35,421 - INFO - Prioridad actual: None
2025-05-07 09:44:35,422 - INFO - 
Obteniendo intervalos para máquina 1002
2025-05-07 09:44:35,422 - INFO - Rango: 2025-05-02 07:45:00 - 2025-05-02 15:45:00
2025-05-07 09:44:35,483 - WARNING - Conflicto detectado con OT 43952
2025-05-07 09:44:35,484 - WARNING - Prioridad del conflicto: 1
2025-05-07 09:44:35,487 - INFO - 
Verificando conflictos para máquina 1002
2025-05-07 09:44:35,488 - INFO - Intervalo a verificar: 2025-05-02 07:45:00 - 2025-05-02 15:45:00
2025-05-07 09:44:35,488 - INFO - Prioridad actual: None
2025-05-07 09:44:35,488 - INFO - 
Obteniendo intervalos para máquina 1002
2025-05-07 09:44:35,488 - INFO - Rango: 2025-05-02 07:45:00 - 2025-05-02 15:45:00
2025-05-07 09:44:35,553 - WARNING - Conflicto detectado con OT 43952
2025-05-07 09:44:35,554 - WARNING - Prioridad del conflicto: 1
2025-05-07 09:44:35,560 - INFO - 
Verificando conflictos para máquina 1004
2025-05-07 09:44:35,560 - INFO - Intervalo a verificar: 2025-05-02 07:45:00 - 2025-05-02 15:45:00
2025-05-07 09:44:35,560 - INFO - Prioridad actual: None
2025-05-07 09:44:35,561 - INFO - 
Obteniendo intervalos para máquina 1004
2025-05-07 09:44:35,561 - INFO - Rango: 2025-05-02 07:45:00 - 2025-05-02 15:45:00
2025-05-07 09:44:35,574 - WARNING - Conflicto detectado con OT 43970
2025-05-07 09:44:35,574 - WARNING - Prioridad del conflicto: 9
2025-05-07 09:44:36,039 - INFO - 
Verificando conflictos para máquina 1002
2025-05-07 09:44:36,041 - INFO - Intervalo a verificar: 2025-05-02 07:45:00 - 2025-05-02 15:45:00
2025-05-07 09:44:36,041 - INFO - Prioridad actual: None
2025-05-07 09:44:36,042 - INFO - 
Obteniendo intervalos para máquina 1002
2025-05-07 09:44:36,043 - INFO - Rango: 2025-05-02 07:45:00 - 2025-05-02 15:45:00
2025-05-07 09:44:36,143 - WARNING - Conflicto detectado con OT 43952
2025-05-07 09:44:36,143 - WARNING - Prioridad del conflicto: 1
2025-05-07 09:44:36,144 - INFO - 
Verificando conflictos para máquina 1002
2025-05-07 09:44:36,144 - INFO - Intervalo a verificar: 2025-05-02 07:45:00 - 2025-05-02 15:45:00
2025-05-07 09:44:36,145 - INFO - Prioridad actual: None
2025-05-07 09:44:36,145 - INFO - 
Obteniendo intervalos para máquina 1002
2025-05-07 09:44:36,145 - INFO - Rango: 2025-05-02 07:45:00 - 2025-05-02 15:45:00
2025-05-07 09:44:36,193 - WARNING - Conflicto detectado con OT 43952
2025-05-07 09:44:36,194 - WARNING - Prioridad del conflicto: 1
2025-05-07 09:44:36,195 - INFO - 
Verificando conflictos para máquina 1003
2025-05-07 09:44:36,195 - INFO - Intervalo a verificar: 2025-05-02 07:45:00 - 2025-05-02 15:45:00
2025-05-07 09:44:36,195 - INFO - Prioridad actual: None
2025-05-07 09:44:36,195 - INFO - 
Obteniendo intervalos para máquina 1003
2025-05-07 09:44:36,195 - INFO - Rango: 2025-05-02 07:45:00 - 2025-05-02 15:45:00
2025-05-07 09:44:36,205 - WARNING - Conflicto detectado con OT 43957
2025-05-07 09:44:36,205 - WARNING - Prioridad del conflicto: 3
2025-05-07 09:44:36,206 - INFO - 
Verificando conflictos para máquina 1205
2025-05-07 09:44:36,207 - INFO - Intervalo a verificar: 2025-05-02 07:45:00 - 2025-05-02 15:45:00
2025-05-07 09:44:36,207 - INFO - Prioridad actual: None
2025-05-07 09:44:36,207 - INFO - 
Obteniendo intervalos para máquina 1205
2025-05-07 09:44:36,207 - INFO - Rango: 2025-05-02 07:45:00 - 2025-05-02 15:45:00
2025-05-07 09:44:36,234 - WARNING - Conflicto detectado con OT 43949
2025-05-07 09:44:36,234 - WARNING - Prioridad del conflicto: 4
2025-05-07 09:44:36,236 - INFO - 
Verificando conflictos para máquina 1002
2025-05-07 09:44:36,236 - INFO - Intervalo a verificar: 2025-05-02 07:45:00 - 2025-05-02 15:45:00
2025-05-07 09:44:36,236 - INFO - Prioridad actual: None
2025-05-07 09:44:36,236 - INFO - 
Obteniendo intervalos para máquina 1002
2025-05-07 09:44:36,236 - INFO - Rango: 2025-05-02 07:45:00 - 2025-05-02 15:45:00
2025-05-07 09:44:36,278 - WARNING - Conflicto detectado con OT 43952
2025-05-07 09:44:36,278 - WARNING - Prioridad del conflicto: 1
2025-05-07 09:44:36,279 - INFO - 
Verificando conflictos para máquina 1002
2025-05-07 09:44:36,279 - INFO - Intervalo a verificar: 2025-05-02 07:45:00 - 2025-05-02 15:45:00
2025-05-07 09:44:36,280 - INFO - Prioridad actual: None
2025-05-07 09:44:36,280 - INFO - 
Obteniendo intervalos para máquina 1002
2025-05-07 09:44:36,280 - INFO - Rango: 2025-05-02 07:45:00 - 2025-05-02 15:45:00
2025-05-07 09:44:36,327 - WARNING - Conflicto detectado con OT 43952
2025-05-07 09:44:36,327 - WARNING - Prioridad del conflicto: 1
2025-05-07 09:44:36,328 - INFO - 
Verificando conflictos para máquina 1002
2025-05-07 09:44:36,328 - INFO - Intervalo a verificar: 2025-05-02 07:45:00 - 2025-05-02 15:45:00
2025-05-07 09:44:36,328 - INFO - Prioridad actual: None
2025-05-07 09:44:36,328 - INFO - 
Obteniendo intervalos para máquina 1002
2025-05-07 09:44:36,329 - INFO - Rango: 2025-05-02 07:45:00 - 2025-05-02 15:45:00
2025-05-07 09:44:36,372 - WARNING - Conflicto detectado con OT 43952
2025-05-07 09:44:36,372 - WARNING - Prioridad del conflicto: 1
2025-05-07 09:44:36,373 - INFO - 
Verificando conflictos para máquina 1002
2025-05-07 09:44:36,373 - INFO - Intervalo a verificar: 2025-05-02 07:45:00 - 2025-05-02 15:45:00
2025-05-07 09:44:36,373 - INFO - Prioridad actual: None
2025-05-07 09:44:36,373 - INFO - 
Obteniendo intervalos para máquina 1002
2025-05-07 09:44:36,373 - INFO - Rango: 2025-05-02 07:45:00 - 2025-05-02 15:45:00
2025-05-07 09:44:36,419 - WARNING - Conflicto detectado con OT 43952
2025-05-07 09:44:36,420 - WARNING - Prioridad del conflicto: 1
2025-05-07 09:44:36,421 - INFO - 
Verificando conflictos para máquina 1004
2025-05-07 09:44:36,421 - INFO - Intervalo a verificar: 2025-05-02 07:45:00 - 2025-05-02 15:45:00
2025-05-07 09:44:36,421 - INFO - Prioridad actual: None
2025-05-07 09:44:36,421 - INFO - 
Obteniendo intervalos para máquina 1004
2025-05-07 09:44:36,421 - INFO - Rango: 2025-05-02 07:45:00 - 2025-05-02 15:45:00
2025-05-07 09:44:36,431 - WARNING - Conflicto detectado con OT 43970
2025-05-07 09:44:36,431 - WARNING - Prioridad del conflicto: 9
2025-05-07 09:44:42,008 - INFO - 
Obteniendo ajustes para programa 10
2025-05-07 09:44:42,016 - INFO - 
Verificando conflictos para máquina 1002
2025-05-07 09:44:42,016 - INFO - Intervalo a verificar: 2025-05-02 - 2025-05-02 12:00:00
2025-05-07 09:44:42,016 - INFO - Prioridad actual: 1
2025-05-07 09:44:42,017 - INFO - 
Obteniendo intervalos para máquina 1002
2025-05-07 09:44:42,017 - INFO - Rango: 2025-05-02 - 2025-05-02 12:00:00
