2025-05-07 11:08:46,680 - INFO - 
Verificando conflictos para máquina 1002
2025-05-07 11:08:46,682 - INFO - Intervalo a verificar: 2025-05-02 07:45:00 - 2025-05-02 15:45:00
2025-05-07 11:08:46,682 - INFO - Prioridad actual: 0
2025-05-07 11:08:46,682 - INFO - 
Obteniendo intervalos para máquina 1002
2025-05-07 11:08:46,682 - INFO - Rango: 2025-05-02 07:45:00 - 2025-05-02 15:45:00
2025-05-07 11:08:46,727 - WARNING - Conflicto detectado con OT 43952
2025-05-07 11:08:46,727 - WARNING - Prioridad del conflicto: 1
2025-05-07 11:08:46,808 - INFO - 
Verificando conflictos para máquina 1201
2025-05-07 11:08:47,054 - INFO - Intervalo a verificar: 2025-05-02 12:00:00 - 2025-05-02 20:00:00
2025-05-07 11:08:47,054 - INFO - Prioridad actual: 0
2025-05-07 11:08:47,054 - INFO - 
Obteniendo intervalos para máquina 1201
2025-05-07 11:08:47,054 - INFO - Rango: 2025-05-02 12:00:00 - 2025-05-02 20:00:00
2025-05-07 11:08:47,069 - INFO - No se detectaron conflictos
2025-05-07 11:08:47,070 - INFO - 
Verificando conflictos para máquina 1312
2025-05-07 11:08:47,070 - INFO - Intervalo a verificar: 2025-05-02 13:00:00 - 2025-05-02 21:00:00
2025-05-07 11:08:47,070 - INFO - Prioridad actual: 0
2025-05-07 11:08:47,070 - INFO - 
Obteniendo intervalos para máquina 1312
2025-05-07 11:08:47,070 - INFO - Rango: 2025-05-02 13:00:00 - 2025-05-02 21:00:00
2025-05-07 11:08:47,076 - INFO - No se detectaron conflictos
2025-05-07 11:08:47,077 - INFO - 
Verificando conflictos para máquina 1315
2025-05-07 11:08:47,077 - INFO - Intervalo a verificar: 2025-05-05 08:00:00 - 2025-05-05 16:00:00
2025-05-07 11:08:47,077 - INFO - Prioridad actual: 0
2025-05-07 11:08:47,077 - INFO - 
Obteniendo intervalos para máquina 1315
2025-05-07 11:08:47,077 - INFO - Rango: 2025-05-05 08:00:00 - 2025-05-05 16:00:00
2025-05-07 11:08:47,089 - INFO - No se detectaron conflictos
2025-05-07 11:08:47,090 - INFO - 
Verificando conflictos para máquina 1315
2025-05-07 11:08:47,090 - INFO - Intervalo a verificar: 2025-05-05 11:00:00 - 2025-05-05 19:00:00
2025-05-07 11:08:47,090 - INFO - Prioridad actual: 0
2025-05-07 11:08:47,090 - INFO - 
Obteniendo intervalos para máquina 1315
2025-05-07 11:08:47,090 - INFO - Rango: 2025-05-05 11:00:00 - 2025-05-05 19:00:00
2025-05-07 11:08:47,103 - INFO - No se detectaron conflictos
2025-05-07 11:08:47,104 - INFO - 
Verificando conflictos para máquina 1204
2025-05-07 11:08:47,104 - INFO - Intervalo a verificar: 2025-05-05 15:00:00 - 2025-05-05 23:00:00
2025-05-07 11:08:47,104 - INFO - Prioridad actual: 0
2025-05-07 11:08:47,104 - INFO - 
Obteniendo intervalos para máquina 1204
2025-05-07 11:08:47,104 - INFO - Rango: 2025-05-05 15:00:00 - 2025-05-05 23:00:00
2025-05-07 11:08:47,118 - INFO - No se detectaron conflictos
2025-05-07 11:08:47,119 - INFO - 
Verificando conflictos para máquina 1002
2025-05-07 11:08:47,119 - INFO - Intervalo a verificar: 2025-05-02 12:30:00 - 2025-05-02 20:30:00
2025-05-07 11:08:47,119 - INFO - Prioridad actual: 0
2025-05-07 11:08:47,119 - INFO - 
Obteniendo intervalos para máquina 1002
2025-05-07 11:08:47,119 - INFO - Rango: 2025-05-02 12:30:00 - 2025-05-02 20:30:00
2025-05-07 11:08:47,170 - WARNING - Conflicto detectado con OT 43951
2025-05-07 11:08:47,170 - WARNING - Prioridad del conflicto: 2
2025-05-07 11:08:47,171 - INFO - 
Verificando conflictos para máquina 1203
2025-05-07 11:08:47,171 - INFO - Intervalo a verificar: 2025-05-05 15:00:00 - 2025-05-05 23:00:00
2025-05-07 11:08:47,171 - INFO - Prioridad actual: 0
2025-05-07 11:08:47,171 - INFO - 
Obteniendo intervalos para máquina 1203
2025-05-07 11:08:47,171 - INFO - Rango: 2025-05-05 15:00:00 - 2025-05-05 23:00:00
2025-05-07 11:08:47,186 - INFO - No se detectaron conflictos
2025-05-07 11:08:47,187 - INFO - 
Verificando conflictos para máquina 1314
2025-05-07 11:08:47,187 - INFO - Intervalo a verificar: 2025-05-06 15:00:00 - 2025-05-06 23:00:00
2025-05-07 11:08:47,187 - INFO - Prioridad actual: 0
2025-05-07 11:08:47,187 - INFO - 
Obteniendo intervalos para máquina 1314
2025-05-07 11:08:47,187 - INFO - Rango: 2025-05-06 15:00:00 - 2025-05-06 23:00:00
2025-05-07 11:08:47,196 - INFO - No se detectaron conflictos
2025-05-07 11:08:47,197 - INFO - 
Verificando conflictos para máquina 2501
2025-05-07 11:08:47,199 - INFO - Intervalo a verificar: 2025-05-07 15:00:00 - 2025-05-07 23:00:00
2025-05-07 11:08:47,199 - INFO - Prioridad actual: 0
2025-05-07 11:08:47,199 - INFO - 
Obteniendo intervalos para máquina 2501
2025-05-07 11:08:47,199 - INFO - Rango: 2025-05-07 15:00:00 - 2025-05-07 23:00:00
2025-05-07 11:08:47,209 - INFO - No se detectaron conflictos
2025-05-07 11:08:47,210 - INFO - 
Verificando conflictos para máquina 1003
2025-05-07 11:08:47,210 - INFO - Intervalo a verificar: 2025-05-02 07:45:00 - 2025-05-02 15:45:00
2025-05-07 11:08:47,210 - INFO - Prioridad actual: 0
2025-05-07 11:08:47,210 - INFO - 
Obteniendo intervalos para máquina 1003
2025-05-07 11:08:47,210 - INFO - Rango: 2025-05-02 07:45:00 - 2025-05-02 15:45:00
2025-05-07 11:08:47,223 - WARNING - Conflicto detectado con OT 43957
2025-05-07 11:08:47,223 - WARNING - Prioridad del conflicto: 3
2025-05-07 11:08:47,224 - INFO - 
Verificando conflictos para máquina 1201
2025-05-07 11:08:47,224 - INFO - Intervalo a verificar: 2025-05-02 13:30:00 - 2025-05-02 21:30:00
2025-05-07 11:08:47,224 - INFO - Prioridad actual: 0
2025-05-07 11:08:47,224 - INFO - 
Obteniendo intervalos para máquina 1201
2025-05-07 11:08:47,224 - INFO - Rango: 2025-05-02 13:30:00 - 2025-05-02 21:30:00
2025-05-07 11:08:47,238 - INFO - No se detectaron conflictos
2025-05-07 11:08:47,239 - INFO - 
Verificando conflictos para máquina 1313
2025-05-07 11:08:47,239 - INFO - Intervalo a verificar: 2025-05-02 15:00:00 - 2025-05-02 23:00:00
2025-05-07 11:08:47,239 - INFO - Prioridad actual: 0
2025-05-07 11:08:47,239 - INFO - 
Obteniendo intervalos para máquina 1313
2025-05-07 11:08:47,239 - INFO - Rango: 2025-05-02 15:00:00 - 2025-05-02 23:00:00
2025-05-07 11:08:47,276 - INFO - No se detectaron conflictos
2025-05-07 11:08:47,276 - INFO - 
Verificando conflictos para máquina 1313
2025-05-07 11:08:47,276 - INFO - Intervalo a verificar: 2025-05-05 09:00:00 - 2025-05-05 17:00:00
2025-05-07 11:08:47,276 - INFO - Prioridad actual: 0
2025-05-07 11:08:47,277 - INFO - 
Obteniendo intervalos para máquina 1313
2025-05-07 11:08:47,277 - INFO - Rango: 2025-05-05 09:00:00 - 2025-05-05 17:00:00
2025-05-07 11:08:47,315 - INFO - No se detectaron conflictos
2025-05-07 11:08:47,317 - INFO - 
Verificando conflictos para máquina 1601
2025-05-07 11:08:47,317 - INFO - Intervalo a verificar: 2025-05-05 11:00:00 - 2025-05-05 19:00:00
2025-05-07 11:08:47,318 - INFO - Prioridad actual: 0
2025-05-07 11:08:47,318 - INFO - 
Obteniendo intervalos para máquina 1601
2025-05-07 11:08:47,318 - INFO - Rango: 2025-05-05 11:00:00 - 2025-05-05 19:00:00
2025-05-07 11:08:47,366 - INFO - No se detectaron conflictos
2025-05-07 11:08:47,368 - INFO - 
Verificando conflictos para máquina 2006
2025-05-07 11:08:47,369 - INFO - Intervalo a verificar: 2025-05-05 15:00:00 - 2025-05-05 23:00:00
2025-05-07 11:08:47,369 - INFO - Prioridad actual: 0
2025-05-07 11:08:47,369 - INFO - 
Obteniendo intervalos para máquina 2006
2025-05-07 11:08:47,369 - INFO - Rango: 2025-05-05 15:00:00 - 2025-05-05 23:00:00
2025-05-07 11:08:47,379 - INFO - No se detectaron conflictos
2025-05-07 11:08:47,380 - INFO - 
Verificando conflictos para máquina 1205
2025-05-07 11:08:47,380 - INFO - Intervalo a verificar: 2025-05-02 07:45:00 - 2025-05-02 15:45:00
2025-05-07 11:08:47,380 - INFO - Prioridad actual: 0
2025-05-07 11:08:47,380 - INFO - 
Obteniendo intervalos para máquina 1205
2025-05-07 11:08:47,380 - INFO - Rango: 2025-05-02 07:45:00 - 2025-05-02 15:45:00
2025-05-07 11:08:47,407 - WARNING - Conflicto detectado con OT 43949
2025-05-07 11:08:47,407 - WARNING - Prioridad del conflicto: 4
2025-05-07 11:08:47,408 - INFO - 
Verificando conflictos para máquina 1002
2025-05-07 11:08:47,408 - INFO - Intervalo a verificar: 2025-05-05 15:30:00 - 2025-05-05 23:30:00
2025-05-07 11:08:47,408 - INFO - Prioridad actual: 0
2025-05-07 11:08:47,408 - INFO - 
Obteniendo intervalos para máquina 1002
2025-05-07 11:08:47,408 - INFO - Rango: 2025-05-05 15:30:00 - 2025-05-05 23:30:00
2025-05-07 11:08:47,452 - INFO - No se detectaron conflictos
2025-05-07 11:08:47,453 - INFO - 
Verificando conflictos para máquina 1203
2025-05-07 11:08:47,453 - INFO - Intervalo a verificar: 2025-05-06 15:30:00 - 2025-05-06 23:30:00
2025-05-07 11:08:47,453 - INFO - Prioridad actual: 0
2025-05-07 11:08:47,453 - INFO - 
Obteniendo intervalos para máquina 1203
2025-05-07 11:08:47,453 - INFO - Rango: 2025-05-06 15:30:00 - 2025-05-06 23:30:00
2025-05-07 11:08:47,463 - INFO - No se detectaron conflictos
2025-05-07 11:08:47,463 - INFO - 
Verificando conflictos para máquina 1431
2025-05-07 11:08:47,463 - INFO - Intervalo a verificar: 2025-05-06 16:00:00 - 2025-05-07 00:00:00
2025-05-07 11:08:47,463 - INFO - Prioridad actual: 0
2025-05-07 11:08:47,463 - INFO - 
Obteniendo intervalos para máquina 1431
2025-05-07 11:08:47,463 - INFO - Rango: 2025-05-06 16:00:00 - 2025-05-07 00:00:00
2025-05-07 11:08:47,478 - INFO - No se detectaron conflictos
2025-05-07 11:08:47,478 - INFO - 
Verificando conflictos para máquina 1601
2025-05-07 11:08:47,478 - INFO - Intervalo a verificar: 2025-05-06 17:00:00 - 2025-05-07 01:00:00
2025-05-07 11:08:47,478 - INFO - Prioridad actual: 0
2025-05-07 11:08:47,478 - INFO - 
Obteniendo intervalos para máquina 1601
2025-05-07 11:08:47,478 - INFO - Rango: 2025-05-06 17:00:00 - 2025-05-07 01:00:00
2025-05-07 11:08:47,516 - INFO - No se detectaron conflictos
2025-05-07 11:08:47,518 - INFO - 
Verificando conflictos para máquina 2002
2025-05-07 11:08:47,518 - INFO - Intervalo a verificar: 2025-05-06 17:45:00 - 2025-05-07 01:45:00
2025-05-07 11:08:47,518 - INFO - Prioridad actual: 0
2025-05-07 11:08:47,518 - INFO - 
Obteniendo intervalos para máquina 2002
2025-05-07 11:08:47,518 - INFO - Rango: 2025-05-06 17:45:00 - 2025-05-07 01:45:00
2025-05-07 11:08:47,527 - INFO - No se detectaron conflictos
2025-05-07 11:08:47,527 - INFO - 
Verificando conflictos para máquina 1002
2025-05-07 11:08:47,528 - INFO - Intervalo a verificar: 2025-05-05 16:30:00 - 2025-05-06 00:30:00
2025-05-07 11:08:47,528 - INFO - Prioridad actual: 0
2025-05-07 11:08:47,528 - INFO - 
Obteniendo intervalos para máquina 1002
2025-05-07 11:08:47,528 - INFO - Rango: 2025-05-05 16:30:00 - 2025-05-06 00:30:00
2025-05-07 11:08:47,573 - INFO - No se detectaron conflictos
2025-05-07 11:08:47,573 - INFO - 
Verificando conflictos para máquina 1203
2025-05-07 11:08:47,573 - INFO - Intervalo a verificar: 2025-05-06 16:30:00 - 2025-05-07 00:30:00
2025-05-07 11:08:47,573 - INFO - Prioridad actual: 0
2025-05-07 11:08:47,573 - INFO - 
Obteniendo intervalos para máquina 1203
2025-05-07 11:08:47,573 - INFO - Rango: 2025-05-06 16:30:00 - 2025-05-07 00:30:00
2025-05-07 11:08:47,588 - INFO - No se detectaron conflictos
2025-05-07 11:08:47,589 - INFO - 
Verificando conflictos para máquina 1431
2025-05-07 11:08:47,589 - INFO - Intervalo a verificar: 2025-05-06 17:00:00 - 2025-05-07 01:00:00
2025-05-07 11:08:47,589 - INFO - Prioridad actual: 0
2025-05-07 11:08:47,589 - INFO - 
Obteniendo intervalos para máquina 1431
2025-05-07 11:08:47,589 - INFO - Rango: 2025-05-06 17:00:00 - 2025-05-07 01:00:00
2025-05-07 11:08:47,603 - INFO - No se detectaron conflictos
2025-05-07 11:08:47,604 - INFO - 
Verificando conflictos para máquina 1601
2025-05-07 11:08:47,604 - INFO - Intervalo a verificar: 2025-05-06 17:45:00 - 2025-05-07 01:45:00
2025-05-07 11:08:47,604 - INFO - Prioridad actual: 0
2025-05-07 11:08:47,604 - INFO - 
Obteniendo intervalos para máquina 1601
2025-05-07 11:08:47,604 - INFO - Rango: 2025-05-06 17:45:00 - 2025-05-07 01:45:00
2025-05-07 11:08:47,640 - INFO - No se detectaron conflictos
2025-05-07 11:08:47,641 - INFO - 
Verificando conflictos para máquina 2002
2025-05-07 11:08:47,641 - INFO - Intervalo a verificar: 2025-05-07 08:00:00 - 2025-05-07 16:00:00
2025-05-07 11:08:47,641 - INFO - Prioridad actual: 0
2025-05-07 11:08:47,641 - INFO - 
Obteniendo intervalos para máquina 2002
2025-05-07 11:08:47,641 - INFO - Rango: 2025-05-07 08:00:00 - 2025-05-07 16:00:00
2025-05-07 11:08:47,655 - INFO - No se detectaron conflictos
2025-05-07 11:08:47,656 - INFO - 
Verificando conflictos para máquina 1002
2025-05-07 11:08:47,656 - INFO - Intervalo a verificar: 2025-05-05 17:30:00 - 2025-05-06 01:30:00
2025-05-07 11:08:47,656 - INFO - Prioridad actual: 0
2025-05-07 11:08:47,656 - INFO - 
Obteniendo intervalos para máquina 1002
2025-05-07 11:08:47,656 - INFO - Rango: 2025-05-05 17:30:00 - 2025-05-06 01:30:00
2025-05-07 11:08:47,708 - INFO - No se detectaron conflictos
2025-05-07 11:08:47,709 - INFO - 
Verificando conflictos para máquina 1203
2025-05-07 11:08:47,710 - INFO - Intervalo a verificar: 2025-05-06 17:30:00 - 2025-05-07 01:30:00
2025-05-07 11:08:47,710 - INFO - Prioridad actual: 0
2025-05-07 11:08:47,710 - INFO - 
Obteniendo intervalos para máquina 1203
2025-05-07 11:08:47,710 - INFO - Rango: 2025-05-06 17:30:00 - 2025-05-07 01:30:00
2025-05-07 11:08:47,724 - INFO - No se detectaron conflictos
2025-05-07 11:08:47,725 - INFO - 
Verificando conflictos para máquina 1431
2025-05-07 11:08:47,725 - INFO - Intervalo a verificar: 2025-05-06 17:45:00 - 2025-05-07 01:45:00
2025-05-07 11:08:47,725 - INFO - Prioridad actual: 0
2025-05-07 11:08:47,725 - INFO - 
Obteniendo intervalos para máquina 1431
2025-05-07 11:08:47,725 - INFO - Rango: 2025-05-06 17:45:00 - 2025-05-07 01:45:00
2025-05-07 11:08:47,740 - INFO - No se detectaron conflictos
2025-05-07 11:08:47,741 - INFO - 
Verificando conflictos para máquina 1601
2025-05-07 11:08:47,741 - INFO - Intervalo a verificar: 2025-05-07 08:00:00 - 2025-05-07 16:00:00
2025-05-07 11:08:47,741 - INFO - Prioridad actual: 0
2025-05-07 11:08:47,741 - INFO - 
Obteniendo intervalos para máquina 1601
2025-05-07 11:08:47,741 - INFO - Rango: 2025-05-07 08:00:00 - 2025-05-07 16:00:00
2025-05-07 11:08:47,780 - INFO - No se detectaron conflictos
2025-05-07 11:08:47,780 - INFO - 
Verificando conflictos para máquina 2002
2025-05-07 11:08:47,780 - INFO - Intervalo a verificar: 2025-05-07 09:00:00 - 2025-05-07 17:00:00
2025-05-07 11:08:47,781 - INFO - Prioridad actual: 0
2025-05-07 11:08:47,781 - INFO - 
Obteniendo intervalos para máquina 2002
2025-05-07 11:08:47,781 - INFO - Rango: 2025-05-07 09:00:00 - 2025-05-07 17:00:00
2025-05-07 11:08:47,793 - INFO - No se detectaron conflictos
2025-05-07 11:08:47,794 - INFO - 
Verificando conflictos para máquina 1002
2025-05-07 11:08:47,794 - INFO - Intervalo a verificar: 2025-05-06 07:45:00 - 2025-05-06 15:45:00
2025-05-07 11:08:47,794 - INFO - Prioridad actual: 0
2025-05-07 11:08:47,794 - INFO - 
Obteniendo intervalos para máquina 1002
2025-05-07 11:08:47,794 - INFO - Rango: 2025-05-06 07:45:00 - 2025-05-06 15:45:00
2025-05-07 11:08:47,842 - INFO - No se detectaron conflictos
2025-05-07 11:08:47,843 - INFO - 
Verificando conflictos para máquina 1203
2025-05-07 11:08:47,843 - INFO - Intervalo a verificar: 2025-05-07 07:45:00 - 2025-05-07 15:45:00
2025-05-07 11:08:47,843 - INFO - Prioridad actual: 0
2025-05-07 11:08:47,843 - INFO - 
Obteniendo intervalos para máquina 1203
2025-05-07 11:08:47,844 - INFO - Rango: 2025-05-07 07:45:00 - 2025-05-07 15:45:00
2025-05-07 11:08:47,860 - INFO - No se detectaron conflictos
2025-05-07 11:08:47,861 - INFO - 
Verificando conflictos para máquina 1431
2025-05-07 11:08:47,861 - INFO - Intervalo a verificar: 2025-05-07 11:00:00 - 2025-05-07 19:00:00
2025-05-07 11:08:47,861 - INFO - Prioridad actual: 0
2025-05-07 11:08:47,861 - INFO - 
Obteniendo intervalos para máquina 1431
2025-05-07 11:08:47,861 - INFO - Rango: 2025-05-07 11:00:00 - 2025-05-07 19:00:00
2025-05-07 11:08:47,875 - INFO - No se detectaron conflictos
2025-05-07 11:08:47,875 - INFO - 
Verificando conflictos para máquina 1601
2025-05-07 11:08:47,875 - INFO - Intervalo a verificar: 2025-05-07 15:00:00 - 2025-05-07 23:00:00
2025-05-07 11:08:47,875 - INFO - Prioridad actual: 0
2025-05-07 11:08:47,876 - INFO - 
Obteniendo intervalos para máquina 1601
2025-05-07 11:08:47,876 - INFO - Rango: 2025-05-07 15:00:00 - 2025-05-07 23:00:00
2025-05-07 11:08:47,921 - INFO - No se detectaron conflictos
2025-05-07 11:08:47,922 - INFO - 
Verificando conflictos para máquina 2002
2025-05-07 11:08:47,922 - INFO - Intervalo a verificar: 2025-05-08 08:00:00 - 2025-05-08 16:00:00
2025-05-07 11:08:47,922 - INFO - Prioridad actual: 0
2025-05-07 11:08:47,922 - INFO - 
Obteniendo intervalos para máquina 2002
2025-05-07 11:08:47,922 - INFO - Rango: 2025-05-08 08:00:00 - 2025-05-08 16:00:00
2025-05-07 11:08:47,937 - INFO - No se detectaron conflictos
2025-05-07 11:08:47,938 - INFO - 
Verificando conflictos para máquina 1004
2025-05-07 11:08:47,938 - INFO - Intervalo a verificar: 2025-05-02 07:45:00 - 2025-05-02 15:45:00
2025-05-07 11:08:47,938 - INFO - Prioridad actual: 0
2025-05-07 11:08:47,938 - INFO - 
Obteniendo intervalos para máquina 1004
2025-05-07 11:08:47,938 - INFO - Rango: 2025-05-02 07:45:00 - 2025-05-02 15:45:00
2025-05-07 11:08:47,947 - WARNING - Conflicto detectado con OT 43970
2025-05-07 11:08:47,947 - WARNING - Prioridad del conflicto: 9
2025-05-07 11:08:47,952 - INFO - 
Verificando conflictos para máquina 1004
2025-05-07 11:08:47,952 - INFO - Intervalo a verificar: 2025-05-02 13:00:00 - 2025-05-02 21:00:00
2025-05-07 11:08:47,952 - INFO - Prioridad actual: 0
2025-05-07 11:08:47,952 - INFO - 
Obteniendo intervalos para máquina 1004
2025-05-07 11:08:47,952 - INFO - Rango: 2025-05-02 13:00:00 - 2025-05-02 21:00:00
2025-05-07 11:08:47,961 - INFO - No se detectaron conflictos
2025-05-07 11:08:47,962 - INFO - 
Verificando conflictos para máquina 1315
2025-05-07 11:08:47,962 - INFO - Intervalo a verificar: 2025-05-05 15:30:00 - 2025-05-05 23:30:00
2025-05-07 11:08:47,962 - INFO - Prioridad actual: 0
2025-05-07 11:08:47,962 - INFO - 
Obteniendo intervalos para máquina 1315
2025-05-07 11:08:47,962 - INFO - Rango: 2025-05-05 15:30:00 - 2025-05-05 23:30:00
2025-05-07 11:08:47,974 - INFO - No se detectaron conflictos
2025-05-07 11:08:47,975 - INFO - 
Verificando conflictos para máquina 1315
2025-05-07 11:08:47,975 - INFO - Intervalo a verificar: 2025-05-06 10:00:00 - 2025-05-06 18:00:00
2025-05-07 11:08:47,975 - INFO - Prioridad actual: 0
2025-05-07 11:08:47,975 - INFO - 
Obteniendo intervalos para máquina 1315
2025-05-07 11:08:47,975 - INFO - Rango: 2025-05-06 10:00:00 - 2025-05-06 18:00:00
2025-05-07 11:08:47,988 - INFO - No se detectaron conflictos
2025-05-07 11:08:48,235 - INFO - 
Verificando conflictos para máquina 1001
2025-05-07 11:08:48,235 - INFO - Intervalo a verificar: 2025-05-06 15:00:00 - 2025-05-06 23:00:00
2025-05-07 11:08:48,235 - INFO - Prioridad actual: 0
2025-05-07 11:08:48,235 - INFO - 
Obteniendo intervalos para máquina 1001
2025-05-07 11:08:48,235 - INFO - Rango: 2025-05-06 15:00:00 - 2025-05-06 23:00:00
2025-05-07 11:08:48,244 - INFO - No se detectaron conflictos
2025-05-07 11:08:48,245 - INFO - 
Verificando conflictos para máquina 4002
2025-05-07 11:08:48,245 - INFO - Intervalo a verificar: 2025-05-07 09:00:00 - 2025-05-07 17:00:00
2025-05-07 11:08:48,245 - INFO - Prioridad actual: 0
2025-05-07 11:08:48,245 - INFO - 
Obteniendo intervalos para máquina 4002
2025-05-07 11:08:48,245 - INFO - Rango: 2025-05-07 09:00:00 - 2025-05-07 17:00:00
2025-05-07 11:08:48,251 - INFO - No se detectaron conflictos
2025-05-07 11:08:48,252 - INFO - 
Verificando conflictos para máquina 1001
2025-05-07 11:08:48,252 - INFO - Intervalo a verificar: 2025-05-07 13:00:00 - 2025-05-07 21:00:00
2025-05-07 11:08:48,252 - INFO - Prioridad actual: 0
2025-05-07 11:08:48,252 - INFO - 
Obteniendo intervalos para máquina 1001
2025-05-07 11:08:48,252 - INFO - Rango: 2025-05-07 13:00:00 - 2025-05-07 21:00:00
2025-05-07 11:08:48,262 - INFO - No se detectaron conflictos
2025-05-07 11:08:48,262 - INFO - 
Verificando conflictos para máquina 4002
2025-05-07 11:08:48,263 - INFO - Intervalo a verificar: 2025-05-07 17:45:00 - 2025-05-08 01:45:00
2025-05-07 11:08:48,263 - INFO - Prioridad actual: 0
2025-05-07 11:08:48,263 - INFO - 
Obteniendo intervalos para máquina 4002
2025-05-07 11:08:48,263 - INFO - Rango: 2025-05-07 17:45:00 - 2025-05-08 01:45:00
2025-05-07 11:08:48,271 - INFO - No se detectaron conflictos
2025-05-07 11:08:48,272 - INFO - 
Verificando conflictos para máquina 1205
2025-05-07 11:08:48,272 - INFO - Intervalo a verificar: 2025-05-08 12:00:00 - 2025-05-08 20:00:00
2025-05-07 11:08:48,272 - INFO - Prioridad actual: 0
2025-05-07 11:08:48,272 - INFO - 
Obteniendo intervalos para máquina 1205
2025-05-07 11:08:48,272 - INFO - Rango: 2025-05-08 12:00:00 - 2025-05-08 20:00:00
2025-05-07 11:08:48,295 - INFO - No se detectaron conflictos
2025-05-07 11:08:48,296 - INFO - 
Verificando conflictos para máquina 3421
2025-05-07 11:08:48,296 - INFO - Intervalo a verificar: 2025-05-08 17:00:00 - 2025-05-09 01:00:00
2025-05-07 11:08:48,296 - INFO - Prioridad actual: 0
2025-05-07 11:08:48,296 - INFO - 
Obteniendo intervalos para máquina 3421
2025-05-07 11:08:48,296 - INFO - Rango: 2025-05-08 17:00:00 - 2025-05-09 01:00:00
2025-05-07 11:08:48,309 - INFO - No se detectaron conflictos
2025-05-07 11:08:48,685 - INFO - 
Verificando conflictos para máquina 1002
2025-05-07 11:08:48,685 - INFO - Intervalo a verificar: 2025-05-02 07:45:00 - 2025-05-02 15:45:00
2025-05-07 11:08:48,685 - INFO - Prioridad actual: 0
2025-05-07 11:08:48,685 - INFO - 
Obteniendo intervalos para máquina 1002
2025-05-07 11:08:48,685 - INFO - Rango: 2025-05-02 07:45:00 - 2025-05-02 15:45:00
2025-05-07 11:08:48,738 - WARNING - Conflicto detectado con OT 43952
2025-05-07 11:08:48,739 - WARNING - Prioridad del conflicto: 1
2025-05-07 11:08:48,740 - INFO - 
Verificando conflictos para máquina 1201
2025-05-07 11:08:48,740 - INFO - Intervalo a verificar: 2025-05-02 12:00:00 - 2025-05-02 20:00:00
2025-05-07 11:08:48,740 - INFO - Prioridad actual: 0
2025-05-07 11:08:48,740 - INFO - 
Obteniendo intervalos para máquina 1201
2025-05-07 11:08:48,740 - INFO - Rango: 2025-05-02 12:00:00 - 2025-05-02 20:00:00
2025-05-07 11:08:48,754 - INFO - No se detectaron conflictos
2025-05-07 11:08:48,755 - INFO - 
Verificando conflictos para máquina 1312
2025-05-07 11:08:48,755 - INFO - Intervalo a verificar: 2025-05-02 13:00:00 - 2025-05-02 21:00:00
2025-05-07 11:08:48,755 - INFO - Prioridad actual: 0
2025-05-07 11:08:48,755 - INFO - 
Obteniendo intervalos para máquina 1312
2025-05-07 11:08:48,755 - INFO - Rango: 2025-05-02 13:00:00 - 2025-05-02 21:00:00
2025-05-07 11:08:48,763 - INFO - No se detectaron conflictos
2025-05-07 11:08:48,764 - INFO - 
Verificando conflictos para máquina 1315
2025-05-07 11:08:48,764 - INFO - Intervalo a verificar: 2025-05-05 08:00:00 - 2025-05-05 16:00:00
2025-05-07 11:08:48,764 - INFO - Prioridad actual: 0
2025-05-07 11:08:48,764 - INFO - 
Obteniendo intervalos para máquina 1315
2025-05-07 11:08:48,764 - INFO - Rango: 2025-05-05 08:00:00 - 2025-05-05 16:00:00
2025-05-07 11:08:48,781 - INFO - No se detectaron conflictos
2025-05-07 11:08:48,783 - INFO - 
Verificando conflictos para máquina 1315
2025-05-07 11:08:48,783 - INFO - Intervalo a verificar: 2025-05-05 11:00:00 - 2025-05-05 19:00:00
2025-05-07 11:08:48,783 - INFO - Prioridad actual: 0
2025-05-07 11:08:48,783 - INFO - 
Obteniendo intervalos para máquina 1315
2025-05-07 11:08:48,783 - INFO - Rango: 2025-05-05 11:00:00 - 2025-05-05 19:00:00
2025-05-07 11:08:48,791 - INFO - No se detectaron conflictos
2025-05-07 11:08:48,792 - INFO - 
Verificando conflictos para máquina 1204
2025-05-07 11:08:48,792 - INFO - Intervalo a verificar: 2025-05-05 15:00:00 - 2025-05-05 23:00:00
2025-05-07 11:08:48,792 - INFO - Prioridad actual: 0
2025-05-07 11:08:48,792 - INFO - 
Obteniendo intervalos para máquina 1204
2025-05-07 11:08:48,792 - INFO - Rango: 2025-05-05 15:00:00 - 2025-05-05 23:00:00
2025-05-07 11:08:48,811 - INFO - No se detectaron conflictos
2025-05-07 11:08:48,811 - INFO - 
Verificando conflictos para máquina 1002
2025-05-07 11:08:48,811 - INFO - Intervalo a verificar: 2025-05-02 12:30:00 - 2025-05-02 20:30:00
2025-05-07 11:08:48,812 - INFO - Prioridad actual: 0
2025-05-07 11:08:48,812 - INFO - 
Obteniendo intervalos para máquina 1002
2025-05-07 11:08:48,812 - INFO - Rango: 2025-05-02 12:30:00 - 2025-05-02 20:30:00
2025-05-07 11:08:48,869 - WARNING - Conflicto detectado con OT 43951
2025-05-07 11:08:48,869 - WARNING - Prioridad del conflicto: 2
2025-05-07 11:08:48,870 - INFO - 
Verificando conflictos para máquina 1203
2025-05-07 11:08:48,870 - INFO - Intervalo a verificar: 2025-05-05 15:00:00 - 2025-05-05 23:00:00
2025-05-07 11:08:48,870 - INFO - Prioridad actual: 0
2025-05-07 11:08:48,870 - INFO - 
Obteniendo intervalos para máquina 1203
2025-05-07 11:08:48,871 - INFO - Rango: 2025-05-05 15:00:00 - 2025-05-05 23:00:00
2025-05-07 11:08:48,884 - INFO - No se detectaron conflictos
2025-05-07 11:08:48,885 - INFO - 
Verificando conflictos para máquina 1314
2025-05-07 11:08:48,886 - INFO - Intervalo a verificar: 2025-05-06 15:00:00 - 2025-05-06 23:00:00
2025-05-07 11:08:48,886 - INFO - Prioridad actual: 0
2025-05-07 11:08:48,886 - INFO - 
Obteniendo intervalos para máquina 1314
2025-05-07 11:08:48,886 - INFO - Rango: 2025-05-06 15:00:00 - 2025-05-06 23:00:00
2025-05-07 11:08:48,894 - INFO - No se detectaron conflictos
2025-05-07 11:08:48,895 - INFO - 
Verificando conflictos para máquina 2501
2025-05-07 11:08:48,895 - INFO - Intervalo a verificar: 2025-05-07 15:00:00 - 2025-05-07 23:00:00
2025-05-07 11:08:48,895 - INFO - Prioridad actual: 0
2025-05-07 11:08:48,895 - INFO - 
Obteniendo intervalos para máquina 2501
2025-05-07 11:08:48,895 - INFO - Rango: 2025-05-07 15:00:00 - 2025-05-07 23:00:00
2025-05-07 11:08:48,906 - INFO - No se detectaron conflictos
2025-05-07 11:08:48,907 - INFO - 
Verificando conflictos para máquina 1003
2025-05-07 11:08:48,907 - INFO - Intervalo a verificar: 2025-05-02 07:45:00 - 2025-05-02 15:45:00
2025-05-07 11:08:48,907 - INFO - Prioridad actual: 0
2025-05-07 11:08:48,907 - INFO - 
Obteniendo intervalos para máquina 1003
2025-05-07 11:08:48,908 - INFO - Rango: 2025-05-02 07:45:00 - 2025-05-02 15:45:00
2025-05-07 11:08:48,927 - WARNING - Conflicto detectado con OT 43957
2025-05-07 11:08:48,929 - WARNING - Prioridad del conflicto: 3
2025-05-07 11:08:48,930 - INFO - 
Verificando conflictos para máquina 1201
2025-05-07 11:08:48,931 - INFO - Intervalo a verificar: 2025-05-02 13:30:00 - 2025-05-02 21:30:00
2025-05-07 11:08:48,936 - INFO - Prioridad actual: 0
2025-05-07 11:08:48,983 - INFO - 
Obteniendo intervalos para máquina 1201
2025-05-07 11:08:48,984 - INFO - Rango: 2025-05-02 13:30:00 - 2025-05-02 21:30:00
2025-05-07 11:08:49,011 - INFO - No se detectaron conflictos
2025-05-07 11:08:49,013 - INFO - 
Verificando conflictos para máquina 1313
2025-05-07 11:08:49,013 - INFO - Intervalo a verificar: 2025-05-02 15:00:00 - 2025-05-02 23:00:00
2025-05-07 11:08:49,014 - INFO - Prioridad actual: 0
2025-05-07 11:08:49,014 - INFO - 
Obteniendo intervalos para máquina 1313
2025-05-07 11:08:49,014 - INFO - Rango: 2025-05-02 15:00:00 - 2025-05-02 23:00:00
2025-05-07 11:08:49,111 - INFO - No se detectaron conflictos
2025-05-07 11:08:49,116 - INFO - 
Verificando conflictos para máquina 1313
2025-05-07 11:08:49,117 - INFO - Intervalo a verificar: 2025-05-05 09:00:00 - 2025-05-05 17:00:00
2025-05-07 11:08:49,118 - INFO - Prioridad actual: 0
2025-05-07 11:08:49,118 - INFO - 
Obteniendo intervalos para máquina 1313
2025-05-07 11:08:49,119 - INFO - Rango: 2025-05-05 09:00:00 - 2025-05-05 17:00:00
2025-05-07 11:08:49,192 - INFO - No se detectaron conflictos
2025-05-07 11:08:49,194 - INFO - 
Verificando conflictos para máquina 1601
2025-05-07 11:08:49,195 - INFO - Intervalo a verificar: 2025-05-05 11:00:00 - 2025-05-05 19:00:00
2025-05-07 11:08:49,195 - INFO - Prioridad actual: 0
2025-05-07 11:08:49,196 - INFO - 
Obteniendo intervalos para máquina 1601
2025-05-07 11:08:49,196 - INFO - Rango: 2025-05-05 11:00:00 - 2025-05-05 19:00:00
2025-05-07 11:08:49,319 - INFO - No se detectaron conflictos
2025-05-07 11:08:49,320 - INFO - 
Verificando conflictos para máquina 2006
2025-05-07 11:08:49,320 - INFO - Intervalo a verificar: 2025-05-05 15:00:00 - 2025-05-05 23:00:00
2025-05-07 11:08:49,320 - INFO - Prioridad actual: 0
2025-05-07 11:08:49,320 - INFO - 
Obteniendo intervalos para máquina 2006
2025-05-07 11:08:49,321 - INFO - Rango: 2025-05-05 15:00:00 - 2025-05-05 23:00:00
2025-05-07 11:08:49,328 - INFO - No se detectaron conflictos
2025-05-07 11:08:49,329 - INFO - 
Verificando conflictos para máquina 1205
2025-05-07 11:08:49,329 - INFO - Intervalo a verificar: 2025-05-02 07:45:00 - 2025-05-02 15:45:00
2025-05-07 11:08:49,329 - INFO - Prioridad actual: 0
2025-05-07 11:08:49,329 - INFO - 
Obteniendo intervalos para máquina 1205
2025-05-07 11:08:49,329 - INFO - Rango: 2025-05-02 07:45:00 - 2025-05-02 15:45:00
2025-05-07 11:08:49,370 - WARNING - Conflicto detectado con OT 43949
2025-05-07 11:08:49,371 - WARNING - Prioridad del conflicto: 4
2025-05-07 11:08:49,372 - INFO - 
Verificando conflictos para máquina 1002
2025-05-07 11:08:49,372 - INFO - Intervalo a verificar: 2025-05-05 15:30:00 - 2025-05-05 23:30:00
2025-05-07 11:08:49,372 - INFO - Prioridad actual: 0
2025-05-07 11:08:49,372 - INFO - 
Obteniendo intervalos para máquina 1002
2025-05-07 11:08:49,372 - INFO - Rango: 2025-05-05 15:30:00 - 2025-05-05 23:30:00
2025-05-07 11:08:49,414 - INFO - No se detectaron conflictos
2025-05-07 11:08:49,415 - INFO - 
Verificando conflictos para máquina 1203
2025-05-07 11:08:49,415 - INFO - Intervalo a verificar: 2025-05-06 15:30:00 - 2025-05-06 23:30:00
2025-05-07 11:08:49,416 - INFO - Prioridad actual: 0
2025-05-07 11:08:49,416 - INFO - 
Obteniendo intervalos para máquina 1203
2025-05-07 11:08:49,416 - INFO - Rango: 2025-05-06 15:30:00 - 2025-05-06 23:30:00
2025-05-07 11:08:49,429 - INFO - No se detectaron conflictos
2025-05-07 11:08:49,430 - INFO - 
Verificando conflictos para máquina 1431
2025-05-07 11:08:49,430 - INFO - Intervalo a verificar: 2025-05-06 16:00:00 - 2025-05-07 00:00:00
2025-05-07 11:08:49,430 - INFO - Prioridad actual: 0
2025-05-07 11:08:49,431 - INFO - 
Obteniendo intervalos para máquina 1431
2025-05-07 11:08:49,431 - INFO - Rango: 2025-05-06 16:00:00 - 2025-05-07 00:00:00
2025-05-07 11:08:49,444 - INFO - No se detectaron conflictos
2025-05-07 11:08:49,444 - INFO - 
Verificando conflictos para máquina 1601
2025-05-07 11:08:49,444 - INFO - Intervalo a verificar: 2025-05-06 17:00:00 - 2025-05-07 01:00:00
2025-05-07 11:08:49,445 - INFO - Prioridad actual: 0
2025-05-07 11:08:49,445 - INFO - 
Obteniendo intervalos para máquina 1601
2025-05-07 11:08:49,445 - INFO - Rango: 2025-05-06 17:00:00 - 2025-05-07 01:00:00
2025-05-07 11:08:49,481 - INFO - No se detectaron conflictos
2025-05-07 11:08:49,482 - INFO - 
Verificando conflictos para máquina 2002
2025-05-07 11:08:49,482 - INFO - Intervalo a verificar: 2025-05-06 17:45:00 - 2025-05-07 01:45:00
2025-05-07 11:08:49,482 - INFO - Prioridad actual: 0
2025-05-07 11:08:49,483 - INFO - 
Obteniendo intervalos para máquina 2002
2025-05-07 11:08:49,483 - INFO - Rango: 2025-05-06 17:45:00 - 2025-05-07 01:45:00
2025-05-07 11:08:49,494 - INFO - No se detectaron conflictos
2025-05-07 11:08:49,495 - INFO - 
Verificando conflictos para máquina 1002
2025-05-07 11:08:49,495 - INFO - Intervalo a verificar: 2025-05-05 16:30:00 - 2025-05-06 00:30:00
2025-05-07 11:08:49,495 - INFO - Prioridad actual: 0
2025-05-07 11:08:49,495 - INFO - 
Obteniendo intervalos para máquina 1002
2025-05-07 11:08:49,496 - INFO - Rango: 2025-05-05 16:30:00 - 2025-05-06 00:30:00
2025-05-07 11:08:49,534 - INFO - No se detectaron conflictos
2025-05-07 11:08:49,534 - INFO - 
Verificando conflictos para máquina 1203
2025-05-07 11:08:49,535 - INFO - Intervalo a verificar: 2025-05-06 16:30:00 - 2025-05-07 00:30:00
2025-05-07 11:08:49,535 - INFO - Prioridad actual: 0
2025-05-07 11:08:49,535 - INFO - 
Obteniendo intervalos para máquina 1203
2025-05-07 11:08:49,535 - INFO - Rango: 2025-05-06 16:30:00 - 2025-05-07 00:30:00
2025-05-07 11:08:49,547 - INFO - No se detectaron conflictos
2025-05-07 11:08:49,548 - INFO - 
Verificando conflictos para máquina 1431
2025-05-07 11:08:49,548 - INFO - Intervalo a verificar: 2025-05-06 17:00:00 - 2025-05-07 01:00:00
2025-05-07 11:08:49,548 - INFO - Prioridad actual: 0
2025-05-07 11:08:49,548 - INFO - 
Obteniendo intervalos para máquina 1431
2025-05-07 11:08:49,548 - INFO - Rango: 2025-05-06 17:00:00 - 2025-05-07 01:00:00
2025-05-07 11:08:49,560 - INFO - No se detectaron conflictos
2025-05-07 11:08:49,561 - INFO - 
Verificando conflictos para máquina 1601
2025-05-07 11:08:49,561 - INFO - Intervalo a verificar: 2025-05-06 17:45:00 - 2025-05-07 01:45:00
2025-05-07 11:08:49,561 - INFO - Prioridad actual: 0
2025-05-07 11:08:49,562 - INFO - 
Obteniendo intervalos para máquina 1601
2025-05-07 11:08:49,562 - INFO - Rango: 2025-05-06 17:45:00 - 2025-05-07 01:45:00
2025-05-07 11:08:49,594 - INFO - No se detectaron conflictos
2025-05-07 11:08:49,595 - INFO - 
Verificando conflictos para máquina 2002
2025-05-07 11:08:49,595 - INFO - Intervalo a verificar: 2025-05-07 08:00:00 - 2025-05-07 16:00:00
2025-05-07 11:08:49,595 - INFO - Prioridad actual: 0
2025-05-07 11:08:49,595 - INFO - 
Obteniendo intervalos para máquina 2002
2025-05-07 11:08:49,595 - INFO - Rango: 2025-05-07 08:00:00 - 2025-05-07 16:00:00
2025-05-07 11:08:49,606 - INFO - No se detectaron conflictos
2025-05-07 11:08:49,607 - INFO - 
Verificando conflictos para máquina 1002
2025-05-07 11:08:49,607 - INFO - Intervalo a verificar: 2025-05-05 17:30:00 - 2025-05-06 01:30:00
2025-05-07 11:08:49,608 - INFO - Prioridad actual: 0
2025-05-07 11:08:49,608 - INFO - 
Obteniendo intervalos para máquina 1002
2025-05-07 11:08:49,608 - INFO - Rango: 2025-05-05 17:30:00 - 2025-05-06 01:30:00
2025-05-07 11:08:49,645 - INFO - No se detectaron conflictos
2025-05-07 11:08:49,647 - INFO - 
Verificando conflictos para máquina 1203
2025-05-07 11:08:49,647 - INFO - Intervalo a verificar: 2025-05-06 17:30:00 - 2025-05-07 01:30:00
2025-05-07 11:08:49,647 - INFO - Prioridad actual: 0
2025-05-07 11:08:49,647 - INFO - 
Obteniendo intervalos para máquina 1203
2025-05-07 11:08:49,647 - INFO - Rango: 2025-05-06 17:30:00 - 2025-05-07 01:30:00
2025-05-07 11:08:49,660 - INFO - No se detectaron conflictos
2025-05-07 11:08:49,661 - INFO - 
Verificando conflictos para máquina 1431
2025-05-07 11:08:49,662 - INFO - Intervalo a verificar: 2025-05-06 17:45:00 - 2025-05-07 01:45:00
2025-05-07 11:08:49,662 - INFO - Prioridad actual: 0
2025-05-07 11:08:49,662 - INFO - 
Obteniendo intervalos para máquina 1431
2025-05-07 11:08:49,662 - INFO - Rango: 2025-05-06 17:45:00 - 2025-05-07 01:45:00
2025-05-07 11:08:49,675 - INFO - No se detectaron conflictos
2025-05-07 11:08:49,676 - INFO - 
Verificando conflictos para máquina 1601
2025-05-07 11:08:49,676 - INFO - Intervalo a verificar: 2025-05-07 08:00:00 - 2025-05-07 16:00:00
2025-05-07 11:08:49,676 - INFO - Prioridad actual: 0
2025-05-07 11:08:49,676 - INFO - 
Obteniendo intervalos para máquina 1601
2025-05-07 11:08:49,677 - INFO - Rango: 2025-05-07 08:00:00 - 2025-05-07 16:00:00
2025-05-07 11:08:49,709 - INFO - No se detectaron conflictos
2025-05-07 11:08:49,710 - INFO - 
Verificando conflictos para máquina 2002
2025-05-07 11:08:49,710 - INFO - Intervalo a verificar: 2025-05-07 09:00:00 - 2025-05-07 17:00:00
2025-05-07 11:08:49,710 - INFO - Prioridad actual: 0
2025-05-07 11:08:49,710 - INFO - 
Obteniendo intervalos para máquina 2002
2025-05-07 11:08:49,711 - INFO - Rango: 2025-05-07 09:00:00 - 2025-05-07 17:00:00
2025-05-07 11:08:49,722 - INFO - No se detectaron conflictos
2025-05-07 11:08:49,723 - INFO - 
Verificando conflictos para máquina 1002
2025-05-07 11:08:49,723 - INFO - Intervalo a verificar: 2025-05-06 07:45:00 - 2025-05-06 15:45:00
2025-05-07 11:08:49,723 - INFO - Prioridad actual: 0
2025-05-07 11:08:49,723 - INFO - 
Obteniendo intervalos para máquina 1002
2025-05-07 11:08:49,724 - INFO - Rango: 2025-05-06 07:45:00 - 2025-05-06 15:45:00
2025-05-07 11:08:49,763 - INFO - No se detectaron conflictos
2025-05-07 11:08:49,764 - INFO - 
Verificando conflictos para máquina 1203
2025-05-07 11:08:49,765 - INFO - Intervalo a verificar: 2025-05-07 07:45:00 - 2025-05-07 15:45:00
2025-05-07 11:08:49,765 - INFO - Prioridad actual: 0
2025-05-07 11:08:49,765 - INFO - 
Obteniendo intervalos para máquina 1203
2025-05-07 11:08:49,765 - INFO - Rango: 2025-05-07 07:45:00 - 2025-05-07 15:45:00
2025-05-07 11:08:49,777 - INFO - No se detectaron conflictos
2025-05-07 11:08:49,778 - INFO - 
Verificando conflictos para máquina 1431
2025-05-07 11:08:49,778 - INFO - Intervalo a verificar: 2025-05-07 11:00:00 - 2025-05-07 19:00:00
2025-05-07 11:08:49,778 - INFO - Prioridad actual: 0
2025-05-07 11:08:49,778 - INFO - 
Obteniendo intervalos para máquina 1431
2025-05-07 11:08:49,778 - INFO - Rango: 2025-05-07 11:00:00 - 2025-05-07 19:00:00
2025-05-07 11:08:49,789 - INFO - No se detectaron conflictos
2025-05-07 11:08:49,790 - INFO - 
Verificando conflictos para máquina 1601
2025-05-07 11:08:49,790 - INFO - Intervalo a verificar: 2025-05-07 15:00:00 - 2025-05-07 23:00:00
2025-05-07 11:08:49,790 - INFO - Prioridad actual: 0
2025-05-07 11:08:49,790 - INFO - 
Obteniendo intervalos para máquina 1601
2025-05-07 11:08:49,790 - INFO - Rango: 2025-05-07 15:00:00 - 2025-05-07 23:00:00
2025-05-07 11:08:49,821 - INFO - No se detectaron conflictos
2025-05-07 11:08:49,822 - INFO - 
Verificando conflictos para máquina 2002
2025-05-07 11:08:49,822 - INFO - Intervalo a verificar: 2025-05-08 08:00:00 - 2025-05-08 16:00:00
2025-05-07 11:08:49,823 - INFO - Prioridad actual: 0
2025-05-07 11:08:49,823 - INFO - 
Obteniendo intervalos para máquina 2002
2025-05-07 11:08:49,823 - INFO - Rango: 2025-05-08 08:00:00 - 2025-05-08 16:00:00
2025-05-07 11:08:49,831 - INFO - No se detectaron conflictos
2025-05-07 11:08:49,832 - INFO - 
Verificando conflictos para máquina 1004
2025-05-07 11:08:49,832 - INFO - Intervalo a verificar: 2025-05-02 07:45:00 - 2025-05-02 15:45:00
2025-05-07 11:08:49,832 - INFO - Prioridad actual: 0
2025-05-07 11:08:49,832 - INFO - 
Obteniendo intervalos para máquina 1004
2025-05-07 11:08:49,832 - INFO - Rango: 2025-05-02 07:45:00 - 2025-05-02 15:45:00
2025-05-07 11:08:49,841 - WARNING - Conflicto detectado con OT 43970
2025-05-07 11:08:49,841 - WARNING - Prioridad del conflicto: 9
2025-05-07 11:08:49,841 - INFO - 
Verificando conflictos para máquina 1004
2025-05-07 11:08:49,842 - INFO - Intervalo a verificar: 2025-05-02 13:00:00 - 2025-05-02 21:00:00
2025-05-07 11:08:49,842 - INFO - Prioridad actual: 0
2025-05-07 11:08:49,842 - INFO - 
Obteniendo intervalos para máquina 1004
2025-05-07 11:08:49,842 - INFO - Rango: 2025-05-02 13:00:00 - 2025-05-02 21:00:00
2025-05-07 11:08:49,849 - INFO - No se detectaron conflictos
2025-05-07 11:08:49,851 - INFO - 
Verificando conflictos para máquina 1315
2025-05-07 11:08:49,851 - INFO - Intervalo a verificar: 2025-05-05 15:30:00 - 2025-05-05 23:30:00
2025-05-07 11:08:49,852 - INFO - Prioridad actual: 0
2025-05-07 11:08:49,852 - INFO - 
Obteniendo intervalos para máquina 1315
2025-05-07 11:08:49,852 - INFO - Rango: 2025-05-05 15:30:00 - 2025-05-05 23:30:00
2025-05-07 11:08:49,861 - INFO - No se detectaron conflictos
2025-05-07 11:08:49,862 - INFO - 
Verificando conflictos para máquina 1315
2025-05-07 11:08:49,862 - INFO - Intervalo a verificar: 2025-05-06 10:00:00 - 2025-05-06 18:00:00
2025-05-07 11:08:49,863 - INFO - Prioridad actual: 0
2025-05-07 11:08:49,863 - INFO - 
Obteniendo intervalos para máquina 1315
2025-05-07 11:08:49,863 - INFO - Rango: 2025-05-06 10:00:00 - 2025-05-06 18:00:00
2025-05-07 11:08:49,873 - INFO - No se detectaron conflictos
2025-05-07 11:08:49,874 - INFO - 
Verificando conflictos para máquina 1001
2025-05-07 11:08:49,874 - INFO - Intervalo a verificar: 2025-05-06 15:00:00 - 2025-05-06 23:00:00
2025-05-07 11:08:49,874 - INFO - Prioridad actual: 0
2025-05-07 11:08:49,874 - INFO - 
Obteniendo intervalos para máquina 1001
2025-05-07 11:08:49,874 - INFO - Rango: 2025-05-06 15:00:00 - 2025-05-06 23:00:00
2025-05-07 11:08:49,882 - INFO - No se detectaron conflictos
2025-05-07 11:08:49,883 - INFO - 
Verificando conflictos para máquina 4002
2025-05-07 11:08:49,883 - INFO - Intervalo a verificar: 2025-05-07 09:00:00 - 2025-05-07 17:00:00
2025-05-07 11:08:49,883 - INFO - Prioridad actual: 0
2025-05-07 11:08:49,883 - INFO - 
Obteniendo intervalos para máquina 4002
2025-05-07 11:08:49,883 - INFO - Rango: 2025-05-07 09:00:00 - 2025-05-07 17:00:00
2025-05-07 11:08:49,890 - INFO - No se detectaron conflictos
2025-05-07 11:08:49,891 - INFO - 
Verificando conflictos para máquina 1001
2025-05-07 11:08:49,891 - INFO - Intervalo a verificar: 2025-05-07 13:00:00 - 2025-05-07 21:00:00
2025-05-07 11:08:49,891 - INFO - Prioridad actual: 0
2025-05-07 11:08:49,891 - INFO - 
Obteniendo intervalos para máquina 1001
2025-05-07 11:08:49,891 - INFO - Rango: 2025-05-07 13:00:00 - 2025-05-07 21:00:00
2025-05-07 11:08:49,899 - INFO - No se detectaron conflictos
2025-05-07 11:08:49,900 - INFO - 
Verificando conflictos para máquina 4002
2025-05-07 11:08:49,900 - INFO - Intervalo a verificar: 2025-05-07 17:45:00 - 2025-05-08 01:45:00
2025-05-07 11:08:49,900 - INFO - Prioridad actual: 0
2025-05-07 11:08:49,901 - INFO - 
Obteniendo intervalos para máquina 4002
2025-05-07 11:08:49,901 - INFO - Rango: 2025-05-07 17:45:00 - 2025-05-08 01:45:00
2025-05-07 11:08:49,907 - INFO - No se detectaron conflictos
2025-05-07 11:08:49,908 - INFO - 
Verificando conflictos para máquina 1205
2025-05-07 11:08:49,908 - INFO - Intervalo a verificar: 2025-05-08 12:00:00 - 2025-05-08 20:00:00
2025-05-07 11:08:49,908 - INFO - Prioridad actual: 0
2025-05-07 11:08:49,908 - INFO - 
Obteniendo intervalos para máquina 1205
2025-05-07 11:08:49,908 - INFO - Rango: 2025-05-08 12:00:00 - 2025-05-08 20:00:00
2025-05-07 11:08:49,928 - INFO - No se detectaron conflictos
2025-05-07 11:08:49,928 - INFO - 
Verificando conflictos para máquina 3421
2025-05-07 11:08:49,929 - INFO - Intervalo a verificar: 2025-05-08 17:00:00 - 2025-05-09 01:00:00
2025-05-07 11:08:49,929 - INFO - Prioridad actual: 0
2025-05-07 11:08:49,929 - INFO - 
Obteniendo intervalos para máquina 3421
2025-05-07 11:08:49,929 - INFO - Rango: 2025-05-08 17:00:00 - 2025-05-09 01:00:00
2025-05-07 11:08:49,941 - INFO - No se detectaron conflictos
