2025-05-07 12:19:18,962 - INFO - 
Verificando conflictos para máquina 1002
2025-05-07 12:19:18,963 - INFO - Intervalo a verificar: 2025-05-02 07:45:00 - 2025-05-02 15:45:00
2025-05-07 12:19:18,963 - INFO - Prioridad actual: 0
2025-05-07 12:19:18,964 - INFO - 
Obteniendo intervalos para máquina 1002
2025-05-07 12:19:18,964 - INFO - Rango: 2025-05-02 07:45:00 - 2025-05-02 15:45:00
2025-05-07 12:19:19,087 - WARNING - Conflicto detectado con OT 43952
2025-05-07 12:19:19,087 - WARNING - Prioridad del conflicto: 1
2025-05-07 12:19:19,088 - INFO - 
Verificando conflictos para máquina 1201
2025-05-07 12:19:19,093 - INFO - Intervalo a verificar: 2025-05-02 12:00:00 - 2025-05-02 20:00:00
2025-05-07 12:19:19,093 - INFO - Prioridad actual: 0
2025-05-07 12:19:19,093 - INFO - 
Obteniendo intervalos para máquina 1201
2025-05-07 12:19:19,093 - INFO - Rango: 2025-05-02 12:00:00 - 2025-05-02 20:00:00
2025-05-07 12:19:19,113 - INFO - No se detectaron conflictos
2025-05-07 12:19:19,114 - INFO - 
Verificando conflictos para máquina 1312
2025-05-07 12:19:19,114 - INFO - Intervalo a verificar: 2025-05-02 13:00:00 - 2025-05-02 21:00:00
2025-05-07 12:19:19,115 - INFO - Prioridad actual: 0
2025-05-07 12:19:19,115 - INFO - 
Obteniendo intervalos para máquina 1312
2025-05-07 12:19:19,115 - INFO - Rango: 2025-05-02 13:00:00 - 2025-05-02 21:00:00
2025-05-07 12:19:19,128 - INFO - No se detectaron conflictos
2025-05-07 12:19:19,129 - INFO - 
Verificando conflictos para máquina 1315
2025-05-07 12:19:19,129 - INFO - Intervalo a verificar: 2025-05-05 08:00:00 - 2025-05-05 16:00:00
2025-05-07 12:19:19,129 - INFO - Prioridad actual: 0
2025-05-07 12:19:19,130 - INFO - 
Obteniendo intervalos para máquina 1315
2025-05-07 12:19:19,130 - INFO - Rango: 2025-05-05 08:00:00 - 2025-05-05 16:00:00
2025-05-07 12:19:19,145 - INFO - No se detectaron conflictos
2025-05-07 12:19:19,146 - INFO - 
Verificando conflictos para máquina 1315
2025-05-07 12:19:19,146 - INFO - Intervalo a verificar: 2025-05-05 11:00:00 - 2025-05-05 19:00:00
2025-05-07 12:19:19,147 - INFO - Prioridad actual: 0
2025-05-07 12:19:19,147 - INFO - 
Obteniendo intervalos para máquina 1315
2025-05-07 12:19:19,147 - INFO - Rango: 2025-05-05 11:00:00 - 2025-05-05 19:00:00
2025-05-07 12:19:19,163 - INFO - No se detectaron conflictos
2025-05-07 12:19:19,164 - INFO - 
Verificando conflictos para máquina 1204
2025-05-07 12:19:19,164 - INFO - Intervalo a verificar: 2025-05-05 15:00:00 - 2025-05-05 23:00:00
2025-05-07 12:19:19,164 - INFO - Prioridad actual: 0
2025-05-07 12:19:19,164 - INFO - 
Obteniendo intervalos para máquina 1204
2025-05-07 12:19:19,164 - INFO - Rango: 2025-05-05 15:00:00 - 2025-05-05 23:00:00
2025-05-07 12:19:19,187 - INFO - No se detectaron conflictos
2025-05-07 12:19:19,189 - INFO - 
Verificando conflictos para máquina 1002
2025-05-07 12:19:19,189 - INFO - Intervalo a verificar: 2025-05-02 12:30:00 - 2025-05-02 20:30:00
2025-05-07 12:19:19,189 - INFO - Prioridad actual: 0
2025-05-07 12:19:19,189 - INFO - 
Obteniendo intervalos para máquina 1002
2025-05-07 12:19:19,189 - INFO - Rango: 2025-05-02 12:30:00 - 2025-05-02 20:30:00
2025-05-07 12:19:19,296 - WARNING - Conflicto detectado con OT 43951
2025-05-07 12:19:19,297 - WARNING - Prioridad del conflicto: 2
2025-05-07 12:19:19,297 - INFO - 
Verificando conflictos para máquina 1203
2025-05-07 12:19:19,298 - INFO - Intervalo a verificar: 2025-05-05 15:00:00 - 2025-05-05 23:00:00
2025-05-07 12:19:19,298 - INFO - Prioridad actual: 0
2025-05-07 12:19:19,298 - INFO - 
Obteniendo intervalos para máquina 1203
2025-05-07 12:19:19,298 - INFO - Rango: 2025-05-05 15:00:00 - 2025-05-05 23:00:00
2025-05-07 12:19:19,314 - INFO - No se detectaron conflictos
2025-05-07 12:19:19,315 - INFO - 
Verificando conflictos para máquina 1314
2025-05-07 12:19:19,315 - INFO - Intervalo a verificar: 2025-05-06 15:00:00 - 2025-05-06 23:00:00
2025-05-07 12:19:19,315 - INFO - Prioridad actual: 0
2025-05-07 12:19:19,315 - INFO - 
Obteniendo intervalos para máquina 1314
2025-05-07 12:19:19,316 - INFO - Rango: 2025-05-06 15:00:00 - 2025-05-06 23:00:00
2025-05-07 12:19:19,324 - INFO - No se detectaron conflictos
2025-05-07 12:19:19,326 - INFO - 
Verificando conflictos para máquina 2501
2025-05-07 12:19:19,327 - INFO - Intervalo a verificar: 2025-05-07 15:00:00 - 2025-05-07 23:00:00
2025-05-07 12:19:19,327 - INFO - Prioridad actual: 0
2025-05-07 12:19:19,327 - INFO - 
Obteniendo intervalos para máquina 2501
2025-05-07 12:19:19,327 - INFO - Rango: 2025-05-07 15:00:00 - 2025-05-07 23:00:00
2025-05-07 12:19:19,337 - INFO - No se detectaron conflictos
2025-05-07 12:19:19,338 - INFO - 
Verificando conflictos para máquina 1003
2025-05-07 12:19:19,338 - INFO - Intervalo a verificar: 2025-05-02 07:45:00 - 2025-05-02 15:45:00
2025-05-07 12:19:19,338 - INFO - Prioridad actual: 0
2025-05-07 12:19:19,338 - INFO - 
Obteniendo intervalos para máquina 1003
2025-05-07 12:19:19,338 - INFO - Rango: 2025-05-02 07:45:00 - 2025-05-02 15:45:00
2025-05-07 12:19:19,350 - WARNING - Conflicto detectado con OT 43957
2025-05-07 12:19:19,350 - WARNING - Prioridad del conflicto: 3
2025-05-07 12:19:19,351 - INFO - 
Verificando conflictos para máquina 1201
2025-05-07 12:19:19,351 - INFO - Intervalo a verificar: 2025-05-02 13:30:00 - 2025-05-02 21:30:00
2025-05-07 12:19:19,351 - INFO - Prioridad actual: 0
2025-05-07 12:19:19,351 - INFO - 
Obteniendo intervalos para máquina 1201
2025-05-07 12:19:19,351 - INFO - Rango: 2025-05-02 13:30:00 - 2025-05-02 21:30:00
2025-05-07 12:19:19,369 - INFO - No se detectaron conflictos
2025-05-07 12:19:19,371 - INFO - 
Verificando conflictos para máquina 1313
2025-05-07 12:19:19,371 - INFO - Intervalo a verificar: 2025-05-02 15:00:00 - 2025-05-02 23:00:00
2025-05-07 12:19:19,371 - INFO - Prioridad actual: 0
2025-05-07 12:19:19,371 - INFO - 
Obteniendo intervalos para máquina 1313
2025-05-07 12:19:19,371 - INFO - Rango: 2025-05-02 15:00:00 - 2025-05-02 23:00:00
2025-05-07 12:19:19,428 - INFO - No se detectaron conflictos
2025-05-07 12:19:19,429 - INFO - 
Verificando conflictos para máquina 1313
2025-05-07 12:19:19,429 - INFO - Intervalo a verificar: 2025-05-05 09:00:00 - 2025-05-05 17:00:00
2025-05-07 12:19:19,429 - INFO - Prioridad actual: 0
2025-05-07 12:19:19,429 - INFO - 
Obteniendo intervalos para máquina 1313
2025-05-07 12:19:19,429 - INFO - Rango: 2025-05-05 09:00:00 - 2025-05-05 17:00:00
2025-05-07 12:19:19,522 - INFO - No se detectaron conflictos
2025-05-07 12:19:19,523 - INFO - 
Verificando conflictos para máquina 1601
2025-05-07 12:19:19,523 - INFO - Intervalo a verificar: 2025-05-05 11:00:00 - 2025-05-05 19:00:00
2025-05-07 12:19:19,532 - INFO - Prioridad actual: 0
2025-05-07 12:19:19,532 - INFO - 
Obteniendo intervalos para máquina 1601
2025-05-07 12:19:19,532 - INFO - Rango: 2025-05-05 11:00:00 - 2025-05-05 19:00:00
2025-05-07 12:19:19,631 - INFO - No se detectaron conflictos
2025-05-07 12:19:19,632 - INFO - 
Verificando conflictos para máquina 2006
2025-05-07 12:19:19,632 - INFO - Intervalo a verificar: 2025-05-05 15:00:00 - 2025-05-05 23:00:00
2025-05-07 12:19:19,633 - INFO - Prioridad actual: 0
2025-05-07 12:19:19,633 - INFO - 
Obteniendo intervalos para máquina 2006
2025-05-07 12:19:19,633 - INFO - Rango: 2025-05-05 15:00:00 - 2025-05-05 23:00:00
2025-05-07 12:19:19,649 - INFO - No se detectaron conflictos
2025-05-07 12:19:19,650 - INFO - 
Verificando conflictos para máquina 1205
2025-05-07 12:19:19,650 - INFO - Intervalo a verificar: 2025-05-02 07:45:00 - 2025-05-02 15:45:00
2025-05-07 12:19:19,650 - INFO - Prioridad actual: 0
2025-05-07 12:19:19,650 - INFO - 
Obteniendo intervalos para máquina 1205
2025-05-07 12:19:19,650 - INFO - Rango: 2025-05-02 07:45:00 - 2025-05-02 15:45:00
2025-05-07 12:19:19,704 - WARNING - Conflicto detectado con OT 43949
2025-05-07 12:19:19,704 - WARNING - Prioridad del conflicto: 4
2025-05-07 12:19:19,705 - INFO - 
Verificando conflictos para máquina 1002
2025-05-07 12:19:19,705 - INFO - Intervalo a verificar: 2025-05-05 15:30:00 - 2025-05-05 23:30:00
2025-05-07 12:19:19,705 - INFO - Prioridad actual: 0
2025-05-07 12:19:19,705 - INFO - 
Obteniendo intervalos para máquina 1002
2025-05-07 12:19:19,705 - INFO - Rango: 2025-05-05 15:30:00 - 2025-05-05 23:30:00
2025-05-07 12:19:19,754 - INFO - No se detectaron conflictos
2025-05-07 12:19:19,755 - INFO - 
Verificando conflictos para máquina 1203
2025-05-07 12:19:19,755 - INFO - Intervalo a verificar: 2025-05-06 15:30:00 - 2025-05-06 23:30:00
2025-05-07 12:19:19,755 - INFO - Prioridad actual: 0
2025-05-07 12:19:19,755 - INFO - 
Obteniendo intervalos para máquina 1203
2025-05-07 12:19:19,755 - INFO - Rango: 2025-05-06 15:30:00 - 2025-05-06 23:30:00
2025-05-07 12:19:19,771 - INFO - No se detectaron conflictos
2025-05-07 12:19:19,772 - INFO - 
Verificando conflictos para máquina 1431
2025-05-07 12:19:19,772 - INFO - Intervalo a verificar: 2025-05-06 16:00:00 - 2025-05-07 00:00:00
2025-05-07 12:19:19,772 - INFO - Prioridad actual: 0
2025-05-07 12:19:19,772 - INFO - 
Obteniendo intervalos para máquina 1431
2025-05-07 12:19:19,772 - INFO - Rango: 2025-05-06 16:00:00 - 2025-05-07 00:00:00
2025-05-07 12:19:19,790 - INFO - No se detectaron conflictos
2025-05-07 12:19:19,794 - INFO - 
Verificando conflictos para máquina 1601
2025-05-07 12:19:19,794 - INFO - Intervalo a verificar: 2025-05-06 17:00:00 - 2025-05-07 01:00:00
2025-05-07 12:19:19,794 - INFO - Prioridad actual: 0
2025-05-07 12:19:19,794 - INFO - 
Obteniendo intervalos para máquina 1601
2025-05-07 12:19:19,795 - INFO - Rango: 2025-05-06 17:00:00 - 2025-05-07 01:00:00
2025-05-07 12:19:19,864 - INFO - No se detectaron conflictos
2025-05-07 12:19:19,865 - INFO - 
Verificando conflictos para máquina 2002
2025-05-07 12:19:19,865 - INFO - Intervalo a verificar: 2025-05-06 17:45:00 - 2025-05-07 01:45:00
2025-05-07 12:19:19,865 - INFO - Prioridad actual: 0
2025-05-07 12:19:19,865 - INFO - 
Obteniendo intervalos para máquina 2002
2025-05-07 12:19:19,865 - INFO - Rango: 2025-05-06 17:45:00 - 2025-05-07 01:45:00
2025-05-07 12:19:19,881 - INFO - No se detectaron conflictos
2025-05-07 12:19:19,882 - INFO - 
Verificando conflictos para máquina 1002
2025-05-07 12:19:19,882 - INFO - Intervalo a verificar: 2025-05-05 16:30:00 - 2025-05-06 00:30:00
2025-05-07 12:19:19,882 - INFO - Prioridad actual: 0
2025-05-07 12:19:19,882 - INFO - 
Obteniendo intervalos para máquina 1002
2025-05-07 12:19:19,882 - INFO - Rango: 2025-05-05 16:30:00 - 2025-05-06 00:30:00
2025-05-07 12:19:19,946 - INFO - No se detectaron conflictos
2025-05-07 12:19:19,947 - INFO - 
Verificando conflictos para máquina 1203
2025-05-07 12:19:19,947 - INFO - Intervalo a verificar: 2025-05-06 16:30:00 - 2025-05-07 00:30:00
2025-05-07 12:19:19,948 - INFO - Prioridad actual: 0
2025-05-07 12:19:19,948 - INFO - 
Obteniendo intervalos para máquina 1203
2025-05-07 12:19:19,948 - INFO - Rango: 2025-05-06 16:30:00 - 2025-05-07 00:30:00
2025-05-07 12:19:19,970 - INFO - No se detectaron conflictos
2025-05-07 12:19:19,971 - INFO - 
Verificando conflictos para máquina 1431
2025-05-07 12:19:19,971 - INFO - Intervalo a verificar: 2025-05-06 17:00:00 - 2025-05-07 01:00:00
2025-05-07 12:19:19,971 - INFO - Prioridad actual: 0
2025-05-07 12:19:19,971 - INFO - 
Obteniendo intervalos para máquina 1431
2025-05-07 12:19:19,972 - INFO - Rango: 2025-05-06 17:00:00 - 2025-05-07 01:00:00
2025-05-07 12:19:19,994 - INFO - No se detectaron conflictos
2025-05-07 12:19:19,995 - INFO - 
Verificando conflictos para máquina 1601
2025-05-07 12:19:19,996 - INFO - Intervalo a verificar: 2025-05-06 17:45:00 - 2025-05-07 01:45:00
2025-05-07 12:19:19,996 - INFO - Prioridad actual: 0
2025-05-07 12:19:19,996 - INFO - 
Obteniendo intervalos para máquina 1601
2025-05-07 12:19:19,996 - INFO - Rango: 2025-05-06 17:45:00 - 2025-05-07 01:45:00
2025-05-07 12:19:20,050 - INFO - No se detectaron conflictos
2025-05-07 12:19:20,051 - INFO - 
Verificando conflictos para máquina 2002
2025-05-07 12:19:20,051 - INFO - Intervalo a verificar: 2025-05-07 08:00:00 - 2025-05-07 16:00:00
2025-05-07 12:19:20,051 - INFO - Prioridad actual: 0
2025-05-07 12:19:20,051 - INFO - 
Obteniendo intervalos para máquina 2002
2025-05-07 12:19:20,051 - INFO - Rango: 2025-05-07 08:00:00 - 2025-05-07 16:00:00
2025-05-07 12:19:20,069 - INFO - No se detectaron conflictos
2025-05-07 12:19:20,070 - INFO - 
Verificando conflictos para máquina 1002
2025-05-07 12:19:20,070 - INFO - Intervalo a verificar: 2025-05-05 17:30:00 - 2025-05-06 01:30:00
2025-05-07 12:19:20,070 - INFO - Prioridad actual: 0
2025-05-07 12:19:20,070 - INFO - 
Obteniendo intervalos para máquina 1002
2025-05-07 12:19:20,070 - INFO - Rango: 2025-05-05 17:30:00 - 2025-05-06 01:30:00
2025-05-07 12:19:20,145 - INFO - No se detectaron conflictos
2025-05-07 12:19:20,146 - INFO - 
Verificando conflictos para máquina 1203
2025-05-07 12:19:20,146 - INFO - Intervalo a verificar: 2025-05-06 17:30:00 - 2025-05-07 01:30:00
2025-05-07 12:19:20,146 - INFO - Prioridad actual: 0
2025-05-07 12:19:20,146 - INFO - 
Obteniendo intervalos para máquina 1203
2025-05-07 12:19:20,146 - INFO - Rango: 2025-05-06 17:30:00 - 2025-05-07 01:30:00
2025-05-07 12:19:20,167 - INFO - No se detectaron conflictos
2025-05-07 12:19:20,169 - INFO - 
Verificando conflictos para máquina 1431
2025-05-07 12:19:20,169 - INFO - Intervalo a verificar: 2025-05-06 17:45:00 - 2025-05-07 01:45:00
2025-05-07 12:19:20,169 - INFO - Prioridad actual: 0
2025-05-07 12:19:20,169 - INFO - 
Obteniendo intervalos para máquina 1431
2025-05-07 12:19:20,170 - INFO - Rango: 2025-05-06 17:45:00 - 2025-05-07 01:45:00
2025-05-07 12:19:20,188 - INFO - No se detectaron conflictos
2025-05-07 12:19:20,189 - INFO - 
Verificando conflictos para máquina 1601
2025-05-07 12:19:20,189 - INFO - Intervalo a verificar: 2025-05-07 08:00:00 - 2025-05-07 16:00:00
2025-05-07 12:19:20,189 - INFO - Prioridad actual: 0
2025-05-07 12:19:20,190 - INFO - 
Obteniendo intervalos para máquina 1601
2025-05-07 12:19:20,190 - INFO - Rango: 2025-05-07 08:00:00 - 2025-05-07 16:00:00
2025-05-07 12:19:20,251 - INFO - No se detectaron conflictos
2025-05-07 12:19:20,252 - INFO - 
Verificando conflictos para máquina 2002
2025-05-07 12:19:20,252 - INFO - Intervalo a verificar: 2025-05-07 09:00:00 - 2025-05-07 17:00:00
2025-05-07 12:19:20,252 - INFO - Prioridad actual: 0
2025-05-07 12:19:20,252 - INFO - 
Obteniendo intervalos para máquina 2002
2025-05-07 12:19:20,252 - INFO - Rango: 2025-05-07 09:00:00 - 2025-05-07 17:00:00
2025-05-07 12:19:20,270 - INFO - No se detectaron conflictos
2025-05-07 12:19:20,271 - INFO - 
Verificando conflictos para máquina 1002
2025-05-07 12:19:20,271 - INFO - Intervalo a verificar: 2025-05-06 07:45:00 - 2025-05-06 15:45:00
2025-05-07 12:19:20,271 - INFO - Prioridad actual: 0
2025-05-07 12:19:20,271 - INFO - 
Obteniendo intervalos para máquina 1002
2025-05-07 12:19:20,271 - INFO - Rango: 2025-05-06 07:45:00 - 2025-05-06 15:45:00
2025-05-07 12:19:20,332 - INFO - No se detectaron conflictos
2025-05-07 12:19:20,333 - INFO - 
Verificando conflictos para máquina 1203
2025-05-07 12:19:20,333 - INFO - Intervalo a verificar: 2025-05-07 07:45:00 - 2025-05-07 15:45:00
2025-05-07 12:19:20,333 - INFO - Prioridad actual: 0
2025-05-07 12:19:20,333 - INFO - 
Obteniendo intervalos para máquina 1203
2025-05-07 12:19:20,334 - INFO - Rango: 2025-05-07 07:45:00 - 2025-05-07 15:45:00
2025-05-07 12:19:20,350 - INFO - No se detectaron conflictos
2025-05-07 12:19:20,351 - INFO - 
Verificando conflictos para máquina 1431
2025-05-07 12:19:20,351 - INFO - Intervalo a verificar: 2025-05-07 11:00:00 - 2025-05-07 19:00:00
2025-05-07 12:19:20,351 - INFO - Prioridad actual: 0
2025-05-07 12:19:20,351 - INFO - 
Obteniendo intervalos para máquina 1431
2025-05-07 12:19:20,351 - INFO - Rango: 2025-05-07 11:00:00 - 2025-05-07 19:00:00
2025-05-07 12:19:20,369 - INFO - No se detectaron conflictos
2025-05-07 12:19:20,370 - INFO - 
Verificando conflictos para máquina 1601
2025-05-07 12:19:20,370 - INFO - Intervalo a verificar: 2025-05-07 15:00:00 - 2025-05-07 23:00:00
2025-05-07 12:19:20,370 - INFO - Prioridad actual: 0
2025-05-07 12:19:20,370 - INFO - 
Obteniendo intervalos para máquina 1601
2025-05-07 12:19:20,371 - INFO - Rango: 2025-05-07 15:00:00 - 2025-05-07 23:00:00
2025-05-07 12:19:20,419 - INFO - No se detectaron conflictos
2025-05-07 12:19:20,421 - INFO - 
Verificando conflictos para máquina 2002
2025-05-07 12:19:20,421 - INFO - Intervalo a verificar: 2025-05-08 08:00:00 - 2025-05-08 16:00:00
2025-05-07 12:19:20,421 - INFO - Prioridad actual: 0
2025-05-07 12:19:20,421 - INFO - 
Obteniendo intervalos para máquina 2002
2025-05-07 12:19:20,421 - INFO - Rango: 2025-05-08 08:00:00 - 2025-05-08 16:00:00
2025-05-07 12:19:20,437 - INFO - No se detectaron conflictos
2025-05-07 12:19:20,438 - INFO - 
Verificando conflictos para máquina 1004
2025-05-07 12:19:20,438 - INFO - Intervalo a verificar: 2025-05-02 07:45:00 - 2025-05-02 15:45:00
2025-05-07 12:19:20,438 - INFO - Prioridad actual: 0
2025-05-07 12:19:20,438 - INFO - 
Obteniendo intervalos para máquina 1004
2025-05-07 12:19:20,438 - INFO - Rango: 2025-05-02 07:45:00 - 2025-05-02 15:45:00
2025-05-07 12:19:20,451 - WARNING - Conflicto detectado con OT 43970
2025-05-07 12:19:20,451 - WARNING - Prioridad del conflicto: 9
2025-05-07 12:19:20,452 - INFO - 
Verificando conflictos para máquina 1004
2025-05-07 12:19:20,452 - INFO - Intervalo a verificar: 2025-05-02 13:00:00 - 2025-05-02 21:00:00
2025-05-07 12:19:20,452 - INFO - Prioridad actual: 0
2025-05-07 12:19:20,452 - INFO - 
Obteniendo intervalos para máquina 1004
2025-05-07 12:19:20,452 - INFO - Rango: 2025-05-02 13:00:00 - 2025-05-02 21:00:00
2025-05-07 12:19:20,466 - INFO - No se detectaron conflictos
2025-05-07 12:19:20,467 - INFO - 
Verificando conflictos para máquina 1315
2025-05-07 12:19:20,467 - INFO - Intervalo a verificar: 2025-05-05 15:30:00 - 2025-05-05 23:30:00
2025-05-07 12:19:20,467 - INFO - Prioridad actual: 0
2025-05-07 12:19:20,467 - INFO - 
Obteniendo intervalos para máquina 1315
2025-05-07 12:19:20,467 - INFO - Rango: 2025-05-05 15:30:00 - 2025-05-05 23:30:00
2025-05-07 12:19:20,480 - INFO - No se detectaron conflictos
2025-05-07 12:19:20,481 - INFO - 
Verificando conflictos para máquina 1315
2025-05-07 12:19:20,481 - INFO - Intervalo a verificar: 2025-05-06 10:00:00 - 2025-05-06 18:00:00
2025-05-07 12:19:20,481 - INFO - Prioridad actual: 0
2025-05-07 12:19:20,481 - INFO - 
Obteniendo intervalos para máquina 1315
2025-05-07 12:19:20,482 - INFO - Rango: 2025-05-06 10:00:00 - 2025-05-06 18:00:00
2025-05-07 12:19:20,496 - INFO - No se detectaron conflictos
2025-05-07 12:19:20,496 - INFO - 
Verificando conflictos para máquina 1001
2025-05-07 12:19:20,497 - INFO - Intervalo a verificar: 2025-05-06 15:00:00 - 2025-05-06 23:00:00
2025-05-07 12:19:20,497 - INFO - Prioridad actual: 0
2025-05-07 12:19:20,497 - INFO - 
Obteniendo intervalos para máquina 1001
2025-05-07 12:19:20,497 - INFO - Rango: 2025-05-06 15:00:00 - 2025-05-06 23:00:00
2025-05-07 12:19:20,513 - INFO - No se detectaron conflictos
2025-05-07 12:19:20,514 - INFO - 
Verificando conflictos para máquina 4002
2025-05-07 12:19:20,514 - INFO - Intervalo a verificar: 2025-05-07 09:00:00 - 2025-05-07 17:00:00
2025-05-07 12:19:20,514 - INFO - Prioridad actual: 0
2025-05-07 12:19:20,514 - INFO - 
Obteniendo intervalos para máquina 4002
2025-05-07 12:19:20,515 - INFO - Rango: 2025-05-07 09:00:00 - 2025-05-07 17:00:00
2025-05-07 12:19:20,520 - INFO - No se detectaron conflictos
2025-05-07 12:19:20,522 - INFO - 
Verificando conflictos para máquina 1001
2025-05-07 12:19:20,522 - INFO - Intervalo a verificar: 2025-05-07 13:00:00 - 2025-05-07 21:00:00
2025-05-07 12:19:20,522 - INFO - Prioridad actual: 0
2025-05-07 12:19:20,522 - INFO - 
Obteniendo intervalos para máquina 1001
2025-05-07 12:19:20,522 - INFO - Rango: 2025-05-07 13:00:00 - 2025-05-07 21:00:00
2025-05-07 12:19:20,536 - INFO - No se detectaron conflictos
2025-05-07 12:19:20,537 - INFO - 
Verificando conflictos para máquina 4002
2025-05-07 12:19:20,537 - INFO - Intervalo a verificar: 2025-05-07 17:45:00 - 2025-05-08 01:45:00
2025-05-07 12:19:20,537 - INFO - Prioridad actual: 0
2025-05-07 12:19:20,537 - INFO - 
Obteniendo intervalos para máquina 4002
2025-05-07 12:19:20,538 - INFO - Rango: 2025-05-07 17:45:00 - 2025-05-08 01:45:00
2025-05-07 12:19:20,546 - INFO - No se detectaron conflictos
2025-05-07 12:19:20,546 - INFO - 
Verificando conflictos para máquina 1205
2025-05-07 12:19:20,547 - INFO - Intervalo a verificar: 2025-05-08 12:00:00 - 2025-05-08 20:00:00
2025-05-07 12:19:20,547 - INFO - Prioridad actual: 0
2025-05-07 12:19:20,547 - INFO - 
Obteniendo intervalos para máquina 1205
2025-05-07 12:19:20,547 - INFO - Rango: 2025-05-08 12:00:00 - 2025-05-08 20:00:00
2025-05-07 12:19:20,575 - INFO - No se detectaron conflictos
2025-05-07 12:19:20,577 - INFO - 
Verificando conflictos para máquina 3421
2025-05-07 12:19:20,578 - INFO - Intervalo a verificar: 2025-05-08 17:00:00 - 2025-05-09 01:00:00
2025-05-07 12:19:20,578 - INFO - Prioridad actual: 0
2025-05-07 12:19:20,578 - INFO - 
Obteniendo intervalos para máquina 3421
2025-05-07 12:19:20,578 - INFO - Rango: 2025-05-08 17:00:00 - 2025-05-09 01:00:00
2025-05-07 12:19:20,597 - INFO - No se detectaron conflictos
2025-05-07 12:19:20,790 - INFO - 
Verificando conflictos para máquina 1002
2025-05-07 12:19:20,790 - INFO - Intervalo a verificar: 2025-05-02 07:45:00 - 2025-05-02 15:45:00
2025-05-07 12:19:20,790 - INFO - Prioridad actual: 0
2025-05-07 12:19:20,791 - INFO - 
Obteniendo intervalos para máquina 1002
2025-05-07 12:19:20,791 - INFO - Rango: 2025-05-02 07:45:00 - 2025-05-02 15:45:00
2025-05-07 12:19:20,846 - WARNING - Conflicto detectado con OT 43952
2025-05-07 12:19:20,846 - WARNING - Prioridad del conflicto: 1
2025-05-07 12:19:20,847 - INFO - 
Verificando conflictos para máquina 1201
2025-05-07 12:19:20,847 - INFO - Intervalo a verificar: 2025-05-02 12:00:00 - 2025-05-02 20:00:00
2025-05-07 12:19:20,847 - INFO - Prioridad actual: 0
2025-05-07 12:19:20,847 - INFO - 
Obteniendo intervalos para máquina 1201
2025-05-07 12:19:20,847 - INFO - Rango: 2025-05-02 12:00:00 - 2025-05-02 20:00:00
2025-05-07 12:19:20,861 - INFO - No se detectaron conflictos
2025-05-07 12:19:20,862 - INFO - 
Verificando conflictos para máquina 1312
2025-05-07 12:19:20,862 - INFO - Intervalo a verificar: 2025-05-02 13:00:00 - 2025-05-02 21:00:00
2025-05-07 12:19:20,862 - INFO - Prioridad actual: 0
2025-05-07 12:19:20,862 - INFO - 
Obteniendo intervalos para máquina 1312
2025-05-07 12:19:20,862 - INFO - Rango: 2025-05-02 13:00:00 - 2025-05-02 21:00:00
2025-05-07 12:19:20,869 - INFO - No se detectaron conflictos
2025-05-07 12:19:20,869 - INFO - 
Verificando conflictos para máquina 1315
2025-05-07 12:19:20,870 - INFO - Intervalo a verificar: 2025-05-05 08:00:00 - 2025-05-05 16:00:00
2025-05-07 12:19:20,870 - INFO - Prioridad actual: 0
2025-05-07 12:19:20,870 - INFO - 
Obteniendo intervalos para máquina 1315
2025-05-07 12:19:20,870 - INFO - Rango: 2025-05-05 08:00:00 - 2025-05-05 16:00:00
2025-05-07 12:19:20,881 - INFO - No se detectaron conflictos
2025-05-07 12:19:20,882 - INFO - 
Verificando conflictos para máquina 1315
2025-05-07 12:19:20,882 - INFO - Intervalo a verificar: 2025-05-05 11:00:00 - 2025-05-05 19:00:00
2025-05-07 12:19:20,882 - INFO - Prioridad actual: 0
2025-05-07 12:19:20,882 - INFO - 
Obteniendo intervalos para máquina 1315
2025-05-07 12:19:20,882 - INFO - Rango: 2025-05-05 11:00:00 - 2025-05-05 19:00:00
2025-05-07 12:19:20,892 - INFO - No se detectaron conflictos
2025-05-07 12:19:20,895 - INFO - 
Verificando conflictos para máquina 1204
2025-05-07 12:19:20,895 - INFO - Intervalo a verificar: 2025-05-05 15:00:00 - 2025-05-05 23:00:00
2025-05-07 12:19:20,895 - INFO - Prioridad actual: 0
2025-05-07 12:19:20,895 - INFO - 
Obteniendo intervalos para máquina 1204
2025-05-07 12:19:20,896 - INFO - Rango: 2025-05-05 15:00:00 - 2025-05-05 23:00:00
2025-05-07 12:19:20,908 - INFO - No se detectaron conflictos
2025-05-07 12:19:20,910 - INFO - 
Verificando conflictos para máquina 1002
2025-05-07 12:19:20,911 - INFO - Intervalo a verificar: 2025-05-02 12:30:00 - 2025-05-02 20:30:00
2025-05-07 12:19:20,911 - INFO - Prioridad actual: 0
2025-05-07 12:19:20,911 - INFO - 
Obteniendo intervalos para máquina 1002
2025-05-07 12:19:20,911 - INFO - Rango: 2025-05-02 12:30:00 - 2025-05-02 20:30:00
2025-05-07 12:19:20,957 - WARNING - Conflicto detectado con OT 43951
2025-05-07 12:19:20,957 - WARNING - Prioridad del conflicto: 2
2025-05-07 12:19:20,959 - INFO - 
Verificando conflictos para máquina 1203
2025-05-07 12:19:20,960 - INFO - Intervalo a verificar: 2025-05-05 15:00:00 - 2025-05-05 23:00:00
2025-05-07 12:19:20,960 - INFO - Prioridad actual: 0
2025-05-07 12:19:20,961 - INFO - 
Obteniendo intervalos para máquina 1203
2025-05-07 12:19:20,961 - INFO - Rango: 2025-05-05 15:00:00 - 2025-05-05 23:00:00
2025-05-07 12:19:20,973 - INFO - No se detectaron conflictos
2025-05-07 12:19:20,975 - INFO - 
Verificando conflictos para máquina 1314
2025-05-07 12:19:20,975 - INFO - Intervalo a verificar: 2025-05-06 15:00:00 - 2025-05-06 23:00:00
2025-05-07 12:19:20,975 - INFO - Prioridad actual: 0
2025-05-07 12:19:20,975 - INFO - 
Obteniendo intervalos para máquina 1314
2025-05-07 12:19:20,975 - INFO - Rango: 2025-05-06 15:00:00 - 2025-05-06 23:00:00
2025-05-07 12:19:20,984 - INFO - No se detectaron conflictos
2025-05-07 12:19:20,985 - INFO - 
Verificando conflictos para máquina 2501
2025-05-07 12:19:20,985 - INFO - Intervalo a verificar: 2025-05-07 15:00:00 - 2025-05-07 23:00:00
2025-05-07 12:19:20,985 - INFO - Prioridad actual: 0
2025-05-07 12:19:20,985 - INFO - 
Obteniendo intervalos para máquina 2501
2025-05-07 12:19:20,985 - INFO - Rango: 2025-05-07 15:00:00 - 2025-05-07 23:00:00
2025-05-07 12:19:20,997 - INFO - No se detectaron conflictos
2025-05-07 12:19:20,998 - INFO - 
Verificando conflictos para máquina 1003
2025-05-07 12:19:20,998 - INFO - Intervalo a verificar: 2025-05-02 07:45:00 - 2025-05-02 15:45:00
2025-05-07 12:19:20,998 - INFO - Prioridad actual: 0
2025-05-07 12:19:20,998 - INFO - 
Obteniendo intervalos para máquina 1003
2025-05-07 12:19:20,998 - INFO - Rango: 2025-05-02 07:45:00 - 2025-05-02 15:45:00
2025-05-07 12:19:21,010 - WARNING - Conflicto detectado con OT 43957
2025-05-07 12:19:21,011 - WARNING - Prioridad del conflicto: 3
2025-05-07 12:19:21,011 - INFO - 
Verificando conflictos para máquina 1201
2025-05-07 12:19:21,012 - INFO - Intervalo a verificar: 2025-05-02 13:30:00 - 2025-05-02 21:30:00
2025-05-07 12:19:21,012 - INFO - Prioridad actual: 0
2025-05-07 12:19:21,012 - INFO - 
Obteniendo intervalos para máquina 1201
2025-05-07 12:19:21,012 - INFO - Rango: 2025-05-02 13:30:00 - 2025-05-02 21:30:00
2025-05-07 12:19:21,024 - INFO - No se detectaron conflictos
2025-05-07 12:19:21,025 - INFO - 
Verificando conflictos para máquina 1313
2025-05-07 12:19:21,025 - INFO - Intervalo a verificar: 2025-05-02 15:00:00 - 2025-05-02 23:00:00
2025-05-07 12:19:21,026 - INFO - Prioridad actual: 0
2025-05-07 12:19:21,026 - INFO - 
Obteniendo intervalos para máquina 1313
2025-05-07 12:19:21,026 - INFO - Rango: 2025-05-02 15:00:00 - 2025-05-02 23:00:00
2025-05-07 12:19:21,057 - INFO - No se detectaron conflictos
2025-05-07 12:19:21,058 - INFO - 
Verificando conflictos para máquina 1313
2025-05-07 12:19:21,058 - INFO - Intervalo a verificar: 2025-05-05 09:00:00 - 2025-05-05 17:00:00
2025-05-07 12:19:21,058 - INFO - Prioridad actual: 0
2025-05-07 12:19:21,058 - INFO - 
Obteniendo intervalos para máquina 1313
2025-05-07 12:19:21,058 - INFO - Rango: 2025-05-05 09:00:00 - 2025-05-05 17:00:00
2025-05-07 12:19:21,089 - INFO - No se detectaron conflictos
2025-05-07 12:19:21,090 - INFO - 
Verificando conflictos para máquina 1601
2025-05-07 12:19:21,090 - INFO - Intervalo a verificar: 2025-05-05 11:00:00 - 2025-05-05 19:00:00
2025-05-07 12:19:21,090 - INFO - Prioridad actual: 0
2025-05-07 12:19:21,090 - INFO - 
Obteniendo intervalos para máquina 1601
2025-05-07 12:19:21,090 - INFO - Rango: 2025-05-05 11:00:00 - 2025-05-05 19:00:00
2025-05-07 12:19:21,130 - INFO - No se detectaron conflictos
2025-05-07 12:19:21,131 - INFO - 
Verificando conflictos para máquina 2006
2025-05-07 12:19:21,131 - INFO - Intervalo a verificar: 2025-05-05 15:00:00 - 2025-05-05 23:00:00
2025-05-07 12:19:21,131 - INFO - Prioridad actual: 0
2025-05-07 12:19:21,131 - INFO - 
Obteniendo intervalos para máquina 2006
2025-05-07 12:19:21,131 - INFO - Rango: 2025-05-05 15:00:00 - 2025-05-05 23:00:00
2025-05-07 12:19:21,141 - INFO - No se detectaron conflictos
2025-05-07 12:19:21,141 - INFO - 
Verificando conflictos para máquina 1205
2025-05-07 12:19:21,142 - INFO - Intervalo a verificar: 2025-05-02 07:45:00 - 2025-05-02 15:45:00
2025-05-07 12:19:21,142 - INFO - Prioridad actual: 0
2025-05-07 12:19:21,142 - INFO - 
Obteniendo intervalos para máquina 1205
2025-05-07 12:19:21,142 - INFO - Rango: 2025-05-02 07:45:00 - 2025-05-02 15:45:00
2025-05-07 12:19:21,169 - WARNING - Conflicto detectado con OT 43949
2025-05-07 12:19:21,169 - WARNING - Prioridad del conflicto: 4
2025-05-07 12:19:21,170 - INFO - 
Verificando conflictos para máquina 1002
2025-05-07 12:19:21,170 - INFO - Intervalo a verificar: 2025-05-05 15:30:00 - 2025-05-05 23:30:00
2025-05-07 12:19:21,170 - INFO - Prioridad actual: 0
2025-05-07 12:19:21,170 - INFO - 
Obteniendo intervalos para máquina 1002
2025-05-07 12:19:21,170 - INFO - Rango: 2025-05-05 15:30:00 - 2025-05-05 23:30:00
2025-05-07 12:19:21,215 - INFO - No se detectaron conflictos
2025-05-07 12:19:21,215 - INFO - 
Verificando conflictos para máquina 1203
2025-05-07 12:19:21,216 - INFO - Intervalo a verificar: 2025-05-06 15:30:00 - 2025-05-06 23:30:00
2025-05-07 12:19:21,216 - INFO - Prioridad actual: 0
2025-05-07 12:19:21,216 - INFO - 
Obteniendo intervalos para máquina 1203
2025-05-07 12:19:21,216 - INFO - Rango: 2025-05-06 15:30:00 - 2025-05-06 23:30:00
2025-05-07 12:19:21,230 - INFO - No se detectaron conflictos
2025-05-07 12:19:21,231 - INFO - 
Verificando conflictos para máquina 1431
2025-05-07 12:19:21,231 - INFO - Intervalo a verificar: 2025-05-06 16:00:00 - 2025-05-07 00:00:00
2025-05-07 12:19:21,231 - INFO - Prioridad actual: 0
2025-05-07 12:19:21,231 - INFO - 
Obteniendo intervalos para máquina 1431
2025-05-07 12:19:21,231 - INFO - Rango: 2025-05-06 16:00:00 - 2025-05-07 00:00:00
2025-05-07 12:19:21,245 - INFO - No se detectaron conflictos
2025-05-07 12:19:21,246 - INFO - 
Verificando conflictos para máquina 1601
2025-05-07 12:19:21,246 - INFO - Intervalo a verificar: 2025-05-06 17:00:00 - 2025-05-07 01:00:00
2025-05-07 12:19:21,246 - INFO - Prioridad actual: 0
2025-05-07 12:19:21,246 - INFO - 
Obteniendo intervalos para máquina 1601
2025-05-07 12:19:21,246 - INFO - Rango: 2025-05-06 17:00:00 - 2025-05-07 01:00:00
2025-05-07 12:19:21,281 - INFO - No se detectaron conflictos
2025-05-07 12:19:21,282 - INFO - 
Verificando conflictos para máquina 2002
2025-05-07 12:19:21,282 - INFO - Intervalo a verificar: 2025-05-06 17:45:00 - 2025-05-07 01:45:00
2025-05-07 12:19:21,282 - INFO - Prioridad actual: 0
2025-05-07 12:19:21,282 - INFO - 
Obteniendo intervalos para máquina 2002
2025-05-07 12:19:21,282 - INFO - Rango: 2025-05-06 17:45:00 - 2025-05-07 01:45:00
2025-05-07 12:19:21,293 - INFO - No se detectaron conflictos
2025-05-07 12:19:21,295 - INFO - 
Verificando conflictos para máquina 1002
2025-05-07 12:19:21,295 - INFO - Intervalo a verificar: 2025-05-05 16:30:00 - 2025-05-06 00:30:00
2025-05-07 12:19:21,295 - INFO - Prioridad actual: 0
2025-05-07 12:19:21,295 - INFO - 
Obteniendo intervalos para máquina 1002
2025-05-07 12:19:21,295 - INFO - Rango: 2025-05-05 16:30:00 - 2025-05-06 00:30:00
2025-05-07 12:19:21,340 - INFO - No se detectaron conflictos
2025-05-07 12:19:21,341 - INFO - 
Verificando conflictos para máquina 1203
2025-05-07 12:19:21,341 - INFO - Intervalo a verificar: 2025-05-06 16:30:00 - 2025-05-07 00:30:00
2025-05-07 12:19:21,341 - INFO - Prioridad actual: 0
2025-05-07 12:19:21,341 - INFO - 
Obteniendo intervalos para máquina 1203
2025-05-07 12:19:21,341 - INFO - Rango: 2025-05-06 16:30:00 - 2025-05-07 00:30:00
2025-05-07 12:19:21,355 - INFO - No se detectaron conflictos
2025-05-07 12:19:21,356 - INFO - 
Verificando conflictos para máquina 1431
2025-05-07 12:19:21,356 - INFO - Intervalo a verificar: 2025-05-06 17:00:00 - 2025-05-07 01:00:00
2025-05-07 12:19:21,357 - INFO - Prioridad actual: 0
2025-05-07 12:19:21,357 - INFO - 
Obteniendo intervalos para máquina 1431
2025-05-07 12:19:21,357 - INFO - Rango: 2025-05-06 17:00:00 - 2025-05-07 01:00:00
2025-05-07 12:19:21,372 - INFO - No se detectaron conflictos
2025-05-07 12:19:21,373 - INFO - 
Verificando conflictos para máquina 1601
2025-05-07 12:19:21,373 - INFO - Intervalo a verificar: 2025-05-06 17:45:00 - 2025-05-07 01:45:00
2025-05-07 12:19:21,373 - INFO - Prioridad actual: 0
2025-05-07 12:19:21,373 - INFO - 
Obteniendo intervalos para máquina 1601
2025-05-07 12:19:21,373 - INFO - Rango: 2025-05-06 17:45:00 - 2025-05-07 01:45:00
2025-05-07 12:19:21,414 - INFO - No se detectaron conflictos
2025-05-07 12:19:21,415 - INFO - 
Verificando conflictos para máquina 2002
2025-05-07 12:19:21,415 - INFO - Intervalo a verificar: 2025-05-07 08:00:00 - 2025-05-07 16:00:00
2025-05-07 12:19:21,415 - INFO - Prioridad actual: 0
2025-05-07 12:19:21,415 - INFO - 
Obteniendo intervalos para máquina 2002
2025-05-07 12:19:21,415 - INFO - Rango: 2025-05-07 08:00:00 - 2025-05-07 16:00:00
2025-05-07 12:19:21,425 - INFO - No se detectaron conflictos
2025-05-07 12:19:21,426 - INFO - 
Verificando conflictos para máquina 1002
2025-05-07 12:19:21,429 - INFO - Intervalo a verificar: 2025-05-05 17:30:00 - 2025-05-06 01:30:00
2025-05-07 12:19:21,429 - INFO - Prioridad actual: 0
2025-05-07 12:19:21,429 - INFO - 
Obteniendo intervalos para máquina 1002
2025-05-07 12:19:21,429 - INFO - Rango: 2025-05-05 17:30:00 - 2025-05-06 01:30:00
2025-05-07 12:19:21,474 - INFO - No se detectaron conflictos
2025-05-07 12:19:21,474 - INFO - 
Verificando conflictos para máquina 1203
2025-05-07 12:19:21,474 - INFO - Intervalo a verificar: 2025-05-06 17:30:00 - 2025-05-07 01:30:00
2025-05-07 12:19:21,474 - INFO - Prioridad actual: 0
2025-05-07 12:19:21,474 - INFO - 
Obteniendo intervalos para máquina 1203
2025-05-07 12:19:21,475 - INFO - Rango: 2025-05-06 17:30:00 - 2025-05-07 01:30:00
2025-05-07 12:19:21,489 - INFO - No se detectaron conflictos
2025-05-07 12:19:21,490 - INFO - 
Verificando conflictos para máquina 1431
2025-05-07 12:19:21,490 - INFO - Intervalo a verificar: 2025-05-06 17:45:00 - 2025-05-07 01:45:00
2025-05-07 12:19:21,490 - INFO - Prioridad actual: 0
2025-05-07 12:19:21,490 - INFO - 
Obteniendo intervalos para máquina 1431
2025-05-07 12:19:21,490 - INFO - Rango: 2025-05-06 17:45:00 - 2025-05-07 01:45:00
2025-05-07 12:19:21,506 - INFO - No se detectaron conflictos
2025-05-07 12:19:21,512 - INFO - 
Verificando conflictos para máquina 1601
2025-05-07 12:19:21,513 - INFO - Intervalo a verificar: 2025-05-07 08:00:00 - 2025-05-07 16:00:00
2025-05-07 12:19:21,513 - INFO - Prioridad actual: 0
2025-05-07 12:19:21,513 - INFO - 
Obteniendo intervalos para máquina 1601
2025-05-07 12:19:21,513 - INFO - Rango: 2025-05-07 08:00:00 - 2025-05-07 16:00:00
2025-05-07 12:19:21,551 - INFO - No se detectaron conflictos
2025-05-07 12:19:21,552 - INFO - 
Verificando conflictos para máquina 2002
2025-05-07 12:19:21,552 - INFO - Intervalo a verificar: 2025-05-07 09:00:00 - 2025-05-07 17:00:00
2025-05-07 12:19:21,552 - INFO - Prioridad actual: 0
2025-05-07 12:19:21,552 - INFO - 
Obteniendo intervalos para máquina 2002
2025-05-07 12:19:21,552 - INFO - Rango: 2025-05-07 09:00:00 - 2025-05-07 17:00:00
2025-05-07 12:19:21,565 - INFO - No se detectaron conflictos
2025-05-07 12:19:21,565 - INFO - 
Verificando conflictos para máquina 1002
2025-05-07 12:19:21,565 - INFO - Intervalo a verificar: 2025-05-06 07:45:00 - 2025-05-06 15:45:00
2025-05-07 12:19:21,565 - INFO - Prioridad actual: 0
2025-05-07 12:19:21,565 - INFO - 
Obteniendo intervalos para máquina 1002
2025-05-07 12:19:21,565 - INFO - Rango: 2025-05-06 07:45:00 - 2025-05-06 15:45:00
2025-05-07 12:19:21,614 - INFO - No se detectaron conflictos
2025-05-07 12:19:21,614 - INFO - 
Verificando conflictos para máquina 1203
2025-05-07 12:19:21,614 - INFO - Intervalo a verificar: 2025-05-07 07:45:00 - 2025-05-07 15:45:00
2025-05-07 12:19:21,614 - INFO - Prioridad actual: 0
2025-05-07 12:19:21,615 - INFO - 
Obteniendo intervalos para máquina 1203
2025-05-07 12:19:21,615 - INFO - Rango: 2025-05-07 07:45:00 - 2025-05-07 15:45:00
2025-05-07 12:19:21,629 - INFO - No se detectaron conflictos
2025-05-07 12:19:21,630 - INFO - 
Verificando conflictos para máquina 1431
2025-05-07 12:19:21,631 - INFO - Intervalo a verificar: 2025-05-07 11:00:00 - 2025-05-07 19:00:00
2025-05-07 12:19:21,631 - INFO - Prioridad actual: 0
2025-05-07 12:19:21,631 - INFO - 
Obteniendo intervalos para máquina 1431
2025-05-07 12:19:21,631 - INFO - Rango: 2025-05-07 11:00:00 - 2025-05-07 19:00:00
2025-05-07 12:19:21,642 - INFO - No se detectaron conflictos
2025-05-07 12:19:21,647 - INFO - 
Verificando conflictos para máquina 1601
2025-05-07 12:19:21,647 - INFO - Intervalo a verificar: 2025-05-07 15:00:00 - 2025-05-07 23:00:00
2025-05-07 12:19:21,647 - INFO - Prioridad actual: 0
2025-05-07 12:19:21,647 - INFO - 
Obteniendo intervalos para máquina 1601
2025-05-07 12:19:21,647 - INFO - Rango: 2025-05-07 15:00:00 - 2025-05-07 23:00:00
2025-05-07 12:19:21,683 - INFO - No se detectaron conflictos
2025-05-07 12:19:21,683 - INFO - 
Verificando conflictos para máquina 2002
2025-05-07 12:19:21,683 - INFO - Intervalo a verificar: 2025-05-08 08:00:00 - 2025-05-08 16:00:00
2025-05-07 12:19:21,683 - INFO - Prioridad actual: 0
2025-05-07 12:19:21,683 - INFO - 
Obteniendo intervalos para máquina 2002
2025-05-07 12:19:21,684 - INFO - Rango: 2025-05-08 08:00:00 - 2025-05-08 16:00:00
2025-05-07 12:19:21,696 - INFO - No se detectaron conflictos
2025-05-07 12:19:21,697 - INFO - 
Verificando conflictos para máquina 1004
2025-05-07 12:19:21,697 - INFO - Intervalo a verificar: 2025-05-02 07:45:00 - 2025-05-02 15:45:00
2025-05-07 12:19:21,697 - INFO - Prioridad actual: 0
2025-05-07 12:19:21,697 - INFO - 
Obteniendo intervalos para máquina 1004
2025-05-07 12:19:21,697 - INFO - Rango: 2025-05-02 07:45:00 - 2025-05-02 15:45:00
2025-05-07 12:19:21,706 - WARNING - Conflicto detectado con OT 43970
2025-05-07 12:19:21,706 - WARNING - Prioridad del conflicto: 9
2025-05-07 12:19:21,707 - INFO - 
Verificando conflictos para máquina 1004
2025-05-07 12:19:21,707 - INFO - Intervalo a verificar: 2025-05-02 13:00:00 - 2025-05-02 21:00:00
2025-05-07 12:19:21,707 - INFO - Prioridad actual: 0
2025-05-07 12:19:21,707 - INFO - 
Obteniendo intervalos para máquina 1004
2025-05-07 12:19:21,707 - INFO - Rango: 2025-05-02 13:00:00 - 2025-05-02 21:00:00
2025-05-07 12:19:21,718 - INFO - No se detectaron conflictos
2025-05-07 12:19:21,718 - INFO - 
Verificando conflictos para máquina 1315
2025-05-07 12:19:21,718 - INFO - Intervalo a verificar: 2025-05-05 15:30:00 - 2025-05-05 23:30:00
2025-05-07 12:19:21,719 - INFO - Prioridad actual: 0
2025-05-07 12:19:21,719 - INFO - 
Obteniendo intervalos para máquina 1315
2025-05-07 12:19:21,719 - INFO - Rango: 2025-05-05 15:30:00 - 2025-05-05 23:30:00
2025-05-07 12:19:21,730 - INFO - No se detectaron conflictos
2025-05-07 12:19:21,731 - INFO - 
Verificando conflictos para máquina 1315
2025-05-07 12:19:21,731 - INFO - Intervalo a verificar: 2025-05-06 10:00:00 - 2025-05-06 18:00:00
2025-05-07 12:19:21,731 - INFO - Prioridad actual: 0
2025-05-07 12:19:21,731 - INFO - 
Obteniendo intervalos para máquina 1315
2025-05-07 12:19:21,731 - INFO - Rango: 2025-05-06 10:00:00 - 2025-05-06 18:00:00
2025-05-07 12:19:21,740 - INFO - No se detectaron conflictos
2025-05-07 12:19:21,741 - INFO - 
Verificando conflictos para máquina 1001
2025-05-07 12:19:21,741 - INFO - Intervalo a verificar: 2025-05-06 15:00:00 - 2025-05-06 23:00:00
2025-05-07 12:19:21,741 - INFO - Prioridad actual: 0
2025-05-07 12:19:21,741 - INFO - 
Obteniendo intervalos para máquina 1001
2025-05-07 12:19:21,741 - INFO - Rango: 2025-05-06 15:00:00 - 2025-05-06 23:00:00
2025-05-07 12:19:21,753 - INFO - No se detectaron conflictos
2025-05-07 12:19:21,754 - INFO - 
Verificando conflictos para máquina 4002
2025-05-07 12:19:21,754 - INFO - Intervalo a verificar: 2025-05-07 09:00:00 - 2025-05-07 17:00:00
2025-05-07 12:19:21,754 - INFO - Prioridad actual: 0
2025-05-07 12:19:21,754 - INFO - 
Obteniendo intervalos para máquina 4002
2025-05-07 12:19:21,754 - INFO - Rango: 2025-05-07 09:00:00 - 2025-05-07 17:00:00
2025-05-07 12:19:21,759 - INFO - No se detectaron conflictos
2025-05-07 12:19:21,761 - INFO - 
Verificando conflictos para máquina 1001
2025-05-07 12:19:21,761 - INFO - Intervalo a verificar: 2025-05-07 13:00:00 - 2025-05-07 21:00:00
2025-05-07 12:19:21,761 - INFO - Prioridad actual: 0
2025-05-07 12:19:21,761 - INFO - 
Obteniendo intervalos para máquina 1001
2025-05-07 12:19:21,761 - INFO - Rango: 2025-05-07 13:00:00 - 2025-05-07 21:00:00
2025-05-07 12:19:21,770 - INFO - No se detectaron conflictos
2025-05-07 12:19:21,771 - INFO - 
Verificando conflictos para máquina 4002
2025-05-07 12:19:21,771 - INFO - Intervalo a verificar: 2025-05-07 17:45:00 - 2025-05-08 01:45:00
2025-05-07 12:19:21,771 - INFO - Prioridad actual: 0
2025-05-07 12:19:21,771 - INFO - 
Obteniendo intervalos para máquina 4002
2025-05-07 12:19:21,771 - INFO - Rango: 2025-05-07 17:45:00 - 2025-05-08 01:45:00
2025-05-07 12:19:21,778 - INFO - No se detectaron conflictos
2025-05-07 12:19:21,779 - INFO - 
Verificando conflictos para máquina 1205
2025-05-07 12:19:21,779 - INFO - Intervalo a verificar: 2025-05-08 12:00:00 - 2025-05-08 20:00:00
2025-05-07 12:19:21,779 - INFO - Prioridad actual: 0
2025-05-07 12:19:21,779 - INFO - 
Obteniendo intervalos para máquina 1205
2025-05-07 12:19:21,779 - INFO - Rango: 2025-05-08 12:00:00 - 2025-05-08 20:00:00
2025-05-07 12:19:21,801 - INFO - No se detectaron conflictos
2025-05-07 12:19:21,802 - INFO - 
Verificando conflictos para máquina 3421
2025-05-07 12:19:21,802 - INFO - Intervalo a verificar: 2025-05-08 17:00:00 - 2025-05-09 01:00:00
2025-05-07 12:19:21,802 - INFO - Prioridad actual: 0
2025-05-07 12:19:21,802 - INFO - 
Obteniendo intervalos para máquina 3421
2025-05-07 12:19:21,802 - INFO - Rango: 2025-05-08 17:00:00 - 2025-05-09 01:00:00
2025-05-07 12:19:21,816 - INFO - No se detectaron conflictos
2025-05-07 12:19:21,957 - INFO - 
Verificando conflictos para máquina 1002
2025-05-07 12:19:21,957 - INFO - Intervalo a verificar: 2025-05-02 07:45:00 - 2025-05-02 15:45:00
2025-05-07 12:19:21,957 - INFO - Prioridad actual: 0
2025-05-07 12:19:21,957 - INFO - 
Obteniendo intervalos para máquina 1002
2025-05-07 12:19:21,957 - INFO - Rango: 2025-05-02 07:45:00 - 2025-05-02 15:45:00
2025-05-07 12:19:22,024 - WARNING - Conflicto detectado con OT 43952
2025-05-07 12:19:22,024 - WARNING - Prioridad del conflicto: 1
2025-05-07 12:19:22,026 - INFO - 
Verificando conflictos para máquina 1201
2025-05-07 12:19:22,026 - INFO - Intervalo a verificar: 2025-05-02 12:00:00 - 2025-05-02 20:00:00
2025-05-07 12:19:22,026 - INFO - Prioridad actual: 0
2025-05-07 12:19:22,027 - INFO - 
Obteniendo intervalos para máquina 1201
2025-05-07 12:19:22,027 - INFO - Rango: 2025-05-02 12:00:00 - 2025-05-02 20:00:00
2025-05-07 12:19:22,039 - INFO - No se detectaron conflictos
2025-05-07 12:19:22,040 - INFO - 
Verificando conflictos para máquina 1312
2025-05-07 12:19:22,040 - INFO - Intervalo a verificar: 2025-05-02 13:00:00 - 2025-05-02 21:00:00
2025-05-07 12:19:22,040 - INFO - Prioridad actual: 0
2025-05-07 12:19:22,040 - INFO - 
Obteniendo intervalos para máquina 1312
2025-05-07 12:19:22,040 - INFO - Rango: 2025-05-02 13:00:00 - 2025-05-02 21:00:00
2025-05-07 12:19:22,048 - INFO - No se detectaron conflictos
2025-05-07 12:19:22,049 - INFO - 
Verificando conflictos para máquina 1315
2025-05-07 12:19:22,049 - INFO - Intervalo a verificar: 2025-05-05 08:00:00 - 2025-05-05 16:00:00
2025-05-07 12:19:22,049 - INFO - Prioridad actual: 0
2025-05-07 12:19:22,049 - INFO - 
Obteniendo intervalos para máquina 1315
2025-05-07 12:19:22,049 - INFO - Rango: 2025-05-05 08:00:00 - 2025-05-05 16:00:00
2025-05-07 12:19:22,060 - INFO - No se detectaron conflictos
2025-05-07 12:19:22,061 - INFO - 
Verificando conflictos para máquina 1315
2025-05-07 12:19:22,061 - INFO - Intervalo a verificar: 2025-05-05 11:00:00 - 2025-05-05 19:00:00
2025-05-07 12:19:22,061 - INFO - Prioridad actual: 0
2025-05-07 12:19:22,061 - INFO - 
Obteniendo intervalos para máquina 1315
2025-05-07 12:19:22,061 - INFO - Rango: 2025-05-05 11:00:00 - 2025-05-05 19:00:00
2025-05-07 12:19:22,071 - INFO - No se detectaron conflictos
2025-05-07 12:19:22,072 - INFO - 
Verificando conflictos para máquina 1204
2025-05-07 12:19:22,072 - INFO - Intervalo a verificar: 2025-05-05 15:00:00 - 2025-05-05 23:00:00
2025-05-07 12:19:22,072 - INFO - Prioridad actual: 0
2025-05-07 12:19:22,073 - INFO - 
Obteniendo intervalos para máquina 1204
2025-05-07 12:19:22,073 - INFO - Rango: 2025-05-05 15:00:00 - 2025-05-05 23:00:00
2025-05-07 12:19:22,084 - INFO - No se detectaron conflictos
2025-05-07 12:19:22,084 - INFO - 
Verificando conflictos para máquina 1002
2025-05-07 12:19:22,085 - INFO - Intervalo a verificar: 2025-05-02 12:30:00 - 2025-05-02 20:30:00
2025-05-07 12:19:22,085 - INFO - Prioridad actual: 0
2025-05-07 12:19:22,085 - INFO - 
Obteniendo intervalos para máquina 1002
2025-05-07 12:19:22,085 - INFO - Rango: 2025-05-02 12:30:00 - 2025-05-02 20:30:00
2025-05-07 12:19:22,131 - WARNING - Conflicto detectado con OT 43951
2025-05-07 12:19:22,131 - WARNING - Prioridad del conflicto: 2
2025-05-07 12:19:22,132 - INFO - 
Verificando conflictos para máquina 1203
2025-05-07 12:19:22,132 - INFO - Intervalo a verificar: 2025-05-05 15:00:00 - 2025-05-05 23:00:00
2025-05-07 12:19:22,133 - INFO - Prioridad actual: 0
2025-05-07 12:19:22,133 - INFO - 
Obteniendo intervalos para máquina 1203
2025-05-07 12:19:22,133 - INFO - Rango: 2025-05-05 15:00:00 - 2025-05-05 23:00:00
2025-05-07 12:19:22,148 - INFO - No se detectaron conflictos
2025-05-07 12:19:22,150 - INFO - 
Verificando conflictos para máquina 1314
2025-05-07 12:19:22,150 - INFO - Intervalo a verificar: 2025-05-06 15:00:00 - 2025-05-06 23:00:00
2025-05-07 12:19:22,150 - INFO - Prioridad actual: 0
2025-05-07 12:19:22,150 - INFO - 
Obteniendo intervalos para máquina 1314
2025-05-07 12:19:22,150 - INFO - Rango: 2025-05-06 15:00:00 - 2025-05-06 23:00:00
2025-05-07 12:19:22,159 - INFO - No se detectaron conflictos
2025-05-07 12:19:22,160 - INFO - 
Verificando conflictos para máquina 2501
2025-05-07 12:19:22,160 - INFO - Intervalo a verificar: 2025-05-07 15:00:00 - 2025-05-07 23:00:00
2025-05-07 12:19:22,161 - INFO - Prioridad actual: 0
2025-05-07 12:19:22,161 - INFO - 
Obteniendo intervalos para máquina 2501
2025-05-07 12:19:22,161 - INFO - Rango: 2025-05-07 15:00:00 - 2025-05-07 23:00:00
2025-05-07 12:19:22,178 - INFO - No se detectaron conflictos
2025-05-07 12:19:22,179 - INFO - 
Verificando conflictos para máquina 1003
2025-05-07 12:19:22,179 - INFO - Intervalo a verificar: 2025-05-02 07:45:00 - 2025-05-02 15:45:00
2025-05-07 12:19:22,179 - INFO - Prioridad actual: 0
2025-05-07 12:19:22,179 - INFO - 
Obteniendo intervalos para máquina 1003
2025-05-07 12:19:22,179 - INFO - Rango: 2025-05-02 07:45:00 - 2025-05-02 15:45:00
2025-05-07 12:19:22,188 - WARNING - Conflicto detectado con OT 43957
2025-05-07 12:19:22,188 - WARNING - Prioridad del conflicto: 3
2025-05-07 12:19:22,189 - INFO - 
Verificando conflictos para máquina 1201
2025-05-07 12:19:22,189 - INFO - Intervalo a verificar: 2025-05-02 13:30:00 - 2025-05-02 21:30:00
2025-05-07 12:19:22,189 - INFO - Prioridad actual: 0
2025-05-07 12:19:22,189 - INFO - 
Obteniendo intervalos para máquina 1201
2025-05-07 12:19:22,189 - INFO - Rango: 2025-05-02 13:30:00 - 2025-05-02 21:30:00
2025-05-07 12:19:22,200 - INFO - No se detectaron conflictos
2025-05-07 12:19:22,203 - INFO - 
Verificando conflictos para máquina 1313
2025-05-07 12:19:22,203 - INFO - Intervalo a verificar: 2025-05-02 15:00:00 - 2025-05-02 23:00:00
2025-05-07 12:19:22,203 - INFO - Prioridad actual: 0
2025-05-07 12:19:22,203 - INFO - 
Obteniendo intervalos para máquina 1313
2025-05-07 12:19:22,204 - INFO - Rango: 2025-05-02 15:00:00 - 2025-05-02 23:00:00
2025-05-07 12:19:22,246 - INFO - No se detectaron conflictos
2025-05-07 12:19:22,247 - INFO - 
Verificando conflictos para máquina 1313
2025-05-07 12:19:22,247 - INFO - Intervalo a verificar: 2025-05-05 09:00:00 - 2025-05-05 17:00:00
2025-05-07 12:19:22,248 - INFO - Prioridad actual: 0
2025-05-07 12:19:22,249 - INFO - 
Obteniendo intervalos para máquina 1313
2025-05-07 12:19:22,249 - INFO - Rango: 2025-05-05 09:00:00 - 2025-05-05 17:00:00
2025-05-07 12:19:22,293 - INFO - No se detectaron conflictos
2025-05-07 12:19:22,295 - INFO - 
Verificando conflictos para máquina 1601
2025-05-07 12:19:22,295 - INFO - Intervalo a verificar: 2025-05-05 11:00:00 - 2025-05-05 19:00:00
2025-05-07 12:19:22,295 - INFO - Prioridad actual: 0
2025-05-07 12:19:22,295 - INFO - 
Obteniendo intervalos para máquina 1601
2025-05-07 12:19:22,295 - INFO - Rango: 2025-05-05 11:00:00 - 2025-05-05 19:00:00
2025-05-07 12:19:22,475 - INFO - No se detectaron conflictos
2025-05-07 12:19:22,479 - INFO - 
Verificando conflictos para máquina 2006
2025-05-07 12:19:22,480 - INFO - Intervalo a verificar: 2025-05-05 15:00:00 - 2025-05-05 23:00:00
2025-05-07 12:19:22,481 - INFO - Prioridad actual: 0
2025-05-07 12:19:22,482 - INFO - 
Obteniendo intervalos para máquina 2006
2025-05-07 12:19:22,483 - INFO - Rango: 2025-05-05 15:00:00 - 2025-05-05 23:00:00
2025-05-07 12:19:22,519 - INFO - No se detectaron conflictos
2025-05-07 12:19:22,531 - INFO - 
Verificando conflictos para máquina 1205
2025-05-07 12:19:22,536 - INFO - Intervalo a verificar: 2025-05-02 07:45:00 - 2025-05-02 15:45:00
2025-05-07 12:19:22,537 - INFO - Prioridad actual: 0
2025-05-07 12:19:22,537 - INFO - 
Obteniendo intervalos para máquina 1205
2025-05-07 12:19:22,537 - INFO - Rango: 2025-05-02 07:45:00 - 2025-05-02 15:45:00
2025-05-07 12:19:22,636 - WARNING - Conflicto detectado con OT 43949
2025-05-07 12:19:22,637 - WARNING - Prioridad del conflicto: 4
2025-05-07 12:19:22,640 - INFO - 
Verificando conflictos para máquina 1002
2025-05-07 12:19:22,641 - INFO - Intervalo a verificar: 2025-05-05 15:30:00 - 2025-05-05 23:30:00
2025-05-07 12:19:22,641 - INFO - Prioridad actual: 0
2025-05-07 12:19:22,642 - INFO - 
Obteniendo intervalos para máquina 1002
2025-05-07 12:19:22,643 - INFO - Rango: 2025-05-05 15:30:00 - 2025-05-05 23:30:00
2025-05-07 12:19:22,742 - INFO - No se detectaron conflictos
2025-05-07 12:19:22,745 - INFO - 
Verificando conflictos para máquina 1203
2025-05-07 12:19:22,746 - INFO - Intervalo a verificar: 2025-05-06 15:30:00 - 2025-05-06 23:30:00
2025-05-07 12:19:22,746 - INFO - Prioridad actual: 0
2025-05-07 12:19:22,747 - INFO - 
Obteniendo intervalos para máquina 1203
2025-05-07 12:19:22,747 - INFO - Rango: 2025-05-06 15:30:00 - 2025-05-06 23:30:00
2025-05-07 12:19:22,797 - INFO - No se detectaron conflictos
2025-05-07 12:19:22,798 - INFO - 
Verificando conflictos para máquina 1431
2025-05-07 12:19:22,798 - INFO - Intervalo a verificar: 2025-05-06 16:00:00 - 2025-05-07 00:00:00
2025-05-07 12:19:22,798 - INFO - Prioridad actual: 0
2025-05-07 12:19:22,798 - INFO - 
Obteniendo intervalos para máquina 1431
2025-05-07 12:19:22,799 - INFO - Rango: 2025-05-06 16:00:00 - 2025-05-07 00:00:00
2025-05-07 12:19:22,815 - INFO - No se detectaron conflictos
2025-05-07 12:19:22,816 - INFO - 
Verificando conflictos para máquina 1601
2025-05-07 12:19:22,816 - INFO - Intervalo a verificar: 2025-05-06 17:00:00 - 2025-05-07 01:00:00
2025-05-07 12:19:22,816 - INFO - Prioridad actual: 0
2025-05-07 12:19:22,817 - INFO - 
Obteniendo intervalos para máquina 1601
2025-05-07 12:19:22,817 - INFO - Rango: 2025-05-06 17:00:00 - 2025-05-07 01:00:00
2025-05-07 12:19:22,855 - INFO - No se detectaron conflictos
2025-05-07 12:19:22,857 - INFO - 
Verificando conflictos para máquina 2002
2025-05-07 12:19:22,857 - INFO - Intervalo a verificar: 2025-05-06 17:45:00 - 2025-05-07 01:45:00
2025-05-07 12:19:22,857 - INFO - Prioridad actual: 0
2025-05-07 12:19:22,857 - INFO - 
Obteniendo intervalos para máquina 2002
2025-05-07 12:19:22,857 - INFO - Rango: 2025-05-06 17:45:00 - 2025-05-07 01:45:00
2025-05-07 12:19:22,869 - INFO - No se detectaron conflictos
2025-05-07 12:19:22,870 - INFO - 
Verificando conflictos para máquina 1002
2025-05-07 12:19:22,870 - INFO - Intervalo a verificar: 2025-05-05 16:30:00 - 2025-05-06 00:30:00
2025-05-07 12:19:22,870 - INFO - Prioridad actual: 0
2025-05-07 12:19:22,870 - INFO - 
Obteniendo intervalos para máquina 1002
2025-05-07 12:19:22,870 - INFO - Rango: 2025-05-05 16:30:00 - 2025-05-06 00:30:00
2025-05-07 12:19:22,915 - INFO - No se detectaron conflictos
2025-05-07 12:19:22,916 - INFO - 
Verificando conflictos para máquina 1203
2025-05-07 12:19:22,916 - INFO - Intervalo a verificar: 2025-05-06 16:30:00 - 2025-05-07 00:30:00
2025-05-07 12:19:22,916 - INFO - Prioridad actual: 0
2025-05-07 12:19:22,917 - INFO - 
Obteniendo intervalos para máquina 1203
2025-05-07 12:19:22,917 - INFO - Rango: 2025-05-06 16:30:00 - 2025-05-07 00:30:00
2025-05-07 12:19:22,931 - INFO - No se detectaron conflictos
2025-05-07 12:19:22,932 - INFO - 
Verificando conflictos para máquina 1431
2025-05-07 12:19:22,932 - INFO - Intervalo a verificar: 2025-05-06 17:00:00 - 2025-05-07 01:00:00
2025-05-07 12:19:22,932 - INFO - Prioridad actual: 0
2025-05-07 12:19:22,933 - INFO - 
Obteniendo intervalos para máquina 1431
2025-05-07 12:19:22,933 - INFO - Rango: 2025-05-06 17:00:00 - 2025-05-07 01:00:00
2025-05-07 12:19:22,946 - INFO - No se detectaron conflictos
2025-05-07 12:19:22,947 - INFO - 
Verificando conflictos para máquina 1601
2025-05-07 12:19:22,947 - INFO - Intervalo a verificar: 2025-05-06 17:45:00 - 2025-05-07 01:45:00
2025-05-07 12:19:22,947 - INFO - Prioridad actual: 0
2025-05-07 12:19:22,948 - INFO - 
Obteniendo intervalos para máquina 1601
2025-05-07 12:19:22,948 - INFO - Rango: 2025-05-06 17:45:00 - 2025-05-07 01:45:00
2025-05-07 12:19:22,987 - INFO - No se detectaron conflictos
2025-05-07 12:19:22,988 - INFO - 
Verificando conflictos para máquina 2002
2025-05-07 12:19:22,988 - INFO - Intervalo a verificar: 2025-05-07 08:00:00 - 2025-05-07 16:00:00
2025-05-07 12:19:22,988 - INFO - Prioridad actual: 0
2025-05-07 12:19:22,988 - INFO - 
Obteniendo intervalos para máquina 2002
2025-05-07 12:19:22,989 - INFO - Rango: 2025-05-07 08:00:00 - 2025-05-07 16:00:00
2025-05-07 12:19:23,000 - INFO - No se detectaron conflictos
2025-05-07 12:19:23,001 - INFO - 
Verificando conflictos para máquina 1002
2025-05-07 12:19:23,001 - INFO - Intervalo a verificar: 2025-05-05 17:30:00 - 2025-05-06 01:30:00
2025-05-07 12:19:23,001 - INFO - Prioridad actual: 0
2025-05-07 12:19:23,001 - INFO - 
Obteniendo intervalos para máquina 1002
2025-05-07 12:19:23,002 - INFO - Rango: 2025-05-05 17:30:00 - 2025-05-06 01:30:00
2025-05-07 12:19:23,043 - INFO - No se detectaron conflictos
2025-05-07 12:19:23,044 - INFO - 
Verificando conflictos para máquina 1203
2025-05-07 12:19:23,045 - INFO - Intervalo a verificar: 2025-05-06 17:30:00 - 2025-05-07 01:30:00
2025-05-07 12:19:23,045 - INFO - Prioridad actual: 0
2025-05-07 12:19:23,045 - INFO - 
Obteniendo intervalos para máquina 1203
2025-05-07 12:19:23,045 - INFO - Rango: 2025-05-06 17:30:00 - 2025-05-07 01:30:00
2025-05-07 12:19:23,058 - INFO - No se detectaron conflictos
2025-05-07 12:19:23,059 - INFO - 
Verificando conflictos para máquina 1431
2025-05-07 12:19:23,059 - INFO - Intervalo a verificar: 2025-05-06 17:45:00 - 2025-05-07 01:45:00
2025-05-07 12:19:23,059 - INFO - Prioridad actual: 0
2025-05-07 12:19:23,059 - INFO - 
Obteniendo intervalos para máquina 1431
2025-05-07 12:19:23,060 - INFO - Rango: 2025-05-06 17:45:00 - 2025-05-07 01:45:00
2025-05-07 12:19:23,072 - INFO - No se detectaron conflictos
2025-05-07 12:19:23,073 - INFO - 
Verificando conflictos para máquina 1601
2025-05-07 12:19:23,073 - INFO - Intervalo a verificar: 2025-05-07 08:00:00 - 2025-05-07 16:00:00
2025-05-07 12:19:23,074 - INFO - Prioridad actual: 0
2025-05-07 12:19:23,074 - INFO - 
Obteniendo intervalos para máquina 1601
2025-05-07 12:19:23,074 - INFO - Rango: 2025-05-07 08:00:00 - 2025-05-07 16:00:00
2025-05-07 12:19:23,116 - INFO - No se detectaron conflictos
2025-05-07 12:19:23,117 - INFO - 
Verificando conflictos para máquina 2002
2025-05-07 12:19:23,117 - INFO - Intervalo a verificar: 2025-05-07 09:00:00 - 2025-05-07 17:00:00
2025-05-07 12:19:23,117 - INFO - Prioridad actual: 0
2025-05-07 12:19:23,117 - INFO - 
Obteniendo intervalos para máquina 2002
2025-05-07 12:19:23,117 - INFO - Rango: 2025-05-07 09:00:00 - 2025-05-07 17:00:00
2025-05-07 12:19:23,131 - INFO - No se detectaron conflictos
2025-05-07 12:19:23,132 - INFO - 
Verificando conflictos para máquina 1002
2025-05-07 12:19:23,132 - INFO - Intervalo a verificar: 2025-05-06 07:45:00 - 2025-05-06 15:45:00
2025-05-07 12:19:23,132 - INFO - Prioridad actual: 0
2025-05-07 12:19:23,132 - INFO - 
Obteniendo intervalos para máquina 1002
2025-05-07 12:19:23,132 - INFO - Rango: 2025-05-06 07:45:00 - 2025-05-06 15:45:00
2025-05-07 12:19:23,178 - INFO - No se detectaron conflictos
2025-05-07 12:19:23,179 - INFO - 
Verificando conflictos para máquina 1203
2025-05-07 12:19:23,180 - INFO - Intervalo a verificar: 2025-05-07 07:45:00 - 2025-05-07 15:45:00
2025-05-07 12:19:23,180 - INFO - Prioridad actual: 0
2025-05-07 12:19:23,180 - INFO - 
Obteniendo intervalos para máquina 1203
2025-05-07 12:19:23,180 - INFO - Rango: 2025-05-07 07:45:00 - 2025-05-07 15:45:00
2025-05-07 12:19:23,194 - INFO - No se detectaron conflictos
2025-05-07 12:19:23,195 - INFO - 
Verificando conflictos para máquina 1431
2025-05-07 12:19:23,196 - INFO - Intervalo a verificar: 2025-05-07 11:00:00 - 2025-05-07 19:00:00
2025-05-07 12:19:23,196 - INFO - Prioridad actual: 0
2025-05-07 12:19:23,196 - INFO - 
Obteniendo intervalos para máquina 1431
2025-05-07 12:19:23,196 - INFO - Rango: 2025-05-07 11:00:00 - 2025-05-07 19:00:00
2025-05-07 12:19:23,209 - INFO - No se detectaron conflictos
2025-05-07 12:19:23,210 - INFO - 
Verificando conflictos para máquina 1601
2025-05-07 12:19:23,210 - INFO - Intervalo a verificar: 2025-05-07 15:00:00 - 2025-05-07 23:00:00
2025-05-07 12:19:23,210 - INFO - Prioridad actual: 0
2025-05-07 12:19:23,210 - INFO - 
Obteniendo intervalos para máquina 1601
2025-05-07 12:19:23,210 - INFO - Rango: 2025-05-07 15:00:00 - 2025-05-07 23:00:00
2025-05-07 12:19:23,249 - INFO - No se detectaron conflictos
2025-05-07 12:19:23,250 - INFO - 
Verificando conflictos para máquina 2002
2025-05-07 12:19:23,250 - INFO - Intervalo a verificar: 2025-05-08 08:00:00 - 2025-05-08 16:00:00
2025-05-07 12:19:23,250 - INFO - Prioridad actual: 0
2025-05-07 12:19:23,250 - INFO - 
Obteniendo intervalos para máquina 2002
2025-05-07 12:19:23,251 - INFO - Rango: 2025-05-08 08:00:00 - 2025-05-08 16:00:00
2025-05-07 12:19:23,263 - INFO - No se detectaron conflictos
2025-05-07 12:19:23,264 - INFO - 
Verificando conflictos para máquina 1004
2025-05-07 12:19:23,264 - INFO - Intervalo a verificar: 2025-05-02 07:45:00 - 2025-05-02 15:45:00
2025-05-07 12:19:23,264 - INFO - Prioridad actual: 0
2025-05-07 12:19:23,264 - INFO - 
Obteniendo intervalos para máquina 1004
2025-05-07 12:19:23,265 - INFO - Rango: 2025-05-02 07:45:00 - 2025-05-02 15:45:00
2025-05-07 12:19:23,275 - WARNING - Conflicto detectado con OT 43970
2025-05-07 12:19:23,276 - WARNING - Prioridad del conflicto: 9
2025-05-07 12:19:23,277 - INFO - 
Verificando conflictos para máquina 1004
2025-05-07 12:19:23,277 - INFO - Intervalo a verificar: 2025-05-02 13:00:00 - 2025-05-02 21:00:00
2025-05-07 12:19:23,277 - INFO - Prioridad actual: 0
2025-05-07 12:19:23,277 - INFO - 
Obteniendo intervalos para máquina 1004
2025-05-07 12:19:23,278 - INFO - Rango: 2025-05-02 13:00:00 - 2025-05-02 21:00:00
2025-05-07 12:19:23,289 - INFO - No se detectaron conflictos
2025-05-07 12:19:23,290 - INFO - 
Verificando conflictos para máquina 1315
2025-05-07 12:19:23,290 - INFO - Intervalo a verificar: 2025-05-05 15:30:00 - 2025-05-05 23:30:00
2025-05-07 12:19:23,290 - INFO - Prioridad actual: 0
2025-05-07 12:19:23,290 - INFO - 
Obteniendo intervalos para máquina 1315
2025-05-07 12:19:23,290 - INFO - Rango: 2025-05-05 15:30:00 - 2025-05-05 23:30:00
2025-05-07 12:19:23,302 - INFO - No se detectaron conflictos
2025-05-07 12:19:23,303 - INFO - 
Verificando conflictos para máquina 1315
2025-05-07 12:19:23,303 - INFO - Intervalo a verificar: 2025-05-06 10:00:00 - 2025-05-06 18:00:00
2025-05-07 12:19:23,303 - INFO - Prioridad actual: 0
2025-05-07 12:19:23,303 - INFO - 
Obteniendo intervalos para máquina 1315
2025-05-07 12:19:23,304 - INFO - Rango: 2025-05-06 10:00:00 - 2025-05-06 18:00:00
2025-05-07 12:19:23,315 - INFO - No se detectaron conflictos
2025-05-07 12:19:23,316 - INFO - 
Verificando conflictos para máquina 1001
2025-05-07 12:19:23,316 - INFO - Intervalo a verificar: 2025-05-06 15:00:00 - 2025-05-06 23:00:00
2025-05-07 12:19:23,316 - INFO - Prioridad actual: 0
2025-05-07 12:19:23,316 - INFO - 
Obteniendo intervalos para máquina 1001
2025-05-07 12:19:23,317 - INFO - Rango: 2025-05-06 15:00:00 - 2025-05-06 23:00:00
2025-05-07 12:19:23,329 - INFO - No se detectaron conflictos
2025-05-07 12:19:23,330 - INFO - 
Verificando conflictos para máquina 4002
2025-05-07 12:19:23,331 - INFO - Intervalo a verificar: 2025-05-07 09:00:00 - 2025-05-07 17:00:00
2025-05-07 12:19:23,331 - INFO - Prioridad actual: 0
2025-05-07 12:19:23,331 - INFO - 
Obteniendo intervalos para máquina 4002
2025-05-07 12:19:23,331 - INFO - Rango: 2025-05-07 09:00:00 - 2025-05-07 17:00:00
2025-05-07 12:19:23,337 - INFO - No se detectaron conflictos
2025-05-07 12:19:23,338 - INFO - 
Verificando conflictos para máquina 1001
2025-05-07 12:19:23,338 - INFO - Intervalo a verificar: 2025-05-07 13:00:00 - 2025-05-07 21:00:00
2025-05-07 12:19:23,338 - INFO - Prioridad actual: 0
2025-05-07 12:19:23,338 - INFO - 
Obteniendo intervalos para máquina 1001
2025-05-07 12:19:23,338 - INFO - Rango: 2025-05-07 13:00:00 - 2025-05-07 21:00:00
2025-05-07 12:19:23,350 - INFO - No se detectaron conflictos
2025-05-07 12:19:23,351 - INFO - 
Verificando conflictos para máquina 4002
2025-05-07 12:19:23,351 - INFO - Intervalo a verificar: 2025-05-07 17:45:00 - 2025-05-08 01:45:00
2025-05-07 12:19:23,351 - INFO - Prioridad actual: 0
2025-05-07 12:19:23,351 - INFO - 
Obteniendo intervalos para máquina 4002
2025-05-07 12:19:23,351 - INFO - Rango: 2025-05-07 17:45:00 - 2025-05-08 01:45:00
2025-05-07 12:19:23,356 - INFO - No se detectaron conflictos
2025-05-07 12:19:23,357 - INFO - 
Verificando conflictos para máquina 1205
2025-05-07 12:19:23,358 - INFO - Intervalo a verificar: 2025-05-08 12:00:00 - 2025-05-08 20:00:00
2025-05-07 12:19:23,358 - INFO - Prioridad actual: 0
2025-05-07 12:19:23,358 - INFO - 
Obteniendo intervalos para máquina 1205
2025-05-07 12:19:23,358 - INFO - Rango: 2025-05-08 12:00:00 - 2025-05-08 20:00:00
2025-05-07 12:19:23,385 - INFO - No se detectaron conflictos
2025-05-07 12:19:23,386 - INFO - 
Verificando conflictos para máquina 3421
2025-05-07 12:19:23,386 - INFO - Intervalo a verificar: 2025-05-08 17:00:00 - 2025-05-09 01:00:00
2025-05-07 12:19:23,386 - INFO - Prioridad actual: 0
2025-05-07 12:19:23,386 - INFO - 
Obteniendo intervalos para máquina 3421
2025-05-07 12:19:23,387 - INFO - Rango: 2025-05-08 17:00:00 - 2025-05-09 01:00:00
2025-05-07 12:19:23,401 - INFO - No se detectaron conflictos
2025-05-07 12:19:23,535 - INFO - 
Verificando conflictos para máquina 1002
2025-05-07 12:19:23,536 - INFO - Intervalo a verificar: 2025-05-02 07:45:00 - 2025-05-02 15:45:00
2025-05-07 12:19:23,536 - INFO - Prioridad actual: 0
2025-05-07 12:19:23,536 - INFO - 
Obteniendo intervalos para máquina 1002
2025-05-07 12:19:23,536 - INFO - Rango: 2025-05-02 07:45:00 - 2025-05-02 15:45:00
2025-05-07 12:19:23,585 - WARNING - Conflicto detectado con OT 43952
2025-05-07 12:19:23,586 - WARNING - Prioridad del conflicto: 1
2025-05-07 12:19:23,587 - INFO - 
Verificando conflictos para máquina 1201
2025-05-07 12:19:23,587 - INFO - Intervalo a verificar: 2025-05-02 12:00:00 - 2025-05-02 20:00:00
2025-05-07 12:19:23,587 - INFO - Prioridad actual: 0
2025-05-07 12:19:23,587 - INFO - 
Obteniendo intervalos para máquina 1201
2025-05-07 12:19:23,587 - INFO - Rango: 2025-05-02 12:00:00 - 2025-05-02 20:00:00
2025-05-07 12:19:23,601 - INFO - No se detectaron conflictos
2025-05-07 12:19:23,602 - INFO - 
Verificando conflictos para máquina 1312
2025-05-07 12:19:23,602 - INFO - Intervalo a verificar: 2025-05-02 13:00:00 - 2025-05-02 21:00:00
2025-05-07 12:19:23,602 - INFO - Prioridad actual: 0
2025-05-07 12:19:23,602 - INFO - 
Obteniendo intervalos para máquina 1312
2025-05-07 12:19:23,603 - INFO - Rango: 2025-05-02 13:00:00 - 2025-05-02 21:00:00
2025-05-07 12:19:23,610 - INFO - No se detectaron conflictos
2025-05-07 12:19:23,611 - INFO - 
Verificando conflictos para máquina 1315
2025-05-07 12:19:23,612 - INFO - Intervalo a verificar: 2025-05-05 08:00:00 - 2025-05-05 16:00:00
2025-05-07 12:19:23,612 - INFO - Prioridad actual: 0
2025-05-07 12:19:23,612 - INFO - 
Obteniendo intervalos para máquina 1315
2025-05-07 12:19:23,612 - INFO - Rango: 2025-05-05 08:00:00 - 2025-05-05 16:00:00
2025-05-07 12:19:23,622 - INFO - No se detectaron conflictos
2025-05-07 12:19:23,623 - INFO - 
Verificando conflictos para máquina 1315
2025-05-07 12:19:23,624 - INFO - Intervalo a verificar: 2025-05-05 11:00:00 - 2025-05-05 19:00:00
2025-05-07 12:19:23,624 - INFO - Prioridad actual: 0
2025-05-07 12:19:23,624 - INFO - 
Obteniendo intervalos para máquina 1315
2025-05-07 12:19:23,624 - INFO - Rango: 2025-05-05 11:00:00 - 2025-05-05 19:00:00
2025-05-07 12:19:23,636 - INFO - No se detectaron conflictos
2025-05-07 12:19:23,637 - INFO - 
Verificando conflictos para máquina 1204
2025-05-07 12:19:23,637 - INFO - Intervalo a verificar: 2025-05-05 15:00:00 - 2025-05-05 23:00:00
2025-05-07 12:19:23,638 - INFO - Prioridad actual: 0
2025-05-07 12:19:23,638 - INFO - 
Obteniendo intervalos para máquina 1204
2025-05-07 12:19:23,638 - INFO - Rango: 2025-05-05 15:00:00 - 2025-05-05 23:00:00
2025-05-07 12:19:23,650 - INFO - No se detectaron conflictos
2025-05-07 12:19:23,652 - INFO - 
Verificando conflictos para máquina 1002
2025-05-07 12:19:23,652 - INFO - Intervalo a verificar: 2025-05-02 12:30:00 - 2025-05-02 20:30:00
2025-05-07 12:19:23,652 - INFO - Prioridad actual: 0
2025-05-07 12:19:23,652 - INFO - 
Obteniendo intervalos para máquina 1002
2025-05-07 12:19:23,652 - INFO - Rango: 2025-05-02 12:30:00 - 2025-05-02 20:30:00
2025-05-07 12:19:23,699 - WARNING - Conflicto detectado con OT 43951
2025-05-07 12:19:23,699 - WARNING - Prioridad del conflicto: 2
2025-05-07 12:19:23,700 - INFO - 
Verificando conflictos para máquina 1203
2025-05-07 12:19:23,701 - INFO - Intervalo a verificar: 2025-05-05 15:00:00 - 2025-05-05 23:00:00
2025-05-07 12:19:23,701 - INFO - Prioridad actual: 0
2025-05-07 12:19:23,701 - INFO - 
Obteniendo intervalos para máquina 1203
2025-05-07 12:19:23,701 - INFO - Rango: 2025-05-05 15:00:00 - 2025-05-05 23:00:00
2025-05-07 12:19:23,716 - INFO - No se detectaron conflictos
2025-05-07 12:19:23,717 - INFO - 
Verificando conflictos para máquina 1314
2025-05-07 12:19:23,717 - INFO - Intervalo a verificar: 2025-05-06 15:00:00 - 2025-05-06 23:00:00
2025-05-07 12:19:23,717 - INFO - Prioridad actual: 0
2025-05-07 12:19:23,717 - INFO - 
Obteniendo intervalos para máquina 1314
2025-05-07 12:19:23,717 - INFO - Rango: 2025-05-06 15:00:00 - 2025-05-06 23:00:00
2025-05-07 12:19:23,726 - INFO - No se detectaron conflictos
2025-05-07 12:19:23,727 - INFO - 
Verificando conflictos para máquina 2501
2025-05-07 12:19:23,727 - INFO - Intervalo a verificar: 2025-05-07 15:00:00 - 2025-05-07 23:00:00
2025-05-07 12:19:23,727 - INFO - Prioridad actual: 0
2025-05-07 12:19:23,727 - INFO - 
Obteniendo intervalos para máquina 2501
2025-05-07 12:19:23,728 - INFO - Rango: 2025-05-07 15:00:00 - 2025-05-07 23:00:00
2025-05-07 12:19:23,737 - INFO - No se detectaron conflictos
2025-05-07 12:19:23,738 - INFO - 
Verificando conflictos para máquina 1003
2025-05-07 12:19:23,738 - INFO - Intervalo a verificar: 2025-05-02 07:45:00 - 2025-05-02 15:45:00
2025-05-07 12:19:23,738 - INFO - Prioridad actual: 0
2025-05-07 12:19:23,738 - INFO - 
Obteniendo intervalos para máquina 1003
2025-05-07 12:19:23,739 - INFO - Rango: 2025-05-02 07:45:00 - 2025-05-02 15:45:00
2025-05-07 12:19:23,749 - WARNING - Conflicto detectado con OT 43957
2025-05-07 12:19:23,749 - WARNING - Prioridad del conflicto: 3
2025-05-07 12:19:23,750 - INFO - 
Verificando conflictos para máquina 1201
2025-05-07 12:19:23,750 - INFO - Intervalo a verificar: 2025-05-02 13:30:00 - 2025-05-02 21:30:00
2025-05-07 12:19:23,751 - INFO - Prioridad actual: 0
2025-05-07 12:19:23,751 - INFO - 
Obteniendo intervalos para máquina 1201
2025-05-07 12:19:23,751 - INFO - Rango: 2025-05-02 13:30:00 - 2025-05-02 21:30:00
2025-05-07 12:19:23,762 - INFO - No se detectaron conflictos
2025-05-07 12:19:23,763 - INFO - 
Verificando conflictos para máquina 1313
2025-05-07 12:19:23,763 - INFO - Intervalo a verificar: 2025-05-02 15:00:00 - 2025-05-02 23:00:00
2025-05-07 12:19:23,764 - INFO - Prioridad actual: 0
2025-05-07 12:19:23,764 - INFO - 
Obteniendo intervalos para máquina 1313
2025-05-07 12:19:23,764 - INFO - Rango: 2025-05-02 15:00:00 - 2025-05-02 23:00:00
2025-05-07 12:19:23,792 - INFO - No se detectaron conflictos
2025-05-07 12:19:23,794 - INFO - 
Verificando conflictos para máquina 1313
2025-05-07 12:19:23,794 - INFO - Intervalo a verificar: 2025-05-05 09:00:00 - 2025-05-05 17:00:00
2025-05-07 12:19:23,794 - INFO - Prioridad actual: 0
2025-05-07 12:19:23,794 - INFO - 
Obteniendo intervalos para máquina 1313
2025-05-07 12:19:23,794 - INFO - Rango: 2025-05-05 09:00:00 - 2025-05-05 17:00:00
2025-05-07 12:19:23,824 - INFO - No se detectaron conflictos
2025-05-07 12:19:23,825 - INFO - 
Verificando conflictos para máquina 1601
2025-05-07 12:19:23,825 - INFO - Intervalo a verificar: 2025-05-05 11:00:00 - 2025-05-05 19:00:00
2025-05-07 12:19:23,825 - INFO - Prioridad actual: 0
2025-05-07 12:19:23,825 - INFO - 
Obteniendo intervalos para máquina 1601
2025-05-07 12:19:23,825 - INFO - Rango: 2025-05-05 11:00:00 - 2025-05-05 19:00:00
2025-05-07 12:19:23,861 - INFO - No se detectaron conflictos
2025-05-07 12:19:23,862 - INFO - 
Verificando conflictos para máquina 2006
2025-05-07 12:19:23,862 - INFO - Intervalo a verificar: 2025-05-05 15:00:00 - 2025-05-05 23:00:00
2025-05-07 12:19:23,862 - INFO - Prioridad actual: 0
2025-05-07 12:19:23,863 - INFO - 
Obteniendo intervalos para máquina 2006
2025-05-07 12:19:23,863 - INFO - Rango: 2025-05-05 15:00:00 - 2025-05-05 23:00:00
2025-05-07 12:19:23,873 - INFO - No se detectaron conflictos
2025-05-07 12:19:23,874 - INFO - 
Verificando conflictos para máquina 1205
2025-05-07 12:19:23,874 - INFO - Intervalo a verificar: 2025-05-02 07:45:00 - 2025-05-02 15:45:00
2025-05-07 12:19:23,874 - INFO - Prioridad actual: 0
2025-05-07 12:19:23,874 - INFO - 
Obteniendo intervalos para máquina 1205
2025-05-07 12:19:23,874 - INFO - Rango: 2025-05-02 07:45:00 - 2025-05-02 15:45:00
2025-05-07 12:19:23,898 - WARNING - Conflicto detectado con OT 43949
2025-05-07 12:19:23,898 - WARNING - Prioridad del conflicto: 4
2025-05-07 12:19:23,899 - INFO - 
Verificando conflictos para máquina 1002
2025-05-07 12:19:23,899 - INFO - Intervalo a verificar: 2025-05-05 15:30:00 - 2025-05-05 23:30:00
2025-05-07 12:19:23,899 - INFO - Prioridad actual: 0
2025-05-07 12:19:23,899 - INFO - 
Obteniendo intervalos para máquina 1002
2025-05-07 12:19:23,899 - INFO - Rango: 2025-05-05 15:30:00 - 2025-05-05 23:30:00
2025-05-07 12:19:23,944 - INFO - No se detectaron conflictos
2025-05-07 12:19:23,945 - INFO - 
Verificando conflictos para máquina 1203
2025-05-07 12:19:23,945 - INFO - Intervalo a verificar: 2025-05-06 15:30:00 - 2025-05-06 23:30:00
2025-05-07 12:19:23,946 - INFO - Prioridad actual: 0
2025-05-07 12:19:23,946 - INFO - 
Obteniendo intervalos para máquina 1203
2025-05-07 12:19:23,946 - INFO - Rango: 2025-05-06 15:30:00 - 2025-05-06 23:30:00
2025-05-07 12:19:23,958 - INFO - No se detectaron conflictos
2025-05-07 12:19:23,959 - INFO - 
Verificando conflictos para máquina 1431
2025-05-07 12:19:23,959 - INFO - Intervalo a verificar: 2025-05-06 16:00:00 - 2025-05-07 00:00:00
2025-05-07 12:19:23,959 - INFO - Prioridad actual: 0
2025-05-07 12:19:23,959 - INFO - 
Obteniendo intervalos para máquina 1431
2025-05-07 12:19:23,959 - INFO - Rango: 2025-05-06 16:00:00 - 2025-05-07 00:00:00
2025-05-07 12:19:23,971 - INFO - No se detectaron conflictos
2025-05-07 12:19:23,972 - INFO - 
Verificando conflictos para máquina 1601
2025-05-07 12:19:23,972 - INFO - Intervalo a verificar: 2025-05-06 17:00:00 - 2025-05-07 01:00:00
2025-05-07 12:19:23,972 - INFO - Prioridad actual: 0
2025-05-07 12:19:23,972 - INFO - 
Obteniendo intervalos para máquina 1601
2025-05-07 12:19:23,973 - INFO - Rango: 2025-05-06 17:00:00 - 2025-05-07 01:00:00
2025-05-07 12:19:24,042 - INFO - No se detectaron conflictos
2025-05-07 12:19:24,043 - INFO - 
Verificando conflictos para máquina 2002
2025-05-07 12:19:24,043 - INFO - Intervalo a verificar: 2025-05-06 17:45:00 - 2025-05-07 01:45:00
2025-05-07 12:19:24,043 - INFO - Prioridad actual: 0
2025-05-07 12:19:24,043 - INFO - 
Obteniendo intervalos para máquina 2002
2025-05-07 12:19:24,043 - INFO - Rango: 2025-05-06 17:45:00 - 2025-05-07 01:45:00
2025-05-07 12:19:24,053 - INFO - No se detectaron conflictos
2025-05-07 12:19:24,054 - INFO - 
Verificando conflictos para máquina 1002
2025-05-07 12:19:24,054 - INFO - Intervalo a verificar: 2025-05-05 16:30:00 - 2025-05-06 00:30:00
2025-05-07 12:19:24,055 - INFO - Prioridad actual: 0
2025-05-07 12:19:24,055 - INFO - 
Obteniendo intervalos para máquina 1002
2025-05-07 12:19:24,055 - INFO - Rango: 2025-05-05 16:30:00 - 2025-05-06 00:30:00
2025-05-07 12:19:24,098 - INFO - No se detectaron conflictos
2025-05-07 12:19:24,099 - INFO - 
Verificando conflictos para máquina 1203
2025-05-07 12:19:24,099 - INFO - Intervalo a verificar: 2025-05-06 16:30:00 - 2025-05-07 00:30:00
2025-05-07 12:19:24,099 - INFO - Prioridad actual: 0
2025-05-07 12:19:24,099 - INFO - 
Obteniendo intervalos para máquina 1203
2025-05-07 12:19:24,099 - INFO - Rango: 2025-05-06 16:30:00 - 2025-05-07 00:30:00
2025-05-07 12:19:24,109 - INFO - No se detectaron conflictos
2025-05-07 12:19:24,110 - INFO - 
Verificando conflictos para máquina 1431
2025-05-07 12:19:24,110 - INFO - Intervalo a verificar: 2025-05-06 17:00:00 - 2025-05-07 01:00:00
2025-05-07 12:19:24,110 - INFO - Prioridad actual: 0
2025-05-07 12:19:24,111 - INFO - 
Obteniendo intervalos para máquina 1431
2025-05-07 12:19:24,111 - INFO - Rango: 2025-05-06 17:00:00 - 2025-05-07 01:00:00
2025-05-07 12:19:24,124 - INFO - No se detectaron conflictos
2025-05-07 12:19:24,124 - INFO - 
Verificando conflictos para máquina 1601
2025-05-07 12:19:24,124 - INFO - Intervalo a verificar: 2025-05-06 17:45:00 - 2025-05-07 01:45:00
2025-05-07 12:19:24,125 - INFO - Prioridad actual: 0
2025-05-07 12:19:24,125 - INFO - 
Obteniendo intervalos para máquina 1601
2025-05-07 12:19:24,125 - INFO - Rango: 2025-05-06 17:45:00 - 2025-05-07 01:45:00
2025-05-07 12:19:24,158 - INFO - No se detectaron conflictos
2025-05-07 12:19:24,158 - INFO - 
Verificando conflictos para máquina 2002
2025-05-07 12:19:24,158 - INFO - Intervalo a verificar: 2025-05-07 08:00:00 - 2025-05-07 16:00:00
2025-05-07 12:19:24,159 - INFO - Prioridad actual: 0
2025-05-07 12:19:24,159 - INFO - 
Obteniendo intervalos para máquina 2002
2025-05-07 12:19:24,159 - INFO - Rango: 2025-05-07 08:00:00 - 2025-05-07 16:00:00
2025-05-07 12:19:24,170 - INFO - No se detectaron conflictos
2025-05-07 12:19:24,171 - INFO - 
Verificando conflictos para máquina 1002
2025-05-07 12:19:24,171 - INFO - Intervalo a verificar: 2025-05-05 17:30:00 - 2025-05-06 01:30:00
2025-05-07 12:19:24,171 - INFO - Prioridad actual: 0
2025-05-07 12:19:24,171 - INFO - 
Obteniendo intervalos para máquina 1002
2025-05-07 12:19:24,172 - INFO - Rango: 2025-05-05 17:30:00 - 2025-05-06 01:30:00
2025-05-07 12:19:24,209 - INFO - No se detectaron conflictos
2025-05-07 12:19:24,210 - INFO - 
Verificando conflictos para máquina 1203
2025-05-07 12:19:24,210 - INFO - Intervalo a verificar: 2025-05-06 17:30:00 - 2025-05-07 01:30:00
2025-05-07 12:19:24,210 - INFO - Prioridad actual: 0
2025-05-07 12:19:24,210 - INFO - 
Obteniendo intervalos para máquina 1203
2025-05-07 12:19:24,210 - INFO - Rango: 2025-05-06 17:30:00 - 2025-05-07 01:30:00
2025-05-07 12:19:24,223 - INFO - No se detectaron conflictos
2025-05-07 12:19:24,224 - INFO - 
Verificando conflictos para máquina 1431
2025-05-07 12:19:24,224 - INFO - Intervalo a verificar: 2025-05-06 17:45:00 - 2025-05-07 01:45:00
2025-05-07 12:19:24,224 - INFO - Prioridad actual: 0
2025-05-07 12:19:24,224 - INFO - 
Obteniendo intervalos para máquina 1431
2025-05-07 12:19:24,224 - INFO - Rango: 2025-05-06 17:45:00 - 2025-05-07 01:45:00
2025-05-07 12:19:24,235 - INFO - No se detectaron conflictos
2025-05-07 12:19:24,236 - INFO - 
Verificando conflictos para máquina 1601
2025-05-07 12:19:24,236 - INFO - Intervalo a verificar: 2025-05-07 08:00:00 - 2025-05-07 16:00:00
2025-05-07 12:19:24,236 - INFO - Prioridad actual: 0
2025-05-07 12:19:24,236 - INFO - 
Obteniendo intervalos para máquina 1601
2025-05-07 12:19:24,236 - INFO - Rango: 2025-05-07 08:00:00 - 2025-05-07 16:00:00
2025-05-07 12:19:24,269 - INFO - No se detectaron conflictos
2025-05-07 12:19:24,269 - INFO - 
Verificando conflictos para máquina 2002
2025-05-07 12:19:24,269 - INFO - Intervalo a verificar: 2025-05-07 09:00:00 - 2025-05-07 17:00:00
2025-05-07 12:19:24,269 - INFO - Prioridad actual: 0
2025-05-07 12:19:24,270 - INFO - 
Obteniendo intervalos para máquina 2002
2025-05-07 12:19:24,270 - INFO - Rango: 2025-05-07 09:00:00 - 2025-05-07 17:00:00
2025-05-07 12:19:24,279 - INFO - No se detectaron conflictos
2025-05-07 12:19:24,280 - INFO - 
Verificando conflictos para máquina 1002
2025-05-07 12:19:24,280 - INFO - Intervalo a verificar: 2025-05-06 07:45:00 - 2025-05-06 15:45:00
2025-05-07 12:19:24,280 - INFO - Prioridad actual: 0
2025-05-07 12:19:24,280 - INFO - 
Obteniendo intervalos para máquina 1002
2025-05-07 12:19:24,280 - INFO - Rango: 2025-05-06 07:45:00 - 2025-05-06 15:45:00
2025-05-07 12:19:24,323 - INFO - No se detectaron conflictos
2025-05-07 12:19:24,323 - INFO - 
Verificando conflictos para máquina 1203
2025-05-07 12:19:24,323 - INFO - Intervalo a verificar: 2025-05-07 07:45:00 - 2025-05-07 15:45:00
2025-05-07 12:19:24,324 - INFO - Prioridad actual: 0
2025-05-07 12:19:24,324 - INFO - 
Obteniendo intervalos para máquina 1203
2025-05-07 12:19:24,324 - INFO - Rango: 2025-05-07 07:45:00 - 2025-05-07 15:45:00
2025-05-07 12:19:24,336 - INFO - No se detectaron conflictos
2025-05-07 12:19:24,336 - INFO - 
Verificando conflictos para máquina 1431
2025-05-07 12:19:24,337 - INFO - Intervalo a verificar: 2025-05-07 11:00:00 - 2025-05-07 19:00:00
2025-05-07 12:19:24,337 - INFO - Prioridad actual: 0
2025-05-07 12:19:24,337 - INFO - 
Obteniendo intervalos para máquina 1431
2025-05-07 12:19:24,337 - INFO - Rango: 2025-05-07 11:00:00 - 2025-05-07 19:00:00
2025-05-07 12:19:24,349 - INFO - No se detectaron conflictos
2025-05-07 12:19:24,350 - INFO - 
Verificando conflictos para máquina 1601
2025-05-07 12:19:24,350 - INFO - Intervalo a verificar: 2025-05-07 15:00:00 - 2025-05-07 23:00:00
2025-05-07 12:19:24,350 - INFO - Prioridad actual: 0
2025-05-07 12:19:24,350 - INFO - 
Obteniendo intervalos para máquina 1601
2025-05-07 12:19:24,350 - INFO - Rango: 2025-05-07 15:00:00 - 2025-05-07 23:00:00
2025-05-07 12:19:24,387 - INFO - No se detectaron conflictos
2025-05-07 12:19:24,388 - INFO - 
Verificando conflictos para máquina 2002
2025-05-07 12:19:24,388 - INFO - Intervalo a verificar: 2025-05-08 08:00:00 - 2025-05-08 16:00:00
2025-05-07 12:19:24,388 - INFO - Prioridad actual: 0
2025-05-07 12:19:24,388 - INFO - 
Obteniendo intervalos para máquina 2002
2025-05-07 12:19:24,388 - INFO - Rango: 2025-05-08 08:00:00 - 2025-05-08 16:00:00
2025-05-07 12:19:24,398 - INFO - No se detectaron conflictos
2025-05-07 12:19:24,399 - INFO - 
Verificando conflictos para máquina 1004
2025-05-07 12:19:24,399 - INFO - Intervalo a verificar: 2025-05-02 07:45:00 - 2025-05-02 15:45:00
2025-05-07 12:19:24,399 - INFO - Prioridad actual: 0
2025-05-07 12:19:24,399 - INFO - 
Obteniendo intervalos para máquina 1004
2025-05-07 12:19:24,399 - INFO - Rango: 2025-05-02 07:45:00 - 2025-05-02 15:45:00
2025-05-07 12:19:24,407 - WARNING - Conflicto detectado con OT 43970
2025-05-07 12:19:24,407 - WARNING - Prioridad del conflicto: 9
2025-05-07 12:19:24,408 - INFO - 
Verificando conflictos para máquina 1004
2025-05-07 12:19:24,408 - INFO - Intervalo a verificar: 2025-05-02 13:00:00 - 2025-05-02 21:00:00
2025-05-07 12:19:24,408 - INFO - Prioridad actual: 0
2025-05-07 12:19:24,408 - INFO - 
Obteniendo intervalos para máquina 1004
2025-05-07 12:19:24,408 - INFO - Rango: 2025-05-02 13:00:00 - 2025-05-02 21:00:00
2025-05-07 12:19:24,417 - INFO - No se detectaron conflictos
2025-05-07 12:19:24,418 - INFO - 
Verificando conflictos para máquina 1315
2025-05-07 12:19:24,418 - INFO - Intervalo a verificar: 2025-05-05 15:30:00 - 2025-05-05 23:30:00
2025-05-07 12:19:24,418 - INFO - Prioridad actual: 0
2025-05-07 12:19:24,418 - INFO - 
Obteniendo intervalos para máquina 1315
2025-05-07 12:19:24,418 - INFO - Rango: 2025-05-05 15:30:00 - 2025-05-05 23:30:00
2025-05-07 12:19:24,426 - INFO - No se detectaron conflictos
2025-05-07 12:19:24,426 - INFO - 
Verificando conflictos para máquina 1315
2025-05-07 12:19:24,427 - INFO - Intervalo a verificar: 2025-05-06 10:00:00 - 2025-05-06 18:00:00
2025-05-07 12:19:24,427 - INFO - Prioridad actual: 0
2025-05-07 12:19:24,427 - INFO - 
Obteniendo intervalos para máquina 1315
2025-05-07 12:19:24,427 - INFO - Rango: 2025-05-06 10:00:00 - 2025-05-06 18:00:00
2025-05-07 12:19:24,437 - INFO - No se detectaron conflictos
2025-05-07 12:19:24,438 - INFO - 
Verificando conflictos para máquina 1001
2025-05-07 12:19:24,438 - INFO - Intervalo a verificar: 2025-05-06 15:00:00 - 2025-05-06 23:00:00
2025-05-07 12:19:24,438 - INFO - Prioridad actual: 0
2025-05-07 12:19:24,438 - INFO - 
Obteniendo intervalos para máquina 1001
2025-05-07 12:19:24,438 - INFO - Rango: 2025-05-06 15:00:00 - 2025-05-06 23:00:00
2025-05-07 12:19:24,447 - INFO - No se detectaron conflictos
2025-05-07 12:19:24,448 - INFO - 
Verificando conflictos para máquina 4002
2025-05-07 12:19:24,448 - INFO - Intervalo a verificar: 2025-05-07 09:00:00 - 2025-05-07 17:00:00
2025-05-07 12:19:24,448 - INFO - Prioridad actual: 0
2025-05-07 12:19:24,448 - INFO - 
Obteniendo intervalos para máquina 4002
2025-05-07 12:19:24,448 - INFO - Rango: 2025-05-07 09:00:00 - 2025-05-07 17:00:00
2025-05-07 12:19:24,452 - INFO - No se detectaron conflictos
2025-05-07 12:19:24,453 - INFO - 
Verificando conflictos para máquina 1001
2025-05-07 12:19:24,453 - INFO - Intervalo a verificar: 2025-05-07 13:00:00 - 2025-05-07 21:00:00
2025-05-07 12:19:24,453 - INFO - Prioridad actual: 0
2025-05-07 12:19:24,454 - INFO - 
Obteniendo intervalos para máquina 1001
2025-05-07 12:19:24,454 - INFO - Rango: 2025-05-07 13:00:00 - 2025-05-07 21:00:00
2025-05-07 12:19:24,461 - INFO - No se detectaron conflictos
2025-05-07 12:19:24,464 - INFO - 
Verificando conflictos para máquina 4002
2025-05-07 12:19:24,464 - INFO - Intervalo a verificar: 2025-05-07 17:45:00 - 2025-05-08 01:45:00
2025-05-07 12:19:24,464 - INFO - Prioridad actual: 0
2025-05-07 12:19:24,464 - INFO - 
Obteniendo intervalos para máquina 4002
2025-05-07 12:19:24,465 - INFO - Rango: 2025-05-07 17:45:00 - 2025-05-08 01:45:00
2025-05-07 12:19:24,470 - INFO - No se detectaron conflictos
2025-05-07 12:19:24,471 - INFO - 
Verificando conflictos para máquina 1205
2025-05-07 12:19:24,471 - INFO - Intervalo a verificar: 2025-05-08 12:00:00 - 2025-05-08 20:00:00
2025-05-07 12:19:24,471 - INFO - Prioridad actual: 0
2025-05-07 12:19:24,471 - INFO - 
Obteniendo intervalos para máquina 1205
2025-05-07 12:19:24,471 - INFO - Rango: 2025-05-08 12:00:00 - 2025-05-08 20:00:00
2025-05-07 12:19:24,491 - INFO - No se detectaron conflictos
2025-05-07 12:19:24,492 - INFO - 
Verificando conflictos para máquina 3421
2025-05-07 12:19:24,492 - INFO - Intervalo a verificar: 2025-05-08 17:00:00 - 2025-05-09 01:00:00
2025-05-07 12:19:24,492 - INFO - Prioridad actual: 0
2025-05-07 12:19:24,492 - INFO - 
Obteniendo intervalos para máquina 3421
2025-05-07 12:19:24,492 - INFO - Rango: 2025-05-08 17:00:00 - 2025-05-09 01:00:00
2025-05-07 12:19:24,504 - INFO - No se detectaron conflictos
