2025-05-07 16:57:22,175 - INFO - Intervalo a verificar: 2025-05-08 10:00:00 - 2025-05-08 18:00:00
2025-05-07 16:57:22,425 - INFO - Prioridad actual: 0
2025-05-07 16:57:22,427 - INFO - 
Obteniendo intervalos para máquina 3421
2025-05-07 16:57:22,428 - INFO - Rango: 2025-05-08 10:00:00 - 2025-05-08 18:00:00
2025-05-07 16:57:22,459 - INFO - No se detectaron conflictos
2025-05-07 16:57:22,460 - INFO - 
Verificando conflictos para máquina 1002
2025-05-07 16:57:22,461 - INFO - Intervalo a verificar: 2025-05-02 13:30:00 - 2025-05-02 21:30:00
2025-05-07 16:57:22,461 - INFO - Prioridad actual: 0
2025-05-07 16:57:22,462 - INFO - 
Obteniendo intervalos para máquina 1002
2025-05-07 16:57:22,463 - INFO - Rango: 2025-05-02 13:30:00 - 2025-05-02 21:30:00
2025-05-07 16:57:22,510 - WARNING - Conflicto detectado con OT 43951
2025-05-07 16:57:22,511 - WARNING - Prioridad del conflicto: 4
2025-05-07 16:57:22,512 - INFO - 
Verificando conflictos para máquina 1201
2025-05-07 16:57:22,513 - INFO - Intervalo a verificar: 2025-05-05 10:00:00 - 2025-05-05 18:00:00
2025-05-07 16:57:22,513 - INFO - Prioridad actual: 0
2025-05-07 16:57:22,513 - INFO - 
Obteniendo intervalos para máquina 1201
2025-05-07 16:57:22,514 - INFO - Rango: 2025-05-05 10:00:00 - 2025-05-05 18:00:00
2025-05-07 16:57:22,526 - INFO - No se detectaron conflictos
2025-05-07 16:57:22,527 - INFO - 
Verificando conflictos para máquina 1312
2025-05-07 16:57:22,527 - INFO - Intervalo a verificar: 2025-05-05 11:00:00 - 2025-05-05 19:00:00
2025-05-07 16:57:22,527 - INFO - Prioridad actual: 0
2025-05-07 16:57:22,528 - INFO - 
Obteniendo intervalos para máquina 1312
2025-05-07 16:57:22,528 - INFO - Rango: 2025-05-05 11:00:00 - 2025-05-05 19:00:00
2025-05-07 16:57:22,535 - INFO - No se detectaron conflictos
2025-05-07 16:57:22,536 - INFO - 
Verificando conflictos para máquina 1315
2025-05-07 16:57:22,536 - INFO - Intervalo a verificar: 2025-05-06 07:45:00 - 2025-05-06 15:45:00
2025-05-07 16:57:22,537 - INFO - Prioridad actual: 0
2025-05-07 16:57:22,537 - INFO - 
Obteniendo intervalos para máquina 1315
2025-05-07 16:57:22,537 - INFO - Rango: 2025-05-06 07:45:00 - 2025-05-06 15:45:00
2025-05-07 16:57:22,546 - INFO - No se detectaron conflictos
2025-05-07 16:57:22,548 - INFO - 
Verificando conflictos para máquina 1315
2025-05-07 16:57:22,548 - INFO - Intervalo a verificar: 2025-05-06 11:00:00 - 2025-05-06 19:00:00
2025-05-07 16:57:22,549 - INFO - Prioridad actual: 0
2025-05-07 16:57:22,549 - INFO - 
Obteniendo intervalos para máquina 1315
2025-05-07 16:57:22,550 - INFO - Rango: 2025-05-06 11:00:00 - 2025-05-06 19:00:00
2025-05-07 16:57:22,559 - INFO - No se detectaron conflictos
2025-05-07 16:57:22,561 - INFO - 
Verificando conflictos para máquina 1204
2025-05-07 16:57:22,561 - INFO - Intervalo a verificar: 2025-05-06 15:00:00 - 2025-05-06 23:00:00
2025-05-07 16:57:22,561 - INFO - Prioridad actual: 0
2025-05-07 16:57:22,562 - INFO - 
Obteniendo intervalos para máquina 1204
2025-05-07 16:57:22,562 - INFO - Rango: 2025-05-06 15:00:00 - 2025-05-06 23:00:00
2025-05-07 16:57:22,574 - INFO - No se detectaron conflictos
2025-05-07 16:57:22,575 - INFO - 
Verificando conflictos para máquina 1002
2025-05-07 16:57:22,575 - INFO - Intervalo a verificar: 2025-05-05 10:30:00 - 2025-05-05 18:30:00
2025-05-07 16:57:22,576 - INFO - Prioridad actual: 0
2025-05-07 16:57:22,576 - INFO - 
Obteniendo intervalos para máquina 1002
2025-05-07 16:57:22,576 - INFO - Rango: 2025-05-05 10:30:00 - 2025-05-05 18:30:00
2025-05-07 16:57:22,618 - INFO - No se detectaron conflictos
2025-05-07 16:57:22,619 - INFO - 
Verificando conflictos para máquina 1203
2025-05-07 16:57:22,619 - INFO - Intervalo a verificar: 2025-05-06 10:00:00 - 2025-05-06 18:00:00
2025-05-07 16:57:22,619 - INFO - Prioridad actual: 0
2025-05-07 16:57:22,620 - INFO - 
Obteniendo intervalos para máquina 1203
2025-05-07 16:57:22,620 - INFO - Rango: 2025-05-06 10:00:00 - 2025-05-06 18:00:00
2025-05-07 16:57:22,635 - INFO - No se detectaron conflictos
2025-05-07 16:57:22,636 - INFO - 
Verificando conflictos para máquina 1314
2025-05-07 16:57:22,637 - INFO - Intervalo a verificar: 2025-05-07 10:00:00 - 2025-05-07 18:00:00
2025-05-07 16:57:22,637 - INFO - Prioridad actual: 0
2025-05-07 16:57:22,637 - INFO - 
Obteniendo intervalos para máquina 1314
2025-05-07 16:57:22,637 - INFO - Rango: 2025-05-07 10:00:00 - 2025-05-07 18:00:00
2025-05-07 16:57:22,646 - INFO - No se detectaron conflictos
2025-05-07 16:57:22,648 - INFO - 
Verificando conflictos para máquina 2501
2025-05-07 16:57:22,648 - INFO - Intervalo a verificar: 2025-05-08 10:00:00 - 2025-05-08 18:00:00
2025-05-07 16:57:22,648 - INFO - Prioridad actual: 0
2025-05-07 16:57:22,649 - INFO - 
Obteniendo intervalos para máquina 2501
2025-05-07 16:57:22,649 - INFO - Rango: 2025-05-08 10:00:00 - 2025-05-08 18:00:00
2025-05-07 16:57:22,657 - INFO - No se detectaron conflictos
2025-05-07 16:57:22,659 - INFO - 
Verificando conflictos para máquina 1205
2025-05-07 16:57:22,659 - INFO - Intervalo a verificar: 2025-05-08 10:30:00 - 2025-05-08 18:30:00
2025-05-07 16:57:22,660 - INFO - Prioridad actual: 0
2025-05-07 16:57:22,660 - INFO - 
Obteniendo intervalos para máquina 1205
2025-05-07 16:57:22,661 - INFO - Rango: 2025-05-08 10:30:00 - 2025-05-08 18:30:00
2025-05-07 16:57:22,682 - INFO - No se detectaron conflictos
2025-05-07 16:57:22,683 - INFO - 
Verificando conflictos para máquina 1002
2025-05-07 16:57:22,683 - INFO - Intervalo a verificar: 2025-05-06 10:30:00 - 2025-05-06 18:30:00
2025-05-07 16:57:22,684 - INFO - Prioridad actual: 0
2025-05-07 16:57:22,684 - INFO - 
Obteniendo intervalos para máquina 1002
2025-05-07 16:57:22,684 - INFO - Rango: 2025-05-06 10:30:00 - 2025-05-06 18:30:00
2025-05-07 16:57:22,723 - INFO - No se detectaron conflictos
2025-05-07 16:57:22,724 - INFO - 
Verificando conflictos para máquina 1203
2025-05-07 16:57:22,724 - INFO - Intervalo a verificar: 2025-05-07 10:30:00 - 2025-05-07 18:30:00
2025-05-07 16:57:22,725 - INFO - Prioridad actual: 0
2025-05-07 16:57:22,725 - INFO - 
Obteniendo intervalos para máquina 1203
2025-05-07 16:57:22,725 - INFO - Rango: 2025-05-07 10:30:00 - 2025-05-07 18:30:00
2025-05-07 16:57:22,736 - INFO - No se detectaron conflictos
2025-05-07 16:57:22,737 - INFO - 
Verificando conflictos para máquina 1431
2025-05-07 16:57:22,737 - INFO - Intervalo a verificar: 2025-05-07 11:00:00 - 2025-05-07 19:00:00
2025-05-07 16:57:22,737 - INFO - Prioridad actual: 0
2025-05-07 16:57:22,738 - INFO - 
Obteniendo intervalos para máquina 1431
2025-05-07 16:57:22,738 - INFO - Rango: 2025-05-07 11:00:00 - 2025-05-07 19:00:00
2025-05-07 16:57:22,748 - INFO - No se detectaron conflictos
2025-05-07 16:57:22,749 - INFO - 
Verificando conflictos para máquina 1601
2025-05-07 16:57:22,749 - INFO - Intervalo a verificar: 2025-05-07 12:00:00 - 2025-05-07 20:00:00
2025-05-07 16:57:22,750 - INFO - Prioridad actual: 0
2025-05-07 16:57:22,750 - INFO - 
Obteniendo intervalos para máquina 1601
2025-05-07 16:57:22,750 - INFO - Rango: 2025-05-07 12:00:00 - 2025-05-07 20:00:00
2025-05-07 16:57:22,782 - INFO - No se detectaron conflictos
2025-05-07 16:57:22,783 - INFO - 
Verificando conflictos para máquina 2002
2025-05-07 16:57:22,783 - INFO - Intervalo a verificar: 2025-05-07 13:00:00 - 2025-05-07 21:00:00
2025-05-07 16:57:22,784 - INFO - Prioridad actual: 0
2025-05-07 16:57:22,784 - INFO - 
Obteniendo intervalos para máquina 2002
2025-05-07 16:57:22,784 - INFO - Rango: 2025-05-07 13:00:00 - 2025-05-07 21:00:00
2025-05-07 16:57:22,793 - INFO - No se detectaron conflictos
2025-05-07 16:57:22,794 - INFO - 
Verificando conflictos para máquina 1002
2025-05-07 16:57:22,795 - INFO - Intervalo a verificar: 2025-05-06 11:30:00 - 2025-05-06 19:30:00
2025-05-07 16:57:22,795 - INFO - Prioridad actual: 0
2025-05-07 16:57:22,795 - INFO - 
Obteniendo intervalos para máquina 1002
2025-05-07 16:57:22,796 - INFO - Rango: 2025-05-06 11:30:00 - 2025-05-06 19:30:00
2025-05-07 16:57:22,832 - INFO - No se detectaron conflictos
2025-05-07 16:57:22,834 - INFO - 
Verificando conflictos para máquina 1203
2025-05-07 16:57:22,835 - INFO - Intervalo a verificar: 2025-05-07 11:30:00 - 2025-05-07 19:30:00
2025-05-07 16:57:22,835 - INFO - Prioridad actual: 0
2025-05-07 16:57:22,835 - INFO - 
Obteniendo intervalos para máquina 1203
2025-05-07 16:57:22,836 - INFO - Rango: 2025-05-07 11:30:00 - 2025-05-07 19:30:00
2025-05-07 16:57:22,847 - INFO - No se detectaron conflictos
2025-05-07 16:57:22,849 - INFO - 
Verificando conflictos para máquina 1431
2025-05-07 16:57:22,849 - INFO - Intervalo a verificar: 2025-05-07 12:00:00 - 2025-05-07 20:00:00
2025-05-07 16:57:22,850 - INFO - Prioridad actual: 0
2025-05-07 16:57:22,850 - INFO - 
Obteniendo intervalos para máquina 1431
2025-05-07 16:57:22,851 - INFO - Rango: 2025-05-07 12:00:00 - 2025-05-07 20:00:00
2025-05-07 16:57:22,862 - INFO - No se detectaron conflictos
2025-05-07 16:57:22,863 - INFO - 
Verificando conflictos para máquina 1601
2025-05-07 16:57:22,864 - INFO - Intervalo a verificar: 2025-05-07 13:00:00 - 2025-05-07 21:00:00
2025-05-07 16:57:22,864 - INFO - Prioridad actual: 0
2025-05-07 16:57:22,865 - INFO - 
Obteniendo intervalos para máquina 1601
2025-05-07 16:57:22,865 - INFO - Rango: 2025-05-07 13:00:00 - 2025-05-07 21:00:00
2025-05-07 16:57:22,896 - INFO - No se detectaron conflictos
2025-05-07 16:57:22,898 - INFO - 
Verificando conflictos para máquina 2002
2025-05-07 16:57:22,898 - INFO - Intervalo a verificar: 2025-05-07 15:00:00 - 2025-05-07 23:00:00
2025-05-07 16:57:22,899 - INFO - Prioridad actual: 0
2025-05-07 16:57:22,899 - INFO - 
Obteniendo intervalos para máquina 2002
2025-05-07 16:57:22,899 - INFO - Rango: 2025-05-07 15:00:00 - 2025-05-07 23:00:00
2025-05-07 16:57:22,909 - INFO - No se detectaron conflictos
2025-05-07 16:57:22,910 - INFO - 
Verificando conflictos para máquina 1002
2025-05-07 16:57:22,910 - INFO - Intervalo a verificar: 2025-05-06 12:30:00 - 2025-05-06 20:30:00
2025-05-07 16:57:22,910 - INFO - Prioridad actual: 0
2025-05-07 16:57:22,911 - INFO - 
Obteniendo intervalos para máquina 1002
2025-05-07 16:57:22,911 - INFO - Rango: 2025-05-06 12:30:00 - 2025-05-06 20:30:00
2025-05-07 16:57:22,949 - INFO - No se detectaron conflictos
2025-05-07 16:57:22,950 - INFO - 
Verificando conflictos para máquina 1203
2025-05-07 16:57:22,950 - INFO - Intervalo a verificar: 2025-05-07 12:30:00 - 2025-05-07 20:30:00
2025-05-07 16:57:22,950 - INFO - Prioridad actual: 0
2025-05-07 16:57:22,951 - INFO - 
Obteniendo intervalos para máquina 1203
2025-05-07 16:57:22,951 - INFO - Rango: 2025-05-07 12:30:00 - 2025-05-07 20:30:00
2025-05-07 16:57:22,962 - INFO - No se detectaron conflictos
2025-05-07 16:57:22,963 - INFO - 
Verificando conflictos para máquina 1431
2025-05-07 16:57:22,963 - INFO - Intervalo a verificar: 2025-05-07 13:00:00 - 2025-05-07 21:00:00
2025-05-07 16:57:22,964 - INFO - Prioridad actual: 0
2025-05-07 16:57:22,964 - INFO - 
Obteniendo intervalos para máquina 1431
2025-05-07 16:57:22,964 - INFO - Rango: 2025-05-07 13:00:00 - 2025-05-07 21:00:00
2025-05-07 16:57:22,974 - INFO - No se detectaron conflictos
2025-05-07 16:57:22,975 - INFO - 
Verificando conflictos para máquina 1601
2025-05-07 16:57:22,975 - INFO - Intervalo a verificar: 2025-05-07 15:00:00 - 2025-05-07 23:00:00
2025-05-07 16:57:22,976 - INFO - Prioridad actual: 0
2025-05-07 16:57:22,976 - INFO - 
Obteniendo intervalos para máquina 1601
2025-05-07 16:57:22,976 - INFO - Rango: 2025-05-07 15:00:00 - 2025-05-07 23:00:00
2025-05-07 16:57:23,009 - INFO - No se detectaron conflictos
2025-05-07 16:57:23,010 - INFO - 
Verificando conflictos para máquina 2002
2025-05-07 16:57:23,011 - INFO - Intervalo a verificar: 2025-05-07 16:00:00 - 2025-05-08 00:00:00
2025-05-07 16:57:23,011 - INFO - Prioridad actual: 0
2025-05-07 16:57:23,012 - INFO - 
Obteniendo intervalos para máquina 2002
2025-05-07 16:57:23,012 - INFO - Rango: 2025-05-07 16:00:00 - 2025-05-08 00:00:00
2025-05-07 16:57:23,024 - INFO - No se detectaron conflictos
2025-05-07 16:57:23,026 - INFO - 
Verificando conflictos para máquina 1002
2025-05-07 16:57:23,026 - INFO - Intervalo a verificar: 2025-05-06 13:30:00 - 2025-05-06 21:30:00
2025-05-07 16:57:23,026 - INFO - Prioridad actual: 0
2025-05-07 16:57:23,027 - INFO - 
Obteniendo intervalos para máquina 1002
2025-05-07 16:57:23,027 - INFO - Rango: 2025-05-06 13:30:00 - 2025-05-06 21:30:00
2025-05-07 16:57:23,068 - INFO - No se detectaron conflictos
2025-05-07 16:57:23,069 - INFO - 
Verificando conflictos para máquina 1203
2025-05-07 16:57:23,070 - INFO - Intervalo a verificar: 2025-05-07 13:30:00 - 2025-05-07 21:30:00
2025-05-07 16:57:23,070 - INFO - Prioridad actual: 0
2025-05-07 16:57:23,071 - INFO - 
Obteniendo intervalos para máquina 1203
2025-05-07 16:57:23,071 - INFO - Rango: 2025-05-07 13:30:00 - 2025-05-07 21:30:00
2025-05-07 16:57:23,083 - INFO - No se detectaron conflictos
2025-05-07 16:57:23,085 - INFO - 
Verificando conflictos para máquina 1431
2025-05-07 16:57:23,086 - INFO - Intervalo a verificar: 2025-05-07 17:00:00 - 2025-05-08 01:00:00
2025-05-07 16:57:23,086 - INFO - Prioridad actual: 0
2025-05-07 16:57:23,087 - INFO - 
Obteniendo intervalos para máquina 1431
2025-05-07 16:57:23,087 - INFO - Rango: 2025-05-07 17:00:00 - 2025-05-08 01:00:00
2025-05-07 16:57:23,100 - INFO - No se detectaron conflictos
2025-05-07 16:57:23,101 - INFO - 
Verificando conflictos para máquina 1601
2025-05-07 16:57:23,102 - INFO - Intervalo a verificar: 2025-05-08 10:00:00 - 2025-05-08 18:00:00
2025-05-07 16:57:23,102 - INFO - Prioridad actual: 0
2025-05-07 16:57:23,103 - INFO - 
Obteniendo intervalos para máquina 1601
2025-05-07 16:57:23,103 - INFO - Rango: 2025-05-08 10:00:00 - 2025-05-08 18:00:00
2025-05-07 16:57:23,137 - INFO - No se detectaron conflictos
2025-05-07 16:57:23,139 - INFO - 
Verificando conflictos para máquina 2002
2025-05-07 16:57:23,139 - INFO - Intervalo a verificar: 2025-05-08 13:00:00 - 2025-05-08 21:00:00
2025-05-07 16:57:23,139 - INFO - Prioridad actual: 0
2025-05-07 16:57:23,140 - INFO - 
Obteniendo intervalos para máquina 2002
2025-05-07 16:57:23,140 - INFO - Rango: 2025-05-08 13:00:00 - 2025-05-08 21:00:00
2025-05-07 16:57:23,152 - INFO - No se detectaron conflictos
2025-05-07 16:57:23,268 - INFO - 
Verificando conflictos para máquina 1003
2025-05-07 16:57:23,268 - INFO - Intervalo a verificar: 2025-05-02 07:45:00 - 2025-05-02 15:45:00
2025-05-07 16:57:23,269 - INFO - Prioridad actual: 0
2025-05-07 16:57:23,269 - INFO - 
Obteniendo intervalos para máquina 1003
2025-05-07 16:57:23,269 - INFO - Rango: 2025-05-02 07:45:00 - 2025-05-02 15:45:00
2025-05-07 16:57:23,281 - WARNING - Conflicto detectado con OT 43957
2025-05-07 16:57:23,282 - WARNING - Prioridad del conflicto: 1
2025-05-07 16:57:23,283 - INFO - 
Verificando conflictos para máquina 1201
2025-05-07 16:57:23,283 - INFO - Intervalo a verificar: 2025-05-02 11:00:00 - 2025-05-02 19:00:00
2025-05-07 16:57:23,283 - INFO - Prioridad actual: 0
2025-05-07 16:57:23,284 - INFO - 
Obteniendo intervalos para máquina 1201
2025-05-07 16:57:23,285 - INFO - Rango: 2025-05-02 11:00:00 - 2025-05-02 19:00:00
2025-05-07 16:57:23,294 - INFO - No se detectaron conflictos
2025-05-07 16:57:23,296 - INFO - 
Verificando conflictos para máquina 1313
2025-05-07 16:57:23,296 - INFO - Intervalo a verificar: 2025-05-02 12:00:00 - 2025-05-02 20:00:00
2025-05-07 16:57:23,296 - INFO - Prioridad actual: 0
2025-05-07 16:57:23,296 - INFO - 
Obteniendo intervalos para máquina 1313
2025-05-07 16:57:23,297 - INFO - Rango: 2025-05-02 12:00:00 - 2025-05-02 20:00:00
2025-05-07 16:57:23,321 - INFO - No se detectaron conflictos
2025-05-07 16:57:23,323 - INFO - 
Verificando conflictos para máquina 1313
2025-05-07 16:57:23,323 - INFO - Intervalo a verificar: 2025-05-02 16:00:00 - 2025-05-03 00:00:00
2025-05-07 16:57:23,323 - INFO - Prioridad actual: 0
2025-05-07 16:57:23,323 - INFO - 
Obteniendo intervalos para máquina 1313
2025-05-07 16:57:23,324 - INFO - Rango: 2025-05-02 16:00:00 - 2025-05-03 00:00:00
2025-05-07 16:57:23,353 - INFO - No se detectaron conflictos
2025-05-07 16:57:23,354 - INFO - 
Verificando conflictos para máquina 1601
2025-05-07 16:57:23,354 - INFO - Intervalo a verificar: 2025-05-05 09:00:00 - 2025-05-05 17:00:00
2025-05-07 16:57:23,354 - INFO - Prioridad actual: 0
2025-05-07 16:57:23,355 - INFO - 
Obteniendo intervalos para máquina 1601
2025-05-07 16:57:23,355 - INFO - Rango: 2025-05-05 09:00:00 - 2025-05-05 17:00:00
2025-05-07 16:57:23,385 - INFO - No se detectaron conflictos
2025-05-07 16:57:23,386 - INFO - 
Verificando conflictos para máquina 2006
2025-05-07 16:57:23,387 - INFO - Intervalo a verificar: 2025-05-05 12:00:00 - 2025-05-05 20:00:00
2025-05-07 16:57:23,387 - INFO - Prioridad actual: 0
2025-05-07 16:57:23,387 - INFO - 
Obteniendo intervalos para máquina 2006
2025-05-07 16:57:23,388 - INFO - Rango: 2025-05-05 12:00:00 - 2025-05-05 20:00:00
2025-05-07 16:57:23,396 - INFO - No se detectaron conflictos
2025-05-07 16:57:23,397 - INFO - 
Verificando conflictos para máquina 1002
2025-05-07 16:57:23,397 - INFO - Intervalo a verificar: 2025-05-02 07:45:00 - 2025-05-02 15:45:00
2025-05-07 16:57:23,398 - INFO - Prioridad actual: 0
2025-05-07 16:57:23,398 - INFO - 
Obteniendo intervalos para máquina 1002
2025-05-07 16:57:23,398 - INFO - Rango: 2025-05-02 07:45:00 - 2025-05-02 15:45:00
2025-05-07 16:57:23,438 - WARNING - Conflicto detectado con OT 43970
2025-05-07 16:57:23,438 - WARNING - Prioridad del conflicto: 2
2025-05-07 16:57:23,439 - INFO - 
Verificando conflictos para máquina 1004
2025-05-07 16:57:23,439 - INFO - Intervalo a verificar: 2025-05-02 13:00:00 - 2025-05-02 21:00:00
2025-05-07 16:57:23,439 - INFO - Prioridad actual: 0
2025-05-07 16:57:23,440 - INFO - 
Obteniendo intervalos para máquina 1004
2025-05-07 16:57:23,440 - INFO - Rango: 2025-05-02 13:00:00 - 2025-05-02 21:00:00
2025-05-07 16:57:23,447 - INFO - No se detectaron conflictos
2025-05-07 16:57:23,448 - INFO - 
Verificando conflictos para máquina 1315
2025-05-07 16:57:23,448 - INFO - Intervalo a verificar: 2025-05-05 09:00:00 - 2025-05-05 17:00:00
2025-05-07 16:57:23,449 - INFO - Prioridad actual: 0
2025-05-07 16:57:23,449 - INFO - 
Obteniendo intervalos para máquina 1315
2025-05-07 16:57:23,449 - INFO - Rango: 2025-05-05 09:00:00 - 2025-05-05 17:00:00
2025-05-07 16:57:23,457 - INFO - No se detectaron conflictos
2025-05-07 16:57:23,458 - INFO - 
Verificando conflictos para máquina 1315
2025-05-07 16:57:23,458 - INFO - Intervalo a verificar: 2025-05-05 13:00:00 - 2025-05-05 21:00:00
2025-05-07 16:57:23,458 - INFO - Prioridad actual: 0
2025-05-07 16:57:23,459 - INFO - 
Obteniendo intervalos para máquina 1315
2025-05-07 16:57:23,459 - INFO - Rango: 2025-05-05 13:00:00 - 2025-05-05 21:00:00
2025-05-07 16:57:23,467 - INFO - No se detectaron conflictos
2025-05-07 16:57:23,468 - INFO - 
Verificando conflictos para máquina 1001
2025-05-07 16:57:23,468 - INFO - Intervalo a verificar: 2025-05-05 17:45:00 - 2025-05-06 01:45:00
2025-05-07 16:57:23,469 - INFO - Prioridad actual: 0
2025-05-07 16:57:23,469 - INFO - 
Obteniendo intervalos para máquina 1001
2025-05-07 16:57:23,469 - INFO - Rango: 2025-05-05 17:45:00 - 2025-05-06 01:45:00
2025-05-07 16:57:23,477 - INFO - No se detectaron conflictos
2025-05-07 16:57:23,478 - INFO - 
Verificando conflictos para máquina 4002
2025-05-07 16:57:23,479 - INFO - Intervalo a verificar: 2025-05-06 12:00:00 - 2025-05-06 20:00:00
2025-05-07 16:57:23,479 - INFO - Prioridad actual: 0
2025-05-07 16:57:23,479 - INFO - 
Obteniendo intervalos para máquina 4002
2025-05-07 16:57:23,480 - INFO - Rango: 2025-05-06 12:00:00 - 2025-05-06 20:00:00
2025-05-07 16:57:23,486 - INFO - No se detectaron conflictos
2025-05-07 16:57:23,487 - INFO - 
Verificando conflictos para máquina 1001
2025-05-07 16:57:23,488 - INFO - Intervalo a verificar: 2025-05-06 17:00:00 - 2025-05-07 01:00:00
2025-05-07 16:57:23,488 - INFO - Prioridad actual: 0
2025-05-07 16:57:23,488 - INFO - 
Obteniendo intervalos para máquina 1001
2025-05-07 16:57:23,488 - INFO - Rango: 2025-05-06 17:00:00 - 2025-05-07 01:00:00
2025-05-07 16:57:23,498 - INFO - No se detectaron conflictos
2025-05-07 16:57:23,499 - INFO - 
Verificando conflictos para máquina 4002
2025-05-07 16:57:23,500 - INFO - Intervalo a verificar: 2025-05-07 11:00:00 - 2025-05-07 19:00:00
2025-05-07 16:57:23,500 - INFO - Prioridad actual: 0
2025-05-07 16:57:23,500 - INFO - 
Obteniendo intervalos para máquina 4002
2025-05-07 16:57:23,501 - INFO - Rango: 2025-05-07 11:00:00 - 2025-05-07 19:00:00
2025-05-07 16:57:23,505 - INFO - No se detectaron conflictos
2025-05-07 16:57:23,506 - INFO - 
Verificando conflictos para máquina 1205
2025-05-07 16:57:23,506 - INFO - Intervalo a verificar: 2025-05-07 16:00:00 - 2025-05-08 00:00:00
2025-05-07 16:57:23,506 - INFO - Prioridad actual: 0
2025-05-07 16:57:23,507 - INFO - 
Obteniendo intervalos para máquina 1205
2025-05-07 16:57:23,507 - INFO - Rango: 2025-05-07 16:00:00 - 2025-05-08 00:00:00
2025-05-07 16:57:23,525 - INFO - No se detectaron conflictos
2025-05-07 16:57:23,526 - INFO - 
Verificando conflictos para máquina 3421
2025-05-07 16:57:23,526 - INFO - Intervalo a verificar: 2025-05-08 10:00:00 - 2025-05-08 18:00:00
2025-05-07 16:57:23,527 - INFO - Prioridad actual: 0
2025-05-07 16:57:23,527 - INFO - 
Obteniendo intervalos para máquina 3421
2025-05-07 16:57:23,527 - INFO - Rango: 2025-05-08 10:00:00 - 2025-05-08 18:00:00
2025-05-07 16:57:23,537 - INFO - No se detectaron conflictos
2025-05-07 16:57:23,538 - INFO - 
Verificando conflictos para máquina 1002
2025-05-07 16:57:23,538 - INFO - Intervalo a verificar: 2025-05-02 13:30:00 - 2025-05-02 21:30:00
2025-05-07 16:57:23,539 - INFO - Prioridad actual: 0
2025-05-07 16:57:23,539 - INFO - 
Obteniendo intervalos para máquina 1002
2025-05-07 16:57:23,539 - INFO - Rango: 2025-05-02 13:30:00 - 2025-05-02 21:30:00
2025-05-07 16:57:23,583 - WARNING - Conflicto detectado con OT 43951
2025-05-07 16:57:23,799 - WARNING - Prioridad del conflicto: 4
2025-05-07 16:57:23,801 - INFO - 
Verificando conflictos para máquina 1201
2025-05-07 16:57:23,801 - INFO - Intervalo a verificar: 2025-05-05 10:00:00 - 2025-05-05 18:00:00
2025-05-07 16:57:23,802 - INFO - Prioridad actual: 0
2025-05-07 16:57:23,802 - INFO - 
Obteniendo intervalos para máquina 1201
2025-05-07 16:57:23,803 - INFO - Rango: 2025-05-05 10:00:00 - 2025-05-05 18:00:00
2025-05-07 16:57:23,815 - INFO - No se detectaron conflictos
2025-05-07 16:57:23,816 - INFO - 
Verificando conflictos para máquina 1312
2025-05-07 16:57:23,816 - INFO - Intervalo a verificar: 2025-05-05 11:00:00 - 2025-05-05 19:00:00
2025-05-07 16:57:23,816 - INFO - Prioridad actual: 0
2025-05-07 16:57:23,817 - INFO - 
Obteniendo intervalos para máquina 1312
2025-05-07 16:57:23,817 - INFO - Rango: 2025-05-05 11:00:00 - 2025-05-05 19:00:00
2025-05-07 16:57:23,823 - INFO - No se detectaron conflictos
2025-05-07 16:57:23,824 - INFO - 
Verificando conflictos para máquina 1315
2025-05-07 16:57:23,825 - INFO - Intervalo a verificar: 2025-05-06 07:45:00 - 2025-05-06 15:45:00
2025-05-07 16:57:23,825 - INFO - Prioridad actual: 0
2025-05-07 16:57:23,826 - INFO - 
Obteniendo intervalos para máquina 1315
2025-05-07 16:57:23,826 - INFO - Rango: 2025-05-06 07:45:00 - 2025-05-06 15:45:00
2025-05-07 16:57:23,834 - INFO - No se detectaron conflictos
2025-05-07 16:57:23,835 - INFO - 
Verificando conflictos para máquina 1315
2025-05-07 16:57:23,836 - INFO - Intervalo a verificar: 2025-05-06 11:00:00 - 2025-05-06 19:00:00
2025-05-07 16:57:23,836 - INFO - Prioridad actual: 0
2025-05-07 16:57:23,836 - INFO - 
Obteniendo intervalos para máquina 1315
2025-05-07 16:57:23,836 - INFO - Rango: 2025-05-06 11:00:00 - 2025-05-06 19:00:00
2025-05-07 16:57:23,846 - INFO - No se detectaron conflictos
2025-05-07 16:57:23,847 - INFO - 
Verificando conflictos para máquina 1204
2025-05-07 16:57:23,847 - INFO - Intervalo a verificar: 2025-05-06 15:00:00 - 2025-05-06 23:00:00
2025-05-07 16:57:23,848 - INFO - Prioridad actual: 0
2025-05-07 16:57:23,848 - INFO - 
Obteniendo intervalos para máquina 1204
2025-05-07 16:57:23,848 - INFO - Rango: 2025-05-06 15:00:00 - 2025-05-06 23:00:00
2025-05-07 16:57:23,859 - INFO - No se detectaron conflictos
2025-05-07 16:57:23,861 - INFO - 
Verificando conflictos para máquina 1002
2025-05-07 16:57:23,861 - INFO - Intervalo a verificar: 2025-05-05 10:30:00 - 2025-05-05 18:30:00
2025-05-07 16:57:23,861 - INFO - Prioridad actual: 0
2025-05-07 16:57:23,862 - INFO - 
Obteniendo intervalos para máquina 1002
2025-05-07 16:57:23,862 - INFO - Rango: 2025-05-05 10:30:00 - 2025-05-05 18:30:00
2025-05-07 16:57:23,902 - INFO - No se detectaron conflictos
2025-05-07 16:57:23,903 - INFO - 
Verificando conflictos para máquina 1203
2025-05-07 16:57:23,904 - INFO - Intervalo a verificar: 2025-05-06 10:00:00 - 2025-05-06 18:00:00
2025-05-07 16:57:23,904 - INFO - Prioridad actual: 0
2025-05-07 16:57:23,905 - INFO - 
Obteniendo intervalos para máquina 1203
2025-05-07 16:57:23,905 - INFO - Rango: 2025-05-06 10:00:00 - 2025-05-06 18:00:00
2025-05-07 16:57:23,916 - INFO - No se detectaron conflictos
2025-05-07 16:57:23,917 - INFO - 
Verificando conflictos para máquina 1314
2025-05-07 16:57:23,918 - INFO - Intervalo a verificar: 2025-05-07 10:00:00 - 2025-05-07 18:00:00
2025-05-07 16:57:23,918 - INFO - Prioridad actual: 0
2025-05-07 16:57:23,918 - INFO - 
Obteniendo intervalos para máquina 1314
2025-05-07 16:57:23,919 - INFO - Rango: 2025-05-07 10:00:00 - 2025-05-07 18:00:00
2025-05-07 16:57:23,926 - INFO - No se detectaron conflictos
2025-05-07 16:57:23,927 - INFO - 
Verificando conflictos para máquina 2501
2025-05-07 16:57:23,927 - INFO - Intervalo a verificar: 2025-05-08 10:00:00 - 2025-05-08 18:00:00
2025-05-07 16:57:23,928 - INFO - Prioridad actual: 0
2025-05-07 16:57:23,928 - INFO - 
Obteniendo intervalos para máquina 2501
2025-05-07 16:57:23,928 - INFO - Rango: 2025-05-08 10:00:00 - 2025-05-08 18:00:00
2025-05-07 16:57:23,938 - INFO - No se detectaron conflictos
2025-05-07 16:57:23,939 - INFO - 
Verificando conflictos para máquina 1205
2025-05-07 16:57:23,940 - INFO - Intervalo a verificar: 2025-05-08 10:30:00 - 2025-05-08 18:30:00
2025-05-07 16:57:23,940 - INFO - Prioridad actual: 0
2025-05-07 16:57:23,940 - INFO - 
Obteniendo intervalos para máquina 1205
2025-05-07 16:57:23,940 - INFO - Rango: 2025-05-08 10:30:00 - 2025-05-08 18:30:00
2025-05-07 16:57:23,963 - INFO - No se detectaron conflictos
2025-05-07 16:57:23,965 - INFO - 
Verificando conflictos para máquina 1002
2025-05-07 16:57:23,965 - INFO - Intervalo a verificar: 2025-05-06 10:30:00 - 2025-05-06 18:30:00
2025-05-07 16:57:23,966 - INFO - Prioridad actual: 0
2025-05-07 16:57:23,967 - INFO - 
Obteniendo intervalos para máquina 1002
2025-05-07 16:57:23,968 - INFO - Rango: 2025-05-06 10:30:00 - 2025-05-06 18:30:00
2025-05-07 16:57:24,008 - INFO - No se detectaron conflictos
2025-05-07 16:57:24,009 - INFO - 
Verificando conflictos para máquina 1203
2025-05-07 16:57:24,010 - INFO - Intervalo a verificar: 2025-05-07 10:30:00 - 2025-05-07 18:30:00
2025-05-07 16:57:24,010 - INFO - Prioridad actual: 0
2025-05-07 16:57:24,010 - INFO - 
Obteniendo intervalos para máquina 1203
2025-05-07 16:57:24,011 - INFO - Rango: 2025-05-07 10:30:00 - 2025-05-07 18:30:00
2025-05-07 16:57:24,023 - INFO - No se detectaron conflictos
2025-05-07 16:57:24,024 - INFO - 
Verificando conflictos para máquina 1431
2025-05-07 16:57:24,025 - INFO - Intervalo a verificar: 2025-05-07 11:00:00 - 2025-05-07 19:00:00
2025-05-07 16:57:24,025 - INFO - Prioridad actual: 0
2025-05-07 16:57:24,025 - INFO - 
Obteniendo intervalos para máquina 1431
2025-05-07 16:57:24,026 - INFO - Rango: 2025-05-07 11:00:00 - 2025-05-07 19:00:00
2025-05-07 16:57:24,038 - INFO - No se detectaron conflictos
2025-05-07 16:57:24,039 - INFO - 
Verificando conflictos para máquina 1601
2025-05-07 16:57:24,040 - INFO - Intervalo a verificar: 2025-05-07 12:00:00 - 2025-05-07 20:00:00
2025-05-07 16:57:24,040 - INFO - Prioridad actual: 0
2025-05-07 16:57:24,041 - INFO - 
Obteniendo intervalos para máquina 1601
2025-05-07 16:57:24,041 - INFO - Rango: 2025-05-07 12:00:00 - 2025-05-07 20:00:00
2025-05-07 16:57:24,074 - INFO - No se detectaron conflictos
2025-05-07 16:57:24,075 - INFO - 
Verificando conflictos para máquina 2002
2025-05-07 16:57:24,076 - INFO - Intervalo a verificar: 2025-05-07 13:00:00 - 2025-05-07 21:00:00
2025-05-07 16:57:24,076 - INFO - Prioridad actual: 0
2025-05-07 16:57:24,076 - INFO - 
Obteniendo intervalos para máquina 2002
2025-05-07 16:57:24,076 - INFO - Rango: 2025-05-07 13:00:00 - 2025-05-07 21:00:00
2025-05-07 16:57:24,086 - INFO - No se detectaron conflictos
2025-05-07 16:57:24,087 - INFO - 
Verificando conflictos para máquina 1002
2025-05-07 16:57:24,087 - INFO - Intervalo a verificar: 2025-05-06 11:30:00 - 2025-05-06 19:30:00
2025-05-07 16:57:24,088 - INFO - Prioridad actual: 0
2025-05-07 16:57:24,088 - INFO - 
Obteniendo intervalos para máquina 1002
2025-05-07 16:57:24,088 - INFO - Rango: 2025-05-06 11:30:00 - 2025-05-06 19:30:00
2025-05-07 16:57:24,130 - INFO - No se detectaron conflictos
2025-05-07 16:57:24,131 - INFO - 
Verificando conflictos para máquina 1203
2025-05-07 16:57:24,131 - INFO - Intervalo a verificar: 2025-05-07 11:30:00 - 2025-05-07 19:30:00
2025-05-07 16:57:24,131 - INFO - Prioridad actual: 0
2025-05-07 16:57:24,132 - INFO - 
Obteniendo intervalos para máquina 1203
2025-05-07 16:57:24,132 - INFO - Rango: 2025-05-07 11:30:00 - 2025-05-07 19:30:00
2025-05-07 16:57:24,143 - INFO - No se detectaron conflictos
2025-05-07 16:57:24,144 - INFO - 
Verificando conflictos para máquina 1431
2025-05-07 16:57:24,145 - INFO - Intervalo a verificar: 2025-05-07 12:00:00 - 2025-05-07 20:00:00
2025-05-07 16:57:24,145 - INFO - Prioridad actual: 0
2025-05-07 16:57:24,145 - INFO - 
Obteniendo intervalos para máquina 1431
2025-05-07 16:57:24,145 - INFO - Rango: 2025-05-07 12:00:00 - 2025-05-07 20:00:00
2025-05-07 16:57:24,158 - INFO - No se detectaron conflictos
2025-05-07 16:57:24,159 - INFO - 
Verificando conflictos para máquina 1601
2025-05-07 16:57:24,159 - INFO - Intervalo a verificar: 2025-05-07 13:00:00 - 2025-05-07 21:00:00
2025-05-07 16:57:24,160 - INFO - Prioridad actual: 0
2025-05-07 16:57:24,160 - INFO - 
Obteniendo intervalos para máquina 1601
2025-05-07 16:57:24,160 - INFO - Rango: 2025-05-07 13:00:00 - 2025-05-07 21:00:00
2025-05-07 16:57:24,198 - INFO - No se detectaron conflictos
2025-05-07 16:57:24,200 - INFO - 
Verificando conflictos para máquina 2002
2025-05-07 16:57:24,200 - INFO - Intervalo a verificar: 2025-05-07 15:00:00 - 2025-05-07 23:00:00
2025-05-07 16:57:24,200 - INFO - Prioridad actual: 0
2025-05-07 16:57:24,201 - INFO - 
Obteniendo intervalos para máquina 2002
2025-05-07 16:57:24,201 - INFO - Rango: 2025-05-07 15:00:00 - 2025-05-07 23:00:00
2025-05-07 16:57:24,211 - INFO - No se detectaron conflictos
2025-05-07 16:57:24,212 - INFO - 
Verificando conflictos para máquina 1002
2025-05-07 16:57:24,212 - INFO - Intervalo a verificar: 2025-05-06 12:30:00 - 2025-05-06 20:30:00
2025-05-07 16:57:24,213 - INFO - Prioridad actual: 0
2025-05-07 16:57:24,213 - INFO - 
Obteniendo intervalos para máquina 1002
2025-05-07 16:57:24,213 - INFO - Rango: 2025-05-06 12:30:00 - 2025-05-06 20:30:00
2025-05-07 16:57:24,256 - INFO - No se detectaron conflictos
2025-05-07 16:57:24,258 - INFO - 
Verificando conflictos para máquina 1203
2025-05-07 16:57:24,258 - INFO - Intervalo a verificar: 2025-05-07 12:30:00 - 2025-05-07 20:30:00
2025-05-07 16:57:24,259 - INFO - Prioridad actual: 0
2025-05-07 16:57:24,259 - INFO - 
Obteniendo intervalos para máquina 1203
2025-05-07 16:57:24,259 - INFO - Rango: 2025-05-07 12:30:00 - 2025-05-07 20:30:00
2025-05-07 16:57:24,275 - INFO - No se detectaron conflictos
2025-05-07 16:57:24,276 - INFO - 
Verificando conflictos para máquina 1431
2025-05-07 16:57:24,276 - INFO - Intervalo a verificar: 2025-05-07 13:00:00 - 2025-05-07 21:00:00
2025-05-07 16:57:24,276 - INFO - Prioridad actual: 0
2025-05-07 16:57:24,276 - INFO - 
Obteniendo intervalos para máquina 1431
2025-05-07 16:57:24,277 - INFO - Rango: 2025-05-07 13:00:00 - 2025-05-07 21:00:00
2025-05-07 16:57:24,290 - INFO - No se detectaron conflictos
2025-05-07 16:57:24,291 - INFO - 
Verificando conflictos para máquina 1601
2025-05-07 16:57:24,292 - INFO - Intervalo a verificar: 2025-05-07 15:00:00 - 2025-05-07 23:00:00
2025-05-07 16:57:24,292 - INFO - Prioridad actual: 0
2025-05-07 16:57:24,293 - INFO - 
Obteniendo intervalos para máquina 1601
2025-05-07 16:57:24,294 - INFO - Rango: 2025-05-07 15:00:00 - 2025-05-07 23:00:00
2025-05-07 16:57:24,330 - INFO - No se detectaron conflictos
2025-05-07 16:57:24,331 - INFO - 
Verificando conflictos para máquina 2002
2025-05-07 16:57:24,332 - INFO - Intervalo a verificar: 2025-05-07 16:00:00 - 2025-05-08 00:00:00
2025-05-07 16:57:24,332 - INFO - Prioridad actual: 0
2025-05-07 16:57:24,333 - INFO - 
Obteniendo intervalos para máquina 2002
2025-05-07 16:57:24,333 - INFO - Rango: 2025-05-07 16:00:00 - 2025-05-08 00:00:00
2025-05-07 16:57:24,345 - INFO - No se detectaron conflictos
2025-05-07 16:57:24,346 - INFO - 
Verificando conflictos para máquina 1002
2025-05-07 16:57:24,347 - INFO - Intervalo a verificar: 2025-05-06 13:30:00 - 2025-05-06 21:30:00
2025-05-07 16:57:24,348 - INFO - Prioridad actual: 0
2025-05-07 16:57:24,348 - INFO - 
Obteniendo intervalos para máquina 1002
2025-05-07 16:57:24,348 - INFO - Rango: 2025-05-06 13:30:00 - 2025-05-06 21:30:00
2025-05-07 16:57:24,400 - INFO - No se detectaron conflictos
2025-05-07 16:57:24,401 - INFO - 
Verificando conflictos para máquina 1203
2025-05-07 16:57:24,402 - INFO - Intervalo a verificar: 2025-05-07 13:30:00 - 2025-05-07 21:30:00
2025-05-07 16:57:24,402 - INFO - Prioridad actual: 0
2025-05-07 16:57:24,403 - INFO - 
Obteniendo intervalos para máquina 1203
2025-05-07 16:57:24,403 - INFO - Rango: 2025-05-07 13:30:00 - 2025-05-07 21:30:00
2025-05-07 16:57:24,416 - INFO - No se detectaron conflictos
2025-05-07 16:57:24,417 - INFO - 
Verificando conflictos para máquina 1431
2025-05-07 16:57:24,418 - INFO - Intervalo a verificar: 2025-05-07 17:00:00 - 2025-05-08 01:00:00
2025-05-07 16:57:24,418 - INFO - Prioridad actual: 0
2025-05-07 16:57:24,419 - INFO - 
Obteniendo intervalos para máquina 1431
2025-05-07 16:57:24,419 - INFO - Rango: 2025-05-07 17:00:00 - 2025-05-08 01:00:00
2025-05-07 16:57:24,432 - INFO - No se detectaron conflictos
2025-05-07 16:57:24,433 - INFO - 
Verificando conflictos para máquina 1601
2025-05-07 16:57:24,434 - INFO - Intervalo a verificar: 2025-05-08 10:00:00 - 2025-05-08 18:00:00
2025-05-07 16:57:24,434 - INFO - Prioridad actual: 0
2025-05-07 16:57:24,434 - INFO - 
Obteniendo intervalos para máquina 1601
2025-05-07 16:57:24,435 - INFO - Rango: 2025-05-08 10:00:00 - 2025-05-08 18:00:00
2025-05-07 16:57:24,472 - INFO - No se detectaron conflictos
2025-05-07 16:57:24,474 - INFO - 
Verificando conflictos para máquina 2002
2025-05-07 16:57:24,474 - INFO - Intervalo a verificar: 2025-05-08 13:00:00 - 2025-05-08 21:00:00
2025-05-07 16:57:24,475 - INFO - Prioridad actual: 0
2025-05-07 16:57:24,475 - INFO - 
Obteniendo intervalos para máquina 2002
2025-05-07 16:57:24,475 - INFO - Rango: 2025-05-08 13:00:00 - 2025-05-08 21:00:00
2025-05-07 16:57:24,487 - INFO - No se detectaron conflictos
5-07 16:57:24,435 - INFO - Rango: 2025-05-08 10:00:00 - 2025-05-08 18:00:00
2025-05-07 16:57:24,472 - INFO - No se detectaron conflictos
2025-05-07 16:57:24,474 - INFO - 
Verificando conflictos para máquina 2002
2025-05-07 16:57:24,474 - INFO - Intervalo a verificar: 2025-05-08 13:00:00 - 2025-05-08 21:00:00
2025-05-07 16:57:24,475 - INFO - Prioridad actual: 0
2025-05-07 16:57:24,475 - INFO - 
Obteniendo intervalos para máquina 2002
2025-05-07 16:57:24,475 - INFO - Rango: 2025-05-08 13:00:00 - 2025-05-08 21:00:00
2025-05-07 16:57:24,487 - INFO - No se detectaron conflictos
