2025-05-07 09:54:08,944 - INFO - No se detectaron conflictos
2025-05-07 09:54:08,948 - INFO - 
Verificando conflictos para máquina 1313
2025-05-07 09:54:08,950 - INFO - Intervalo a verificar: 2025-05-02 16:00:00 - 2025-05-03 00:00:00
2025-05-07 09:54:08,954 - INFO - Prioridad actual: 0
2025-05-07 09:54:08,955 - INFO - 
Obteniendo intervalos para máquina 1313
2025-05-07 09:54:08,956 - INFO - Rango: 2025-05-02 16:00:00 - 2025-05-03 00:00:00
2025-05-07 09:54:09,120 - INFO - No se detectaron conflictos
2025-05-07 09:54:09,127 - INFO - 
Verificando conflictos para máquina 1601
2025-05-07 09:54:09,129 - INFO - Intervalo a verificar: 2025-05-05 09:00:00 - 2025-05-05 17:00:00
2025-05-07 09:54:09,129 - INFO - Prioridad actual: 0
2025-05-07 09:54:09,129 - INFO - 
Obteniendo intervalos para máquina 1601
2025-05-07 09:54:09,129 - INFO - Rango: 2025-05-05 09:00:00 - 2025-05-05 17:00:00
2025-05-07 09:54:09,256 - INFO - No se detectaron conflictos
2025-05-07 09:54:09,259 - INFO - 
Verificando conflictos para máquina 2006
2025-05-07 09:54:09,260 - INFO - Intervalo a verificar: 2025-05-05 12:00:00 - 2025-05-05 20:00:00
2025-05-07 09:54:09,260 - INFO - Prioridad actual: 0
2025-05-07 09:54:09,261 - INFO - 
Obteniendo intervalos para máquina 2006
2025-05-07 09:54:09,262 - INFO - Rango: 2025-05-05 12:00:00 - 2025-05-05 20:00:00
2025-05-07 09:54:09,283 - INFO - No se detectaron conflictos
2025-05-07 09:54:09,285 - INFO - 
Verificando conflictos para máquina 1205
2025-05-07 09:54:09,285 - INFO - Intervalo a verificar: 2025-05-02 07:45:00 - 2025-05-02 15:45:00
2025-05-07 09:54:09,286 - INFO - Prioridad actual: 0
2025-05-07 09:54:09,287 - INFO - 
Obteniendo intervalos para máquina 1205
2025-05-07 09:54:09,287 - INFO - Rango: 2025-05-02 07:45:00 - 2025-05-02 15:45:00
2025-05-07 09:54:09,345 - WARNING - Conflicto detectado con OT 43949
2025-05-07 09:54:09,345 - WARNING - Prioridad del conflicto: 4
2025-05-07 09:54:09,347 - INFO - 
Verificando conflictos para máquina 1002
2025-05-07 09:54:09,347 - INFO - Intervalo a verificar: 2025-05-02 07:45:00 - 2025-05-02 15:45:00
2025-05-07 09:54:09,348 - INFO - Prioridad actual: 0
2025-05-07 09:54:09,348 - INFO - 
Obteniendo intervalos para máquina 1002
2025-05-07 09:54:09,349 - INFO - Rango: 2025-05-02 07:45:00 - 2025-05-02 15:45:00
2025-05-07 09:54:09,447 - WARNING - Conflicto detectado con OT 43952
2025-05-07 09:54:09,448 - WARNING - Prioridad del conflicto: 1
2025-05-07 09:54:09,448 - INFO - 
Verificando conflictos para máquina 1203
2025-05-07 09:54:09,449 - INFO - Intervalo a verificar: 2025-05-02 09:00:00 - 2025-05-02 17:00:00
2025-05-07 09:54:09,449 - INFO - Prioridad actual: 0
2025-05-07 09:54:09,449 - INFO - 
Obteniendo intervalos para máquina 1203
2025-05-07 09:54:09,449 - INFO - Rango: 2025-05-02 09:00:00 - 2025-05-02 17:00:00
2025-05-07 09:54:09,464 - WARNING - Conflicto detectado con OT 43951
2025-05-07 09:54:09,464 - WARNING - Prioridad del conflicto: 2
2025-05-07 09:54:09,465 - INFO - 
Verificando conflictos para máquina 1431
2025-05-07 09:54:09,465 - INFO - Intervalo a verificar: 2025-05-02 11:00:00 - 2025-05-02 19:00:00
2025-05-07 09:54:09,465 - INFO - Prioridad actual: 0
2025-05-07 09:54:09,465 - INFO - 
Obteniendo intervalos para máquina 1431
2025-05-07 09:54:09,465 - INFO - Rango: 2025-05-02 11:00:00 - 2025-05-02 19:00:00
2025-05-07 09:54:09,478 - INFO - No se detectaron conflictos
2025-05-07 09:54:09,479 - INFO - 
Verificando conflictos para máquina 1601
2025-05-07 09:54:09,479 - INFO - Intervalo a verificar: 2025-05-02 12:00:00 - 2025-05-02 20:00:00
2025-05-07 09:54:09,479 - INFO - Prioridad actual: 0
2025-05-07 09:54:09,479 - INFO - 
Obteniendo intervalos para máquina 1601
2025-05-07 09:54:09,480 - INFO - Rango: 2025-05-02 12:00:00 - 2025-05-02 20:00:00
2025-05-07 09:54:09,513 - INFO - No se detectaron conflictos
2025-05-07 09:54:09,513 - INFO - 
Verificando conflictos para máquina 2002
2025-05-07 09:54:09,514 - INFO - Intervalo a verificar: 2025-05-02 13:00:00 - 2025-05-02 21:00:00
2025-05-07 09:54:09,514 - INFO - Prioridad actual: 0
2025-05-07 09:54:09,514 - INFO - 
Obteniendo intervalos para máquina 2002
2025-05-07 09:54:09,514 - INFO - Rango: 2025-05-02 13:00:00 - 2025-05-02 21:00:00
2025-05-07 09:54:09,525 - INFO - No se detectaron conflictos
2025-05-07 09:54:09,526 - INFO - 
Verificando conflictos para máquina 1002
2025-05-07 09:54:09,526 - INFO - Intervalo a verificar: 2025-05-02 07:45:00 - 2025-05-02 15:45:00
2025-05-07 09:54:09,526 - INFO - Prioridad actual: 0
2025-05-07 09:54:09,526 - INFO - 
Obteniendo intervalos para máquina 1002
2025-05-07 09:54:09,526 - INFO - Rango: 2025-05-02 07:45:00 - 2025-05-02 15:45:00
2025-05-07 09:54:09,566 - WARNING - Conflicto detectado con OT 43952
2025-05-07 09:54:09,566 - WARNING - Prioridad del conflicto: 1
2025-05-07 09:54:09,567 - INFO - 
Verificando conflictos para máquina 1203
2025-05-07 09:54:09,567 - INFO - Intervalo a verificar: 2025-05-02 09:00:00 - 2025-05-02 17:00:00
2025-05-07 09:54:09,567 - INFO - Prioridad actual: 0
2025-05-07 09:54:09,567 - INFO - 
Obteniendo intervalos para máquina 1203
2025-05-07 09:54:09,568 - INFO - Rango: 2025-05-02 09:00:00 - 2025-05-02 17:00:00
2025-05-07 09:54:09,581 - WARNING - Conflicto detectado con OT 43951
2025-05-07 09:54:09,581 - WARNING - Prioridad del conflicto: 2
2025-05-07 09:54:09,582 - INFO - 
Verificando conflictos para máquina 1431
2025-05-07 09:54:09,582 - INFO - Intervalo a verificar: 2025-05-02 11:00:00 - 2025-05-02 19:00:00
2025-05-07 09:54:09,582 - INFO - Prioridad actual: 0
2025-05-07 09:54:09,582 - INFO - 
Obteniendo intervalos para máquina 1431
2025-05-07 09:54:09,582 - INFO - Rango: 2025-05-02 11:00:00 - 2025-05-02 19:00:00
2025-05-07 09:54:09,595 - INFO - No se detectaron conflictos
2025-05-07 09:54:09,596 - INFO - 
Verificando conflictos para máquina 1601
2025-05-07 09:54:09,596 - INFO - Intervalo a verificar: 2025-05-02 12:00:00 - 2025-05-02 20:00:00
2025-05-07 09:54:09,596 - INFO - Prioridad actual: 0
2025-05-07 09:54:09,596 - INFO - 
Obteniendo intervalos para máquina 1601
2025-05-07 09:54:09,597 - INFO - Rango: 2025-05-02 12:00:00 - 2025-05-02 20:00:00
2025-05-07 09:54:09,629 - INFO - No se detectaron conflictos
2025-05-07 09:54:09,630 - INFO - 
Verificando conflictos para máquina 2002
2025-05-07 09:54:09,630 - INFO - Intervalo a verificar: 2025-05-02 13:00:00 - 2025-05-02 21:00:00
2025-05-07 09:54:09,630 - INFO - Prioridad actual: 0
2025-05-07 09:54:09,630 - INFO - 
Obteniendo intervalos para máquina 2002
2025-05-07 09:54:09,630 - INFO - Rango: 2025-05-02 13:00:00 - 2025-05-02 21:00:00
2025-05-07 09:54:09,641 - INFO - No se detectaron conflictos
2025-05-07 09:54:09,642 - INFO - 
Verificando conflictos para máquina 1002
2025-05-07 09:54:09,642 - INFO - Intervalo a verificar: 2025-05-02 07:45:00 - 2025-05-02 15:45:00
2025-05-07 09:54:09,642 - INFO - Prioridad actual: 0
2025-05-07 09:54:09,642 - INFO - 
Obteniendo intervalos para máquina 1002
2025-05-07 09:54:09,642 - INFO - Rango: 2025-05-02 07:45:00 - 2025-05-02 15:45:00
2025-05-07 09:54:09,692 - WARNING - Conflicto detectado con OT 43952
2025-05-07 09:54:09,692 - WARNING - Prioridad del conflicto: 1
2025-05-07 09:54:09,693 - INFO - 
Verificando conflictos para máquina 1203
2025-05-07 09:54:09,693 - INFO - Intervalo a verificar: 2025-05-02 09:00:00 - 2025-05-02 17:00:00
2025-05-07 09:54:09,693 - INFO - Prioridad actual: 0
2025-05-07 09:54:09,693 - INFO - 
Obteniendo intervalos para máquina 1203
2025-05-07 09:54:09,693 - INFO - Rango: 2025-05-02 09:00:00 - 2025-05-02 17:00:00
2025-05-07 09:54:09,706 - WARNING - Conflicto detectado con OT 43951
2025-05-07 09:54:09,706 - WARNING - Prioridad del conflicto: 2
2025-05-07 09:54:09,707 - INFO - 
Verificando conflictos para máquina 1431
2025-05-07 09:54:09,707 - INFO - Intervalo a verificar: 2025-05-02 11:00:00 - 2025-05-02 19:00:00
2025-05-07 09:54:09,707 - INFO - Prioridad actual: 0
2025-05-07 09:54:09,708 - INFO - 
Obteniendo intervalos para máquina 1431
2025-05-07 09:54:09,708 - INFO - Rango: 2025-05-02 11:00:00 - 2025-05-02 19:00:00
2025-05-07 09:54:09,721 - INFO - No se detectaron conflictos
2025-05-07 09:54:09,722 - INFO - 
Verificando conflictos para máquina 1601
2025-05-07 09:54:09,722 - INFO - Intervalo a verificar: 2025-05-02 12:00:00 - 2025-05-02 20:00:00
2025-05-07 09:54:09,722 - INFO - Prioridad actual: 0
2025-05-07 09:54:09,722 - INFO - 
Obteniendo intervalos para máquina 1601
2025-05-07 09:54:09,723 - INFO - Rango: 2025-05-02 12:00:00 - 2025-05-02 20:00:00
2025-05-07 09:54:09,757 - INFO - No se detectaron conflictos
2025-05-07 09:54:09,758 - INFO - 
Verificando conflictos para máquina 2002
2025-05-07 09:54:09,758 - INFO - Intervalo a verificar: 2025-05-02 13:00:00 - 2025-05-02 21:00:00
2025-05-07 09:54:09,758 - INFO - Prioridad actual: 0
2025-05-07 09:54:09,758 - INFO - 
Obteniendo intervalos para máquina 2002
2025-05-07 09:54:09,758 - INFO - Rango: 2025-05-02 13:00:00 - 2025-05-02 21:00:00
2025-05-07 09:54:09,769 - INFO - No se detectaron conflictos
2025-05-07 09:54:09,770 - INFO - 
Verificando conflictos para máquina 1002
2025-05-07 09:54:09,770 - INFO - Intervalo a verificar: 2025-05-02 07:45:00 - 2025-05-02 15:45:00
2025-05-07 09:54:09,770 - INFO - Prioridad actual: 0
2025-05-07 09:54:09,770 - INFO - 
Obteniendo intervalos para máquina 1002
2025-05-07 09:54:09,770 - INFO - Rango: 2025-05-02 07:45:00 - 2025-05-02 15:45:00
2025-05-07 09:54:09,813 - WARNING - Conflicto detectado con OT 43952
2025-05-07 09:54:09,813 - WARNING - Prioridad del conflicto: 1
2025-05-07 09:54:09,813 - INFO - 
Verificando conflictos para máquina 1203
2025-05-07 09:54:09,814 - INFO - Intervalo a verificar: 2025-05-02 12:00:00 - 2025-05-02 20:00:00
2025-05-07 09:54:09,814 - INFO - Prioridad actual: 0
2025-05-07 09:54:09,814 - INFO - 
Obteniendo intervalos para máquina 1203
2025-05-07 09:54:09,814 - INFO - Rango: 2025-05-02 12:00:00 - 2025-05-02 20:00:00
2025-05-07 09:54:09,827 - WARNING - Conflicto detectado con OT 43951
2025-05-07 09:54:09,828 - WARNING - Prioridad del conflicto: 2
2025-05-07 09:54:09,828 - INFO - 
Verificando conflictos para máquina 1431
2025-05-07 09:54:09,828 - INFO - Intervalo a verificar: 2025-05-05 08:00:00 - 2025-05-05 16:00:00
2025-05-07 09:54:09,828 - INFO - Prioridad actual: 0
2025-05-07 09:54:09,829 - INFO - 
Obteniendo intervalos para máquina 1431
2025-05-07 09:54:09,829 - INFO - Rango: 2025-05-05 08:00:00 - 2025-05-05 16:00:00
2025-05-07 09:54:09,842 - INFO - No se detectaron conflictos
2025-05-07 09:54:09,843 - INFO - 
Verificando conflictos para máquina 1601
2025-05-07 09:54:09,843 - INFO - Intervalo a verificar: 2025-05-05 11:00:00 - 2025-05-05 19:00:00
2025-05-07 09:54:09,843 - INFO - Prioridad actual: 0
2025-05-07 09:54:09,843 - INFO - 
Obteniendo intervalos para máquina 1601
2025-05-07 09:54:09,843 - INFO - Rango: 2025-05-05 11:00:00 - 2025-05-05 19:00:00
2025-05-07 09:54:09,874 - INFO - No se detectaron conflictos
2025-05-07 09:54:09,875 - INFO - 
Verificando conflictos para máquina 2002
2025-05-07 09:54:09,875 - INFO - Intervalo a verificar: 2025-05-05 15:00:00 - 2025-05-05 23:00:00
2025-05-07 09:54:09,875 - INFO - Prioridad actual: 0
2025-05-07 09:54:09,875 - INFO - 
Obteniendo intervalos para máquina 2002
2025-05-07 09:54:09,875 - INFO - Rango: 2025-05-05 15:00:00 - 2025-05-05 23:00:00
2025-05-07 09:54:09,887 - INFO - No se detectaron conflictos
2025-05-07 09:54:09,888 - INFO - 
Verificando conflictos para máquina 1004
2025-05-07 09:54:09,888 - INFO - Intervalo a verificar: 2025-05-02 07:45:00 - 2025-05-02 15:45:00
2025-05-07 09:54:09,889 - INFO - Prioridad actual: 0
2025-05-07 09:54:09,889 - INFO - 
Obteniendo intervalos para máquina 1004
2025-05-07 09:54:09,889 - INFO - Rango: 2025-05-02 07:45:00 - 2025-05-02 15:45:00
2025-05-07 09:54:09,898 - WARNING - Conflicto detectado con OT 43970
2025-05-07 09:54:09,898 - WARNING - Prioridad del conflicto: 9
2025-05-07 09:54:09,899 - INFO - 
Verificando conflictos para máquina 1004
2025-05-07 09:54:09,899 - INFO - Intervalo a verificar: 2025-05-02 13:00:00 - 2025-05-02 21:00:00
2025-05-07 09:54:09,899 - INFO - Prioridad actual: 0
2025-05-07 09:54:09,899 - INFO - 
Obteniendo intervalos para máquina 1004
2025-05-07 09:54:09,900 - INFO - Rango: 2025-05-02 13:00:00 - 2025-05-02 21:00:00
2025-05-07 09:54:09,909 - INFO - No se detectaron conflictos
2025-05-07 09:54:09,911 - INFO - 
Verificando conflictos para máquina 1315
2025-05-07 09:54:09,911 - INFO - Intervalo a verificar: 2025-05-05 09:00:00 - 2025-05-05 17:00:00
2025-05-07 09:54:09,911 - INFO - Prioridad actual: 0
2025-05-07 09:54:09,911 - INFO - 
Obteniendo intervalos para máquina 1315
2025-05-07 09:54:09,911 - INFO - Rango: 2025-05-05 09:00:00 - 2025-05-05 17:00:00
2025-05-07 09:54:09,923 - INFO - No se detectaron conflictos
2025-05-07 09:54:09,924 - INFO - 
Verificando conflictos para máquina 1315
2025-05-07 09:54:09,924 - INFO - Intervalo a verificar: 2025-05-05 13:00:00 - 2025-05-05 21:00:00
2025-05-07 09:54:09,924 - INFO - Prioridad actual: 0
2025-05-07 09:54:09,924 - INFO - 
Obteniendo intervalos para máquina 1315
2025-05-07 09:54:09,924 - INFO - Rango: 2025-05-05 13:00:00 - 2025-05-05 21:00:00
2025-05-07 09:54:09,934 - INFO - No se detectaron conflictos
2025-05-07 09:54:09,935 - INFO - 
Verificando conflictos para máquina 1001
2025-05-07 09:54:09,935 - INFO - Intervalo a verificar: 2025-05-05 17:45:00 - 2025-05-06 01:45:00
2025-05-07 09:54:09,935 - INFO - Prioridad actual: 0
2025-05-07 09:54:09,935 - INFO - 
Obteniendo intervalos para máquina 1001
2025-05-07 09:54:09,935 - INFO - Rango: 2025-05-05 17:45:00 - 2025-05-06 01:45:00
2025-05-07 09:54:09,945 - INFO - No se detectaron conflictos
2025-05-07 09:54:09,945 - INFO - 
Verificando conflictos para máquina 4002
2025-05-07 09:54:09,945 - INFO - Intervalo a verificar: 2025-05-06 12:00:00 - 2025-05-06 20:00:00
2025-05-07 09:54:09,946 - INFO - Prioridad actual: 0
2025-05-07 09:54:09,946 - INFO - 
Obteniendo intervalos para máquina 4002
2025-05-07 09:54:09,946 - INFO - Rango: 2025-05-06 12:00:00 - 2025-05-06 20:00:00
2025-05-07 09:54:09,951 - INFO - No se detectaron conflictos
2025-05-07 09:54:09,952 - INFO - 
Verificando conflictos para máquina 1001
2025-05-07 09:54:09,952 - INFO - Intervalo a verificar: 2025-05-06 17:00:00 - 2025-05-07 01:00:00
2025-05-07 09:54:09,952 - INFO - Prioridad actual: 0
2025-05-07 09:54:09,952 - INFO - 
Obteniendo intervalos para máquina 1001
2025-05-07 09:54:09,952 - INFO - Rango: 2025-05-06 17:00:00 - 2025-05-07 01:00:00
2025-05-07 09:54:09,961 - INFO - No se detectaron conflictos
2025-05-07 09:54:09,962 - INFO - 
Verificando conflictos para máquina 4002
2025-05-07 09:54:09,962 - INFO - Intervalo a verificar: 2025-05-07 11:00:00 - 2025-05-07 19:00:00
2025-05-07 09:54:09,962 - INFO - Prioridad actual: 0
2025-05-07 09:54:09,962 - INFO - 
Obteniendo intervalos para máquina 4002
2025-05-07 09:54:09,962 - INFO - Rango: 2025-05-07 11:00:00 - 2025-05-07 19:00:00
2025-05-07 09:54:09,967 - INFO - No se detectaron conflictos
2025-05-07 09:54:09,968 - INFO - 
Verificando conflictos para máquina 1205
2025-05-07 09:54:09,968 - INFO - Intervalo a verificar: 2025-05-07 16:00:00 - 2025-05-08 00:00:00
2025-05-07 09:54:09,968 - INFO - Prioridad actual: 0
2025-05-07 09:54:09,969 - INFO - 
Obteniendo intervalos para máquina 1205
2025-05-07 09:54:09,969 - INFO - Rango: 2025-05-07 16:00:00 - 2025-05-08 00:00:00
2025-05-07 09:54:09,992 - INFO - No se detectaron conflictos
2025-05-07 09:54:09,993 - INFO - 
Verificando conflictos para máquina 3421
2025-05-07 09:54:09,993 - INFO - Intervalo a verificar: 2025-05-08 10:00:00 - 2025-05-08 18:00:00
2025-05-07 09:54:09,993 - INFO - Prioridad actual: 0
2025-05-07 09:54:09,993 - INFO - 
Obteniendo intervalos para máquina 3421
2025-05-07 09:54:09,993 - INFO - Rango: 2025-05-08 10:00:00 - 2025-05-08 18:00:00
2025-05-07 09:54:10,004 - INFO - No se detectaron conflictos
2025-05-07 09:54:22,554 - INFO - 
Obteniendo ajustes para programa 10
2025-05-07 09:54:22,563 - INFO - 
Verificando conflictos para máquina 1002
2025-05-07 09:54:22,563 - INFO - Intervalo a verificar: 2025-05-02 - 2025-05-02 12:00:00
2025-05-07 09:54:22,563 - INFO - Prioridad actual: 1
2025-05-07 09:54:22,563 - INFO - 
Obteniendo intervalos para máquina 1002
2025-05-07 09:54:22,563 - INFO - Rango: 2025-05-02 - 2025-05-02 12:00:00
0:00 - 2025-05-05 16:00:00
2025-05-07 09:54:09,842 - INFO - No se detectaron conflictos
2025-05-07 09:54:09,843 - INFO - 
Verificando conflictos para máquina 1601
2025-05-07 09:54:09,843 - INFO - Intervalo a verificar: 2025-05-05 11:00:00 - 2025-05-05 19:00:00
2025-05-07 09:54:09,843 - INFO - Prioridad actual: 0
2025-05-07 09:54:09,843 - INFO - 
Obteniendo intervalos para máquina 1601
2025-05-07 09:54:09,843 - INFO - Rango: 2025-05-05 11:00:00 - 2025-05-05 19:00:00
2025-05-07 09:54:09,874 - INFO - No se detectaron conflictos
2025-05-07 09:54:09,875 - INFO - 
Verificando conflictos para máquina 2002
2025-05-07 09:54:09,875 - INFO - Intervalo a verificar: 2025-05-05 15:00:00 - 2025-05-05 23:00:00
2025-05-07 09:54:09,875 - INFO - Prioridad actual: 0
2025-05-07 09:54:09,875 - INFO - 
Obteniendo intervalos para máquina 2002
2025-05-07 09:54:09,875 - INFO - Rango: 2025-05-05 15:00:00 - 2025-05-05 23:00:00
2025-05-07 09:54:09,887 - INFO - No se detectaron conflictos
2025-05-07 09:54:09,888 - INFO - 
Verificando conflictos para máquina 1004
2025-05-07 09:54:09,888 - INFO - Intervalo a verificar: 2025-05-02 07:45:00 - 2025-05-02 15:45:00
2025-05-07 09:54:09,889 - INFO - Prioridad actual: 0
2025-05-07 09:54:09,889 - INFO - 
Obteniendo intervalos para máquina 1004
2025-05-07 09:54:09,889 - INFO - Rango: 2025-05-02 07:45:00 - 2025-05-02 15:45:00
2025-05-07 09:54:09,898 - WARNING - Conflicto detectado con OT 43970
2025-05-07 09:54:09,898 - WARNING - Prioridad del conflicto: 9
2025-05-07 09:54:09,899 - INFO - 
Verificando conflictos para máquina 1004
2025-05-07 09:54:09,899 - INFO - Intervalo a verificar: 2025-05-02 13:00:00 - 2025-05-02 21:00:00
2025-05-07 09:54:09,899 - INFO - Prioridad actual: 0
2025-05-07 09:54:09,899 - INFO - 
Obteniendo intervalos para máquina 1004
2025-05-07 09:54:09,900 - INFO - Rango: 2025-05-02 13:00:00 - 2025-05-02 21:00:00
2025-05-07 09:54:09,909 - INFO - No se detectaron conflictos
2025-05-07 09:54:09,911 - INFO - 
Verificando conflictos para máquina 1315
2025-05-07 09:54:09,911 - INFO - Intervalo a verificar: 2025-05-05 09:00:00 - 2025-05-05 17:00:00
2025-05-07 09:54:09,911 - INFO - Prioridad actual: 0
2025-05-07 09:54:09,911 - INFO - 
Obteniendo intervalos para máquina 1315
2025-05-07 09:54:09,911 - INFO - Rango: 2025-05-05 09:00:00 - 2025-05-05 17:00:00
2025-05-07 09:54:09,923 - INFO - No se detectaron conflictos
2025-05-07 09:54:09,924 - INFO - 
Verificando conflictos para máquina 1315
2025-05-07 09:54:09,924 - INFO - Intervalo a verificar: 2025-05-05 13:00:00 - 2025-05-05 21:00:00
2025-05-07 09:54:09,924 - INFO - Prioridad actual: 0
2025-05-07 09:54:09,924 - INFO - 
Obteniendo intervalos para máquina 1315
2025-05-07 09:54:09,924 - INFO - Rango: 2025-05-05 13:00:00 - 2025-05-05 21:00:00
2025-05-07 09:54:09,934 - INFO - No se detectaron conflictos
2025-05-07 09:54:09,935 - INFO - 
Verificando conflictos para máquina 1001
2025-05-07 09:54:09,935 - INFO - Intervalo a verificar: 2025-05-05 17:45:00 - 2025-05-06 01:45:00
2025-05-07 09:54:09,935 - INFO - Prioridad actual: 0
2025-05-07 09:54:09,935 - INFO - 
Obteniendo intervalos para máquina 1001
2025-05-07 09:54:09,935 - INFO - Rango: 2025-05-05 17:45:00 - 2025-05-06 01:45:00
2025-05-07 09:54:09,945 - INFO - No se detectaron conflictos
2025-05-07 09:54:09,945 - INFO - 
Verificando conflictos para máquina 4002
2025-05-07 09:54:09,945 - INFO - Intervalo a verificar: 2025-05-06 12:00:00 - 2025-05-06 20:00:00
2025-05-07 09:54:09,946 - INFO - Prioridad actual: 0
2025-05-07 09:54:09,946 - INFO - 
Obteniendo intervalos para máquina 4002
2025-05-07 09:54:09,946 - INFO - Rango: 2025-05-06 12:00:00 - 2025-05-06 20:00:00
2025-05-07 09:54:09,951 - INFO - No se detectaron conflictos
2025-05-07 09:54:09,952 - INFO - 
Verificando conflictos para máquina 1001
2025-05-07 09:54:09,952 - INFO - Intervalo a verificar: 2025-05-06 17:00:00 - 2025-05-07 01:00:00
2025-05-07 09:54:09,952 - INFO - Prioridad actual: 0
2025-05-07 09:54:09,952 - INFO - 
Obteniendo intervalos para máquina 1001
2025-05-07 09:54:09,952 - INFO - Rango: 2025-05-06 17:00:00 - 2025-05-07 01:00:00
2025-05-07 09:54:09,961 - INFO - No se detectaron conflictos
2025-05-07 09:54:09,962 - INFO - 
Verificando conflictos para máquina 4002
2025-05-07 09:54:09,962 - INFO - Intervalo a verificar: 2025-05-07 11:00:00 - 2025-05-07 19:00:00
2025-05-07 09:54:09,962 - INFO - Prioridad actual: 0
2025-05-07 09:54:09,962 - INFO - 
Obteniendo intervalos para máquina 4002
2025-05-07 09:54:09,962 - INFO - Rango: 2025-05-07 11:00:00 - 2025-05-07 19:00:00
2025-05-07 09:54:09,967 - INFO - No se detectaron conflictos
2025-05-07 09:54:09,968 - INFO - 
Verificando conflictos para máquina 1205
2025-05-07 09:54:09,968 - INFO - Intervalo a verificar: 2025-05-07 16:00:00 - 2025-05-08 00:00:00
2025-05-07 09:54:09,968 - INFO - Prioridad actual: 0
2025-05-07 09:54:09,969 - INFO - 
Obteniendo intervalos para máquina 1205
2025-05-07 09:54:09,969 - INFO - Rango: 2025-05-07 16:00:00 - 2025-05-08 00:00:00
2025-05-07 09:54:09,992 - INFO - No se detectaron conflictos
2025-05-07 09:54:09,993 - INFO - 
Verificando conflictos para máquina 3421
2025-05-07 09:54:09,993 - INFO - Intervalo a verificar: 2025-05-08 10:00:00 - 2025-05-08 18:00:00
2025-05-07 09:54:09,993 - INFO - Prioridad actual: 0
2025-05-07 09:54:09,993 - INFO - 
Obteniendo intervalos para máquina 3421
2025-05-07 09:54:09,993 - INFO - Rango: 2025-05-08 10:00:00 - 2025-05-08 18:00:00
2025-05-07 09:54:10,004 - INFO - No se detectaron conflictos
2025-05-07 09:54:22,554 - INFO - 
Obteniendo ajustes para programa 10
2025-05-07 09:54:22,563 - INFO - 
Verificando conflictos para máquina 1002
2025-05-07 09:54:22,563 - INFO - Intervalo a verificar: 2025-05-02 - 2025-05-02 12:00:00
2025-05-07 09:54:22,563 - INFO - Prioridad actual: 1
2025-05-07 09:54:22,563 - INFO - 
Obteniendo intervalos para máquina 1002
2025-05-07 09:54:22,563 - INFO - Rango: 2025-05-02 - 2025-05-02 12:00:00
