2025-05-07 10:00:36,983 - INFO - No se detectaron conflictos
2025-05-07 10:00:36,985 - INFO - 
Verificando conflictos para máquina 1601
2025-05-07 10:00:36,987 - INFO - Intervalo a verificar: 2025-05-05 11:00:00 - 2025-05-05 19:00:00
2025-05-07 10:00:36,988 - INFO - Prioridad actual: 0
2025-05-07 10:00:36,989 - INFO - 
Obteniendo intervalos para máquina 1601
2025-05-07 10:00:36,990 - INFO - Rango: 2025-05-05 11:00:00 - 2025-05-05 19:00:00
2025-05-07 10:00:37,097 - INFO - No se detectaron conflictos
2025-05-07 10:00:37,099 - INFO - 
Verificando conflictos para máquina 2006
2025-05-07 10:00:37,100 - INFO - Intervalo a verificar: 2025-05-05 15:00:00 - 2025-05-05 23:00:00
2025-05-07 10:00:37,101 - INFO - Prioridad actual: 0
2025-05-07 10:00:37,103 - INFO - 
Obteniendo intervalos para máquina 2006
2025-05-07 10:00:37,104 - INFO - Rango: 2025-05-05 15:00:00 - 2025-05-05 23:00:00
2025-05-07 10:00:37,182 - INFO - No se detectaron conflictos
2025-05-07 10:00:37,185 - INFO - 
Verificando conflictos para máquina 1205
2025-05-07 10:00:37,186 - INFO - Intervalo a verificar: 2025-05-02 07:45:00 - 2025-05-02 15:45:00
2025-05-07 10:00:37,188 - INFO - Prioridad actual: 0
2025-05-07 10:00:37,189 - INFO - 
Obteniendo intervalos para máquina 1205
2025-05-07 10:00:37,190 - INFO - Rango: 2025-05-02 07:45:00 - 2025-05-02 15:45:00
2025-05-07 10:00:37,251 - WARNING - Conflicto detectado con OT 43949
2025-05-07 10:00:37,252 - WARNING - Prioridad del conflicto: 4
2025-05-07 10:00:37,254 - INFO - 
Verificando conflictos para máquina 1002
2025-05-07 10:00:37,255 - INFO - Intervalo a verificar: 2025-05-05 15:30:00 - 2025-05-05 23:30:00
2025-05-07 10:00:37,255 - INFO - Prioridad actual: 0
2025-05-07 10:00:37,256 - INFO - 
Obteniendo intervalos para máquina 1002
2025-05-07 10:00:37,257 - INFO - Rango: 2025-05-05 15:30:00 - 2025-05-05 23:30:00
2025-05-07 10:00:37,329 - INFO - No se detectaron conflictos
2025-05-07 10:00:37,329 - INFO - 
Verificando conflictos para máquina 1203
2025-05-07 10:00:37,330 - INFO - Intervalo a verificar: 2025-05-06 15:30:00 - 2025-05-06 23:30:00
2025-05-07 10:00:37,330 - INFO - Prioridad actual: 0
2025-05-07 10:00:37,330 - INFO - 
Obteniendo intervalos para máquina 1203
2025-05-07 10:00:37,330 - INFO - Rango: 2025-05-06 15:30:00 - 2025-05-06 23:30:00
2025-05-07 10:00:37,343 - INFO - No se detectaron conflictos
2025-05-07 10:00:37,344 - INFO - 
Verificando conflictos para máquina 1431
2025-05-07 10:00:37,344 - INFO - Intervalo a verificar: 2025-05-06 16:00:00 - 2025-05-07 00:00:00
2025-05-07 10:00:37,344 - INFO - Prioridad actual: 0
2025-05-07 10:00:37,344 - INFO - 
Obteniendo intervalos para máquina 1431
2025-05-07 10:00:37,344 - INFO - Rango: 2025-05-06 16:00:00 - 2025-05-07 00:00:00
2025-05-07 10:00:37,357 - INFO - No se detectaron conflictos
2025-05-07 10:00:37,358 - INFO - 
Verificando conflictos para máquina 1601
2025-05-07 10:00:37,358 - INFO - Intervalo a verificar: 2025-05-06 17:00:00 - 2025-05-07 01:00:00
2025-05-07 10:00:37,358 - INFO - Prioridad actual: 0
2025-05-07 10:00:37,358 - INFO - 
Obteniendo intervalos para máquina 1601
2025-05-07 10:00:37,359 - INFO - Rango: 2025-05-06 17:00:00 - 2025-05-07 01:00:00
2025-05-07 10:00:37,393 - INFO - No se detectaron conflictos
2025-05-07 10:00:37,394 - INFO - 
Verificando conflictos para máquina 2002
2025-05-07 10:00:37,394 - INFO - Intervalo a verificar: 2025-05-06 17:45:00 - 2025-05-07 01:45:00
2025-05-07 10:00:37,394 - INFO - Prioridad actual: 0
2025-05-07 10:00:37,394 - INFO - 
Obteniendo intervalos para máquina 2002
2025-05-07 10:00:37,394 - INFO - Rango: 2025-05-06 17:45:00 - 2025-05-07 01:45:00
2025-05-07 10:00:37,404 - INFO - No se detectaron conflictos
2025-05-07 10:00:37,405 - INFO - 
Verificando conflictos para máquina 1002
2025-05-07 10:00:37,405 - INFO - Intervalo a verificar: 2025-05-05 16:30:00 - 2025-05-06 00:30:00
2025-05-07 10:00:37,405 - INFO - Prioridad actual: 0
2025-05-07 10:00:37,406 - INFO - 
Obteniendo intervalos para máquina 1002
2025-05-07 10:00:37,406 - INFO - Rango: 2025-05-05 16:30:00 - 2025-05-06 00:30:00
2025-05-07 10:00:37,449 - INFO - No se detectaron conflictos
2025-05-07 10:00:37,450 - INFO - 
Verificando conflictos para máquina 1203
2025-05-07 10:00:37,450 - INFO - Intervalo a verificar: 2025-05-06 16:30:00 - 2025-05-07 00:30:00
2025-05-07 10:00:37,450 - INFO - Prioridad actual: 0
2025-05-07 10:00:37,450 - INFO - 
Obteniendo intervalos para máquina 1203
2025-05-07 10:00:37,451 - INFO - Rango: 2025-05-06 16:30:00 - 2025-05-07 00:30:00
2025-05-07 10:00:37,463 - INFO - No se detectaron conflictos
2025-05-07 10:00:37,464 - INFO - 
Verificando conflictos para máquina 1431
2025-05-07 10:00:37,464 - INFO - Intervalo a verificar: 2025-05-06 17:00:00 - 2025-05-07 01:00:00
2025-05-07 10:00:37,464 - INFO - Prioridad actual: 0
2025-05-07 10:00:37,464 - INFO - 
Obteniendo intervalos para máquina 1431
2025-05-07 10:00:37,464 - INFO - Rango: 2025-05-06 17:00:00 - 2025-05-07 01:00:00
2025-05-07 10:00:37,476 - INFO - No se detectaron conflictos
2025-05-07 10:00:37,477 - INFO - 
Verificando conflictos para máquina 1601
2025-05-07 10:00:37,477 - INFO - Intervalo a verificar: 2025-05-06 17:45:00 - 2025-05-07 01:45:00
2025-05-07 10:00:37,477 - INFO - Prioridad actual: 0
2025-05-07 10:00:37,477 - INFO - 
Obteniendo intervalos para máquina 1601
2025-05-07 10:00:37,477 - INFO - Rango: 2025-05-06 17:45:00 - 2025-05-07 01:45:00
2025-05-07 10:00:37,509 - INFO - No se detectaron conflictos
2025-05-07 10:00:37,510 - INFO - 
Verificando conflictos para máquina 2002
2025-05-07 10:00:37,510 - INFO - Intervalo a verificar: 2025-05-07 08:00:00 - 2025-05-07 16:00:00
2025-05-07 10:00:37,510 - INFO - Prioridad actual: 0
2025-05-07 10:00:37,510 - INFO - 
Obteniendo intervalos para máquina 2002
2025-05-07 10:00:37,511 - INFO - Rango: 2025-05-07 08:00:00 - 2025-05-07 16:00:00
2025-05-07 10:00:37,520 - INFO - No se detectaron conflictos
2025-05-07 10:00:37,521 - INFO - 
Verificando conflictos para máquina 1002
2025-05-07 10:00:37,522 - INFO - Intervalo a verificar: 2025-05-05 17:30:00 - 2025-05-06 01:30:00
2025-05-07 10:00:37,522 - INFO - Prioridad actual: 0
2025-05-07 10:00:37,522 - INFO - 
Obteniendo intervalos para máquina 1002
2025-05-07 10:00:37,522 - INFO - Rango: 2025-05-05 17:30:00 - 2025-05-06 01:30:00
2025-05-07 10:00:37,567 - INFO - No se detectaron conflictos
2025-05-07 10:00:37,568 - INFO - 
Verificando conflictos para máquina 1203
2025-05-07 10:00:37,569 - INFO - Intervalo a verificar: 2025-05-06 17:30:00 - 2025-05-07 01:30:00
2025-05-07 10:00:37,569 - INFO - Prioridad actual: 0
2025-05-07 10:00:37,569 - INFO - 
Obteniendo intervalos para máquina 1203
2025-05-07 10:00:37,569 - INFO - Rango: 2025-05-06 17:30:00 - 2025-05-07 01:30:00
2025-05-07 10:00:37,582 - INFO - No se detectaron conflictos
2025-05-07 10:00:37,583 - INFO - 
Verificando conflictos para máquina 1431
2025-05-07 10:00:37,583 - INFO - Intervalo a verificar: 2025-05-06 17:45:00 - 2025-05-07 01:45:00
2025-05-07 10:00:37,584 - INFO - Prioridad actual: 0
2025-05-07 10:00:37,584 - INFO - 
Obteniendo intervalos para máquina 1431
2025-05-07 10:00:37,584 - INFO - Rango: 2025-05-06 17:45:00 - 2025-05-07 01:45:00
2025-05-07 10:00:37,596 - INFO - No se detectaron conflictos
2025-05-07 10:00:37,597 - INFO - 
Verificando conflictos para máquina 1601
2025-05-07 10:00:37,597 - INFO - Intervalo a verificar: 2025-05-07 08:00:00 - 2025-05-07 16:00:00
2025-05-07 10:00:37,597 - INFO - Prioridad actual: 0
2025-05-07 10:00:37,597 - INFO - 
Obteniendo intervalos para máquina 1601
2025-05-07 10:00:37,597 - INFO - Rango: 2025-05-07 08:00:00 - 2025-05-07 16:00:00
2025-05-07 10:00:37,631 - INFO - No se detectaron conflictos
2025-05-07 10:00:37,632 - INFO - 
Verificando conflictos para máquina 2002
2025-05-07 10:00:37,632 - INFO - Intervalo a verificar: 2025-05-07 09:00:00 - 2025-05-07 17:00:00
2025-05-07 10:00:37,633 - INFO - Prioridad actual: 0
2025-05-07 10:00:37,633 - INFO - 
Obteniendo intervalos para máquina 2002
2025-05-07 10:00:37,633 - INFO - Rango: 2025-05-07 09:00:00 - 2025-05-07 17:00:00
2025-05-07 10:00:37,643 - INFO - No se detectaron conflictos
2025-05-07 10:00:37,644 - INFO - 
Verificando conflictos para máquina 1002
2025-05-07 10:00:37,644 - INFO - Intervalo a verificar: 2025-05-05 18:15:00 - 2025-05-06 02:15:00
2025-05-07 10:00:37,644 - INFO - Prioridad actual: 0
2025-05-07 10:00:37,644 - INFO - 
Obteniendo intervalos para máquina 1002
2025-05-07 10:00:37,644 - INFO - Rango: 2025-05-05 18:15:00 - 2025-05-06 02:15:00
2025-05-07 10:00:37,684 - INFO - No se detectaron conflictos
2025-05-07 10:00:37,684 - INFO - 
Verificando conflictos para máquina 1203
2025-05-07 10:00:37,684 - INFO - Intervalo a verificar: 2025-05-07 11:00:00 - 2025-05-07 19:00:00
2025-05-07 10:00:37,685 - INFO - Prioridad actual: 0
2025-05-07 10:00:37,685 - INFO - 
Obteniendo intervalos para máquina 1203
2025-05-07 10:00:37,685 - INFO - Rango: 2025-05-07 11:00:00 - 2025-05-07 19:00:00
2025-05-07 10:00:37,697 - INFO - No se detectaron conflictos
2025-05-07 10:00:37,698 - INFO - 
Verificando conflictos para máquina 1431
2025-05-07 10:00:37,698 - INFO - Intervalo a verificar: 2025-05-07 15:00:00 - 2025-05-07 23:00:00
2025-05-07 10:00:37,698 - INFO - Prioridad actual: 0
2025-05-07 10:00:37,698 - INFO - 
Obteniendo intervalos para máquina 1431
2025-05-07 10:00:37,698 - INFO - Rango: 2025-05-07 15:00:00 - 2025-05-07 23:00:00
2025-05-07 10:00:37,711 - INFO - No se detectaron conflictos
2025-05-07 10:00:37,712 - INFO - 
Verificando conflictos para máquina 1601
2025-05-07 10:00:37,712 - INFO - Intervalo a verificar: 2025-05-08 08:00:00 - 2025-05-08 16:00:00
2025-05-07 10:00:37,712 - INFO - Prioridad actual: 0
2025-05-07 10:00:37,713 - INFO - 
Obteniendo intervalos para máquina 1601
2025-05-07 10:00:37,713 - INFO - Rango: 2025-05-08 08:00:00 - 2025-05-08 16:00:00
2025-05-07 10:00:37,747 - INFO - No se detectaron conflictos
2025-05-07 10:00:37,748 - INFO - 
Verificando conflictos para máquina 2002
2025-05-07 10:00:37,748 - INFO - Intervalo a verificar: 2025-05-08 11:00:00 - 2025-05-08 19:00:00
2025-05-07 10:00:37,748 - INFO - Prioridad actual: 0
2025-05-07 10:00:37,748 - INFO - 
Obteniendo intervalos para máquina 2002
2025-05-07 10:00:37,748 - INFO - Rango: 2025-05-08 11:00:00 - 2025-05-08 19:00:00
2025-05-07 10:00:37,759 - INFO - No se detectaron conflictos
2025-05-07 10:00:37,760 - INFO - 
Verificando conflictos para máquina 1004
2025-05-07 10:00:37,760 - INFO - Intervalo a verificar: 2025-05-02 07:45:00 - 2025-05-02 15:45:00
2025-05-07 10:00:37,760 - INFO - Prioridad actual: 0
2025-05-07 10:00:37,760 - INFO - 
Obteniendo intervalos para máquina 1004
2025-05-07 10:00:37,760 - INFO - Rango: 2025-05-02 07:45:00 - 2025-05-02 15:45:00
2025-05-07 10:00:37,768 - WARNING - Conflicto detectado con OT 43970
2025-05-07 10:00:37,768 - WARNING - Prioridad del conflicto: 9
2025-05-07 10:00:37,769 - INFO - 
Verificando conflictos para máquina 1004
2025-05-07 10:00:37,770 - INFO - Intervalo a verificar: 2025-05-02 13:00:00 - 2025-05-02 21:00:00
2025-05-07 10:00:37,770 - INFO - Prioridad actual: 0
2025-05-07 10:00:37,770 - INFO - 
Obteniendo intervalos para máquina 1004
2025-05-07 10:00:37,770 - INFO - Rango: 2025-05-02 13:00:00 - 2025-05-02 21:00:00
2025-05-07 10:00:37,782 - INFO - No se detectaron conflictos
2025-05-07 10:00:37,783 - INFO - 
Verificando conflictos para máquina 1315
2025-05-07 10:00:37,783 - INFO - Intervalo a verificar: 2025-05-05 15:30:00 - 2025-05-05 23:30:00
2025-05-07 10:00:37,783 - INFO - Prioridad actual: 0
2025-05-07 10:00:37,783 - INFO - 
Obteniendo intervalos para máquina 1315
2025-05-07 10:00:37,783 - INFO - Rango: 2025-05-05 15:30:00 - 2025-05-05 23:30:00
2025-05-07 10:00:37,795 - INFO - No se detectaron conflictos
2025-05-07 10:00:37,796 - INFO - 
Verificando conflictos para máquina 1315
2025-05-07 10:00:37,796 - INFO - Intervalo a verificar: 2025-05-06 10:00:00 - 2025-05-06 18:00:00
2025-05-07 10:00:37,797 - INFO - Prioridad actual: 0
2025-05-07 10:00:37,797 - INFO - 
Obteniendo intervalos para máquina 1315
2025-05-07 10:00:37,797 - INFO - Rango: 2025-05-06 10:00:00 - 2025-05-06 18:00:00
2025-05-07 10:00:37,805 - INFO - No se detectaron conflictos
2025-05-07 10:00:37,806 - INFO - 
Verificando conflictos para máquina 1001
2025-05-07 10:00:37,806 - INFO - Intervalo a verificar: 2025-05-06 15:00:00 - 2025-05-06 23:00:00
2025-05-07 10:00:37,806 - INFO - Prioridad actual: 0
2025-05-07 10:00:37,806 - INFO - 
Obteniendo intervalos para máquina 1001
2025-05-07 10:00:37,806 - INFO - Rango: 2025-05-06 15:00:00 - 2025-05-06 23:00:00
2025-05-07 10:00:37,815 - INFO - No se detectaron conflictos
2025-05-07 10:00:37,816 - INFO - 
Verificando conflictos para máquina 4002
2025-05-07 10:00:37,816 - INFO - Intervalo a verificar: 2025-05-07 09:00:00 - 2025-05-07 17:00:00
2025-05-07 10:00:37,816 - INFO - Prioridad actual: 0
2025-05-07 10:00:37,816 - INFO - 
Obteniendo intervalos para máquina 4002
2025-05-07 10:00:37,816 - INFO - Rango: 2025-05-07 09:00:00 - 2025-05-07 17:00:00
2025-05-07 10:00:37,822 - INFO - No se detectaron conflictos
2025-05-07 10:00:37,823 - INFO - 
Verificando conflictos para máquina 1001
2025-05-07 10:00:37,824 - INFO - Intervalo a verificar: 2025-05-07 13:00:00 - 2025-05-07 21:00:00
2025-05-07 10:00:37,824 - INFO - Prioridad actual: 0
2025-05-07 10:00:37,824 - INFO - 
Obteniendo intervalos para máquina 1001
2025-05-07 10:00:37,824 - INFO - Rango: 2025-05-07 13:00:00 - 2025-05-07 21:00:00
2025-05-07 10:00:37,834 - INFO - No se detectaron conflictos
2025-05-07 10:00:37,834 - INFO - 
Verificando conflictos para máquina 4002
2025-05-07 10:00:37,834 - INFO - Intervalo a verificar: 2025-05-07 17:45:00 - 2025-05-08 01:45:00
2025-05-07 10:00:37,835 - INFO - Prioridad actual: 0
2025-05-07 10:00:37,835 - INFO - 
Obteniendo intervalos para máquina 4002
2025-05-07 10:00:37,835 - INFO - Rango: 2025-05-07 17:45:00 - 2025-05-08 01:45:00
2025-05-07 10:00:37,841 - INFO - No se detectaron conflictos
2025-05-07 10:00:37,842 - INFO - 
Verificando conflictos para máquina 1205
2025-05-07 10:00:37,842 - INFO - Intervalo a verificar: 2025-05-08 12:00:00 - 2025-05-08 20:00:00
2025-05-07 10:00:37,842 - INFO - Prioridad actual: 0
2025-05-07 10:00:37,843 - INFO - 
Obteniendo intervalos para máquina 1205
2025-05-07 10:00:37,843 - INFO - Rango: 2025-05-08 12:00:00 - 2025-05-08 20:00:00
2025-05-07 10:00:37,865 - INFO - No se detectaron conflictos
2025-05-07 10:00:37,866 - INFO - 
Verificando conflictos para máquina 3421
2025-05-07 10:00:37,866 - INFO - Intervalo a verificar: 2025-05-08 17:00:00 - 2025-05-09 01:00:00
2025-05-07 10:00:37,866 - INFO - Prioridad actual: 0
2025-05-07 10:00:37,867 - INFO - 
Obteniendo intervalos para máquina 3421
2025-05-07 10:00:37,867 - INFO - Rango: 2025-05-08 17:00:00 - 2025-05-09 01:00:00
2025-05-07 10:00:37,879 - INFO - No se detectaron conflictos
2025-05-07 10:03:54,307 - INFO - 
Obteniendo ajustes para programa 10
2025-05-07 10:03:54,316 - INFO - 
Verificando conflictos para máquina 1002
2025-05-07 10:03:54,316 - INFO - Intervalo a verificar: 2025-05-02 - 2025-05-02 12:00:00
2025-05-07 10:03:54,316 - INFO - Prioridad actual: 1
2025-05-07 10:03:54,316 - INFO - 
Obteniendo intervalos para máquina 1002
2025-05-07 10:03:54,316 - INFO - Rango: 2025-05-02 - 2025-05-02 12:00:00
2025-05-07 10:09:18,030 - INFO - 
Verificando conflictos para máquina 1002
2025-05-07 10:09:18,031 - INFO - Intervalo a verificar: 2025-05-02 07:45:00 - 2025-05-02 15:45:00
2025-05-07 10:09:18,035 - INFO - Prioridad actual: 0
2025-05-07 10:09:18,039 - INFO - 
Obteniendo intervalos para máquina 1002
2025-05-07 10:09:18,040 - INFO - Rango: 2025-05-02 07:45:00 - 2025-05-02 15:45:00
2025-05-07 10:09:18,118 - WARNING - Conflicto detectado con OT 43952
2025-05-07 10:09:18,120 - WARNING - Prioridad del conflicto: 1
2025-05-07 10:09:18,122 - INFO - 
Verificando conflictos para máquina 1201
2025-05-07 10:09:18,131 - INFO - Intervalo a verificar: 2025-05-02 12:00:00 - 2025-05-02 20:00:00
2025-05-07 10:09:18,133 - INFO - Prioridad actual: 0
2025-05-07 10:09:18,134 - INFO - 
Obteniendo intervalos para máquina 1201
2025-05-07 10:09:18,135 - INFO - Rango: 2025-05-02 12:00:00 - 2025-05-02 20:00:00
2025-05-07 10:09:18,164 - INFO - No se detectaron conflictos
2025-05-07 10:09:18,167 - INFO - 
Verificando conflictos para máquina 1312
2025-05-07 10:09:18,171 - INFO - Intervalo a verificar: 2025-05-02 13:00:00 - 2025-05-02 21:00:00
2025-05-07 10:09:18,172 - INFO - Prioridad actual: 0
2025-05-07 10:09:18,173 - INFO - 
Obteniendo intervalos para máquina 1312
2025-05-07 10:09:18,175 - INFO - Rango: 2025-05-02 13:00:00 - 2025-05-02 21:00:00
2025-05-07 10:09:18,189 - INFO - No se detectaron conflictos
2025-05-07 10:09:18,191 - INFO - 
Verificando conflictos para máquina 1315
2025-05-07 10:09:18,193 - INFO - Intervalo a verificar: 2025-05-05 08:00:00 - 2025-05-05 16:00:00
2025-05-07 10:09:18,195 - INFO - Prioridad actual: 0
2025-05-07 10:09:18,196 - INFO - 
Obteniendo intervalos para máquina 1315
2025-05-07 10:09:18,197 - INFO - Rango: 2025-05-05 08:00:00 - 2025-05-05 16:00:00
2025-05-07 10:09:18,212 - INFO - No se detectaron conflictos
2025-05-07 10:09:18,214 - INFO - 
Verificando conflictos para máquina 1315
2025-05-07 10:09:18,215 - INFO - Intervalo a verificar: 2025-05-05 11:00:00 - 2025-05-05 19:00:00
2025-05-07 10:09:18,216 - INFO - Prioridad actual: 0
2025-05-07 10:09:18,217 - INFO - 
Obteniendo intervalos para máquina 1315
2025-05-07 10:09:18,218 - INFO - Rango: 2025-05-05 11:00:00 - 2025-05-05 19:00:00
2025-05-07 10:09:18,233 - INFO - No se detectaron conflictos
2025-05-07 10:09:18,235 - INFO - 
Verificando conflictos para máquina 1204
2025-05-07 10:09:18,236 - INFO - Intervalo a verificar: 2025-05-05 15:00:00 - 2025-05-05 23:00:00
2025-05-07 10:09:18,237 - INFO - Prioridad actual: 0
2025-05-07 10:09:18,238 - INFO - 
Obteniendo intervalos para máquina 1204
2025-05-07 10:09:18,239 - INFO - Rango: 2025-05-05 15:00:00 - 2025-05-05 23:00:00
2025-05-07 10:09:18,265 - INFO - No se detectaron conflictos
2025-05-07 10:09:18,266 - INFO - 
Verificando conflictos para máquina 1002
2025-05-07 10:09:18,266 - INFO - Intervalo a verificar: 2025-05-02 12:30:00 - 2025-05-02 20:30:00
2025-05-07 10:09:18,267 - INFO - Prioridad actual: 0
2025-05-07 10:09:18,267 - INFO - 
Obteniendo intervalos para máquina 1002
2025-05-07 10:09:18,267 - INFO - Rango: 2025-05-02 12:30:00 - 2025-05-02 20:30:00
2025-05-07 10:09:18,312 - WARNING - Conflicto detectado con OT 43951
2025-05-07 10:09:18,313 - WARNING - Prioridad del conflicto: 2
2025-05-07 10:09:18,314 - INFO - 
Verificando conflictos para máquina 1203
2025-05-07 10:09:18,314 - INFO - Intervalo a verificar: 2025-05-05 15:00:00 - 2025-05-05 23:00:00
2025-05-07 10:09:18,314 - INFO - Prioridad actual: 0
2025-05-07 10:09:18,315 - INFO - 
Obteniendo intervalos para máquina 1203
2025-05-07 10:09:18,315 - INFO - Rango: 2025-05-05 15:00:00 - 2025-05-05 23:00:00
2025-05-07 10:09:18,329 - INFO - No se detectaron conflictos
2025-05-07 10:09:18,330 - INFO - 
Verificando conflictos para máquina 1314
2025-05-07 10:09:18,330 - INFO - Intervalo a verificar: 2025-05-06 15:00:00 - 2025-05-06 23:00:00
2025-05-07 10:09:18,330 - INFO - Prioridad actual: 0
2025-05-07 10:09:18,330 - INFO - 
Obteniendo intervalos para máquina 1314
2025-05-07 10:09:18,331 - INFO - Rango: 2025-05-06 15:00:00 - 2025-05-06 23:00:00
2025-05-07 10:09:18,338 - INFO - No se detectaron conflictos
2025-05-07 10:09:18,339 - INFO - 
Verificando conflictos para máquina 2501
2025-05-07 10:09:18,339 - INFO - Intervalo a verificar: 2025-05-07 15:00:00 - 2025-05-07 23:00:00
2025-05-07 10:09:18,339 - INFO - Prioridad actual: 0
2025-05-07 10:09:18,339 - INFO - 
Obteniendo intervalos para máquina 2501
2025-05-07 10:09:18,340 - INFO - Rango: 2025-05-07 15:00:00 - 2025-05-07 23:00:00
2025-05-07 10:09:18,350 - INFO - No se detectaron conflictos
2025-05-07 10:09:18,351 - INFO - 
Verificando conflictos para máquina 1003
2025-05-07 10:09:18,351 - INFO - Intervalo a verificar: 2025-05-02 07:45:00 - 2025-05-02 15:45:00
2025-05-07 10:09:18,351 - INFO - Prioridad actual: 0
2025-05-07 10:09:18,351 - INFO - 
Obteniendo intervalos para máquina 1003
2025-05-07 10:09:18,351 - INFO - Rango: 2025-05-02 07:45:00 - 2025-05-02 15:45:00
2025-05-07 10:09:18,363 - WARNING - Conflicto detectado con OT 43957
2025-05-07 10:09:18,364 - WARNING - Prioridad del conflicto: 3
2025-05-07 10:09:18,364 - INFO - 
Verificando conflictos para máquina 1201
2025-05-07 10:09:18,364 - INFO - Intervalo a verificar: 2025-05-02 13:30:00 - 2025-05-02 21:30:00
2025-05-07 10:09:18,365 - INFO - Prioridad actual: 0
2025-05-07 10:09:18,365 - INFO - 
Obteniendo intervalos para máquina 1201
2025-05-07 10:09:18,365 - INFO - Rango: 2025-05-02 13:30:00 - 2025-05-02 21:30:00
2025-05-07 10:09:18,374 - INFO - No se detectaron conflictos
2025-05-07 10:09:18,377 - INFO - 
Verificando conflictos para máquina 1313
2025-05-07 10:09:18,378 - INFO - Intervalo a verificar: 2025-05-02 15:00:00 - 2025-05-02 23:00:00
2025-05-07 10:09:18,378 - INFO - Prioridad actual: 0
2025-05-07 10:09:18,379 - INFO - 
Obteniendo intervalos para máquina 1313
2025-05-07 10:09:18,379 - INFO - Rango: 2025-05-02 15:00:00 - 2025-05-02 23:00:00
2025-05-07 10:09:18,421 - INFO - No se detectaron conflictos
2025-05-07 10:09:18,422 - INFO - 
Verificando conflictos para máquina 1313
2025-05-07 10:09:18,423 - INFO - Intervalo a verificar: 2025-05-05 09:00:00 - 2025-05-05 17:00:00
2025-05-07 10:09:18,424 - INFO - Prioridad actual: 0
2025-05-07 10:09:18,424 - INFO - 
Obteniendo intervalos para máquina 1313
2025-05-07 10:09:18,424 - INFO - Rango: 2025-05-05 09:00:00 - 2025-05-05 17:00:00
2025-05-07 10:09:18,461 - INFO - No se detectaron conflictos
2025-05-07 10:09:18,462 - INFO - 
Verificando conflictos para máquina 1601
2025-05-07 10:09:18,463 - INFO - Intervalo a verificar: 2025-05-05 11:00:00 - 2025-05-05 19:00:00
2025-05-07 10:09:18,463 - INFO - Prioridad actual: 0
2025-05-07 10:09:18,463 - INFO - 
Obteniendo intervalos para máquina 1601
2025-05-07 10:09:18,464 - INFO - Rango: 2025-05-05 11:00:00 - 2025-05-05 19:00:00
2025-05-07 10:09:18,532 - INFO - No se detectaron conflictos
2025-05-07 10:09:18,533 - INFO - 
Verificando conflictos para máquina 2006
2025-05-07 10:09:18,533 - INFO - Intervalo a verificar: 2025-05-05 15:00:00 - 2025-05-05 23:00:00
2025-05-07 10:09:18,534 - INFO - Prioridad actual: 0
2025-05-07 10:09:18,534 - INFO - 
Obteniendo intervalos para máquina 2006
2025-05-07 10:09:18,534 - INFO - Rango: 2025-05-05 15:00:00 - 2025-05-05 23:00:00
2025-05-07 10:09:18,551 - INFO - No se detectaron conflictos
2025-05-07 10:09:18,553 - INFO - 
Verificando conflictos para máquina 1205
2025-05-07 10:09:18,553 - INFO - Intervalo a verificar: 2025-05-02 07:45:00 - 2025-05-02 15:45:00
2025-05-07 10:09:18,553 - INFO - Prioridad actual: 0
2025-05-07 10:09:18,554 - INFO - 
Obteniendo intervalos para máquina 1205
2025-05-07 10:09:18,554 - INFO - Rango: 2025-05-02 07:45:00 - 2025-05-02 15:45:00
2025-05-07 10:09:18,586 - WARNING - Conflicto detectado con OT 43949
2025-05-07 10:09:18,587 - WARNING - Prioridad del conflicto: 4
2025-05-07 10:09:18,588 - INFO - 
Verificando conflictos para máquina 1002
2025-05-07 10:09:18,588 - INFO - Intervalo a verificar: 2025-05-05 15:30:00 - 2025-05-05 23:30:00
2025-05-07 10:09:18,589 - INFO - Prioridad actual: 0
2025-05-07 10:09:18,589 - INFO - 
Obteniendo intervalos para máquina 1002
2025-05-07 10:09:18,589 - INFO - Rango: 2025-05-05 15:30:00 - 2025-05-05 23:30:00
2025-05-07 10:09:18,636 - INFO - No se detectaron conflictos
2025-05-07 10:09:18,637 - INFO - 
Verificando conflictos para máquina 1203
2025-05-07 10:09:18,638 - INFO - Intervalo a verificar: 2025-05-06 15:30:00 - 2025-05-06 23:30:00
2025-05-07 10:09:18,638 - INFO - Prioridad actual: 0
2025-05-07 10:09:18,638 - INFO - 
Obteniendo intervalos para máquina 1203
2025-05-07 10:09:18,638 - INFO - Rango: 2025-05-06 15:30:00 - 2025-05-06 23:30:00
2025-05-07 10:09:18,654 - INFO - No se detectaron conflictos
2025-05-07 10:09:18,655 - INFO - 
Verificando conflictos para máquina 1431
2025-05-07 10:09:18,656 - INFO - Intervalo a verificar: 2025-05-06 16:00:00 - 2025-05-07 00:00:00
2025-05-07 10:09:18,656 - INFO - Prioridad actual: 0
2025-05-07 10:09:18,656 - INFO - 
Obteniendo intervalos para máquina 1431
2025-05-07 10:09:18,656 - INFO - Rango: 2025-05-06 16:00:00 - 2025-05-07 00:00:00
2025-05-07 10:09:18,670 - INFO - No se detectaron conflictos
2025-05-07 10:09:18,671 - INFO - 
Verificando conflictos para máquina 1601
2025-05-07 10:09:18,671 - INFO - Intervalo a verificar: 2025-05-06 17:00:00 - 2025-05-07 01:00:00
2025-05-07 10:09:18,672 - INFO - Prioridad actual: 0
2025-05-07 10:09:18,672 - INFO - 
Obteniendo intervalos para máquina 1601
2025-05-07 10:09:18,672 - INFO - Rango: 2025-05-06 17:00:00 - 2025-05-07 01:00:00
2025-05-07 10:09:18,713 - INFO - No se detectaron conflictos
2025-05-07 10:09:18,714 - INFO - 
Verificando conflictos para máquina 2002
2025-05-07 10:09:18,714 - INFO - Intervalo a verificar: 2025-05-06 17:45:00 - 2025-05-07 01:45:00
2025-05-07 10:09:18,714 - INFO - Prioridad actual: 0
2025-05-07 10:09:18,715 - INFO - 
Obteniendo intervalos para máquina 2002
2025-05-07 10:09:18,715 - INFO - Rango: 2025-05-06 17:45:00 - 2025-05-07 01:45:00
2025-05-07 10:09:18,727 - INFO - No se detectaron conflictos
2025-05-07 10:09:18,729 - INFO - 
Verificando conflictos para máquina 1002
2025-05-07 10:09:18,729 - INFO - Intervalo a verificar: 2025-05-05 16:30:00 - 2025-05-06 00:30:00
2025-05-07 10:09:18,729 - INFO - Prioridad actual: 0
2025-05-07 10:09:18,730 - INFO - 
Obteniendo intervalos para máquina 1002
2025-05-07 10:09:18,730 - INFO - Rango: 2025-05-05 16:30:00 - 2025-05-06 00:30:00
2025-05-07 10:09:18,774 - INFO - No se detectaron conflictos
2025-05-07 10:09:18,775 - INFO - 
Verificando conflictos para máquina 1203
2025-05-07 10:09:18,777 - INFO - Intervalo a verificar: 2025-05-06 16:30:00 - 2025-05-07 00:30:00
2025-05-07 10:09:18,777 - INFO - Prioridad actual: 0
2025-05-07 10:09:18,778 - INFO - 
Obteniendo intervalos para máquina 1203
2025-05-07 10:09:18,779 - INFO - Rango: 2025-05-06 16:30:00 - 2025-05-07 00:30:00
2025-05-07 10:09:18,791 - INFO - No se detectaron conflictos
2025-05-07 10:09:18,792 - INFO - 
Verificando conflictos para máquina 1431
2025-05-07 10:09:18,794 - INFO - Intervalo a verificar: 2025-05-06 17:00:00 - 2025-05-07 01:00:00
2025-05-07 10:09:18,794 - INFO - Prioridad actual: 0
2025-05-07 10:09:18,795 - INFO - 
Obteniendo intervalos para máquina 1431
2025-05-07 10:09:18,795 - INFO - Rango: 2025-05-06 17:00:00 - 2025-05-07 01:00:00
2025-05-07 10:09:18,812 - INFO - No se detectaron conflictos
2025-05-07 10:09:18,813 - INFO - 
Verificando conflictos para máquina 1601
2025-05-07 10:09:18,813 - INFO - Intervalo a verificar: 2025-05-06 17:45:00 - 2025-05-07 01:45:00
2025-05-07 10:09:18,814 - INFO - Prioridad actual: 0
2025-05-07 10:09:18,814 - INFO - 
Obteniendo intervalos para máquina 1601
2025-05-07 10:09:18,814 - INFO - Rango: 2025-05-06 17:45:00 - 2025-05-07 01:45:00
2025-05-07 10:09:18,848 - INFO - No se detectaron conflictos
2025-05-07 10:09:18,849 - INFO - 
Verificando conflictos para máquina 2002
2025-05-07 10:09:18,849 - INFO - Intervalo a verificar: 2025-05-07 08:00:00 - 2025-05-07 16:00:00
2025-05-07 10:09:18,850 - INFO - Prioridad actual: 0
2025-05-07 10:09:18,850 - INFO - 
Obteniendo intervalos para máquina 2002
2025-05-07 10:09:18,850 - INFO - Rango: 2025-05-07 08:00:00 - 2025-05-07 16:00:00
2025-05-07 10:09:18,861 - INFO - No se detectaron conflictos
2025-05-07 10:09:18,863 - INFO - 
Verificando conflictos para máquina 1002
2025-05-07 10:09:18,864 - INFO - Intervalo a verificar: 2025-05-05 17:30:00 - 2025-05-06 01:30:00
2025-05-07 10:09:18,864 - INFO - Prioridad actual: 0
2025-05-07 10:09:18,864 - INFO - 
Obteniendo intervalos para máquina 1002
2025-05-07 10:09:18,864 - INFO - Rango: 2025-05-05 17:30:00 - 2025-05-06 01:30:00
2025-05-07 10:09:18,905 - INFO - No se detectaron conflictos
2025-05-07 10:09:18,906 - INFO - 
Verificando conflictos para máquina 1203
2025-05-07 10:09:18,907 - INFO - Intervalo a verificar: 2025-05-06 17:30:00 - 2025-05-07 01:30:00
2025-05-07 10:09:18,907 - INFO - Prioridad actual: 0
2025-05-07 10:09:18,907 - INFO - 
Obteniendo intervalos para máquina 1203
2025-05-07 10:09:18,907 - INFO - Rango: 2025-05-06 17:30:00 - 2025-05-07 01:30:00
2025-05-07 10:09:18,919 - INFO - No se detectaron conflictos
2025-05-07 10:09:18,921 - INFO - 
Verificando conflictos para máquina 1431
2025-05-07 10:09:18,921 - INFO - Intervalo a verificar: 2025-05-06 17:45:00 - 2025-05-07 01:45:00
2025-05-07 10:09:18,921 - INFO - Prioridad actual: 0
2025-05-07 10:09:18,921 - INFO - 
Obteniendo intervalos para máquina 1431
2025-05-07 10:09:18,921 - INFO - Rango: 2025-05-06 17:45:00 - 2025-05-07 01:45:00
2025-05-07 10:09:18,935 - INFO - No se detectaron conflictos
2025-05-07 10:09:18,936 - INFO - 
Verificando conflictos para máquina 1601
2025-05-07 10:09:18,936 - INFO - Intervalo a verificar: 2025-05-07 08:00:00 - 2025-05-07 16:00:00
2025-05-07 10:09:18,936 - INFO - Prioridad actual: 0
2025-05-07 10:09:18,936 - INFO - 
Obteniendo intervalos para máquina 1601
2025-05-07 10:09:18,936 - INFO - Rango: 2025-05-07 08:00:00 - 2025-05-07 16:00:00
2025-05-07 10:09:18,973 - INFO - No se detectaron conflictos
2025-05-07 10:09:18,974 - INFO - 
Verificando conflictos para máquina 2002
2025-05-07 10:09:18,974 - INFO - Intervalo a verificar: 2025-05-07 09:00:00 - 2025-05-07 17:00:00
2025-05-07 10:09:18,975 - INFO - Prioridad actual: 0
2025-05-07 10:09:18,975 - INFO - 
Obteniendo intervalos para máquina 2002
2025-05-07 10:09:18,975 - INFO - Rango: 2025-05-07 09:00:00 - 2025-05-07 17:00:00
2025-05-07 10:09:18,990 - INFO - No se detectaron conflictos
2025-05-07 10:09:18,991 - INFO - 
Verificando conflictos para máquina 1002
2025-05-07 10:09:18,991 - INFO - Intervalo a verificar: 2025-05-05 18:15:00 - 2025-05-06 02:15:00
2025-05-07 10:09:18,991 - INFO - Prioridad actual: 0
2025-05-07 10:09:18,992 - INFO - 
Obteniendo intervalos para máquina 1002
2025-05-07 10:09:18,992 - INFO - Rango: 2025-05-05 18:15:00 - 2025-05-06 02:15:00
2025-05-07 10:09:19,037 - INFO - No se detectaron conflictos
2025-05-07 10:09:19,039 - INFO - 
Verificando conflictos para máquina 1203
2025-05-07 10:09:19,039 - INFO - Intervalo a verificar: 2025-05-07 11:00:00 - 2025-05-07 19:00:00
2025-05-07 10:09:19,039 - INFO - Prioridad actual: 0
2025-05-07 10:09:19,039 - INFO - 
Obteniendo intervalos para máquina 1203
2025-05-07 10:09:19,040 - INFO - Rango: 2025-05-07 11:00:00 - 2025-05-07 19:00:00
2025-05-07 10:09:19,055 - INFO - No se detectaron conflictos
2025-05-07 10:09:19,056 - INFO - 
Verificando conflictos para máquina 1431
2025-05-07 10:09:19,056 - INFO - Intervalo a verificar: 2025-05-07 15:00:00 - 2025-05-07 23:00:00
2025-05-07 10:09:19,056 - INFO - Prioridad actual: 0
2025-05-07 10:09:19,057 - INFO - 
Obteniendo intervalos para máquina 1431
2025-05-07 10:09:19,057 - INFO - Rango: 2025-05-07 15:00:00 - 2025-05-07 23:00:00
2025-05-07 10:09:19,069 - INFO - No se detectaron conflictos
2025-05-07 10:09:19,070 - INFO - 
Verificando conflictos para máquina 1601
2025-05-07 10:09:19,071 - INFO - Intervalo a verificar: 2025-05-08 08:00:00 - 2025-05-08 16:00:00
2025-05-07 10:09:19,071 - INFO - Prioridad actual: 0
2025-05-07 10:09:19,071 - INFO - 
Obteniendo intervalos para máquina 1601
2025-05-07 10:09:19,071 - INFO - Rango: 2025-05-08 08:00:00 - 2025-05-08 16:00:00
2025-05-07 10:09:19,109 - INFO - No se detectaron conflictos
2025-05-07 10:09:19,113 - INFO - 
Verificando conflictos para máquina 2002
2025-05-07 10:09:19,113 - INFO - Intervalo a verificar: 2025-05-08 11:00:00 - 2025-05-08 19:00:00
2025-05-07 10:09:19,113 - INFO - Prioridad actual: 0
2025-05-07 10:09:19,113 - INFO - 
Obteniendo intervalos para máquina 2002
2025-05-07 10:09:19,114 - INFO - Rango: 2025-05-08 11:00:00 - 2025-05-08 19:00:00
2025-05-07 10:09:19,123 - INFO - No se detectaron conflictos
2025-05-07 10:09:19,124 - INFO - 
Verificando conflictos para máquina 1004
2025-05-07 10:09:19,125 - INFO - Intervalo a verificar: 2025-05-02 07:45:00 - 2025-05-02 15:45:00
2025-05-07 10:09:19,125 - INFO - Prioridad actual: 0
2025-05-07 10:09:19,125 - INFO - 
Obteniendo intervalos para máquina 1004
2025-05-07 10:09:19,125 - INFO - Rango: 2025-05-02 07:45:00 - 2025-05-02 15:45:00
2025-05-07 10:09:19,137 - WARNING - Conflicto detectado con OT 43970
2025-05-07 10:09:19,137 - WARNING - Prioridad del conflicto: 9
2025-05-07 10:09:19,139 - INFO - 
Verificando conflictos para máquina 1004
2025-05-07 10:09:19,139 - INFO - Intervalo a verificar: 2025-05-02 13:00:00 - 2025-05-02 21:00:00
2025-05-07 10:09:19,139 - INFO - Prioridad actual: 0
2025-05-07 10:09:19,139 - INFO - 
Obteniendo intervalos para máquina 1004
2025-05-07 10:09:19,140 - INFO - Rango: 2025-05-02 13:00:00 - 2025-05-02 21:00:00
2025-05-07 10:09:19,151 - INFO - No se detectaron conflictos
2025-05-07 10:09:19,152 - INFO - 
Verificando conflictos para máquina 1315
2025-05-07 10:09:19,152 - INFO - Intervalo a verificar: 2025-05-05 15:30:00 - 2025-05-05 23:30:00
2025-05-07 10:09:19,152 - INFO - Prioridad actual: 0
2025-05-07 10:09:19,152 - INFO - 
Obteniendo intervalos para máquina 1315
2025-05-07 10:09:19,153 - INFO - Rango: 2025-05-05 15:30:00 - 2025-05-05 23:30:00
2025-05-07 10:09:19,164 - INFO - No se detectaron conflictos
2025-05-07 10:09:19,165 - INFO - 
Verificando conflictos para máquina 1315
2025-05-07 10:09:19,165 - INFO - Intervalo a verificar: 2025-05-06 10:00:00 - 2025-05-06 18:00:00
2025-05-07 10:09:19,165 - INFO - Prioridad actual: 0
2025-05-07 10:09:19,166 - INFO - 
Obteniendo intervalos para máquina 1315
2025-05-07 10:09:19,166 - INFO - Rango: 2025-05-06 10:00:00 - 2025-05-06 18:00:00
2025-05-07 10:09:19,174 - INFO - No se detectaron conflictos
2025-05-07 10:09:19,175 - INFO - 
Verificando conflictos para máquina 1001
2025-05-07 10:09:19,175 - INFO - Intervalo a verificar: 2025-05-06 15:00:00 - 2025-05-06 23:00:00
2025-05-07 10:09:19,175 - INFO - Prioridad actual: 0
2025-05-07 10:09:19,175 - INFO - 
Obteniendo intervalos para máquina 1001
2025-05-07 10:09:19,176 - INFO - Rango: 2025-05-06 15:00:00 - 2025-05-06 23:00:00
2025-05-07 10:09:19,214 - INFO - No se detectaron conflictos
2025-05-07 10:09:19,215 - INFO - 
Verificando conflictos para máquina 4002
2025-05-07 10:09:19,215 - INFO - Intervalo a verificar: 2025-05-07 09:00:00 - 2025-05-07 17:00:00
2025-05-07 10:09:19,215 - INFO - Prioridad actual: 0
2025-05-07 10:09:19,216 - INFO - 
Obteniendo intervalos para máquina 4002
2025-05-07 10:09:19,216 - INFO - Rango: 2025-05-07 09:00:00 - 2025-05-07 17:00:00
2025-05-07 10:09:19,225 - INFO - No se detectaron conflictos
2025-05-07 10:09:19,231 - INFO - 
Verificando conflictos para máquina 1001
2025-05-07 10:09:19,231 - INFO - Intervalo a verificar: 2025-05-07 13:00:00 - 2025-05-07 21:00:00
2025-05-07 10:09:19,231 - INFO - Prioridad actual: 0
2025-05-07 10:09:19,232 - INFO - 
Obteniendo intervalos para máquina 1001
2025-05-07 10:09:19,232 - INFO - Rango: 2025-05-07 13:00:00 - 2025-05-07 21:00:00
2025-05-07 10:09:19,248 - INFO - No se detectaron conflictos
2025-05-07 10:09:19,249 - INFO - 
Verificando conflictos para máquina 4002
2025-05-07 10:09:19,249 - INFO - Intervalo a verificar: 2025-05-07 17:45:00 - 2025-05-08 01:45:00
2025-05-07 10:09:19,249 - INFO - Prioridad actual: 0
2025-05-07 10:09:19,249 - INFO - 
Obteniendo intervalos para máquina 4002
2025-05-07 10:09:19,250 - INFO - Rango: 2025-05-07 17:45:00 - 2025-05-08 01:45:00
2025-05-07 10:09:19,254 - INFO - No se detectaron conflictos
2025-05-07 10:09:19,255 - INFO - 
Verificando conflictos para máquina 1205
2025-05-07 10:09:19,255 - INFO - Intervalo a verificar: 2025-05-08 12:00:00 - 2025-05-08 20:00:00
2025-05-07 10:09:19,255 - INFO - Prioridad actual: 0
2025-05-07 10:09:19,256 - INFO - 
Obteniendo intervalos para máquina 1205
2025-05-07 10:09:19,256 - INFO - Rango: 2025-05-08 12:00:00 - 2025-05-08 20:00:00
2025-05-07 10:09:19,281 - INFO - No se detectaron conflictos
2025-05-07 10:09:19,282 - INFO - 
Verificando conflictos para máquina 3421
2025-05-07 10:09:19,282 - INFO - Intervalo a verificar: 2025-05-08 17:00:00 - 2025-05-09 01:00:00
2025-05-07 10:09:19,282 - INFO - Prioridad actual: 0
2025-05-07 10:09:19,282 - INFO - 
Obteniendo intervalos para máquina 3421
2025-05-07 10:09:19,283 - INFO - Rango: 2025-05-08 17:00:00 - 2025-05-09 01:00:00
2025-05-07 10:09:19,295 - INFO - No se detectaron conflictos
2025-05-07 10:09:19,503 - INFO - 
Verificando conflictos para máquina 1002
2025-05-07 10:09:19,503 - INFO - Intervalo a verificar: 2025-05-02 07:45:00 - 2025-05-02 15:45:00
2025-05-07 10:09:19,504 - INFO - Prioridad actual: 0
2025-05-07 10:09:19,504 - INFO - 
Obteniendo intervalos para máquina 1002
2025-05-07 10:09:19,504 - INFO - Rango: 2025-05-02 07:45:00 - 2025-05-02 15:45:00
2025-05-07 10:09:19,562 - WARNING - Conflicto detectado con OT 43952
2025-05-07 10:09:19,562 - WARNING - Prioridad del conflicto: 1
2025-05-07 10:09:19,564 - INFO - 
Verificando conflictos para máquina 1201
2025-05-07 10:09:19,566 - INFO - Intervalo a verificar: 2025-05-02 12:00:00 - 2025-05-02 20:00:00
2025-05-07 10:09:19,566 - INFO - Prioridad actual: 0
2025-05-07 10:09:19,566 - INFO - 
Obteniendo intervalos para máquina 1201
2025-05-07 10:09:19,567 - INFO - Rango: 2025-05-02 12:00:00 - 2025-05-02 20:00:00
2025-05-07 10:09:19,580 - INFO - No se detectaron conflictos
2025-05-07 10:09:19,581 - INFO - 
Verificando conflictos para máquina 1312
2025-05-07 10:09:19,581 - INFO - Intervalo a verificar: 2025-05-02 13:00:00 - 2025-05-02 21:00:00
2025-05-07 10:09:19,581 - INFO - Prioridad actual: 0
2025-05-07 10:09:19,581 - INFO - 
Obteniendo intervalos para máquina 1312
2025-05-07 10:09:19,581 - INFO - Rango: 2025-05-02 13:00:00 - 2025-05-02 21:00:00
2025-05-07 10:09:19,589 - INFO - No se detectaron conflictos
2025-05-07 10:09:19,590 - INFO - 
Verificando conflictos para máquina 1315
2025-05-07 10:09:19,590 - INFO - Intervalo a verificar: 2025-05-05 08:00:00 - 2025-05-05 16:00:00
2025-05-07 10:09:19,590 - INFO - Prioridad actual: 0
2025-05-07 10:09:19,591 - INFO - 
Obteniendo intervalos para máquina 1315
2025-05-07 10:09:19,591 - INFO - Rango: 2025-05-05 08:00:00 - 2025-05-05 16:00:00
2025-05-07 10:09:19,602 - INFO - No se detectaron conflictos
2025-05-07 10:09:19,603 - INFO - 
Verificando conflictos para máquina 1315
2025-05-07 10:09:19,603 - INFO - Intervalo a verificar: 2025-05-05 11:00:00 - 2025-05-05 19:00:00
2025-05-07 10:09:19,603 - INFO - Prioridad actual: 0
2025-05-07 10:09:19,603 - INFO - 
Obteniendo intervalos para máquina 1315
2025-05-07 10:09:19,604 - INFO - Rango: 2025-05-05 11:00:00 - 2025-05-05 19:00:00
2025-05-07 10:09:19,615 - INFO - No se detectaron conflictos
2025-05-07 10:09:19,617 - INFO - 
Verificando conflictos para máquina 1204
2025-05-07 10:09:19,617 - INFO - Intervalo a verificar: 2025-05-05 15:00:00 - 2025-05-05 23:00:00
2025-05-07 10:09:19,617 - INFO - Prioridad actual: 0
2025-05-07 10:09:19,617 - INFO - 
Obteniendo intervalos para máquina 1204
2025-05-07 10:09:19,618 - INFO - Rango: 2025-05-05 15:00:00 - 2025-05-05 23:00:00
2025-05-07 10:09:19,640 - INFO - No se detectaron conflictos
2025-05-07 10:09:19,646 - INFO - 
Verificando conflictos para máquina 1002
2025-05-07 10:09:19,646 - INFO - Intervalo a verificar: 2025-05-02 12:30:00 - 2025-05-02 20:30:00
2025-05-07 10:09:19,646 - INFO - Prioridad actual: 0
2025-05-07 10:09:19,646 - INFO - 
Obteniendo intervalos para máquina 1002
2025-05-07 10:09:19,646 - INFO - Rango: 2025-05-02 12:30:00 - 2025-05-02 20:30:00
2025-05-07 10:09:19,695 - WARNING - Conflicto detectado con OT 43951
2025-05-07 10:09:19,696 - WARNING - Prioridad del conflicto: 2
2025-05-07 10:09:19,697 - INFO - 
Verificando conflictos para máquina 1203
2025-05-07 10:09:19,698 - INFO - Intervalo a verificar: 2025-05-05 15:00:00 - 2025-05-05 23:00:00
2025-05-07 10:09:19,698 - INFO - Prioridad actual: 0
2025-05-07 10:09:19,698 - INFO - 
Obteniendo intervalos para máquina 1203
2025-05-07 10:09:19,699 - INFO - Rango: 2025-05-05 15:00:00 - 2025-05-05 23:00:00
2025-05-07 10:09:19,722 - INFO - No se detectaron conflictos
2025-05-07 10:09:19,724 - INFO - 
Verificando conflictos para máquina 1314
2025-05-07 10:09:19,725 - INFO - Intervalo a verificar: 2025-05-06 15:00:00 - 2025-05-06 23:00:00
2025-05-07 10:09:19,725 - INFO - Prioridad actual: 0
2025-05-07 10:09:19,725 - INFO - 
Obteniendo intervalos para máquina 1314
2025-05-07 10:09:19,725 - INFO - Rango: 2025-05-06 15:00:00 - 2025-05-06 23:00:00
2025-05-07 10:09:19,737 - INFO - No se detectaron conflictos
2025-05-07 10:09:19,738 - INFO - 
Verificando conflictos para máquina 2501
2025-05-07 10:09:19,738 - INFO - Intervalo a verificar: 2025-05-07 15:00:00 - 2025-05-07 23:00:00
2025-05-07 10:09:19,738 - INFO - Prioridad actual: 0
2025-05-07 10:09:19,738 - INFO - 
Obteniendo intervalos para máquina 2501
2025-05-07 10:09:19,739 - INFO - Rango: 2025-05-07 15:00:00 - 2025-05-07 23:00:00
2025-05-07 10:09:19,749 - INFO - No se detectaron conflictos
2025-05-07 10:09:19,751 - INFO - 
Verificando conflictos para máquina 1003
2025-05-07 10:09:19,751 - INFO - Intervalo a verificar: 2025-05-02 07:45:00 - 2025-05-02 15:45:00
2025-05-07 10:09:19,751 - INFO - Prioridad actual: 0
2025-05-07 10:09:19,751 - INFO - 
Obteniendo intervalos para máquina 1003
2025-05-07 10:09:19,751 - INFO - Rango: 2025-05-02 07:45:00 - 2025-05-02 15:45:00
2025-05-07 10:09:19,761 - WARNING - Conflicto detectado con OT 43957
2025-05-07 10:09:19,762 - WARNING - Prioridad del conflicto: 3
2025-05-07 10:09:19,763 - INFO - 
Verificando conflictos para máquina 1201
2025-05-07 10:09:19,764 - INFO - Intervalo a verificar: 2025-05-02 13:30:00 - 2025-05-02 21:30:00
2025-05-07 10:09:19,764 - INFO - Prioridad actual: 0
2025-05-07 10:09:19,765 - INFO - 
Obteniendo intervalos para máquina 1201
2025-05-07 10:09:19,765 - INFO - Rango: 2025-05-02 13:30:00 - 2025-05-02 21:30:00
2025-05-07 10:09:19,806 - INFO - No se detectaron conflictos
2025-05-07 10:09:19,829 - INFO - 
Verificando conflictos para máquina 1313
2025-05-07 10:09:19,833 - INFO - Intervalo a verificar: 2025-05-02 15:00:00 - 2025-05-02 23:00:00
2025-05-07 10:09:19,838 - INFO - Prioridad actual: 0
2025-05-07 10:09:19,846 - INFO - 
Obteniendo intervalos para máquina 1313
2025-05-07 10:09:19,871 - INFO - Rango: 2025-05-02 15:00:00 - 2025-05-02 23:00:00
2025-05-07 10:09:19,971 - INFO - No se detectaron conflictos
2025-05-07 10:09:19,975 - INFO - 
Verificando conflictos para máquina 1313
2025-05-07 10:09:19,976 - INFO - Intervalo a verificar: 2025-05-05 09:00:00 - 2025-05-05 17:00:00
2025-05-07 10:09:19,978 - INFO - Prioridad actual: 0
2025-05-07 10:09:19,980 - INFO - 
Obteniendo intervalos para máquina 1313
2025-05-07 10:09:19,983 - INFO - Rango: 2025-05-05 09:00:00 - 2025-05-05 17:00:00
2025-05-07 10:09:20,065 - INFO - No se detectaron conflictos
2025-05-07 10:09:20,070 - INFO - 
Verificando conflictos para máquina 1601
2025-05-07 10:09:20,073 - INFO - Intervalo a verificar: 2025-05-05 11:00:00 - 2025-05-05 19:00:00
2025-05-07 10:09:20,075 - INFO - Prioridad actual: 0
2025-05-07 10:09:20,078 - INFO - 
Obteniendo intervalos para máquina 1601
2025-05-07 10:09:20,081 - INFO - Rango: 2025-05-05 11:00:00 - 2025-05-05 19:00:00
2025-05-07 10:09:20,201 - INFO - No se detectaron conflictos
2025-05-07 10:09:20,212 - INFO - 
Verificando conflictos para máquina 2006
2025-05-07 10:09:20,212 - INFO - Intervalo a verificar: 2025-05-05 15:00:00 - 2025-05-05 23:00:00
2025-05-07 10:09:20,213 - INFO - Prioridad actual: 0
2025-05-07 10:09:20,213 - INFO - 
Obteniendo intervalos para máquina 2006
2025-05-07 10:09:20,213 - INFO - Rango: 2025-05-05 15:00:00 - 2025-05-05 23:00:00
2025-05-07 10:09:20,223 - INFO - No se detectaron conflictos
2025-05-07 10:09:20,224 - INFO - 
Verificando conflictos para máquina 1205
2025-05-07 10:09:20,224 - INFO - Intervalo a verificar: 2025-05-02 07:45:00 - 2025-05-02 15:45:00
2025-05-07 10:09:20,224 - INFO - Prioridad actual: 0
2025-05-07 10:09:20,225 - INFO - 
Obteniendo intervalos para máquina 1205
2025-05-07 10:09:20,225 - INFO - Rango: 2025-05-02 07:45:00 - 2025-05-02 15:45:00
2025-05-07 10:09:20,249 - WARNING - Conflicto detectado con OT 43949
2025-05-07 10:09:20,249 - WARNING - Prioridad del conflicto: 4
2025-05-07 10:09:20,250 - INFO - 
Verificando conflictos para máquina 1002
2025-05-07 10:09:20,251 - INFO - Intervalo a verificar: 2025-05-05 15:30:00 - 2025-05-05 23:30:00
2025-05-07 10:09:20,251 - INFO - Prioridad actual: 0
2025-05-07 10:09:20,251 - INFO - 
Obteniendo intervalos para máquina 1002
2025-05-07 10:09:20,251 - INFO - Rango: 2025-05-05 15:30:00 - 2025-05-05 23:30:00
2025-05-07 10:09:20,290 - INFO - No se detectaron conflictos
2025-05-07 10:09:20,291 - INFO - 
Verificando conflictos para máquina 1203
2025-05-07 10:09:20,291 - INFO - Intervalo a verificar: 2025-05-06 15:30:00 - 2025-05-06 23:30:00
2025-05-07 10:09:20,292 - INFO - Prioridad actual: 0
2025-05-07 10:09:20,292 - INFO - 
Obteniendo intervalos para máquina 1203
2025-05-07 10:09:20,292 - INFO - Rango: 2025-05-06 15:30:00 - 2025-05-06 23:30:00
2025-05-07 10:09:20,305 - INFO - No se detectaron conflictos
2025-05-07 10:09:20,306 - INFO - 
Verificando conflictos para máquina 1431
2025-05-07 10:09:20,306 - INFO - Intervalo a verificar: 2025-05-06 16:00:00 - 2025-05-07 00:00:00
2025-05-07 10:09:20,307 - INFO - Prioridad actual: 0
2025-05-07 10:09:20,307 - INFO - 
Obteniendo intervalos para máquina 1431
2025-05-07 10:09:20,307 - INFO - Rango: 2025-05-06 16:00:00 - 2025-05-07 00:00:00
2025-05-07 10:09:20,318 - INFO - No se detectaron conflictos
2025-05-07 10:09:20,319 - INFO - 
Verificando conflictos para máquina 1601
2025-05-07 10:09:20,320 - INFO - Intervalo a verificar: 2025-05-06 17:00:00 - 2025-05-07 01:00:00
2025-05-07 10:09:20,320 - INFO - Prioridad actual: 0
2025-05-07 10:09:20,320 - INFO - 
Obteniendo intervalos para máquina 1601
2025-05-07 10:09:20,321 - INFO - Rango: 2025-05-06 17:00:00 - 2025-05-07 01:00:00
2025-05-07 10:09:20,350 - INFO - No se detectaron conflictos
2025-05-07 10:09:20,351 - INFO - 
Verificando conflictos para máquina 2002
2025-05-07 10:09:20,351 - INFO - Intervalo a verificar: 2025-05-06 17:45:00 - 2025-05-07 01:45:00
2025-05-07 10:09:20,352 - INFO - Prioridad actual: 0
2025-05-07 10:09:20,352 - INFO - 
Obteniendo intervalos para máquina 2002
2025-05-07 10:09:20,353 - INFO - Rango: 2025-05-06 17:45:00 - 2025-05-07 01:45:00
2025-05-07 10:09:20,364 - INFO - No se detectaron conflictos
2025-05-07 10:09:20,365 - INFO - 
Verificando conflictos para máquina 1002
2025-05-07 10:09:20,365 - INFO - Intervalo a verificar: 2025-05-05 16:30:00 - 2025-05-06 00:30:00
2025-05-07 10:09:20,365 - INFO - Prioridad actual: 0
2025-05-07 10:09:20,365 - INFO - 
Obteniendo intervalos para máquina 1002
2025-05-07 10:09:20,366 - INFO - Rango: 2025-05-05 16:30:00 - 2025-05-06 00:30:00
2025-05-07 10:09:20,404 - INFO - No se detectaron conflictos
2025-05-07 10:09:20,404 - INFO - 
Verificando conflictos para máquina 1203
2025-05-07 10:09:20,405 - INFO - Intervalo a verificar: 2025-05-06 16:30:00 - 2025-05-07 00:30:00
2025-05-07 10:09:20,405 - INFO - Prioridad actual: 0
2025-05-07 10:09:20,405 - INFO - 
Obteniendo intervalos para máquina 1203
2025-05-07 10:09:20,405 - INFO - Rango: 2025-05-06 16:30:00 - 2025-05-07 00:30:00
2025-05-07 10:09:20,418 - INFO - No se detectaron conflictos
2025-05-07 10:09:20,420 - INFO - 
Verificando conflictos para máquina 1431
2025-05-07 10:09:20,420 - INFO - Intervalo a verificar: 2025-05-06 17:00:00 - 2025-05-07 01:00:00
2025-05-07 10:09:20,420 - INFO - Prioridad actual: 0
2025-05-07 10:09:20,421 - INFO - 
Obteniendo intervalos para máquina 1431
2025-05-07 10:09:20,421 - INFO - Rango: 2025-05-06 17:00:00 - 2025-05-07 01:00:00
2025-05-07 10:09:20,431 - INFO - No se detectaron conflictos
2025-05-07 10:09:20,432 - INFO - 
Verificando conflictos para máquina 1601
2025-05-07 10:09:20,433 - INFO - Intervalo a verificar: 2025-05-06 17:45:00 - 2025-05-07 01:45:00
2025-05-07 10:09:20,433 - INFO - Prioridad actual: 0
2025-05-07 10:09:20,433 - INFO - 
Obteniendo intervalos para máquina 1601
2025-05-07 10:09:20,434 - INFO - Rango: 2025-05-06 17:45:00 - 2025-05-07 01:45:00
2025-05-07 10:09:20,465 - INFO - No se detectaron conflictos
2025-05-07 10:09:20,466 - INFO - 
Verificando conflictos para máquina 2002
2025-05-07 10:09:20,467 - INFO - Intervalo a verificar: 2025-05-07 08:00:00 - 2025-05-07 16:00:00
2025-05-07 10:09:20,467 - INFO - Prioridad actual: 0
2025-05-07 10:09:20,467 - INFO - 
Obteniendo intervalos para máquina 2002
2025-05-07 10:09:20,468 - INFO - Rango: 2025-05-07 08:00:00 - 2025-05-07 16:00:00
2025-05-07 10:09:20,476 - INFO - No se detectaron conflictos
2025-05-07 10:09:20,477 - INFO - 
Verificando conflictos para máquina 1002
2025-05-07 10:09:20,478 - INFO - Intervalo a verificar: 2025-05-05 17:30:00 - 2025-05-06 01:30:00
2025-05-07 10:09:20,478 - INFO - Prioridad actual: 0
2025-05-07 10:09:20,478 - INFO - 
Obteniendo intervalos para máquina 1002
2025-05-07 10:09:20,479 - INFO - Rango: 2025-05-05 17:30:00 - 2025-05-06 01:30:00
2025-05-07 10:09:20,517 - INFO - No se detectaron conflictos
2025-05-07 10:09:20,517 - INFO - 
Verificando conflictos para máquina 1203
2025-05-07 10:09:20,518 - INFO - Intervalo a verificar: 2025-05-06 17:30:00 - 2025-05-07 01:30:00
2025-05-07 10:09:20,518 - INFO - Prioridad actual: 0
2025-05-07 10:09:20,518 - INFO - 
Obteniendo intervalos para máquina 1203
2025-05-07 10:09:20,518 - INFO - Rango: 2025-05-06 17:30:00 - 2025-05-07 01:30:00
2025-05-07 10:09:20,530 - INFO - No se detectaron conflictos
2025-05-07 10:09:20,531 - INFO - 
Verificando conflictos para máquina 1431
2025-05-07 10:09:20,532 - INFO - Intervalo a verificar: 2025-05-06 17:45:00 - 2025-05-07 01:45:00
2025-05-07 10:09:20,532 - INFO - Prioridad actual: 0
2025-05-07 10:09:20,532 - INFO - 
Obteniendo intervalos para máquina 1431
2025-05-07 10:09:20,532 - INFO - Rango: 2025-05-06 17:45:00 - 2025-05-07 01:45:00
2025-05-07 10:09:20,542 - INFO - No se detectaron conflictos
2025-05-07 10:09:20,543 - INFO - 
Verificando conflictos para máquina 1601
2025-05-07 10:09:20,543 - INFO - Intervalo a verificar: 2025-05-07 08:00:00 - 2025-05-07 16:00:00
2025-05-07 10:09:20,544 - INFO - Prioridad actual: 0
2025-05-07 10:09:20,544 - INFO - 
Obteniendo intervalos para máquina 1601
2025-05-07 10:09:20,544 - INFO - Rango: 2025-05-07 08:00:00 - 2025-05-07 16:00:00
2025-05-07 10:09:20,574 - INFO - No se detectaron conflictos
2025-05-07 10:09:20,575 - INFO - 
Verificando conflictos para máquina 2002
2025-05-07 10:09:20,575 - INFO - Intervalo a verificar: 2025-05-07 09:00:00 - 2025-05-07 17:00:00
2025-05-07 10:09:20,576 - INFO - Prioridad actual: 0
2025-05-07 10:09:20,576 - INFO - 
Obteniendo intervalos para máquina 2002
2025-05-07 10:09:20,576 - INFO - Rango: 2025-05-07 09:00:00 - 2025-05-07 17:00:00
2025-05-07 10:09:20,585 - INFO - No se detectaron conflictos
2025-05-07 10:09:20,586 - INFO - 
Verificando conflictos para máquina 1002
2025-05-07 10:09:20,587 - INFO - Intervalo a verificar: 2025-05-05 18:15:00 - 2025-05-06 02:15:00
2025-05-07 10:09:20,587 - INFO - Prioridad actual: 0
2025-05-07 10:09:20,587 - INFO - 
Obteniendo intervalos para máquina 1002
2025-05-07 10:09:20,588 - INFO - Rango: 2025-05-05 18:15:00 - 2025-05-06 02:15:00
2025-05-07 10:09:20,627 - INFO - No se detectaron conflictos
2025-05-07 10:09:20,629 - INFO - 
Verificando conflictos para máquina 1203
2025-05-07 10:09:20,629 - INFO - Intervalo a verificar: 2025-05-07 11:00:00 - 2025-05-07 19:00:00
2025-05-07 10:09:20,630 - INFO - Prioridad actual: 0
2025-05-07 10:09:20,630 - INFO - 
Obteniendo intervalos para máquina 1203
2025-05-07 10:09:20,630 - INFO - Rango: 2025-05-07 11:00:00 - 2025-05-07 19:00:00
2025-05-07 10:09:20,642 - INFO - No se detectaron conflictos
2025-05-07 10:09:20,643 - INFO - 
Verificando conflictos para máquina 1431
2025-05-07 10:09:20,643 - INFO - Intervalo a verificar: 2025-05-07 15:00:00 - 2025-05-07 23:00:00
2025-05-07 10:09:20,644 - INFO - Prioridad actual: 0
2025-05-07 10:09:20,644 - INFO - 
Obteniendo intervalos para máquina 1431
2025-05-07 10:09:20,644 - INFO - Rango: 2025-05-07 15:00:00 - 2025-05-07 23:00:00
2025-05-07 10:09:20,655 - INFO - No se detectaron conflictos
2025-05-07 10:09:20,656 - INFO - 
Verificando conflictos para máquina 1601
2025-05-07 10:09:20,656 - INFO - Intervalo a verificar: 2025-05-08 08:00:00 - 2025-05-08 16:00:00
2025-05-07 10:09:20,656 - INFO - Prioridad actual: 0
2025-05-07 10:09:20,657 - INFO - 
Obteniendo intervalos para máquina 1601
2025-05-07 10:09:20,657 - INFO - Rango: 2025-05-08 08:00:00 - 2025-05-08 16:00:00
2025-05-07 10:09:20,686 - INFO - No se detectaron conflictos
2025-05-07 10:09:20,687 - INFO - 
Verificando conflictos para máquina 2002
2025-05-07 10:09:20,687 - INFO - Intervalo a verificar: 2025-05-08 11:00:00 - 2025-05-08 19:00:00
2025-05-07 10:09:20,687 - INFO - Prioridad actual: 0
2025-05-07 10:09:20,687 - INFO - 
Obteniendo intervalos para máquina 2002
2025-05-07 10:09:20,688 - INFO - Rango: 2025-05-08 11:00:00 - 2025-05-08 19:00:00
2025-05-07 10:09:20,698 - INFO - No se detectaron conflictos
2025-05-07 10:09:20,700 - INFO - 
Verificando conflictos para máquina 1004
2025-05-07 10:09:20,700 - INFO - Intervalo a verificar: 2025-05-02 07:45:00 - 2025-05-02 15:45:00
2025-05-07 10:09:20,700 - INFO - Prioridad actual: 0
2025-05-07 10:09:20,701 - INFO - 
Obteniendo intervalos para máquina 1004
2025-05-07 10:09:20,701 - INFO - Rango: 2025-05-02 07:45:00 - 2025-05-02 15:45:00
2025-05-07 10:09:20,708 - WARNING - Conflicto detectado con OT 43970
2025-05-07 10:09:20,708 - WARNING - Prioridad del conflicto: 9
2025-05-07 10:09:20,709 - INFO - 
Verificando conflictos para máquina 1004
2025-05-07 10:09:20,710 - INFO - Intervalo a verificar: 2025-05-02 13:00:00 - 2025-05-02 21:00:00
2025-05-07 10:09:20,710 - INFO - Prioridad actual: 0
2025-05-07 10:09:20,710 - INFO - 
Obteniendo intervalos para máquina 1004
2025-05-07 10:09:20,710 - INFO - Rango: 2025-05-02 13:00:00 - 2025-05-02 21:00:00
2025-05-07 10:09:20,720 - INFO - No se detectaron conflictos
2025-05-07 10:09:20,721 - INFO - 
Verificando conflictos para máquina 1315
2025-05-07 10:09:20,721 - INFO - Intervalo a verificar: 2025-05-05 15:30:00 - 2025-05-05 23:30:00
2025-05-07 10:09:20,721 - INFO - Prioridad actual: 0
2025-05-07 10:09:20,721 - INFO - 
Obteniendo intervalos para máquina 1315
2025-05-07 10:09:20,722 - INFO - Rango: 2025-05-05 15:30:00 - 2025-05-05 23:30:00
2025-05-07 10:09:20,732 - INFO - No se detectaron conflictos
2025-05-07 10:09:20,732 - INFO - 
Verificando conflictos para máquina 1315
2025-05-07 10:09:20,733 - INFO - Intervalo a verificar: 2025-05-06 10:00:00 - 2025-05-06 18:00:00
2025-05-07 10:09:20,733 - INFO - Prioridad actual: 0
2025-05-07 10:09:20,733 - INFO - 
Obteniendo intervalos para máquina 1315
2025-05-07 10:09:20,733 - INFO - Rango: 2025-05-06 10:00:00 - 2025-05-06 18:00:00
2025-05-07 10:09:20,741 - INFO - No se detectaron conflictos
2025-05-07 10:09:20,742 - INFO - 
Verificando conflictos para máquina 1001
2025-05-07 10:09:20,742 - INFO - Intervalo a verificar: 2025-05-06 15:00:00 - 2025-05-06 23:00:00
2025-05-07 10:09:20,743 - INFO - Prioridad actual: 0
2025-05-07 10:09:20,743 - INFO - 
Obteniendo intervalos para máquina 1001
2025-05-07 10:09:20,743 - INFO - Rango: 2025-05-06 15:00:00 - 2025-05-06 23:00:00
2025-05-07 10:09:20,753 - INFO - No se detectaron conflictos
2025-05-07 10:09:20,753 - INFO - 
Verificando conflictos para máquina 4002
2025-05-07 10:09:20,754 - INFO - Intervalo a verificar: 2025-05-07 09:00:00 - 2025-05-07 17:00:00
2025-05-07 10:09:20,754 - INFO - Prioridad actual: 0
2025-05-07 10:09:20,754 - INFO - 
Obteniendo intervalos para máquina 4002
2025-05-07 10:09:20,754 - INFO - Rango: 2025-05-07 09:00:00 - 2025-05-07 17:00:00
2025-05-07 10:09:20,761 - INFO - No se detectaron conflictos
2025-05-07 10:09:20,762 - INFO - 
Verificando conflictos para máquina 1001
2025-05-07 10:09:20,762 - INFO - Intervalo a verificar: 2025-05-07 13:00:00 - 2025-05-07 21:00:00
2025-05-07 10:09:20,762 - INFO - Prioridad actual: 0
2025-05-07 10:09:20,763 - INFO - 
Obteniendo intervalos para máquina 1001
2025-05-07 10:09:20,763 - INFO - Rango: 2025-05-07 13:00:00 - 2025-05-07 21:00:00
2025-05-07 10:09:20,771 - INFO - No se detectaron conflictos
2025-05-07 10:09:20,772 - INFO - 
Verificando conflictos para máquina 4002
2025-05-07 10:09:20,773 - INFO - Intervalo a verificar: 2025-05-07 17:45:00 - 2025-05-08 01:45:00
2025-05-07 10:09:20,773 - INFO - Prioridad actual: 0
2025-05-07 10:09:20,773 - INFO - 
Obteniendo intervalos para máquina 4002
2025-05-07 10:09:20,774 - INFO - Rango: 2025-05-07 17:45:00 - 2025-05-08 01:45:00
2025-05-07 10:09:20,780 - INFO - No se detectaron conflictos
2025-05-07 10:09:20,781 - INFO - 
Verificando conflictos para máquina 1205
2025-05-07 10:09:20,781 - INFO - Intervalo a verificar: 2025-05-08 12:00:00 - 2025-05-08 20:00:00
2025-05-07 10:09:20,782 - INFO - Prioridad actual: 0
2025-05-07 10:09:20,782 - INFO - 
Obteniendo intervalos para máquina 1205
2025-05-07 10:09:20,782 - INFO - Rango: 2025-05-08 12:00:00 - 2025-05-08 20:00:00
2025-05-07 10:09:20,802 - INFO - No se detectaron conflictos
2025-05-07 10:09:20,804 - INFO - 
Verificando conflictos para máquina 3421
2025-05-07 10:09:20,804 - INFO - Intervalo a verificar: 2025-05-08 17:00:00 - 2025-05-09 01:00:00
2025-05-07 10:09:20,805 - INFO - Prioridad actual: 0
2025-05-07 10:09:20,805 - INFO - 
Obteniendo intervalos para máquina 3421
2025-05-07 10:09:20,805 - INFO - Rango: 2025-05-08 17:00:00 - 2025-05-09 01:00:00
2025-05-07 10:09:20,821 - INFO - No se detectaron conflictos
025-05-06 02:15:00
2025-05-07 10:09:20,627 - INFO - No se detectaron conflictos
2025-05-07 10:09:20,629 - INFO - 
Verificando conflictos para máquina 1203
2025-05-07 10:09:20,629 - INFO - Intervalo a verificar: 2025-05-07 11:00:00 - 2025-05-07 19:00:00
2025-05-07 10:09:20,630 - INFO - Prioridad actual: 0
2025-05-07 10:09:20,630 - INFO - 
Obteniendo intervalos para máquina 1203
2025-05-07 10:09:20,630 - INFO - Rango: 2025-05-07 11:00:00 - 2025-05-07 19:00:00
2025-05-07 10:09:20,642 - INFO - No se detectaron conflictos
2025-05-07 10:09:20,643 - INFO - 
Verificando conflictos para máquina 1431
2025-05-07 10:09:20,643 - INFO - Intervalo a verificar: 2025-05-07 15:00:00 - 2025-05-07 23:00:00
2025-05-07 10:09:20,644 - INFO - Prioridad actual: 0
2025-05-07 10:09:20,644 - INFO - 
Obteniendo intervalos para máquina 1431
2025-05-07 10:09:20,644 - INFO - Rango: 2025-05-07 15:00:00 - 2025-05-07 23:00:00
2025-05-07 10:09:20,655 - INFO - No se detectaron conflictos
2025-05-07 10:09:20,656 - INFO - 
Verificando conflictos para máquina 1601
2025-05-07 10:09:20,656 - INFO - Intervalo a verificar: 2025-05-08 08:00:00 - 2025-05-08 16:00:00
2025-05-07 10:09:20,656 - INFO - Prioridad actual: 0
2025-05-07 10:09:20,657 - INFO - 
Obteniendo intervalos para máquina 1601
2025-05-07 10:09:20,657 - INFO - Rango: 2025-05-08 08:00:00 - 2025-05-08 16:00:00
2025-05-07 10:09:20,686 - INFO - No se detectaron conflictos
2025-05-07 10:09:20,687 - INFO - 
Verificando conflictos para máquina 2002
2025-05-07 10:09:20,687 - INFO - Intervalo a verificar: 2025-05-08 11:00:00 - 2025-05-08 19:00:00
2025-05-07 10:09:20,687 - INFO - Prioridad actual: 0
2025-05-07 10:09:20,687 - INFO - 
Obteniendo intervalos para máquina 2002
2025-05-07 10:09:20,688 - INFO - Rango: 2025-05-08 11:00:00 - 2025-05-08 19:00:00
2025-05-07 10:09:20,698 - INFO - No se detectaron conflictos
2025-05-07 10:09:20,700 - INFO - 
Verificando conflictos para máquina 1004
2025-05-07 10:09:20,700 - INFO - Intervalo a verificar: 2025-05-02 07:45:00 - 2025-05-02 15:45:00
2025-05-07 10:09:20,700 - INFO - Prioridad actual: 0
2025-05-07 10:09:20,701 - INFO - 
Obteniendo intervalos para máquina 1004
2025-05-07 10:09:20,701 - INFO - Rango: 2025-05-02 07:45:00 - 2025-05-02 15:45:00
2025-05-07 10:09:20,708 - WARNING - Conflicto detectado con OT 43970
2025-05-07 10:09:20,708 - WARNING - Prioridad del conflicto: 9
2025-05-07 10:09:20,709 - INFO - 
Verificando conflictos para máquina 1004
2025-05-07 10:09:20,710 - INFO - Intervalo a verificar: 2025-05-02 13:00:00 - 2025-05-02 21:00:00
2025-05-07 10:09:20,710 - INFO - Prioridad actual: 0
2025-05-07 10:09:20,710 - INFO - 
Obteniendo intervalos para máquina 1004
2025-05-07 10:09:20,710 - INFO - Rango: 2025-05-02 13:00:00 - 2025-05-02 21:00:00
2025-05-07 10:09:20,720 - INFO - No se detectaron conflictos
2025-05-07 10:09:20,721 - INFO - 
Verificando conflictos para máquina 1315
2025-05-07 10:09:20,721 - INFO - Intervalo a verificar: 2025-05-05 15:30:00 - 2025-05-05 23:30:00
2025-05-07 10:09:20,721 - INFO - Prioridad actual: 0
2025-05-07 10:09:20,721 - INFO - 
Obteniendo intervalos para máquina 1315
2025-05-07 10:09:20,722 - INFO - Rango: 2025-05-05 15:30:00 - 2025-05-05 23:30:00
2025-05-07 10:09:20,732 - INFO - No se detectaron conflictos
2025-05-07 10:09:20,732 - INFO - 
Verificando conflictos para máquina 1315
2025-05-07 10:09:20,733 - INFO - Intervalo a verificar: 2025-05-06 10:00:00 - 2025-05-06 18:00:00
2025-05-07 10:09:20,733 - INFO - Prioridad actual: 0
2025-05-07 10:09:20,733 - INFO - 
Obteniendo intervalos para máquina 1315
2025-05-07 10:09:20,733 - INFO - Rango: 2025-05-06 10:00:00 - 2025-05-06 18:00:00
2025-05-07 10:09:20,741 - INFO - No se detectaron conflictos
2025-05-07 10:09:20,742 - INFO - 
Verificando conflictos para máquina 1001
2025-05-07 10:09:20,742 - INFO - Intervalo a verificar: 2025-05-06 15:00:00 - 2025-05-06 23:00:00
2025-05-07 10:09:20,743 - INFO - Prioridad actual: 0
2025-05-07 10:09:20,743 - INFO - 
Obteniendo intervalos para máquina 1001
2025-05-07 10:09:20,743 - INFO - Rango: 2025-05-06 15:00:00 - 2025-05-06 23:00:00
2025-05-07 10:09:20,753 - INFO - No se detectaron conflictos
2025-05-07 10:09:20,753 - INFO - 
Verificando conflictos para máquina 4002
2025-05-07 10:09:20,754 - INFO - Intervalo a verificar: 2025-05-07 09:00:00 - 2025-05-07 17:00:00
2025-05-07 10:09:20,754 - INFO - Prioridad actual: 0
2025-05-07 10:09:20,754 - INFO - 
Obteniendo intervalos para máquina 4002
2025-05-07 10:09:20,754 - INFO - Rango: 2025-05-07 09:00:00 - 2025-05-07 17:00:00
2025-05-07 10:09:20,761 - INFO - No se detectaron conflictos
2025-05-07 10:09:20,762 - INFO - 
Verificando conflictos para máquina 1001
2025-05-07 10:09:20,762 - INFO - Intervalo a verificar: 2025-05-07 13:00:00 - 2025-05-07 21:00:00
2025-05-07 10:09:20,762 - INFO - Prioridad actual: 0
2025-05-07 10:09:20,763 - INFO - 
Obteniendo intervalos para máquina 1001
2025-05-07 10:09:20,763 - INFO - Rango: 2025-05-07 13:00:00 - 2025-05-07 21:00:00
2025-05-07 10:09:20,771 - INFO - No se detectaron conflictos
2025-05-07 10:09:20,772 - INFO - 
Verificando conflictos para máquina 4002
2025-05-07 10:09:20,773 - INFO - Intervalo a verificar: 2025-05-07 17:45:00 - 2025-05-08 01:45:00
2025-05-07 10:09:20,773 - INFO - Prioridad actual: 0
2025-05-07 10:09:20,773 - INFO - 
Obteniendo intervalos para máquina 4002
2025-05-07 10:09:20,774 - INFO - Rango: 2025-05-07 17:45:00 - 2025-05-08 01:45:00
2025-05-07 10:09:20,780 - INFO - No se detectaron conflictos
2025-05-07 10:09:20,781 - INFO - 
Verificando conflictos para máquina 1205
2025-05-07 10:09:20,781 - INFO - Intervalo a verificar: 2025-05-08 12:00:00 - 2025-05-08 20:00:00
2025-05-07 10:09:20,782 - INFO - Prioridad actual: 0
2025-05-07 10:09:20,782 - INFO - 
Obteniendo intervalos para máquina 1205
2025-05-07 10:09:20,782 - INFO - Rango: 2025-05-08 12:00:00 - 2025-05-08 20:00:00
2025-05-07 10:09:20,802 - INFO - No se detectaron conflictos
2025-05-07 10:09:20,804 - INFO - 
Verificando conflictos para máquina 3421
2025-05-07 10:09:20,804 - INFO - Intervalo a verificar: 2025-05-08 17:00:00 - 2025-05-09 01:00:00
2025-05-07 10:09:20,805 - INFO - Prioridad actual: 0
2025-05-07 10:09:20,805 - INFO - 
Obteniendo intervalos para máquina 3421
2025-05-07 10:09:20,805 - INFO - Rango: 2025-05-08 17:00:00 - 2025-05-09 01:00:00
2025-05-07 10:09:20,821 - INFO - No se detectaron conflictos
